#
# A fatal error has been detected by the Java Runtime Environment:
#
#  EXCEPTION_ACCESS_VIOLATION (0xc0000005) at pc=0x00007ffdffabed91, pid=13740, tid=13548
#
# JRE version: Java(TM) SE Runtime Environment (17.0.2+8) (build 17.0.2+8-LTS-86)
# Java VM: Java HotSpot(TM) 64-Bit Server VM (17.0.2+8-LTS-86, mixed mode, sharing, tiered, compressed oops, compressed class ptrs, g1 gc, windows-amd64)
# Problematic frame:
# C  [ig9icd64.dll+0x7ed91]
#
# No core dump will be written. Minidumps are not enabled by default on client versions of Windows
#
# If you would like to submit a bug report, please visit:
#   https://bugreport.java.com/bugreport/crash.jsp
# The crash happened outside the Java Virtual Machine in native code.
# See problematic frame for where to report the bug.
#

---------------  S U M M A R Y ------------

Command Line: -agentpath:C:/Program Files/NetBeans-12.6/netbeans/profiler/lib/deployed/jdk16/windows-amd64/profilerinterface.dll=C:\Program Files\NetBeans-12.6\netbeans\profiler\lib,5140,10 -XX:+HeapDumpOnOutOfMemoryError -XX:HeapDumpPath=C:\Users\Ivan\AppData\Local\NetBeans\Cache\12.6\mavencachedirs\2023566944\org-netbeans-modules-profiler com.wiz.settlementmapmaker.Main -Xmx8G

Host: Intel(R) Core(TM) i7-9750H CPU @ 2.60GHz, 12 cores, 15G,  Windows 10 , 64 bit Build 19041 (10.0.19041.1706)
Time: Tue May 31 10:45:24 2022 Mountain Daylight Time elapsed time: 14.693051 seconds (0d 0h 0m 14s)

---------------  T H R E A D  ---------------

Current thread (0x0000021fad6f7b40):  JavaThread "main" [_thread_in_native, id=13548, stack(0x0000007be7700000,0x0000007be7800000)]

Stack: [0x0000007be7700000,0x0000007be7800000],  sp=0x0000007be77fe9d0,  free space=1018k
Native frames: (J=compiled Java code, j=interpreted, Vv=VM code, C=native code)
C  [ig9icd64.dll+0x7ed91]

Java frames: (J=compiled Java code, j=interpreted, Vv=VM code)
J 1638  org.lwjgl.opengl.GL15C.nglBufferData(IJJI)V (0 bytes) @ 0x0000021fbca96bf6 [0x0000021fbca96ba0+0x0000000000000056]
J 2488 c1 org.lwjgl.opengl.GL15C.glBufferData(ILjava/nio/FloatBuffer;I)V (19 bytes) @ 0x0000021fb5952354 [0x0000021fb59520e0+0x0000000000000274]
J 2422 c2 com.wiz.settlementmapmaker.WindowVisualizer.drawLines(Ljava/util/ArrayList;FLGUI/DrawColor;Z)V (218 bytes) @ 0x0000021fbcb1ad0c [0x0000021fbcb19980+0x000000000000138c]
J 2487 c2 com.wiz.settlementmapmaker.DataDisplayer.drawStyleGroups()V (1051 bytes) @ 0x0000021fbcb3c518 [0x0000021fbcb39dc0+0x0000000000002758]
J 2590 c1 com.wiz.settlementmapmaker.DataDisplayer.display()V (895 bytes) @ 0x0000021fb5971894 [0x0000021fb596cc80+0x0000000000004c14]
J 2588 c1 com.wiz.settlementmapmaker.RuntimeManager.update()V (30 bytes) @ 0x0000021fb5975f1c [0x0000021fb5975de0+0x000000000000013c]
j  com.wiz.settlementmapmaker.Window.run()V+194
j  com.wiz.settlementmapmaker.Main.main([Ljava/lang/String;)V+20
v  ~StubRoutines::call_stub

siginfo: EXCEPTION_ACCESS_VIOLATION (0xc0000005), reading address 0x0000021fede81000


Register to memory mapping:

RIP=0x00007ffdffabed91 ig9icd64.dll
RAX=0x000000000000000f is an unknown value
RBX=0x0000021fd1b59650 points into unknown readable memory: 0x0000021fd5a01000 | 00 10 a0 d5 1f 02 00 00
RCX=0x0 is NULL
RDX=0x0000021fede80fd0 points into unknown readable memory: 0x3fc986c2bf54447d | 7d 44 54 bf c2 86 c9 3f
RSP=0x0000007be77fe9d0 is pointing into the stack for thread: 0x0000021fad6f7b40
RBP=0x0000000000043110 is an unknown value
RSI=0x000000000000000a is an unknown value
RDI=0x0000021fd5a01780 points into unknown readable memory: 0xbf2848203ecca9be | be a9 cc 3e 20 48 28 bf
R8 =0x0000000000043110 is an unknown value
R9 =0x0000000000000862 is an unknown value
R10=0x0000000000000010 is an unknown value
R11=0x0000000000000246 is an unknown value
R12=0x0000000000043110 is an unknown value
R13=0x0000000000000001 is an unknown value
R14=0x0000021fd2c39d80 points into unknown readable memory: 0x0000021fd288b500 | 00 b5 88 d2 1f 02 00 00
R15=0x0000021fede80850 points into unknown readable memory: 0x0000021feda24e80 | 80 4e a2 ed 1f 02 00 00


Registers:
RAX=0x000000000000000f, RBX=0x0000021fd1b59650, RCX=0x0000000000000000, RDX=0x0000021fede80fd0
RSP=0x0000007be77fe9d0, RBP=0x0000000000043110, RSI=0x000000000000000a, RDI=0x0000021fd5a01780
R8 =0x0000000000043110, R9 =0x0000000000000862, R10=0x0000000000000010, R11=0x0000000000000246
R12=0x0000000000043110, R13=0x0000000000000001, R14=0x0000021fd2c39d80, R15=0x0000021fede80850
RIP=0x00007ffdffabed91, EFLAGS=0x0000000000010213

Top of Stack: (sp=0x0000007be77fe9d0)
0x0000007be77fe9d0:   3ff0ff9e3f87fcf3 0000000000000000
0x0000007be77fe9e0:   00000000e096c2da 0000000000000000
0x0000007be77fe9f0:   0000021fda321bc0 00007ffe0005c452
0x0000007be77fea00:   0000021fd1b59650 000000000000000a
0x0000007be77fea10:   0000000000043110 0000000000000000
0x0000007be77fea20:   0000000704e012d8 0000000000000000
0x0000007be77fea30:   0000021fad710730 0000021fad70acc0
0x0000007be77fea40:   0000000000000000 0000021fede80850
0x0000007be77fea50:   0000000000043110 0000021fd2c39d80
0x0000007be77fea60:   0000021fda321bc0 0000000000000000
0x0000007be77fea70:   0000021fda321ab0 00007ffe000d24eb
0x0000007be77fea80:   0000000000043110 0000000700000010
0x0000007be77fea90:   0000000700000048 0000000000000000
0x0000007be77feaa0:   0000000000043110 0000021fede80850
0x0000007be77feab0:   0000007be77fead0 0000000704f1fe01
0x0000007be77feac0:   0000000000000b01 0000000000000b00 

Instructions: (pc=0x00007ffdffabed91)
0x00007ffdffabec91:   f3 0f 6f 02 49 03 d1 66 0f f7 c1 49 03 f9 41 8b
0x00007ffdffabeca1:   c1 44 8b d1 4c 2b c0 0f 29 74 24 10 4d 8b c8 0f
0x00007ffdffabecb1:   29 3c 24 49 c1 e9 07 f6 c2 0f 0f 84 af 00 00 00
0x00007ffdffabecc1:   4d 85 c9 74 6b 66 66 0f 1f 84 00 00 00 00 00 f3
0x00007ffdffabecd1:   0f 6f 02 41 ff c2 f3 0f 6f 4a 10 41 8b c2 f3 0f
0x00007ffdffabece1:   6f 52 20 f3 0f 6f 5a 30 f3 0f 6f 62 40 f3 0f 6f
0x00007ffdffabecf1:   6a 50 f3 0f 6f 72 60 f3 0f 6f 7a 70 66 0f e7 07
0x00007ffdffabed01:   66 0f e7 4f 10 66 0f e7 57 20 66 0f e7 5f 30 66
0x00007ffdffabed11:   0f e7 67 40 66 0f e7 6f 50 66 0f e7 77 60 66 0f
0x00007ffdffabed21:   e7 7f 70 48 83 ef 80 48 83 ea 80 49 3b c1 72 9f
0x00007ffdffabed31:   41 83 e0 7f 0f 84 e0 00 00 00 45 8b d0 44 8b c9
0x00007ffdffabed41:   49 c1 ea 04 4d 85 d2 0f 84 cd 00 00 00 66 90 f3
0x00007ffdffabed51:   0f 6f 02 41 ff c1 48 83 c2 10 41 8b c1 66 0f e7
0x00007ffdffabed61:   07 48 83 c7 10 49 3b c2 72 e5 e9 ab 00 00 00 4d
0x00007ffdffabed71:   85 c9 74 6c 66 66 66 0f 1f 84 00 00 00 00 00 f3
0x00007ffdffabed81:   0f 6f 02 41 ff c2 f3 0f 6f 4a 10 f3 0f 6f 52 20
0x00007ffdffabed91:   f3 0f 6f 5a 30 f3 0f 6f 62 40 f3 0f 6f 6a 50 f3
0x00007ffdffabeda1:   0f 6f 72 60 f3 0f 6f 7a 70 48 83 ea 80 66 0f e7
0x00007ffdffabedb1:   07 66 0f e7 4f 10 66 0f e7 57 20 66 0f e7 5f 30
0x00007ffdffabedc1:   66 0f e7 67 40 66 0f e7 6f 50 66 0f e7 77 60 66
0x00007ffdffabedd1:   0f e7 7f 70 48 83 ef 80 41 8b c2 49 3b c1 72 9f
0x00007ffdffabede1:   41 83 e0 7f 74 34 45 8b d0 44 8b c9 49 c1 ea 04
0x00007ffdffabedf1:   4d 85 d2 74 25 66 66 0f 1f 84 00 00 00 00 00 f3
0x00007ffdffabee01:   0f 6f 02 41 ff c1 66 0f e7 07 48 83 c7 10 41 8b
0x00007ffdffabee11:   c1 48 83 c2 10 49 3b c2 72 e5 0f 28 74 24 10 0f
0x00007ffdffabee21:   28 3c 24 41 83 e0 0f 74 49 45 8b d0 44 8b c9 49
0x00007ffdffabee31:   c1 ea 02 4d 85 d2 74 1e 0f 1f 80 00 00 00 00 8b
0x00007ffdffabee41:   02 41 ff c1 89 07 48 83 c2 04 48 83 c7 04 41 8b
0x00007ffdffabee51:   c1 49 3b c2 72 e9 41 83 e0 03 76 16 48 2b d7 0f
0x00007ffdffabee61:   b6 04 3a ff c1 88 07 48 8d 7f 01 8b c1 49 3b c0
0x00007ffdffabee71:   72 ed 48 83 c4 20 5f c3 cc cc cc cc cc cc cc 40
0x00007ffdffabee81:   53 48 83 ec 20 48 8b da 48 8b d1 48 8b 0b 48 85 


Stack slot to memory mapping:
stack at sp + 0 slots: 0x3ff0ff9e3f87fcf3 is an unknown value
stack at sp + 1 slots: 0x0 is NULL
stack at sp + 2 slots: 3767976666 is a compressed pointer to object: java.util.ArrayList 
{0x0000000704b616d0} - klass: 'java/util/ArrayList'
 - ---- fields (total size 3 words):
 - protected transient 'modCount' 'I' @12  24 (18)
 - private 'size' 'I' @16  24 (18)
 - transient 'elementData' '[Ljava/lang/Object;' @20  a 'java/lang/Object'[33] {0x0000000704b616e8} (e096c2dd)
stack at sp + 3 slots: 0x0 is NULL
stack at sp + 4 slots: 0x0000021fda321bc0 points into unknown readable memory: 0x0000000000000000 | 00 00 00 00 00 00 00 00
stack at sp + 5 slots: 0x00007ffe0005c452 ig9icd64.dll
stack at sp + 6 slots: 0x0000021fd1b59650 points into unknown readable memory: 0x0000021fd5a01000 | 00 10 a0 d5 1f 02 00 00
stack at sp + 7 slots: 0x000000000000000a is an unknown value


---------------  P R O C E S S  ---------------

Threads class SMR info:
_java_thread_list=0x0000021fdad7d620, length=22, elements={
0x0000021fad6f7b40, 0x0000021fd0683530, 0x0000021fd06843a0, 0x0000021fd069bf40,
0x0000021fd069fa10, 0x0000021fd06a23d0, 0x0000021fd06a6280, 0x0000021fd06a7010,
0x0000021fd06afac0, 0x0000021fd06bbbb0, 0x0000021fd1254ed0, 0x0000021fd1579020,
0x0000021fd17602e0, 0x0000021fd1761790, 0x0000021fd1666410, 0x0000021fd1663d90,
0x0000021fd1664c00, 0x0000021fd1664260, 0x0000021fd1fe8b30, 0x0000021fd1fe5b10,
0x0000021fd1fe7320, 0x0000021fd1fe8660
}

Java Threads: ( => current thread )
=>0x0000021fad6f7b40 JavaThread "main" [_thread_in_native, id=13548, stack(0x0000007be7700000,0x0000007be7800000)]
  0x0000021fd0683530 JavaThread "Reference Handler" daemon [_thread_blocked, id=3588, stack(0x0000007be7e00000,0x0000007be7f00000)]
  0x0000021fd06843a0 JavaThread "Finalizer" daemon [_thread_blocked, id=20936, stack(0x0000007be7f00000,0x0000007be8000000)]
  0x0000021fd069bf40 JavaThread "Signal Dispatcher" daemon [_thread_blocked, id=19052, stack(0x0000007be8000000,0x0000007be8100000)]
  0x0000021fd069fa10 JavaThread "Attach Listener" daemon [_thread_blocked, id=20768, stack(0x0000007be8100000,0x0000007be8200000)]
  0x0000021fd06a23d0 JavaThread "Service Thread" daemon [_thread_blocked, id=14340, stack(0x0000007be8200000,0x0000007be8300000)]
  0x0000021fd06a6280 JavaThread "Monitor Deflation Thread" daemon [_thread_blocked, id=5472, stack(0x0000007be8300000,0x0000007be8400000)]
  0x0000021fd06a7010 JavaThread "C2 CompilerThread0" daemon [_thread_blocked, id=14436, stack(0x0000007be8400000,0x0000007be8500000)]
  0x0000021fd06afac0 JavaThread "C1 CompilerThread0" daemon [_thread_blocked, id=13236, stack(0x0000007be8500000,0x0000007be8600000)]
  0x0000021fd06bbbb0 JavaThread "Sweeper thread" daemon [_thread_blocked, id=21604, stack(0x0000007be8600000,0x0000007be8700000)]
  0x0000021fd1254ed0 JavaThread "Common-Cleaner" daemon [_thread_blocked, id=13056, stack(0x0000007be8700000,0x0000007be8800000)]
  0x0000021fd1579020 JavaThread "*** Profiler Agent Communication Thread" daemon [_thread_in_native, id=17472, stack(0x0000007be8800000,0x0000007be8900000)]
  0x0000021fd17602e0 JavaThread "*** JFluid Monitor thread ***" daemon [_thread_blocked, id=12412, stack(0x0000007be8900000,0x0000007be8a00000)]
  0x0000021fd1761790 JavaThread "*** Profiler Agent Special Execution Thread 6" daemon [_thread_blocked, id=8408, stack(0x0000007be8a00000,0x0000007be8b00000)]
  0x0000021fd1666410 JavaThread "*** Profiler Agent Special Execution Thread 10" daemon [_thread_blocked, id=20008, stack(0x0000007be8c00000,0x0000007be8d00000)]
  0x0000021fd1663d90 JavaThread "Notification Thread" daemon [_thread_blocked, id=17712, stack(0x0000007be8b00000,0x0000007be8c00000)]
  0x0000021fd1664c00 JavaThread "Java2D Disposer" daemon [_thread_blocked, id=20852, stack(0x0000007be8f00000,0x0000007be9000000)]
  0x0000021fd1664260 JavaThread "AWT-Windows" daemon [_thread_in_native, id=6016, stack(0x0000007be9100000,0x0000007be9200000)]
  0x0000021fd1fe8b30 JavaThread "Swing-Shell" daemon [_thread_blocked, id=16168, stack(0x0000007be9200000,0x0000007be9300000)]
  0x0000021fd1fe5b10 JavaThread "AWT-Shutdown" [_thread_blocked, id=5564, stack(0x0000007be8e00000,0x0000007be8f00000)]
  0x0000021fd1fe7320 JavaThread "AWT-EventQueue-0" [_thread_blocked, id=11440, stack(0x0000007be9000000,0x0000007be9100000)]
  0x0000021fd1fe8660 JavaThread "TimerQueue" daemon [_thread_blocked, id=11572, stack(0x0000007bea600000,0x0000007bea700000)]

Other Threads:
  0x0000021fd1042410 VMThread "VM Thread" [stack: 0x0000007be7d00000,0x0000007be7e00000] [id=13416]
  0x0000021fd1973ab0 WatcherThread [stack: 0x0000007be8d00000,0x0000007be8e00000] [id=16028]
  0x0000021fad7471c0 GCTaskThread "GC Thread#0" [stack: 0x0000007be7800000,0x0000007be7900000] [id=20740]
  0x0000021fda209de0 GCTaskThread "GC Thread#1" [stack: 0x0000007be9b00000,0x0000007be9c00000] [id=8760]
  0x0000021fda7affb0 GCTaskThread "GC Thread#2" [stack: 0x0000007be9c00000,0x0000007be9d00000] [id=7312]
  0x0000021fda7b0fd0 GCTaskThread "GC Thread#3" [stack: 0x0000007be9d00000,0x0000007be9e00000] [id=11644]
  0x0000021fda7b0260 GCTaskThread "GC Thread#4" [stack: 0x0000007be9e00000,0x0000007be9f00000] [id=13644]
  0x0000021fda7b0d20 GCTaskThread "GC Thread#5" [stack: 0x0000007be9f00000,0x0000007bea000000] [id=10200]
  0x0000021fda7af4f0 GCTaskThread "GC Thread#6" [stack: 0x0000007bea000000,0x0000007bea100000] [id=6888]
  0x0000021fda7af7a0 GCTaskThread "GC Thread#7" [stack: 0x0000007bea100000,0x0000007bea200000] [id=3080]
  0x0000021fda7afa50 GCTaskThread "GC Thread#8" [stack: 0x0000007bea200000,0x0000007bea300000] [id=11984]
  0x0000021fda7afd00 GCTaskThread "GC Thread#9" [stack: 0x0000007bea300000,0x0000007bea400000] [id=19640]
  0x0000021fad758cd0 ConcurrentGCThread "G1 Main Marker" [stack: 0x0000007be7900000,0x0000007be7a00000] [id=17748]
  0x0000021fad75ae90 ConcurrentGCThread "G1 Conc#0" [stack: 0x0000007be7a00000,0x0000007be7b00000] [id=9100]
  0x0000021fad7cebf0 ConcurrentGCThread "G1 Refine#0" [stack: 0x0000007be7b00000,0x0000007be7c00000] [id=17968]
  0x0000021fda1dcfb0 ConcurrentGCThread "G1 Refine#1" [stack: 0x0000007bea900000,0x0000007beaa00000] [id=3968]
  0x0000021fda1dc150 ConcurrentGCThread "G1 Refine#2" [stack: 0x0000007beaa00000,0x0000007beab00000] [id=3088]
  0x0000021fd2f0bb90 ConcurrentGCThread "G1 Refine#3" [stack: 0x0000007beab00000,0x0000007beac00000] [id=10868]
  0x0000021fd2f0d570 ConcurrentGCThread "G1 Refine#4" [stack: 0x0000007beac00000,0x0000007bead00000] [id=18956]
  0x0000021fd2f0ec70 ConcurrentGCThread "G1 Refine#5" [stack: 0x0000007bead00000,0x0000007beae00000] [id=16412]
  0x0000021fd2f0b010 ConcurrentGCThread "G1 Refine#6" [stack: 0x0000007beae00000,0x0000007beaf00000] [id=3484]
  0x0000021fd2f0db30 ConcurrentGCThread "G1 Refine#7" [stack: 0x0000007beaf00000,0x0000007beb000000] [id=16360]
  0x0000021fd2f0b5d0 ConcurrentGCThread "G1 Refine#8" [stack: 0x0000007beb000000,0x0000007beb100000] [id=5044]
  0x0000021fd2f0cfb0 ConcurrentGCThread "G1 Refine#9" [stack: 0x0000007beb100000,0x0000007beb200000] [id=9604]
  0x0000021fd052cb60 ConcurrentGCThread "G1 Service" [stack: 0x0000007be7c00000,0x0000007be7d00000] [id=10196]

Threads with active compile tasks:

VM state: not at safepoint (normal execution)

VM Mutex/Monitor currently owned by a thread: None

Heap address: 0x0000000704400000, size: 4028 MB, Compressed Oops mode: Zero based, Oop shift amount: 3

CDS archive(s) mapped at: [0x0000000800000000-0x0000000800bc0000-0x0000000800bc0000), size 12320768, SharedBaseAddress: 0x0000000800000000, ArchiveRelocationMode: 0.
Compressed class space mapped at: 0x0000000800c00000-0x0000000840c00000, reserved size: 1073741824
Narrow klass base: 0x0000000800000000, Narrow klass shift: 0, Narrow klass range: 0x100000000

GC Precious Log:
 CPUs: 12 total, 12 available
 Memory: 16111M
 Large Page Support: Disabled
 NUMA Support: Disabled
 Compressed Oops: Enabled (Zero based)
 Heap Region Size: 2M
 Heap Min Capacity: 8M
 Heap Initial Capacity: 252M
 Heap Max Capacity: 4028M
 Pre-touch: Disabled
 Parallel Workers: 10
 Concurrent Workers: 3
 Concurrent Refinement Workers: 10
 Periodic GC: Disabled

Heap:
 garbage-first heap   total 516096K, used 49342K [0x0000000704400000, 0x0000000800000000)
  region size 2048K, 2 young (4096K), 1 survivors (2048K)
 Metaspace       used 19411K, committed 19648K, reserved 1073152K
  class space    used 2048K, committed 2176K, reserved 1048576K

Heap Regions: E=young(eden), S=young(survivor), O=old, HS=humongous(starts), HC=humongous(continues), CS=collection set, F=free, OA=open archive, CA=closed archive, TAMS=top-at-mark-start (previous, next)
|   0|0x0000000704400000, 0x0000000704600000, 0x0000000704600000|100%|HS|  |TAMS 0x0000000704400000, 0x0000000704400000| Complete 
|   1|0x0000000704600000, 0x0000000704800000, 0x0000000704800000|100%| O|  |TAMS 0x0000000704600000, 0x0000000704600000| Untracked 
|   2|0x0000000704800000, 0x0000000704a00000, 0x0000000704a00000|100%| O|  |TAMS 0x0000000704800000, 0x0000000704800000| Untracked 
|   3|0x0000000704a00000, 0x0000000704be6000, 0x0000000704c00000| 94%| O|  |TAMS 0x0000000704a00000, 0x0000000704a00000| Untracked 
|   4|0x0000000704c00000, 0x0000000704c00000, 0x0000000704e00000|  0%| F|  |TAMS 0x0000000704c00000, 0x0000000704c00000| Untracked 
|   5|0x0000000704e00000, 0x0000000705000000, 0x0000000705000000|100%| O|  |TAMS 0x0000000704e00000, 0x0000000704e00000| Untracked 
|   6|0x0000000705000000, 0x0000000705200000, 0x0000000705200000|100%| O|  |TAMS 0x0000000705000000, 0x0000000705000000| Untracked 
|   7|0x0000000705200000, 0x0000000705400000, 0x0000000705400000|100%| O|  |TAMS 0x0000000705200000, 0x0000000705200000| Untracked 
|   8|0x0000000705400000, 0x0000000705600000, 0x0000000705600000|100%| O|  |TAMS 0x0000000705400000, 0x0000000705400000| Untracked 
|   9|0x0000000705600000, 0x0000000705800000, 0x0000000705800000|100%| O|  |TAMS 0x0000000705600000, 0x0000000705600000| Untracked 
|  10|0x0000000705800000, 0x0000000705a00000, 0x0000000705a00000|100%| O|  |TAMS 0x0000000705800000, 0x0000000705800000| Untracked 
|  11|0x0000000705a00000, 0x0000000705c00000, 0x0000000705c00000|100%| O|  |TAMS 0x0000000705a00000, 0x0000000705a00000| Untracked 
|  12|0x0000000705c00000, 0x0000000705e00000, 0x0000000705e00000|100%| O|  |TAMS 0x0000000705c00000, 0x0000000705c00000| Untracked 
|  13|0x0000000705e00000, 0x0000000706000000, 0x0000000706000000|100%| O|  |TAMS 0x0000000705e00000, 0x0000000705e00000| Untracked 
|  14|0x0000000706000000, 0x0000000706200000, 0x0000000706200000|100%| O|  |TAMS 0x0000000706000000, 0x0000000706000000| Untracked 
|  15|0x0000000706200000, 0x0000000706400000, 0x0000000706400000|100%| O|  |TAMS 0x0000000706200000, 0x0000000706200000| Untracked 
|  16|0x0000000706400000, 0x0000000706600000, 0x0000000706600000|100%| O|  |TAMS 0x0000000706400000, 0x0000000706400000| Untracked 
|  17|0x0000000706600000, 0x0000000706800000, 0x0000000706800000|100%| O|  |TAMS 0x0000000706600000, 0x0000000706600000| Untracked 
|  18|0x0000000706800000, 0x0000000706a00000, 0x0000000706a00000|100%| O|  |TAMS 0x0000000706800000, 0x0000000706800000| Untracked 
|  19|0x0000000706a00000, 0x0000000706c00000, 0x0000000706c00000|100%| O|  |TAMS 0x0000000706a00000, 0x0000000706a00000| Untracked 
|  20|0x0000000706c00000, 0x0000000706e00000, 0x0000000706e00000|100%| O|  |TAMS 0x0000000706c00000, 0x0000000706c00000| Untracked 
|  21|0x0000000706e00000, 0x0000000707000000, 0x0000000707000000|100%| O|  |TAMS 0x0000000706e00000, 0x0000000706e00000| Untracked 
|  22|0x0000000707000000, 0x0000000707200000, 0x0000000707200000|100%| O|  |TAMS 0x0000000707000000, 0x0000000707000000| Untracked 
|  23|0x0000000707200000, 0x0000000707400000, 0x0000000707400000|100%| O|  |TAMS 0x0000000707200000, 0x0000000707200000| Untracked 
|  24|0x0000000707400000, 0x0000000707600000, 0x0000000707600000|100%| O|  |TAMS 0x0000000707400000, 0x0000000707400000| Untracked 
|  25|0x0000000707600000, 0x0000000707600000, 0x0000000707800000|  0%| F|  |TAMS 0x0000000707600000, 0x0000000707600000| Untracked 
|  26|0x0000000707800000, 0x0000000707800000, 0x0000000707a00000|  0%| F|  |TAMS 0x0000000707800000, 0x0000000707800000| Untracked 
|  27|0x0000000707a00000, 0x0000000707a00000, 0x0000000707c00000|  0%| F|  |TAMS 0x0000000707a00000, 0x0000000707a00000| Untracked 
|  28|0x0000000707c00000, 0x0000000707c00000, 0x0000000707e00000|  0%| F|  |TAMS 0x0000000707c00000, 0x0000000707c00000| Untracked 
|  29|0x0000000707e00000, 0x0000000707e00000, 0x0000000708000000|  0%| F|  |TAMS 0x0000000707e00000, 0x0000000707e00000| Untracked 
|  30|0x0000000708000000, 0x0000000708000000, 0x0000000708200000|  0%| F|  |TAMS 0x0000000708000000, 0x0000000708000000| Untracked 
|  31|0x0000000708200000, 0x0000000708200000, 0x0000000708400000|  0%| F|  |TAMS 0x0000000708200000, 0x0000000708200000| Untracked 
|  32|0x0000000708400000, 0x0000000708400000, 0x0000000708600000|  0%| F|  |TAMS 0x0000000708400000, 0x0000000708400000| Untracked 
|  33|0x0000000708600000, 0x0000000708600000, 0x0000000708800000|  0%| F|  |TAMS 0x0000000708600000, 0x0000000708600000| Untracked 
|  34|0x0000000708800000, 0x0000000708800000, 0x0000000708a00000|  0%| F|  |TAMS 0x0000000708800000, 0x0000000708800000| Untracked 
|  35|0x0000000708a00000, 0x0000000708a00000, 0x0000000708c00000|  0%| F|  |TAMS 0x0000000708a00000, 0x0000000708a00000| Untracked 
|  36|0x0000000708c00000, 0x0000000708c00000, 0x0000000708e00000|  0%| F|  |TAMS 0x0000000708c00000, 0x0000000708c00000| Untracked 
|  37|0x0000000708e00000, 0x0000000708e00000, 0x0000000709000000|  0%| F|  |TAMS 0x0000000708e00000, 0x0000000708e00000| Untracked 
|  38|0x0000000709000000, 0x0000000709000000, 0x0000000709200000|  0%| F|  |TAMS 0x0000000709000000, 0x0000000709000000| Untracked 
|  39|0x0000000709200000, 0x0000000709200000, 0x0000000709400000|  0%| F|  |TAMS 0x0000000709200000, 0x0000000709200000| Untracked 
|  40|0x0000000709400000, 0x0000000709400000, 0x0000000709600000|  0%| F|  |TAMS 0x0000000709400000, 0x0000000709400000| Untracked 
|  41|0x0000000709600000, 0x0000000709600000, 0x0000000709800000|  0%| F|  |TAMS 0x0000000709600000, 0x0000000709600000| Untracked 
|  42|0x0000000709800000, 0x0000000709800000, 0x0000000709a00000|  0%| F|  |TAMS 0x0000000709800000, 0x0000000709800000| Untracked 
|  43|0x0000000709a00000, 0x0000000709a00000, 0x0000000709c00000|  0%| F|  |TAMS 0x0000000709a00000, 0x0000000709a00000| Untracked 
|  44|0x0000000709c00000, 0x0000000709c00000, 0x0000000709e00000|  0%| F|  |TAMS 0x0000000709c00000, 0x0000000709c00000| Untracked 
|  45|0x0000000709e00000, 0x0000000709e00000, 0x000000070a000000|  0%| F|  |TAMS 0x0000000709e00000, 0x0000000709e00000| Untracked 
|  46|0x000000070a000000, 0x000000070a000000, 0x000000070a200000|  0%| F|  |TAMS 0x000000070a000000, 0x000000070a000000| Untracked 
|  47|0x000000070a200000, 0x000000070a200000, 0x000000070a400000|  0%| F|  |TAMS 0x000000070a200000, 0x000000070a200000| Untracked 
|  48|0x000000070a400000, 0x000000070a400000, 0x000000070a600000|  0%| F|  |TAMS 0x000000070a400000, 0x000000070a400000| Untracked 
|  49|0x000000070a600000, 0x000000070a600000, 0x000000070a800000|  0%| F|  |TAMS 0x000000070a600000, 0x000000070a600000| Untracked 
|  50|0x000000070a800000, 0x000000070a800000, 0x000000070aa00000|  0%| F|  |TAMS 0x000000070a800000, 0x000000070a800000| Untracked 
|  51|0x000000070aa00000, 0x000000070aa00000, 0x000000070ac00000|  0%| F|  |TAMS 0x000000070aa00000, 0x000000070aa00000| Untracked 
|  52|0x000000070ac00000, 0x000000070ac00000, 0x000000070ae00000|  0%| F|  |TAMS 0x000000070ac00000, 0x000000070ac00000| Untracked 
|  53|0x000000070ae00000, 0x000000070ae00000, 0x000000070b000000|  0%| F|  |TAMS 0x000000070ae00000, 0x000000070ae00000| Untracked 
|  54|0x000000070b000000, 0x000000070b000000, 0x000000070b200000|  0%| F|  |TAMS 0x000000070b000000, 0x000000070b000000| Untracked 
|  55|0x000000070b200000, 0x000000070b200000, 0x000000070b400000|  0%| F|  |TAMS 0x000000070b200000, 0x000000070b200000| Untracked 
|  56|0x000000070b400000, 0x000000070b400000, 0x000000070b600000|  0%| F|  |TAMS 0x000000070b400000, 0x000000070b400000| Untracked 
|  57|0x000000070b600000, 0x000000070b600000, 0x000000070b800000|  0%| F|  |TAMS 0x000000070b600000, 0x000000070b600000| Untracked 
|  58|0x000000070b800000, 0x000000070b800000, 0x000000070ba00000|  0%| F|  |TAMS 0x000000070b800000, 0x000000070b800000| Untracked 
|  59|0x000000070ba00000, 0x000000070ba00000, 0x000000070bc00000|  0%| F|  |TAMS 0x000000070ba00000, 0x000000070ba00000| Untracked 
|  60|0x000000070bc00000, 0x000000070bc00000, 0x000000070be00000|  0%| F|  |TAMS 0x000000070bc00000, 0x000000070bc00000| Untracked 
|  61|0x000000070be00000, 0x000000070be00000, 0x000000070c000000|  0%| F|  |TAMS 0x000000070be00000, 0x000000070be00000| Untracked 
|  62|0x000000070c000000, 0x000000070c000000, 0x000000070c200000|  0%| F|  |TAMS 0x000000070c000000, 0x000000070c000000| Untracked 
|  63|0x000000070c200000, 0x000000070c200000, 0x000000070c400000|  0%| F|  |TAMS 0x000000070c200000, 0x000000070c200000| Untracked 
|  64|0x000000070c400000, 0x000000070c400000, 0x000000070c600000|  0%| F|  |TAMS 0x000000070c400000, 0x000000070c400000| Untracked 
|  65|0x000000070c600000, 0x000000070c600000, 0x000000070c800000|  0%| F|  |TAMS 0x000000070c600000, 0x000000070c600000| Untracked 
|  66|0x000000070c800000, 0x000000070c800000, 0x000000070ca00000|  0%| F|  |TAMS 0x000000070c800000, 0x000000070c800000| Untracked 
|  67|0x000000070ca00000, 0x000000070ca00000, 0x000000070cc00000|  0%| F|  |TAMS 0x000000070ca00000, 0x000000070ca00000| Untracked 
|  68|0x000000070cc00000, 0x000000070cc00000, 0x000000070ce00000|  0%| F|  |TAMS 0x000000070cc00000, 0x000000070cc00000| Untracked 
|  69|0x000000070ce00000, 0x000000070ce00000, 0x000000070d000000|  0%| F|  |TAMS 0x000000070ce00000, 0x000000070ce00000| Untracked 
|  70|0x000000070d000000, 0x000000070d000000, 0x000000070d200000|  0%| F|  |TAMS 0x000000070d000000, 0x000000070d000000| Untracked 
|  71|0x000000070d200000, 0x000000070d200000, 0x000000070d400000|  0%| F|  |TAMS 0x000000070d200000, 0x000000070d200000| Untracked 
|  72|0x000000070d400000, 0x000000070d400000, 0x000000070d600000|  0%| F|  |TAMS 0x000000070d400000, 0x000000070d400000| Untracked 
|  73|0x000000070d600000, 0x000000070d600000, 0x000000070d800000|  0%| F|  |TAMS 0x000000070d600000, 0x000000070d600000| Untracked 
|  74|0x000000070d800000, 0x000000070d800000, 0x000000070da00000|  0%| F|  |TAMS 0x000000070d800000, 0x000000070d800000| Untracked 
|  75|0x000000070da00000, 0x000000070da00000, 0x000000070dc00000|  0%| F|  |TAMS 0x000000070da00000, 0x000000070da00000| Untracked 
|  76|0x000000070dc00000, 0x000000070dc00000, 0x000000070de00000|  0%| F|  |TAMS 0x000000070dc00000, 0x000000070dc00000| Untracked 
|  77|0x000000070de00000, 0x000000070de00000, 0x000000070e000000|  0%| F|  |TAMS 0x000000070de00000, 0x000000070de00000| Untracked 
|  78|0x000000070e000000, 0x000000070e000000, 0x000000070e200000|  0%| F|  |TAMS 0x000000070e000000, 0x000000070e000000| Untracked 
|  79|0x000000070e200000, 0x000000070e200000, 0x000000070e400000|  0%| F|  |TAMS 0x000000070e200000, 0x000000070e200000| Untracked 
|  80|0x000000070e400000, 0x000000070e400000, 0x000000070e600000|  0%| F|  |TAMS 0x000000070e400000, 0x000000070e400000| Untracked 
|  81|0x000000070e600000, 0x000000070e600000, 0x000000070e800000|  0%| F|  |TAMS 0x000000070e600000, 0x000000070e600000| Untracked 
|  82|0x000000070e800000, 0x000000070e800000, 0x000000070ea00000|  0%| F|  |TAMS 0x000000070e800000, 0x000000070e800000| Untracked 
|  83|0x000000070ea00000, 0x000000070ea00000, 0x000000070ec00000|  0%| F|  |TAMS 0x000000070ea00000, 0x000000070ea00000| Untracked 
|  84|0x000000070ec00000, 0x000000070ec00000, 0x000000070ee00000|  0%| F|  |TAMS 0x000000070ec00000, 0x000000070ec00000| Untracked 
|  85|0x000000070ee00000, 0x000000070ee00000, 0x000000070f000000|  0%| F|  |TAMS 0x000000070ee00000, 0x000000070ee00000| Untracked 
|  86|0x000000070f000000, 0x000000070f000000, 0x000000070f200000|  0%| F|  |TAMS 0x000000070f000000, 0x000000070f000000| Untracked 
|  87|0x000000070f200000, 0x000000070f200000, 0x000000070f400000|  0%| F|  |TAMS 0x000000070f200000, 0x000000070f200000| Untracked 
|  88|0x000000070f400000, 0x000000070f400000, 0x000000070f600000|  0%| F|  |TAMS 0x000000070f400000, 0x000000070f400000| Untracked 
|  89|0x000000070f600000, 0x000000070f600000, 0x000000070f800000|  0%| F|  |TAMS 0x000000070f600000, 0x000000070f600000| Untracked 
|  90|0x000000070f800000, 0x000000070f800000, 0x000000070fa00000|  0%| F|  |TAMS 0x000000070f800000, 0x000000070f800000| Untracked 
|  91|0x000000070fa00000, 0x000000070fa00000, 0x000000070fc00000|  0%| F|  |TAMS 0x000000070fa00000, 0x000000070fa00000| Untracked 
|  92|0x000000070fc00000, 0x000000070fc00000, 0x000000070fe00000|  0%| F|  |TAMS 0x000000070fc00000, 0x000000070fc00000| Untracked 
|  93|0x000000070fe00000, 0x000000070fe00000, 0x0000000710000000|  0%| F|  |TAMS 0x000000070fe00000, 0x000000070fe00000| Untracked 
|  94|0x0000000710000000, 0x0000000710000000, 0x0000000710200000|  0%| F|  |TAMS 0x0000000710000000, 0x0000000710000000| Untracked 
|  95|0x0000000710200000, 0x0000000710200000, 0x0000000710400000|  0%| F|  |TAMS 0x0000000710200000, 0x0000000710200000| Untracked 
|  96|0x0000000710400000, 0x0000000710400000, 0x0000000710600000|  0%| F|  |TAMS 0x0000000710400000, 0x0000000710400000| Untracked 
|  97|0x0000000710600000, 0x0000000710600000, 0x0000000710800000|  0%| F|  |TAMS 0x0000000710600000, 0x0000000710600000| Untracked 
|  98|0x0000000710800000, 0x0000000710800000, 0x0000000710a00000|  0%| F|  |TAMS 0x0000000710800000, 0x0000000710800000| Untracked 
|  99|0x0000000710a00000, 0x0000000710a00000, 0x0000000710c00000|  0%| F|  |TAMS 0x0000000710a00000, 0x0000000710a00000| Untracked 
| 100|0x0000000710c00000, 0x0000000710c49800, 0x0000000710e00000| 14%| S|CS|TAMS 0x0000000710c00000, 0x0000000710c00000| Complete 
| 101|0x0000000710e00000, 0x0000000710e00000, 0x0000000711000000|  0%| F|  |TAMS 0x0000000710e00000, 0x0000000710e00000| Untracked 
| 102|0x0000000711000000, 0x0000000711000000, 0x0000000711200000|  0%| F|  |TAMS 0x0000000711000000, 0x0000000711000000| Untracked 
| 103|0x0000000711200000, 0x0000000711200000, 0x0000000711400000|  0%| F|  |TAMS 0x0000000711200000, 0x0000000711200000| Untracked 
| 104|0x0000000711400000, 0x0000000711400000, 0x0000000711600000|  0%| F|  |TAMS 0x0000000711400000, 0x0000000711400000| Untracked 
| 105|0x0000000711600000, 0x0000000711600000, 0x0000000711800000|  0%| F|  |TAMS 0x0000000711600000, 0x0000000711600000| Untracked 
| 106|0x0000000711800000, 0x0000000711800000, 0x0000000711a00000|  0%| F|  |TAMS 0x0000000711800000, 0x0000000711800000| Untracked 
| 107|0x0000000711a00000, 0x0000000711a00000, 0x0000000711c00000|  0%| F|  |TAMS 0x0000000711a00000, 0x0000000711a00000| Untracked 
| 108|0x0000000711c00000, 0x0000000711c00000, 0x0000000711e00000|  0%| F|  |TAMS 0x0000000711c00000, 0x0000000711c00000| Untracked 
| 109|0x0000000711e00000, 0x0000000711e00000, 0x0000000712000000|  0%| F|  |TAMS 0x0000000711e00000, 0x0000000711e00000| Untracked 
| 110|0x0000000712000000, 0x0000000712000000, 0x0000000712200000|  0%| F|  |TAMS 0x0000000712000000, 0x0000000712000000| Untracked 
| 111|0x0000000712200000, 0x0000000712200000, 0x0000000712400000|  0%| F|  |TAMS 0x0000000712200000, 0x0000000712200000| Untracked 
| 112|0x0000000712400000, 0x0000000712400000, 0x0000000712600000|  0%| F|  |TAMS 0x0000000712400000, 0x0000000712400000| Untracked 
| 113|0x0000000712600000, 0x0000000712600000, 0x0000000712800000|  0%| F|  |TAMS 0x0000000712600000, 0x0000000712600000| Untracked 
| 114|0x0000000712800000, 0x0000000712800000, 0x0000000712a00000|  0%| F|  |TAMS 0x0000000712800000, 0x0000000712800000| Untracked 
| 115|0x0000000712a00000, 0x0000000712a00000, 0x0000000712c00000|  0%| F|  |TAMS 0x0000000712a00000, 0x0000000712a00000| Untracked 
| 116|0x0000000712c00000, 0x0000000712c00000, 0x0000000712e00000|  0%| F|  |TAMS 0x0000000712c00000, 0x0000000712c00000| Untracked 
| 117|0x0000000712e00000, 0x0000000712e00000, 0x0000000713000000|  0%| F|  |TAMS 0x0000000712e00000, 0x0000000712e00000| Untracked 
| 118|0x0000000713000000, 0x0000000713000000, 0x0000000713200000|  0%| F|  |TAMS 0x0000000713000000, 0x0000000713000000| Untracked 
| 119|0x0000000713200000, 0x0000000713200000, 0x0000000713400000|  0%| F|  |TAMS 0x0000000713200000, 0x0000000713200000| Untracked 
| 120|0x0000000713400000, 0x0000000713400000, 0x0000000713600000|  0%| F|  |TAMS 0x0000000713400000, 0x0000000713400000| Untracked 
| 121|0x0000000713600000, 0x0000000713600000, 0x0000000713800000|  0%| F|  |TAMS 0x0000000713600000, 0x0000000713600000| Untracked 
| 122|0x0000000713800000, 0x0000000713800000, 0x0000000713a00000|  0%| F|  |TAMS 0x0000000713800000, 0x0000000713800000| Untracked 
| 123|0x0000000713a00000, 0x0000000713a00000, 0x0000000713c00000|  0%| F|  |TAMS 0x0000000713a00000, 0x0000000713a00000| Untracked 
| 124|0x0000000713c00000, 0x0000000713c00000, 0x0000000713e00000|  0%| F|  |TAMS 0x0000000713c00000, 0x0000000713c00000| Untracked 
| 125|0x0000000713e00000, 0x0000000713e00000, 0x0000000714000000|  0%| F|  |TAMS 0x0000000713e00000, 0x0000000713e00000| Untracked 
| 126|0x0000000714000000, 0x0000000714000000, 0x0000000714200000|  0%| F|  |TAMS 0x0000000714000000, 0x0000000714000000| Untracked 
| 127|0x0000000714200000, 0x0000000714200000, 0x0000000714400000|  0%| F|  |TAMS 0x0000000714200000, 0x0000000714200000| Untracked 
| 128|0x0000000714400000, 0x0000000714400000, 0x0000000714600000|  0%| F|  |TAMS 0x0000000714400000, 0x0000000714400000| Untracked 
| 129|0x0000000714600000, 0x0000000714600000, 0x0000000714800000|  0%| F|  |TAMS 0x0000000714600000, 0x0000000714600000| Untracked 
| 130|0x0000000714800000, 0x0000000714800000, 0x0000000714a00000|  0%| F|  |TAMS 0x0000000714800000, 0x0000000714800000| Untracked 
| 131|0x0000000714a00000, 0x0000000714a00000, 0x0000000714c00000|  0%| F|  |TAMS 0x0000000714a00000, 0x0000000714a00000| Untracked 
| 132|0x0000000714c00000, 0x0000000714c00000, 0x0000000714e00000|  0%| F|  |TAMS 0x0000000714c00000, 0x0000000714c00000| Untracked 
| 133|0x0000000714e00000, 0x0000000714e00000, 0x0000000715000000|  0%| F|  |TAMS 0x0000000714e00000, 0x0000000714e00000| Untracked 
| 134|0x0000000715000000, 0x0000000715000000, 0x0000000715200000|  0%| F|  |TAMS 0x0000000715000000, 0x0000000715000000| Untracked 
| 135|0x0000000715200000, 0x0000000715200000, 0x0000000715400000|  0%| F|  |TAMS 0x0000000715200000, 0x0000000715200000| Untracked 
| 136|0x0000000715400000, 0x0000000715400000, 0x0000000715600000|  0%| F|  |TAMS 0x0000000715400000, 0x0000000715400000| Untracked 
| 137|0x0000000715600000, 0x0000000715600000, 0x0000000715800000|  0%| F|  |TAMS 0x0000000715600000, 0x0000000715600000| Untracked 
| 138|0x0000000715800000, 0x0000000715800000, 0x0000000715a00000|  0%| F|  |TAMS 0x0000000715800000, 0x0000000715800000| Untracked 
| 139|0x0000000715a00000, 0x0000000715a00000, 0x0000000715c00000|  0%| F|  |TAMS 0x0000000715a00000, 0x0000000715a00000| Untracked 
| 140|0x0000000715c00000, 0x0000000715c00000, 0x0000000715e00000|  0%| F|  |TAMS 0x0000000715c00000, 0x0000000715c00000| Untracked 
| 141|0x0000000715e00000, 0x0000000715e00000, 0x0000000716000000|  0%| F|  |TAMS 0x0000000715e00000, 0x0000000715e00000| Untracked 
| 142|0x0000000716000000, 0x0000000716000000, 0x0000000716200000|  0%| F|  |TAMS 0x0000000716000000, 0x0000000716000000| Untracked 
| 143|0x0000000716200000, 0x0000000716200000, 0x0000000716400000|  0%| F|  |TAMS 0x0000000716200000, 0x0000000716200000| Untracked 
| 144|0x0000000716400000, 0x0000000716400000, 0x0000000716600000|  0%| F|  |TAMS 0x0000000716400000, 0x0000000716400000| Untracked 
| 145|0x0000000716600000, 0x0000000716600000, 0x0000000716800000|  0%| F|  |TAMS 0x0000000716600000, 0x0000000716600000| Untracked 
| 146|0x0000000716800000, 0x0000000716800000, 0x0000000716a00000|  0%| F|  |TAMS 0x0000000716800000, 0x0000000716800000| Untracked 
| 147|0x0000000716a00000, 0x0000000716a00000, 0x0000000716c00000|  0%| F|  |TAMS 0x0000000716a00000, 0x0000000716a00000| Untracked 
| 148|0x0000000716c00000, 0x0000000716c00000, 0x0000000716e00000|  0%| F|  |TAMS 0x0000000716c00000, 0x0000000716c00000| Untracked 
| 149|0x0000000716e00000, 0x0000000716e00000, 0x0000000717000000|  0%| F|  |TAMS 0x0000000716e00000, 0x0000000716e00000| Untracked 
| 150|0x0000000717000000, 0x0000000717000000, 0x0000000717200000|  0%| F|  |TAMS 0x0000000717000000, 0x0000000717000000| Untracked 
| 151|0x0000000717200000, 0x0000000717200000, 0x0000000717400000|  0%| F|  |TAMS 0x0000000717200000, 0x0000000717200000| Untracked 
| 152|0x0000000717400000, 0x0000000717400000, 0x0000000717600000|  0%| F|  |TAMS 0x0000000717400000, 0x0000000717400000| Untracked 
| 153|0x0000000717600000, 0x0000000717600000, 0x0000000717800000|  0%| F|  |TAMS 0x0000000717600000, 0x0000000717600000| Untracked 
| 154|0x0000000717800000, 0x0000000717800000, 0x0000000717a00000|  0%| F|  |TAMS 0x0000000717800000, 0x0000000717800000| Untracked 
| 155|0x0000000717a00000, 0x0000000717a00000, 0x0000000717c00000|  0%| F|  |TAMS 0x0000000717a00000, 0x0000000717a00000| Untracked 
| 156|0x0000000717c00000, 0x0000000717c00000, 0x0000000717e00000|  0%| F|  |TAMS 0x0000000717c00000, 0x0000000717c00000| Untracked 
| 157|0x0000000717e00000, 0x0000000717e00000, 0x0000000718000000|  0%| F|  |TAMS 0x0000000717e00000, 0x0000000717e00000| Untracked 
| 158|0x0000000718000000, 0x0000000718000000, 0x0000000718200000|  0%| F|  |TAMS 0x0000000718000000, 0x0000000718000000| Untracked 
| 159|0x0000000718200000, 0x0000000718200000, 0x0000000718400000|  0%| F|  |TAMS 0x0000000718200000, 0x0000000718200000| Untracked 
| 160|0x0000000718400000, 0x0000000718400000, 0x0000000718600000|  0%| F|  |TAMS 0x0000000718400000, 0x0000000718400000| Untracked 
| 161|0x0000000718600000, 0x0000000718600000, 0x0000000718800000|  0%| F|  |TAMS 0x0000000718600000, 0x0000000718600000| Untracked 
| 162|0x0000000718800000, 0x0000000718800000, 0x0000000718a00000|  0%| F|  |TAMS 0x0000000718800000, 0x0000000718800000| Untracked 
| 163|0x0000000718a00000, 0x0000000718a00000, 0x0000000718c00000|  0%| F|  |TAMS 0x0000000718a00000, 0x0000000718a00000| Untracked 
| 164|0x0000000718c00000, 0x0000000718c00000, 0x0000000718e00000|  0%| F|  |TAMS 0x0000000718c00000, 0x0000000718c00000| Untracked 
| 165|0x0000000718e00000, 0x0000000718e00000, 0x0000000719000000|  0%| F|  |TAMS 0x0000000718e00000, 0x0000000718e00000| Untracked 
| 166|0x0000000719000000, 0x0000000719000000, 0x0000000719200000|  0%| F|  |TAMS 0x0000000719000000, 0x0000000719000000| Untracked 
| 167|0x0000000719200000, 0x0000000719200000, 0x0000000719400000|  0%| F|  |TAMS 0x0000000719200000, 0x0000000719200000| Untracked 
| 168|0x0000000719400000, 0x0000000719400000, 0x0000000719600000|  0%| F|  |TAMS 0x0000000719400000, 0x0000000719400000| Untracked 
| 169|0x0000000719600000, 0x0000000719600000, 0x0000000719800000|  0%| F|  |TAMS 0x0000000719600000, 0x0000000719600000| Untracked 
| 170|0x0000000719800000, 0x0000000719800000, 0x0000000719a00000|  0%| F|  |TAMS 0x0000000719800000, 0x0000000719800000| Untracked 
| 171|0x0000000719a00000, 0x0000000719a00000, 0x0000000719c00000|  0%| F|  |TAMS 0x0000000719a00000, 0x0000000719a00000| Untracked 
| 172|0x0000000719c00000, 0x0000000719c00000, 0x0000000719e00000|  0%| F|  |TAMS 0x0000000719c00000, 0x0000000719c00000| Untracked 
| 173|0x0000000719e00000, 0x0000000719e00000, 0x000000071a000000|  0%| F|  |TAMS 0x0000000719e00000, 0x0000000719e00000| Untracked 
| 174|0x000000071a000000, 0x000000071a000000, 0x000000071a200000|  0%| F|  |TAMS 0x000000071a000000, 0x000000071a000000| Untracked 
| 175|0x000000071a200000, 0x000000071a200000, 0x000000071a400000|  0%| F|  |TAMS 0x000000071a200000, 0x000000071a200000| Untracked 
| 176|0x000000071a400000, 0x000000071a400000, 0x000000071a600000|  0%| F|  |TAMS 0x000000071a400000, 0x000000071a400000| Untracked 
| 177|0x000000071a600000, 0x000000071a600000, 0x000000071a800000|  0%| F|  |TAMS 0x000000071a600000, 0x000000071a600000| Untracked 
| 178|0x000000071a800000, 0x000000071a800000, 0x000000071aa00000|  0%| F|  |TAMS 0x000000071a800000, 0x000000071a800000| Untracked 
| 179|0x000000071aa00000, 0x000000071aa00000, 0x000000071ac00000|  0%| F|  |TAMS 0x000000071aa00000, 0x000000071aa00000| Untracked 
| 180|0x000000071ac00000, 0x000000071ac00000, 0x000000071ae00000|  0%| F|  |TAMS 0x000000071ac00000, 0x000000071ac00000| Untracked 
| 181|0x000000071ae00000, 0x000000071ae00000, 0x000000071b000000|  0%| F|  |TAMS 0x000000071ae00000, 0x000000071ae00000| Untracked 
| 182|0x000000071b000000, 0x000000071b000000, 0x000000071b200000|  0%| F|  |TAMS 0x000000071b000000, 0x000000071b000000| Untracked 
| 183|0x000000071b200000, 0x000000071b200000, 0x000000071b400000|  0%| F|  |TAMS 0x000000071b200000, 0x000000071b200000| Untracked 
| 184|0x000000071b400000, 0x000000071b400000, 0x000000071b600000|  0%| F|  |TAMS 0x000000071b400000, 0x000000071b400000| Untracked 
| 185|0x000000071b600000, 0x000000071b600000, 0x000000071b800000|  0%| F|  |TAMS 0x000000071b600000, 0x000000071b600000| Untracked 
| 186|0x000000071b800000, 0x000000071b800000, 0x000000071ba00000|  0%| F|  |TAMS 0x000000071b800000, 0x000000071b800000| Untracked 
| 187|0x000000071ba00000, 0x000000071ba00000, 0x000000071bc00000|  0%| F|  |TAMS 0x000000071ba00000, 0x000000071ba00000| Untracked 
| 188|0x000000071bc00000, 0x000000071bc00000, 0x000000071be00000|  0%| F|  |TAMS 0x000000071bc00000, 0x000000071bc00000| Untracked 
| 189|0x000000071be00000, 0x000000071be00000, 0x000000071c000000|  0%| F|  |TAMS 0x000000071be00000, 0x000000071be00000| Untracked 
| 190|0x000000071c000000, 0x000000071c000000, 0x000000071c200000|  0%| F|  |TAMS 0x000000071c000000, 0x000000071c000000| Untracked 
| 191|0x000000071c200000, 0x000000071c200000, 0x000000071c400000|  0%| F|  |TAMS 0x000000071c200000, 0x000000071c200000| Untracked 
| 192|0x000000071c400000, 0x000000071c400000, 0x000000071c600000|  0%| F|  |TAMS 0x000000071c400000, 0x000000071c400000| Untracked 
| 193|0x000000071c600000, 0x000000071c600000, 0x000000071c800000|  0%| F|  |TAMS 0x000000071c600000, 0x000000071c600000| Untracked 
| 194|0x000000071c800000, 0x000000071c800000, 0x000000071ca00000|  0%| F|  |TAMS 0x000000071c800000, 0x000000071c800000| Untracked 
| 195|0x000000071ca00000, 0x000000071ca00000, 0x000000071cc00000|  0%| F|  |TAMS 0x000000071ca00000, 0x000000071ca00000| Untracked 
| 196|0x000000071cc00000, 0x000000071cc00000, 0x000000071ce00000|  0%| F|  |TAMS 0x000000071cc00000, 0x000000071cc00000| Untracked 
| 197|0x000000071ce00000, 0x000000071ce00000, 0x000000071d000000|  0%| F|  |TAMS 0x000000071ce00000, 0x000000071ce00000| Untracked 
| 198|0x000000071d000000, 0x000000071d000000, 0x000000071d200000|  0%| F|  |TAMS 0x000000071d000000, 0x000000071d000000| Untracked 
| 199|0x000000071d200000, 0x000000071d200000, 0x000000071d400000|  0%| F|  |TAMS 0x000000071d200000, 0x000000071d200000| Untracked 
| 200|0x000000071d400000, 0x000000071d400000, 0x000000071d600000|  0%| F|  |TAMS 0x000000071d400000, 0x000000071d400000| Untracked 
| 201|0x000000071d600000, 0x000000071d600000, 0x000000071d800000|  0%| F|  |TAMS 0x000000071d600000, 0x000000071d600000| Untracked 
| 202|0x000000071d800000, 0x000000071d800000, 0x000000071da00000|  0%| F|  |TAMS 0x000000071d800000, 0x000000071d800000| Untracked 
| 203|0x000000071da00000, 0x000000071da00000, 0x000000071dc00000|  0%| F|  |TAMS 0x000000071da00000, 0x000000071da00000| Untracked 
| 204|0x000000071dc00000, 0x000000071dc00000, 0x000000071de00000|  0%| F|  |TAMS 0x000000071dc00000, 0x000000071dc00000| Untracked 
| 205|0x000000071de00000, 0x000000071de00000, 0x000000071e000000|  0%| F|  |TAMS 0x000000071de00000, 0x000000071de00000| Untracked 
| 206|0x000000071e000000, 0x000000071e000000, 0x000000071e200000|  0%| F|  |TAMS 0x000000071e000000, 0x000000071e000000| Untracked 
| 207|0x000000071e200000, 0x000000071e200000, 0x000000071e400000|  0%| F|  |TAMS 0x000000071e200000, 0x000000071e200000| Untracked 
| 208|0x000000071e400000, 0x000000071e400000, 0x000000071e600000|  0%| F|  |TAMS 0x000000071e400000, 0x000000071e400000| Untracked 
| 209|0x000000071e600000, 0x000000071e600000, 0x000000071e800000|  0%| F|  |TAMS 0x000000071e600000, 0x000000071e600000| Untracked 
| 210|0x000000071e800000, 0x000000071e800000, 0x000000071ea00000|  0%| F|  |TAMS 0x000000071e800000, 0x000000071e800000| Untracked 
| 211|0x000000071ea00000, 0x000000071ea00000, 0x000000071ec00000|  0%| F|  |TAMS 0x000000071ea00000, 0x000000071ea00000| Untracked 
| 212|0x000000071ec00000, 0x000000071ec00000, 0x000000071ee00000|  0%| F|  |TAMS 0x000000071ec00000, 0x000000071ec00000| Untracked 
| 213|0x000000071ee00000, 0x000000071ee00000, 0x000000071f000000|  0%| F|  |TAMS 0x000000071ee00000, 0x000000071ee00000| Untracked 
| 214|0x000000071f000000, 0x000000071f000000, 0x000000071f200000|  0%| F|  |TAMS 0x000000071f000000, 0x000000071f000000| Untracked 
| 215|0x000000071f200000, 0x000000071f200000, 0x000000071f400000|  0%| F|  |TAMS 0x000000071f200000, 0x000000071f200000| Untracked 
| 216|0x000000071f400000, 0x000000071f400000, 0x000000071f600000|  0%| F|  |TAMS 0x000000071f400000, 0x000000071f400000| Untracked 
| 217|0x000000071f600000, 0x000000071f600000, 0x000000071f800000|  0%| F|  |TAMS 0x000000071f600000, 0x000000071f600000| Untracked 
| 218|0x000000071f800000, 0x000000071f800000, 0x000000071fa00000|  0%| F|  |TAMS 0x000000071f800000, 0x000000071f800000| Untracked 
| 219|0x000000071fa00000, 0x000000071fa00000, 0x000000071fc00000|  0%| F|  |TAMS 0x000000071fa00000, 0x000000071fa00000| Untracked 
| 220|0x000000071fc00000, 0x000000071fc00000, 0x000000071fe00000|  0%| F|  |TAMS 0x000000071fc00000, 0x000000071fc00000| Untracked 
| 221|0x000000071fe00000, 0x000000071fe00000, 0x0000000720000000|  0%| F|  |TAMS 0x000000071fe00000, 0x000000071fe00000| Untracked 
| 222|0x0000000720000000, 0x0000000720000000, 0x0000000720200000|  0%| F|  |TAMS 0x0000000720000000, 0x0000000720000000| Untracked 
| 223|0x0000000720200000, 0x0000000720200000, 0x0000000720400000|  0%| F|  |TAMS 0x0000000720200000, 0x0000000720200000| Untracked 
| 224|0x0000000720400000, 0x0000000720400000, 0x0000000720600000|  0%| F|  |TAMS 0x0000000720400000, 0x0000000720400000| Untracked 
| 225|0x0000000720600000, 0x0000000720600000, 0x0000000720800000|  0%| F|  |TAMS 0x0000000720600000, 0x0000000720600000| Untracked 
| 226|0x0000000720800000, 0x0000000720800000, 0x0000000720a00000|  0%| F|  |TAMS 0x0000000720800000, 0x0000000720800000| Untracked 
| 227|0x0000000720a00000, 0x0000000720a00000, 0x0000000720c00000|  0%| F|  |TAMS 0x0000000720a00000, 0x0000000720a00000| Untracked 
| 228|0x0000000720c00000, 0x0000000720c00000, 0x0000000720e00000|  0%| F|  |TAMS 0x0000000720c00000, 0x0000000720c00000| Untracked 
| 229|0x0000000720e00000, 0x0000000720e00000, 0x0000000721000000|  0%| F|  |TAMS 0x0000000720e00000, 0x0000000720e00000| Untracked 
| 230|0x0000000721000000, 0x0000000721000000, 0x0000000721200000|  0%| F|  |TAMS 0x0000000721000000, 0x0000000721000000| Untracked 
| 231|0x0000000721200000, 0x0000000721200000, 0x0000000721400000|  0%| F|  |TAMS 0x0000000721200000, 0x0000000721200000| Untracked 
| 232|0x0000000721400000, 0x0000000721400000, 0x0000000721600000|  0%| F|  |TAMS 0x0000000721400000, 0x0000000721400000| Untracked 
| 233|0x0000000721600000, 0x0000000721600000, 0x0000000721800000|  0%| F|  |TAMS 0x0000000721600000, 0x0000000721600000| Untracked 
| 234|0x0000000721800000, 0x0000000721800000, 0x0000000721a00000|  0%| F|  |TAMS 0x0000000721800000, 0x0000000721800000| Untracked 
| 235|0x0000000721a00000, 0x0000000721a00000, 0x0000000721c00000|  0%| F|  |TAMS 0x0000000721a00000, 0x0000000721a00000| Untracked 
| 236|0x0000000721c00000, 0x0000000721c00000, 0x0000000721e00000|  0%| F|  |TAMS 0x0000000721c00000, 0x0000000721c00000| Untracked 
| 237|0x0000000721e00000, 0x0000000721e00000, 0x0000000722000000|  0%| F|  |TAMS 0x0000000721e00000, 0x0000000721e00000| Untracked 
| 238|0x0000000722000000, 0x0000000722000000, 0x0000000722200000|  0%| F|  |TAMS 0x0000000722000000, 0x0000000722000000| Untracked 
| 239|0x0000000722200000, 0x0000000722200000, 0x0000000722400000|  0%| F|  |TAMS 0x0000000722200000, 0x0000000722200000| Untracked 
| 240|0x0000000722400000, 0x0000000722400000, 0x0000000722600000|  0%| F|  |TAMS 0x0000000722400000, 0x0000000722400000| Untracked 
| 241|0x0000000722600000, 0x0000000722600000, 0x0000000722800000|  0%| F|  |TAMS 0x0000000722600000, 0x0000000722600000| Untracked 
| 242|0x0000000722800000, 0x0000000722800000, 0x0000000722a00000|  0%| F|  |TAMS 0x0000000722800000, 0x0000000722800000| Untracked 
| 243|0x0000000722a00000, 0x0000000722a00000, 0x0000000722c00000|  0%| F|  |TAMS 0x0000000722a00000, 0x0000000722a00000| Untracked 
| 244|0x0000000722c00000, 0x0000000722c00000, 0x0000000722e00000|  0%| F|  |TAMS 0x0000000722c00000, 0x0000000722c00000| Untracked 
| 245|0x0000000722e00000, 0x0000000722e00000, 0x0000000723000000|  0%| F|  |TAMS 0x0000000722e00000, 0x0000000722e00000| Untracked 
| 246|0x0000000723000000, 0x0000000723000000, 0x0000000723200000|  0%| F|  |TAMS 0x0000000723000000, 0x0000000723000000| Untracked 
| 247|0x0000000723200000, 0x0000000723200000, 0x0000000723400000|  0%| F|  |TAMS 0x0000000723200000, 0x0000000723200000| Untracked 
| 248|0x0000000723400000, 0x0000000723400000, 0x0000000723600000|  0%| F|  |TAMS 0x0000000723400000, 0x0000000723400000| Untracked 
| 249|0x0000000723600000, 0x0000000723600000, 0x0000000723800000|  0%| F|  |TAMS 0x0000000723600000, 0x0000000723600000| Untracked 
| 250|0x0000000723800000, 0x0000000723800000, 0x0000000723a00000|  0%| F|  |TAMS 0x0000000723800000, 0x0000000723800000| Untracked 
| 251|0x0000000723a00000, 0x0000000723a0e1d0, 0x0000000723c00000|  2%| E|  |TAMS 0x0000000723a00000, 0x0000000723a00000| Complete 

Card table byte_map: [0x0000021fc4c80000,0x0000021fc5460000] _byte_map_base: 0x0000021fc145e000

Marking Bits (Prev, Next): (CMBitMap*) 0x0000021fad7487e0, (CMBitMap*) 0x0000021fad748820
 Prev Bits: [0x0000021fc5c40000, 0x0000021fc9b30000)
 Next Bits: [0x0000021fc9b30000, 0x0000021fcda20000)

Polling page: 0x0000021fab710000

Metaspace:

Usage:
  Non-class:     16.96 MB used.
      Class:      2.00 MB used.
       Both:     18.96 MB used.

Virtual space:
  Non-class space:       24.00 MB reserved,      17.06 MB ( 71%) committed,  3 nodes.
      Class space:        1.00 GB reserved,       2.12 MB ( <1%) committed,  1 nodes.
             Both:        1.02 GB reserved,      19.19 MB (  2%) committed. 

Chunk freelists:
   Non-Class:  2.26 MB
       Class:  1.69 MB
        Both:  3.95 MB

MaxMetaspaceSize: unlimited
CompressedClassSpaceSize: 1.00 GB
Initial GC threshold: 21.00 MB
Current GC threshold: 21.00 MB
CDS: on
MetaspaceReclaimPolicy: balanced
 - commit_granule_bytes: 65536.
 - commit_granule_words: 8192.
 - virtual_space_node_default_size: 1048576.
 - enlarge_chunks_in_place: 1.
 - new_chunks_are_fully_committed: 0.
 - uncommit_free_chunks: 1.
 - use_allocation_guard: 0.
 - handle_deallocations: 1.


Internal statistics:

num_allocs_failed_limit: 0.
num_arena_births: 228.
num_arena_deaths: 0.
num_vsnodes_births: 4.
num_vsnodes_deaths: 0.
num_space_committed: 305.
num_space_uncommitted: 0.
num_chunks_returned_to_freelist: 0.
num_chunks_taken_from_freelist: 457.
num_chunk_merges: 0.
num_chunk_splits: 296.
num_chunks_enlarged: 184.
num_purges: 0.
num_inconsistent_stats: 0.

CodeHeap 'non-profiled nmethods': size=120000Kb used=1244Kb max_used=1244Kb free=118755Kb
 bounds [0x0000021fbca20000, 0x0000021fbcc90000, 0x0000021fc3f50000]
CodeHeap 'profiled nmethods': size=120000Kb used=4705Kb max_used=4705Kb free=115295Kb
 bounds [0x0000021fb54f0000, 0x0000021fb5990000, 0x0000021fbca20000]
CodeHeap 'non-nmethods': size=5760Kb used=1868Kb max_used=1968Kb free=3891Kb
 bounds [0x0000021fb4f50000, 0x0000021fb51c0000, 0x0000021fb54f0000]
 total_blobs=4013 nmethods=2635 adapters=1290
 compilation: enabled
              stopped_count=0, restarted_count=0
 full_count=0

Compilation events (20 events):
Event: 13.641 Thread 0x0000021fd06afac0 2627       3       sun.misc.Unsafe::getDouble (9 bytes)
Event: 13.641 Thread 0x0000021fd06afac0 nmethod 2627 0x0000021fb5984990 code [0x0000021fb5984b20, 0x0000021fb5984c38]
Event: 13.715 Thread 0x0000021fd06a7010 2628       4       java.nio.Buffer::<init> (105 bytes)
Event: 13.717 Thread 0x0000021fd06a7010 nmethod 2628 0x0000021fbcb55d90 code [0x0000021fbcb55f20, 0x0000021fbcb56118]
Event: 13.867 Thread 0x0000021fd06a7010 2629       4       jdk.internal.reflect.DelegatingMethodAccessorImpl::invoke (10 bytes)
Event: 13.869 Thread 0x0000021fd06a7010 nmethod 2629 0x0000021fbcb56290 code [0x0000021fbcb56420, 0x0000021fbcb566d8]
Event: 14.022 Thread 0x0000021fd06afac0 2630   !   3       org.netbeans.lib.profiler.server.Monitors$SurvGenAndThreadsMonitor::updateThreadsData (272 bytes)
Event: 14.022 Thread 0x0000021fd06afac0 nmethod 2630 0x0000021fb5984d10 code [0x0000021fb5984f80, 0x0000021fb5985aa8]
Event: 14.022 Thread 0x0000021fd06afac0 2632   !   3       java.nio.ByteBuffer::getArray (121 bytes)
Event: 14.023 Thread 0x0000021fd06afac0 nmethod 2632 0x0000021fb5986090 code [0x0000021fb5986300, 0x0000021fb5986ef8]
Event: 14.023 Thread 0x0000021fd06afac0 2631       3       java.nio.ByteBuffer::get (54 bytes)
Event: 14.024 Thread 0x0000021fd06afac0 nmethod 2631 0x0000021fb5987510 code [0x0000021fb5987700, 0x0000021fb5987c38]
Event: 14.039 Thread 0x0000021fd06afac0 2633       3       java.lang.StringConcatHelper::prepend (22 bytes)
Event: 14.039 Thread 0x0000021fd06afac0 nmethod 2633 0x0000021fb5987e90 code [0x0000021fb5988060, 0x0000021fb59882e8]
Event: 14.075 Thread 0x0000021fd06a7010 2634       4       GUI.DrawColor::getRed (7 bytes)
Event: 14.075 Thread 0x0000021fd06a7010 nmethod 2634 0x0000021fbcb56990 code [0x0000021fbcb56b00, 0x0000021fbcb56bb8]
Event: 14.076 Thread 0x0000021fd06a7010 2635       4       GUI.DrawColor::getGreen (7 bytes)
Event: 14.076 Thread 0x0000021fd06a7010 nmethod 2635 0x0000021fbcb56c90 code [0x0000021fbcb56e00, 0x0000021fbcb56eb8]
Event: 14.076 Thread 0x0000021fd06a7010 2636       4       GUI.DrawColor::getBlue (7 bytes)
Event: 14.076 Thread 0x0000021fd06a7010 nmethod 2636 0x0000021fbcb56f90 code [0x0000021fbcb57100, 0x0000021fbcb571b8]

GC Heap History (20 events):
Event: 13.216 GC heap before
{Heap before GC invocations=43 (full 0):
 garbage-first heap   total 516096K, used 356542K [0x0000000704400000, 0x0000000800000000)
  region size 2048K, 151 young (309248K), 1 survivors (2048K)
 Metaspace       used 19404K, committed 19648K, reserved 1073152K
  class space    used 2048K, committed 2176K, reserved 1048576K
}
Event: 13.217 GC heap after
{Heap after GC invocations=44 (full 0):
 garbage-first heap   total 516096K, used 49342K [0x0000000704400000, 0x0000000800000000)
  region size 2048K, 1 young (2048K), 1 survivors (2048K)
 Metaspace       used 19404K, committed 19648K, reserved 1073152K
  class space    used 2048K, committed 2176K, reserved 1048576K
}
Event: 13.379 GC heap before
{Heap before GC invocations=44 (full 0):
 garbage-first heap   total 516096K, used 356542K [0x0000000704400000, 0x0000000800000000)
  region size 2048K, 151 young (309248K), 1 survivors (2048K)
 Metaspace       used 19404K, committed 19648K, reserved 1073152K
  class space    used 2048K, committed 2176K, reserved 1048576K
}
Event: 13.380 GC heap after
{Heap after GC invocations=45 (full 0):
 garbage-first heap   total 516096K, used 49342K [0x0000000704400000, 0x0000000800000000)
  region size 2048K, 1 young (2048K), 1 survivors (2048K)
 Metaspace       used 19404K, committed 19648K, reserved 1073152K
  class space    used 2048K, committed 2176K, reserved 1048576K
}
Event: 13.544 GC heap before
{Heap before GC invocations=45 (full 0):
 garbage-first heap   total 516096K, used 356542K [0x0000000704400000, 0x0000000800000000)
  region size 2048K, 151 young (309248K), 1 survivors (2048K)
 Metaspace       used 19404K, committed 19648K, reserved 1073152K
  class space    used 2048K, committed 2176K, reserved 1048576K
}
Event: 13.545 GC heap after
{Heap after GC invocations=46 (full 0):
 garbage-first heap   total 516096K, used 49342K [0x0000000704400000, 0x0000000800000000)
  region size 2048K, 1 young (2048K), 1 survivors (2048K)
 Metaspace       used 19404K, committed 19648K, reserved 1073152K
  class space    used 2048K, committed 2176K, reserved 1048576K
}
Event: 13.703 GC heap before
{Heap before GC invocations=46 (full 0):
 garbage-first heap   total 516096K, used 356542K [0x0000000704400000, 0x0000000800000000)
  region size 2048K, 151 young (309248K), 1 survivors (2048K)
 Metaspace       used 19405K, committed 19648K, reserved 1073152K
  class space    used 2048K, committed 2176K, reserved 1048576K
}
Event: 13.705 GC heap after
{Heap after GC invocations=47 (full 0):
 garbage-first heap   total 516096K, used 49339K [0x0000000704400000, 0x0000000800000000)
  region size 2048K, 1 young (2048K), 1 survivors (2048K)
 Metaspace       used 19405K, committed 19648K, reserved 1073152K
  class space    used 2048K, committed 2176K, reserved 1048576K
}
Event: 13.863 GC heap before
{Heap before GC invocations=47 (full 0):
 garbage-first heap   total 516096K, used 356539K [0x0000000704400000, 0x0000000800000000)
  region size 2048K, 151 young (309248K), 1 survivors (2048K)
 Metaspace       used 19405K, committed 19648K, reserved 1073152K
  class space    used 2048K, committed 2176K, reserved 1048576K
}
Event: 13.864 GC heap after
{Heap after GC invocations=48 (full 0):
 garbage-first heap   total 516096K, used 49342K [0x0000000704400000, 0x0000000800000000)
  region size 2048K, 1 young (2048K), 1 survivors (2048K)
 Metaspace       used 19405K, committed 19648K, reserved 1073152K
  class space    used 2048K, committed 2176K, reserved 1048576K
}
Event: 14.028 GC heap before
{Heap before GC invocations=48 (full 0):
 garbage-first heap   total 516096K, used 356542K [0x0000000704400000, 0x0000000800000000)
  region size 2048K, 151 young (309248K), 1 survivors (2048K)
 Metaspace       used 19411K, committed 19648K, reserved 1073152K
  class space    used 2048K, committed 2176K, reserved 1048576K
}
Event: 14.029 GC heap after
{Heap after GC invocations=49 (full 0):
 garbage-first heap   total 516096K, used 49339K [0x0000000704400000, 0x0000000800000000)
  region size 2048K, 1 young (2048K), 1 survivors (2048K)
 Metaspace       used 19411K, committed 19648K, reserved 1073152K
  class space    used 2048K, committed 2176K, reserved 1048576K
}
Event: 14.187 GC heap before
{Heap before GC invocations=49 (full 0):
 garbage-first heap   total 516096K, used 356539K [0x0000000704400000, 0x0000000800000000)
  region size 2048K, 151 young (309248K), 1 survivors (2048K)
 Metaspace       used 19411K, committed 19648K, reserved 1073152K
  class space    used 2048K, committed 2176K, reserved 1048576K
}
Event: 14.189 GC heap after
{Heap after GC invocations=50 (full 0):
 garbage-first heap   total 516096K, used 49342K [0x0000000704400000, 0x0000000800000000)
  region size 2048K, 1 young (2048K), 1 survivors (2048K)
 Metaspace       used 19411K, committed 19648K, reserved 1073152K
  class space    used 2048K, committed 2176K, reserved 1048576K
}
Event: 14.346 GC heap before
{Heap before GC invocations=50 (full 0):
 garbage-first heap   total 516096K, used 356542K [0x0000000704400000, 0x0000000800000000)
  region size 2048K, 151 young (309248K), 1 survivors (2048K)
 Metaspace       used 19411K, committed 19648K, reserved 1073152K
  class space    used 2048K, committed 2176K, reserved 1048576K
}
Event: 14.347 GC heap after
{Heap after GC invocations=51 (full 0):
 garbage-first heap   total 516096K, used 49342K [0x0000000704400000, 0x0000000800000000)
  region size 2048K, 1 young (2048K), 1 survivors (2048K)
 Metaspace       used 19411K, committed 19648K, reserved 1073152K
  class space    used 2048K, committed 2176K, reserved 1048576K
}
Event: 14.511 GC heap before
{Heap before GC invocations=51 (full 0):
 garbage-first heap   total 516096K, used 356542K [0x0000000704400000, 0x0000000800000000)
  region size 2048K, 151 young (309248K), 1 survivors (2048K)
 Metaspace       used 19411K, committed 19648K, reserved 1073152K
  class space    used 2048K, committed 2176K, reserved 1048576K
}
Event: 14.512 GC heap after
{Heap after GC invocations=52 (full 0):
 garbage-first heap   total 516096K, used 49342K [0x0000000704400000, 0x0000000800000000)
  region size 2048K, 1 young (2048K), 1 survivors (2048K)
 Metaspace       used 19411K, committed 19648K, reserved 1073152K
  class space    used 2048K, committed 2176K, reserved 1048576K
}
Event: 14.666 GC heap before
{Heap before GC invocations=52 (full 0):
 garbage-first heap   total 516096K, used 356542K [0x0000000704400000, 0x0000000800000000)
  region size 2048K, 151 young (309248K), 1 survivors (2048K)
 Metaspace       used 19411K, committed 19648K, reserved 1073152K
  class space    used 2048K, committed 2176K, reserved 1048576K
}
Event: 14.667 GC heap after
{Heap after GC invocations=53 (full 0):
 garbage-first heap   total 516096K, used 49342K [0x0000000704400000, 0x0000000800000000)
  region size 2048K, 1 young (2048K), 1 survivors (2048K)
 Metaspace       used 19411K, committed 19648K, reserved 1073152K
  class space    used 2048K, committed 2176K, reserved 1048576K
}

Deoptimization events (20 events):
Event: 8.161 Thread 0x0000021fad6f7b40 DEOPT PACKING pc=0x0000021fb5935c92 sp=0x0000007be77fee40
Event: 8.161 Thread 0x0000021fad6f7b40 DEOPT UNPACKING pc=0x0000021fb4fa2b43 sp=0x0000007be77fe420 mode 0
Event: 8.208 Thread 0x0000021fad6f7b40 DEOPT PACKING pc=0x0000021fb593f8b8 sp=0x0000007be77fed50
Event: 8.208 Thread 0x0000021fad6f7b40 DEOPT UNPACKING pc=0x0000021fb4fa2b43 sp=0x0000007be77fe278 mode 0
Event: 8.210 Thread 0x0000021fad6f7b40 DEOPT PACKING pc=0x0000021fb5935c92 sp=0x0000007be77fee40
Event: 8.210 Thread 0x0000021fad6f7b40 DEOPT UNPACKING pc=0x0000021fb4fa2b43 sp=0x0000007be77fe420 mode 0
Event: 8.260 Thread 0x0000021fad6f7b40 DEOPT PACKING pc=0x0000021fb5935c92 sp=0x0000007be77fee40
Event: 8.260 Thread 0x0000021fad6f7b40 DEOPT UNPACKING pc=0x0000021fb4fa2b43 sp=0x0000007be77fe420 mode 0
Event: 8.309 Thread 0x0000021fad6f7b40 DEOPT PACKING pc=0x0000021fb5935c92 sp=0x0000007be77fee40
Event: 8.309 Thread 0x0000021fad6f7b40 DEOPT UNPACKING pc=0x0000021fb4fa2b43 sp=0x0000007be77fe420 mode 0
Event: 8.359 Thread 0x0000021fad6f7b40 DEOPT PACKING pc=0x0000021fb5935c92 sp=0x0000007be77fee40
Event: 8.359 Thread 0x0000021fad6f7b40 DEOPT UNPACKING pc=0x0000021fb4fa2b43 sp=0x0000007be77fe420 mode 0
Event: 9.019 Thread 0x0000021fd1579020 Uncommon trap: trap_request=0xffffffde fr.pc=0x0000021fbcaf7edc relative=0x00000000000001bc
Event: 9.019 Thread 0x0000021fd1579020 Uncommon trap: reason=class_check action=maybe_recompile pc=0x0000021fbcaf7edc method=jdk.internal.reflect.DelegatingMethodAccessorImpl.invoke(Ljava/lang/Object;[Ljava/lang/Object;)Ljava/lang/Object; @ 6 c2
Event: 9.019 Thread 0x0000021fd1579020 DEOPT PACKING pc=0x0000021fbcaf7edc sp=0x0000007be88fe900
Event: 9.019 Thread 0x0000021fd1579020 DEOPT UNPACKING pc=0x0000021fb4fa23a3 sp=0x0000007be88fe878 mode 2
Event: 9.019 Thread 0x0000021fd1579020 Uncommon trap: trap_request=0xffffffde fr.pc=0x0000021fbcaf7edc relative=0x00000000000001bc
Event: 9.019 Thread 0x0000021fd1579020 Uncommon trap: reason=class_check action=maybe_recompile pc=0x0000021fbcaf7edc method=jdk.internal.reflect.DelegatingMethodAccessorImpl.invoke(Ljava/lang/Object;[Ljava/lang/Object;)Ljava/lang/Object; @ 6 c2
Event: 9.019 Thread 0x0000021fd1579020 DEOPT PACKING pc=0x0000021fbcaf7edc sp=0x0000007be88fded0
Event: 9.019 Thread 0x0000021fd1579020 DEOPT UNPACKING pc=0x0000021fb4fa23a3 sp=0x0000007be88fde48 mode 2

Classes unloaded (0 events):
No events

Classes redefined (0 events):
No events

Internal exceptions (20 events):
Event: 1.366 Thread 0x0000021fad6f7b40 Exception <a 'java/lang/NoSuchMethodError'{0x000000071302d7e0}: 'int java.lang.invoke.DirectMethodHandle$Holder.invokeStaticInit(java.lang.Object, java.lang.Object, long, long)'> (0x000000071302d7e0) 
thrown [t:\workspace\open\src\hotspot\share\interpreter\linkResolver.cpp, line 766]
Event: 1.367 Thread 0x0000021fad6f7b40 Exception <a 'java/lang/NoSuchMethodError'{0x0000000713033490}: 'java.lang.Object java.lang.invoke.DirectMethodHandle$Holder.newInvokeSpecial(java.lang.Object, java.lang.Object, long)'> (0x0000000713033490) 
thrown [t:\workspace\open\src\hotspot\share\interpreter\linkResolver.cpp, line 766]
Event: 1.367 Thread 0x0000021fad6f7b40 Exception <a 'java/lang/NoSuchMethodError'{0x0000000713036d58}: 'java.lang.Object java.lang.invoke.Invokers$Holder.linkToTargetMethod(java.lang.Object, long, java.lang.Object)'> (0x0000000713036d58) 
thrown [t:\workspace\open\src\hotspot\share\interpreter\linkResolver.cpp, line 766]
Event: 1.367 Thread 0x0000021fad6f7b40 Exception <a 'java/lang/NoSuchMethodError'{0x000000071303e228}: 'int java.lang.invoke.DirectMethodHandle$Holder.invokeStaticInit(java.lang.Object, java.lang.Object, java.lang.Object, long)'> (0x000000071303e228) 
thrown [t:\workspace\open\src\hotspot\share\interpreter\linkResolver.cpp, line 766]
Event: 1.388 Thread 0x0000021fad6f7b40 Exception <a 'sun/nio/fs/WindowsException'{0x00000007130a0088}> (0x00000007130a0088) 
thrown [t:\workspace\open\src\hotspot\share\prims\jni.cpp, line 516]
Event: 1.388 Thread 0x0000021fad6f7b40 Exception <a 'sun/nio/fs/WindowsException'{0x00000007130a0418}> (0x00000007130a0418) 
thrown [t:\workspace\open\src\hotspot\share\prims\jni.cpp, line 516]
Event: 1.410 Thread 0x0000021fad6f7b40 Exception <a 'sun/nio/fs/WindowsException'{0x000000071312f700}> (0x000000071312f700) 
thrown [t:\workspace\open\src\hotspot\share\prims\jni.cpp, line 516]
Event: 1.410 Thread 0x0000021fad6f7b40 Exception <a 'sun/nio/fs/WindowsException'{0x000000071312fa60}> (0x000000071312fa60) 
thrown [t:\workspace\open\src\hotspot\share\prims\jni.cpp, line 516]
Event: 1.736 Thread 0x0000021fad6f7b40 Exception <a 'sun/nio/fs/WindowsException'{0x0000000713176058}> (0x0000000713176058) 
thrown [t:\workspace\open\src\hotspot\share\prims\jni.cpp, line 516]
Event: 1.736 Thread 0x0000021fad6f7b40 Exception <a 'sun/nio/fs/WindowsException'{0x00000007131763f8}> (0x00000007131763f8) 
thrown [t:\workspace\open\src\hotspot\share\prims\jni.cpp, line 516]
Event: 1.741 Thread 0x0000021fad6f7b40 Exception <a 'sun/nio/fs/WindowsException'{0x000000071317e2c8}> (0x000000071317e2c8) 
thrown [t:\workspace\open\src\hotspot\share\prims\jni.cpp, line 516]
Event: 1.741 Thread 0x0000021fad6f7b40 Exception <a 'sun/nio/fs/WindowsException'{0x000000071317e598}> (0x000000071317e598) 
thrown [t:\workspace\open\src\hotspot\share\prims\jni.cpp, line 516]
Event: 2.404 Thread 0x0000021fad6f7b40 Exception <a 'sun/nio/fs/WindowsException'{0x0000000712c33660}> (0x0000000712c33660) 
thrown [t:\workspace\open\src\hotspot\share\prims\jni.cpp, line 516]
Event: 4.869 Thread 0x0000021fd1fe9000 Exception <a 'java/lang/NoSuchMethodError'{0x0000000712beb0b8}: 'java.lang.Object java.lang.invoke.DirectMethodHandle$Holder.newInvokeSpecial(java.lang.Object, java.lang.Object, java.lang.Object, int, int, int, int, int)'> (0x0000000712beb0b8) 
thrown [t:\workspace\open\src\hotspot\share\interpreter\linkResolver.cpp, line 766]
Event: 5.022 Thread 0x0000021fd1fe7320 Implicit null exception at 0x0000021fbca87b60 to 0x0000021fbca87c24
Event: 5.343 Thread 0x0000021fd1664260 Exception <a 'java/lang/NoSuchMethodError'{0x0000000713a38570}: 'void java.lang.invoke.DirectMethodHandle$Holder.invokeVirtual(java.lang.Object, java.lang.Object)'> (0x0000000713a38570) 
thrown [t:\workspace\open\src\hotspot\share\interpreter\linkResolver.cpp, line 766]
Event: 5.356 Thread 0x0000021fd1fe7320 Exception <a 'java/lang/NoSuchMethodError'{0x0000000713db09b0}: 'void java.lang.invoke.DirectMethodHandle$Holder.invokeStaticInit(java.lang.Object)'> (0x0000000713db09b0) 
thrown [t:\workspace\open\src\hotspot\share\interpreter\linkResolver.cpp, line 766]
Event: 5.460 Thread 0x0000021fd1fe7320 Exception <a 'java/lang/NoSuchMethodError'{0x0000000713ac4df0}: 'int java.lang.invoke.DirectMethodHandle$Holder.invokeStatic(java.lang.Object)'> (0x0000000713ac4df0) 
thrown [t:\workspace\open\src\hotspot\share\interpreter\linkResolver.cpp, line 766]
Event: 7.118 Thread 0x0000021fd1fe7320 Implicit null exception at 0x0000021fbcaf860c to 0x0000021fbcaf89a4
Event: 7.118 Thread 0x0000021fd1fe7320 Implicit null exception at 0x0000021fbcaf99cf to 0x0000021fbcaf9cec

VM Operations (20 events):
Event: 14.532 Executing VM operation: GetAllStackTraces
Event: 14.533 Executing VM operation: GetAllStackTraces done
Event: 14.548 Executing VM operation: GetAllStackTraces
Event: 14.549 Executing VM operation: GetAllStackTraces done
Event: 14.569 Executing VM operation: GetAllStackTraces
Event: 14.569 Executing VM operation: GetAllStackTraces done
Event: 14.588 Executing VM operation: GetAllStackTraces
Event: 14.588 Executing VM operation: GetAllStackTraces done
Event: 14.605 Executing VM operation: GetAllStackTraces
Event: 14.605 Executing VM operation: GetAllStackTraces done
Event: 14.620 Executing VM operation: GetAllStackTraces
Event: 14.621 Executing VM operation: GetAllStackTraces done
Event: 14.636 Executing VM operation: GetAllStackTraces
Event: 14.636 Executing VM operation: GetAllStackTraces done
Event: 14.649 Executing VM operation: GetAllStackTraces
Event: 14.650 Executing VM operation: GetAllStackTraces done
Event: 14.665 Executing VM operation: GetAllStackTraces
Event: 14.666 Executing VM operation: GetAllStackTraces done
Event: 14.666 Executing VM operation: G1CollectForAllocation
Event: 14.667 Executing VM operation: G1CollectForAllocation done

Events (20 events):
Event: 6.618 Thread 0x0000021fed14cdb0 Thread added: 0x0000021fed14cdb0
Event: 6.713 loading class sun/awt/shell/Win32ShellFolder2$FolderDisposer$1
Event: 6.713 loading class sun/awt/shell/Win32ShellFolder2$FolderDisposer$1 done
Event: 7.122 loading class java/util/stream/Nodes$FixedNodeBuilder
Event: 7.122 loading class java/util/stream/Nodes$ArrayNode
Event: 7.122 loading class java/util/stream/Nodes$ArrayNode done
Event: 7.122 loading class java/util/stream/Nodes$FixedNodeBuilder done
Event: 7.123 loading class Shapes/EditorShape
Event: 7.123 loading class Shapes/EditorShape done
Event: 7.123 loading class Shapes/EditorShape
Event: 7.123 loading class Shapes/EditorShape done
Event: 7.218 loading class Shapes/Line
Event: 7.218 loading class Shapes/Line done
Event: 7.220 loading class Shapes/River
Event: 7.220 loading class Shapes/River done
Event: 7.221 loading class com/wiz/settlementmapmaker/Utilities/Utils
Event: 7.221 loading class com/wiz/settlementmapmaker/Utilities/Utils done
Event: 7.419 Thread 0x0000021fed14cdb0 Thread exited: 0x0000021fed14cdb0
Event: 7.419 Thread 0x0000021fd1470790 Thread exited: 0x0000021fd1470790
Event: 9.882 Thread 0x0000021fd1fe9000 Thread exited: 0x0000021fd1fe9000


Dynamic libraries:
0x00007ff6d0d90000 - 0x00007ff6d0da0000 	C:\Program Files\Java\jdk-17.0.2\bin\java.exe
0x00007ffe56310000 - 0x00007ffe56505000 	C:\WINDOWS\SYSTEM32\ntdll.dll
0x00007ffe55eb0000 - 0x00007ffe55f6d000 	C:\WINDOWS\System32\KERNEL32.DLL
0x00007ffe53bd0000 - 0x00007ffe53e9d000 	C:\WINDOWS\System32\KERNELBASE.dll
0x00007ffe541e0000 - 0x00007ffe542e0000 	C:\WINDOWS\System32\ucrtbase.dll
0x00007ffe40cb0000 - 0x00007ffe40cca000 	C:\Program Files\Java\jdk-17.0.2\bin\VCRUNTIME140.dll
0x00007ffe4a1d0000 - 0x00007ffe4a1e8000 	C:\Program Files\Java\jdk-17.0.2\bin\jli.dll
0x00007ffe55a10000 - 0x00007ffe55abe000 	C:\WINDOWS\System32\ADVAPI32.dll
0x00007ffe554b0000 - 0x00007ffe5554e000 	C:\WINDOWS\System32\msvcrt.dll
0x00007ffe55970000 - 0x00007ffe55a0c000 	C:\WINDOWS\System32\sechost.dll
0x00007ffe547e0000 - 0x00007ffe54905000 	C:\WINDOWS\System32\RPCRT4.dll
0x00007ffe54990000 - 0x00007ffe54b30000 	C:\WINDOWS\System32\USER32.dll
0x00007ffe541b0000 - 0x00007ffe541d2000 	C:\WINDOWS\System32\win32u.dll
0x00007ffe55ac0000 - 0x00007ffe55aea000 	C:\WINDOWS\System32\GDI32.dll
0x00007ffe53ac0000 - 0x00007ffe53bcb000 	C:\WINDOWS\System32\gdi32full.dll
0x00007ffe53a20000 - 0x00007ffe53abd000 	C:\WINDOWS\System32\msvcp_win.dll
0x00007ffe4c3c0000 - 0x00007ffe4c3ca000 	C:\WINDOWS\SYSTEM32\VERSION.dll
0x00007ffe3c7e0000 - 0x00007ffe3ca7a000 	C:\WINDOWS\WinSxS\amd64_microsoft.windows.common-controls_6595b64144ccf1df_6.0.19041.1110_none_60b5254171f9507e\COMCTL32.dll
0x00007ffe55840000 - 0x00007ffe55870000 	C:\WINDOWS\System32\IMM32.DLL
0x00007ffe40ca0000 - 0x00007ffe40cac000 	C:\Program Files\Java\jdk-17.0.2\bin\vcruntime140_1.dll
0x00007ffe3e670000 - 0x00007ffe3e6fd000 	C:\Program Files\Java\jdk-17.0.2\bin\msvcp140.dll
0x00007ffe060b0000 - 0x00007ffe06c71000 	C:\Program Files\Java\jdk-17.0.2\bin\server\jvm.dll
0x00007ffe55c20000 - 0x00007ffe55c28000 	C:\WINDOWS\System32\PSAPI.DLL
0x00007ffe40a60000 - 0x00007ffe40a69000 	C:\WINDOWS\SYSTEM32\WSOCK32.dll
0x00007ffe45500000 - 0x00007ffe45527000 	C:\WINDOWS\SYSTEM32\WINMM.dll
0x00007ffe558a0000 - 0x00007ffe5590b000 	C:\WINDOWS\System32\WS2_32.dll
0x00007ffe522b0000 - 0x00007ffe522c2000 	C:\WINDOWS\SYSTEM32\kernel.appcore.dll
0x00007ffe40c90000 - 0x00007ffe40c9a000 	C:\Program Files\Java\jdk-17.0.2\bin\jimage.dll
0x00007ffe518c0000 - 0x00007ffe51aa4000 	C:\WINDOWS\SYSTEM32\DBGHELP.DLL
0x00007ffe4b2c0000 - 0x00007ffe4b2ec000 	C:\WINDOWS\SYSTEM32\dbgcore.DLL
0x00007ffe540b0000 - 0x00007ffe54132000 	C:\WINDOWS\System32\bcryptPrimitives.dll
0x00007ffe4a200000 - 0x00007ffe4a20f000 	C:\Program Files\NetBeans-12.6\netbeans\profiler\lib\deployed\jdk16\windows-amd64\profilerinterface.dll
0x00007ffe40920000 - 0x00007ffe40945000 	C:\Program Files\Java\jdk-17.0.2\bin\java.dll
0x00007ffe408c0000 - 0x00007ffe408d8000 	C:\Program Files\Java\jdk-17.0.2\bin\zip.dll
0x00007ffe3b060000 - 0x00007ffe3b136000 	C:\Program Files\Java\jdk-17.0.2\bin\jsvml.dll
0x00007ffe54be0000 - 0x00007ffe55324000 	C:\WINDOWS\System32\SHELL32.dll
0x00007ffe51b00000 - 0x00007ffe52294000 	C:\WINDOWS\SYSTEM32\windows.storage.dll
0x00007ffe55f70000 - 0x00007ffe562c4000 	C:\WINDOWS\System32\combase.dll
0x00007ffe53480000 - 0x00007ffe534ac000 	C:\WINDOWS\SYSTEM32\Wldp.dll
0x00007ffe55e00000 - 0x00007ffe55ead000 	C:\WINDOWS\System32\SHCORE.dll
0x00007ffe55c30000 - 0x00007ffe55c85000 	C:\WINDOWS\System32\shlwapi.dll
0x00007ffe53960000 - 0x00007ffe5397f000 	C:\WINDOWS\SYSTEM32\profapi.dll
0x00007ffe40a90000 - 0x00007ffe40aa9000 	C:\Program Files\Java\jdk-17.0.2\bin\net.dll
0x00007ffe4e7a0000 - 0x00007ffe4e8aa000 	C:\WINDOWS\SYSTEM32\WINHTTP.dll
0x00007ffe531e0000 - 0x00007ffe5324a000 	C:\WINDOWS\system32\mswsock.dll
0x00007ffe40900000 - 0x00007ffe40916000 	C:\Program Files\Java\jdk-17.0.2\bin\nio.dll
0x00007ffe40600000 - 0x00007ffe40609000 	C:\Program Files\Java\jdk-17.0.2\bin\management.dll
0x00007ffe40510000 - 0x00007ffe4051b000 	C:\Program Files\Java\jdk-17.0.2\bin\management_ext.dll
0x00007ffe533d0000 - 0x00007ffe533e8000 	C:\WINDOWS\SYSTEM32\CRYPTSP.dll
0x00007ffe52af0000 - 0x00007ffe52b24000 	C:\WINDOWS\system32\rsaenh.dll
0x00007ffe542e0000 - 0x00007ffe54307000 	C:\WINDOWS\System32\bcrypt.dll
0x00007ffe538e0000 - 0x00007ffe5390e000 	C:\WINDOWS\SYSTEM32\USERENV.dll
0x00007ffe533f0000 - 0x00007ffe533fc000 	C:\WINDOWS\SYSTEM32\CRYPTBASE.dll
0x00007ffe52e80000 - 0x00007ffe52ebb000 	C:\WINDOWS\SYSTEM32\IPHLPAPI.DLL
0x00007ffe557d0000 - 0x00007ffe557d8000 	C:\WINDOWS\System32\NSI.dll
0x00007ffe4c270000 - 0x00007ffe4c287000 	C:\WINDOWS\SYSTEM32\dhcpcsvc6.DLL
0x00007ffe4cc10000 - 0x00007ffe4cc2d000 	C:\WINDOWS\SYSTEM32\dhcpcsvc.DLL
0x00007ffe52f10000 - 0x00007ffe52fdb000 	C:\WINDOWS\SYSTEM32\DNSAPI.dll
0x00007ffe29bc0000 - 0x00007ffe29d4f000 	C:\Program Files\Java\jdk-17.0.2\bin\awt.dll
0x00007ffe55550000 - 0x00007ffe5561d000 	C:\WINDOWS\System32\OLEAUT32.dll
0x00007ffe50f40000 - 0x00007ffe50fd0000 	C:\WINDOWS\SYSTEM32\apphelp.dll
0x00007ffe51100000 - 0x00007ffe5119e000 	C:\WINDOWS\system32\uxtheme.dll
0x00007ffe55330000 - 0x00007ffe55445000 	C:\WINDOWS\System32\MSCTF.dll
0x00007ffe55af0000 - 0x00007ffe55c1a000 	C:\WINDOWS\System32\ole32.dll
0x00007ffe51310000 - 0x00007ffe5133f000 	C:\WINDOWS\system32\DWMAPI.DLL
0x00007ffe2b290000 - 0x00007ffe2b340000 	C:\WINDOWS\WinSxS\amd64_microsoft.windows.common-controls_6595b64144ccf1df_5.82.19041.1110_none_792d1c772443f647\comctl32.dll
0x00007ffe54b30000 - 0x00007ffe54bd9000 	C:\WINDOWS\System32\clbcatq.dll
0x00007ffe4f040000 - 0x00007ffe4f136000 	C:\WINDOWS\SYSTEM32\PROPSYS.dll
0x00007ffe2a7d0000 - 0x00007ffe2a7e7000 	C:\WINDOWS\system32\NetworkExplorer.dll
0x00007ffe54310000 - 0x00007ffe5435e000 	C:\WINDOWS\System32\CFGMGR32.dll
0x00007ffe3c380000 - 0x00007ffe3c3f1000 	C:\Users\Ivan\AppData\Local\Temp\lwjglIvan\3.3.0-build-21\lwjgl.dll
0x00007ffe125f0000 - 0x00007ffe12846000 	C:\Users\Ivan\AppData\Local\Temp\lwjglIvan\3.3.0-build-21\jemalloc.dll
0x00007ffe3bda0000 - 0x00007ffe3be01000 	C:\Users\Ivan\AppData\Local\Temp\lwjglIvan\3.3.0-build-21\glfw.dll
0x00007ffe3e620000 - 0x00007ffe3e665000 	C:\WINDOWS\SYSTEM32\dinput8.dll
0x00007ffe3c320000 - 0x00007ffe3c331000 	C:\WINDOWS\SYSTEM32\xinput1_4.dll
0x00007ffe537d0000 - 0x00007ffe537fc000 	C:\WINDOWS\SYSTEM32\DEVOBJ.dll
0x00007ffe37ff0000 - 0x00007ffe38142000 	C:\WINDOWS\SYSTEM32\inputhost.dll
0x00007ffe502e0000 - 0x00007ffe50434000 	C:\WINDOWS\SYSTEM32\wintypes.dll
0x00007ffe509b0000 - 0x00007ffe50d0e000 	C:\WINDOWS\SYSTEM32\CoreUIComponents.dll
0x00007ffe50d10000 - 0x00007ffe50e02000 	C:\WINDOWS\SYSTEM32\CoreMessaging.dll
0x00007ffe52840000 - 0x00007ffe52873000 	C:\WINDOWS\SYSTEM32\ntmarta.dll
0x00007ffe1e460000 - 0x00007ffe1e586000 	C:\WINDOWS\SYSTEM32\opengl32.dll
0x00007ffe1e3f0000 - 0x00007ffe1e41c000 	C:\WINDOWS\SYSTEM32\GLU32.dll
0x00007ffe4bbd0000 - 0x00007ffe4bcc7000 	C:\Windows\System32\AppXDeploymentClient.dll
0x00007ffdffa40000 - 0x00007ffe00a04000 	C:\WINDOWS\System32\DriverStore\FileRepository\iigd_dch.inf_amd64_7df576fcfa9adb45\ig9icd64.dll
0x00007ffe52480000 - 0x00007ffe52573000 	C:\WINDOWS\system32\dxgi.dll
0x00007ffe019c0000 - 0x00007ffe01dfc000 	C:\WINDOWS\System32\DriverStore\FileRepository\iigd_dch.inf_amd64_7df576fcfa9adb45\igdml64.dll
0x00007ffe346c0000 - 0x00007ffe349f6000 	C:\WINDOWS\System32\DriverStore\FileRepository\iigd_dch.inf_amd64_7df576fcfa9adb45\igdgmm64.dll
0x00007ffe31780000 - 0x00007ffe3450f000 	C:\WINDOWS\System32\DriverStore\FileRepository\iigd_dch.inf_amd64_7df576fcfa9adb45\igc64.dll
0x00007ffe52ff0000 - 0x00007ffe5303b000 	C:\WINDOWS\SYSTEM32\powrprof.dll
0x00007ffe52e60000 - 0x00007ffe52e72000 	C:\WINDOWS\SYSTEM32\UMPDC.dll
0x00007ffe389e0000 - 0x00007ffe38ad9000 	C:\WINDOWS\SYSTEM32\textinputframework.dll
0x00007ffe3abd0000 - 0x00007ffe3ac2d000 	C:\Users\Ivan\AppData\Local\Temp\lwjglIvan\3.3.0-build-21\lwjgl_opengl.dll
0x0000000064a00000 - 0x000000006580f000 	C:\Users\Ivan\AppData\Local\Temp\imgui-java-natives_1654015512097\imgui-java64.dll
0x00007ffe2a230000 - 0x00007ffe2a2b9000 	C:\Program Files\Java\jdk-17.0.2\bin\freetype.dll
0x00007ffe1a8a0000 - 0x00007ffe1a948000 	C:\Program Files\Java\jdk-17.0.2\bin\fontmanager.dll
0x00007ffe2a940000 - 0x00007ffe2a95f000 	C:\WINDOWS\SYSTEM32\MPR.dll
0x00007ffe40650000 - 0x00007ffe4065b000 	C:\WINDOWS\System32\drprov.dll
0x00007ffe52790000 - 0x00007ffe527ea000 	C:\WINDOWS\System32\WINSTA.dll
0x00007ffe3af50000 - 0x00007ffe3af70000 	C:\WINDOWS\System32\ntlanman.dll
0x00007ffe3af30000 - 0x00007ffe3af4e000 	C:\WINDOWS\System32\davclnt.dll
0x00007ffe405d0000 - 0x00007ffe405dd000 	C:\WINDOWS\System32\DAVHLPR.dll
0x00007ffe52c10000 - 0x00007ffe52c29000 	C:\WINDOWS\System32\wkscli.dll
0x00007ffe2fb70000 - 0x00007ffe2fb82000 	C:\WINDOWS\SYSTEM32\cscapi.dll
0x00007ffe52fe0000 - 0x00007ffe52fec000 	C:\WINDOWS\System32\netutils.dll
0x00007ffe0d0a0000 - 0x00007ffe0d0f6000 	C:\Windows\System32\dlnashext.dll
0x00007ffe246f0000 - 0x00007ffe24754000 	C:\Windows\System32\PlayToDevice.dll
0x00007ffe46210000 - 0x00007ffe46230000 	C:\Windows\System32\DevDispItemProvider.dll
0x00007ffe4cfe0000 - 0x00007ffe4d065000 	C:\WINDOWS\System32\MMDevApi.dll
0x00007ffe10520000 - 0x00007ffe105c1000 	C:\WINDOWS\system32\wpdshext.dll
0x00007ffe3fa10000 - 0x00007ffe3fbb5000 	C:\WINDOWS\WinSxS\amd64_microsoft.windows.gdiplus_6595b64144ccf1df_1.1.19041.1706_none_919e8e54cc8d4ca1\gdiplus.dll
0x00007ffe4d220000 - 0x00007ffe4d2c3000 	C:\Windows\System32\PortableDeviceApi.dll
0x00007ffe54360000 - 0x00007ffe547d1000 	C:\WINDOWS\System32\SETUPAPI.dll
0x00007ffe54140000 - 0x00007ffe541a8000 	C:\WINDOWS\System32\WINTRUST.dll
0x00007ffe53ea0000 - 0x00007ffe53ff6000 	C:\WINDOWS\System32\CRYPT32.dll
0x00007ffe53610000 - 0x00007ffe53622000 	C:\WINDOWS\System32\MSASN1.dll
0x00007ffe2a8f0000 - 0x00007ffe2a927000 	C:\Windows\System32\EhStorShell.dll
0x00007ffe29e20000 - 0x00007ffe29e46000 	C:\Windows\System32\EhStorAPI.dll
0x00007ffe4d070000 - 0x00007ffe4d084000 	C:\Windows\System32\WTSAPI32.dll
0x00007ffe24b20000 - 0x00007ffe24b2d000 	C:\WINDOWS\SYSTEM32\LINKINFO.dll
0x00007ffe41cb0000 - 0x00007ffe41e64000 	C:\WINDOWS\SYSTEM32\WindowsCodecs.dll
0x00007ffe1d610000 - 0x00007ffe1d64e000 	C:\WINDOWS\system32\dataexchange.dll
0x00007ffe507c0000 - 0x00007ffe509a5000 	C:\WINDOWS\system32\dcomp.dll
0x00007ffe4fab0000 - 0x00007ffe4fd14000 	C:\WINDOWS\system32\d3d11.dll
0x00007ffe4bd00000 - 0x00007ffe4bf01000 	C:\WINDOWS\system32\twinapi.appcore.dll
0x00007ffe37bd0000 - 0x00007ffe37c3a000 	C:\WINDOWS\system32\Ninput.dll

dbghelp: loaded successfully - version: 4.0.5 - missing functions: none
symbol engine: initialized successfully - sym options: 0x614 - pdb path: .;C:\Program Files\Java\jdk-17.0.2\bin;C:\WINDOWS\SYSTEM32;C:\WINDOWS\WinSxS\amd64_microsoft.windows.common-controls_6595b64144ccf1df_6.0.19041.1110_none_60b5254171f9507e;C:\Program Files\Java\jdk-17.0.2\bin\server;C:\Program Files\NetBeans-12.6\netbeans\profiler\lib\deployed\jdk16\windows-amd64;C:\WINDOWS\WinSxS\amd64_microsoft.windows.common-controls_6595b64144ccf1df_5.82.19041.1110_none_792d1c772443f647;C:\Users\Ivan\AppData\Local\Temp\lwjglIvan\3.3.0-build-21;C:\WINDOWS\System32\DriverStore\FileRepository\iigd_dch.inf_amd64_7df576fcfa9adb45;C:\Users\Ivan\AppData\Local\Temp\imgui-java-natives_1654015512097;C:\WINDOWS\WinSxS\amd64_microsoft.windows.gdiplus_6595b64144ccf1df_1.1.19041.1706_none_919e8e54cc8d4ca1

VM Arguments:
jvm_args: -agentpath:C:/Program Files/NetBeans-12.6/netbeans/profiler/lib/deployed/jdk16/windows-amd64/profilerinterface.dll=C:\Program Files\NetBeans-12.6\netbeans\profiler\lib,5140,10 -XX:+HeapDumpOnOutOfMemoryError -XX:HeapDumpPath=C:\Users\Ivan\AppData\Local\NetBeans\Cache\12.6\mavencachedirs\2023566944\org-netbeans-modules-profiler 
java_command: com.wiz.settlementmapmaker.Main -Xmx8G
java_class_path (initial): C:\Users\Ivan\Documents\Code Projects\SettlementMapMaker\SettlementMapMaker\SettlementMapMaker\target\classes;C:\Users\Ivan\.m2\repository\org\lwjgl\lwjgl\3.3.0\lwjgl-3.3.0.jar;C:\Users\Ivan\.m2\repository\org\lwjgl\lwjgl-egl\3.3.0\lwjgl-egl-3.3.0.jar;C:\Users\Ivan\.m2\repository\org\lwjgl\lwjgl-glfw\3.3.0\lwjgl-glfw-3.3.0.jar;C:\Users\Ivan\.m2\repository\org\lwjgl\lwjgl-jemalloc\3.3.0\lwjgl-jemalloc-3.3.0.jar;C:\Users\Ivan\.m2\repository\org\lwjgl\lwjgl-opengl\3.3.0\lwjgl-opengl-3.3.0.jar;C:\Users\Ivan\.m2\repository\org\lwjgl\lwjgl-opengles\3.3.0\lwjgl-opengles-3.3.0.jar;C:\Users\Ivan\.m2\repository\org\lwjgl\lwjgl\3.3.0\lwjgl-3.3.0-natives-windows.jar;C:\Users\Ivan\.m2\repository\org\lwjgl\lwjgl-glfw\3.3.0\lwjgl-glfw-3.3.0-natives-windows.jar;C:\Users\Ivan\.m2\repository\org\lwjgl\lwjgl-jemalloc\3.3.0\lwjgl-jemalloc-3.3.0-natives-windows.jar;C:\Users\Ivan\.m2\repository\org\lwjgl\lwjgl-opengl\3.3.0\lwjgl-opengl-3.3.0-natives-windows.jar;C:\Users\Ivan\.m2\repository\org\lwjgl\lwjgl-opengles\3.3.0\lwjgl-opengles-3.3.0-natives-windows.jar;C:\Users\Ivan\.m2\repository\org\joml\joml\1.10.3\joml-1.10.3.jar;C:\Users\Ivan\.m2\repository\io\github\spair\imgui-java-app\1.86.2\imgui-java-app-1.86.2.jar;C:\Users\Ivan\.m2\repository\org\lwjgl\lwjgl\3.3.0\lwjgl-3.3.0-natives-linux.jar;C:\Users\Ivan\.m2\repository\org\lwjgl\lwjgl-glfw\3.3.0\lwjgl-glfw-3.3.0-natives-linux.jar;C:\Users\Ivan\.m2\repository\org\lwjgl\lwjgl-opengl\3.3.0\lwjgl-opengl-3.3.0-natives-linux.jar;C:\Users\Ivan\.m2\repository\org\lwjgl\lwjgl\3.3.0\lwjgl-3.3.0-natives-macos.jar;C:\Users\Ivan\.m2\repository\org\lwjgl\lwjgl-glfw\3.3.0\lwjgl-glfw-3.3.0-natives-macos.jar;C:\Users\Ivan\.m2\repository\org\lwjgl\lwjgl-opengl\3.3.0\lwjgl-opengl-3.3.0-natives-macos.jar;C:\Users\Ivan\.m2\repository\io\github\spair\imgui-java-binding\1.86.2\imgui-java-binding-1.86.2.jar;C:\Users\Ivan\.m2\repository\io\github\spair\imgui-java-lwjgl3\1.86.2\imgui-java-lwjgl3-1.86.2.jar;C:\Users\Ivan\.m2\repos
Launcher Type: SUN_STANDARD

[Global flags]
     intx CICompilerCount                          = 4                                         {product} {ergonomic}
     uint ConcGCThreads                            = 3                                         {product} {ergonomic}
     uint G1ConcRefinementThreads                  = 10                                        {product} {ergonomic}
   size_t G1HeapRegionSize                         = 2097152                                   {product} {ergonomic}
    uintx GCDrainStackTargetSize                   = 64                                        {product} {ergonomic}
     bool HeapDumpOnOutOfMemoryError               = true                                   {manageable} {command line}
    ccstr HeapDumpPath                             = C:\Users\Ivan\AppData\Local\NetBeans\Cache\12.6\mavencachedirs\2023566944\org-netbeans-modules-profiler         {manageable} {command line}
   size_t InitialHeapSize                          = 264241152                                 {product} {ergonomic}
   size_t MarkStackSize                            = 4194304                                   {product} {ergonomic}
   size_t MaxHeapSize                              = 4223664128                                {product} {ergonomic}
   size_t MaxNewSize                               = 2533359616                                {product} {ergonomic}
   size_t MinHeapDeltaBytes                        = 2097152                                   {product} {ergonomic}
   size_t MinHeapSize                              = 8388608                                   {product} {ergonomic}
    uintx NonNMethodCodeHeapSize                   = 5839372                                {pd product} {ergonomic}
    uintx NonProfiledCodeHeapSize                  = 122909434                              {pd product} {ergonomic}
    uintx ProfiledCodeHeapSize                     = 122909434                              {pd product} {ergonomic}
    uintx ReservedCodeCacheSize                    = 251658240                              {pd product} {ergonomic}
     bool SegmentedCodeCache                       = true                                      {product} {ergonomic}
   size_t SoftMaxHeapSize                          = 4223664128                             {manageable} {ergonomic}
     bool UseCompressedClassPointers               = true                           {product lp64_product} {ergonomic}
     bool UseCompressedOops                        = true                           {product lp64_product} {ergonomic}
     bool UseG1GC                                  = true                                      {product} {ergonomic}
     bool UseLargePagesIndividualAllocation        = false                                  {pd product} {ergonomic}

Logging:
Log output configuration:
 #0: stdout all=warning uptime,level,tags
 #1: stderr all=off uptime,level,tags

Environment Variables:
JAVA_HOME=C:\Program Files\Java\jdk-17.0.2
PATH=C:\Program Files\Common Files\Oracle\Java\javapath;C:\Program Files\Eclipse Adoptium\jdk-11.0.14.9-hotspot\bin;C:\Windows\system32;C:\Windows;C:\Windows\System32\Wbem;C:\Windows\System32\WindowsPowerShell\v1.0\;C:\Windows\System32\OpenSSH\;C:\Program Files (x86)\NVIDIA Corporation\PhysX\Common;C:\Program Files\NVIDIA Corporation\NVIDIA NvDLISR;C:\Program Files (x86)\Common Files\Acronis\VirtualFile\;C:\Program Files (x86)\Common Files\Acronis\VirtualFile64\;C:\Program Files (x86)\Common Files\Acronis\FileProtector\;C:\Program Files (x86)\Common Files\Acronis\FileProtector64\;C:\Program Files (x86)\Common Files\Acronis\SnapAPI\;C:\WINDOWS\system32;C:\WINDOWS;C:\WINDOWS\System32\Wbem;C:\WINDOWS\System32\WindowsPowerShell\v1.0\;C:\WINDOWS\System32\OpenSSH\;C:\Program Files\Git\cmd;C:\Utilities\PuTTY\;C:\Program Files\dotnet\;C:\Users\Ivan\AppData\Local\Microsoft\WindowsApps;
USERNAME=Ivan
OS=Windows_NT
PROCESSOR_IDENTIFIER=Intel64 Family 6 Model 158 Stepping 10, GenuineIntel



---------------  S Y S T E M  ---------------

OS:
 Windows 10 , 64 bit Build 19041 (10.0.19041.1706)
OS uptime: 14 days 20:38 hours

CPU: total 12 (initial active 12) (6 cores per cpu, 2 threads per core) family 6 model 158 stepping 10 microcode 0xec, cx8, cmov, fxsr, ht, mmx, 3dnowpref, sse, sse2, sse3, ssse3, sse4.1, sse4.2, popcnt, lzcnt, tsc, tscinvbit, avx, avx2, aes, erms, clmul, bmi1, bmi2, adx, fma, vzeroupper, clflush, clflushopt

Memory: 4k page, system-wide physical 16111M (5595M free)
TotalPageFile size 18543M (AvailPageFile size 3685M)
current process WorkingSet (physical memory assigned to process): 793M, peak: 814M
current process commit charge ("private bytes"): 711M, peak: 735M

vm_info: Java HotSpot(TM) 64-Bit Server VM (17.0.2+8-LTS-86) for windows-amd64 JRE (17.0.2+8-LTS-86), built on Dec  7 2021 21:51:03 by "mach5one" with MS VC++ 16.8 / 16.9 (VS2019)

END.
