#
# A fatal error has been detected by the Java Runtime Environment:
#
#  EXCEPTION_ACCESS_VIOLATION (0xc0000005) at pc=0x0000000064a561be, pid=13224, tid=17344
#
# JRE version: Java(TM) SE Runtime Environment (17.0.1+12) (build 17.0.1+12-LTS-39)
# Java VM: Java HotSpot(TM) 64-Bit Server VM (17.0.1+12-LTS-39, mixed mode, sharing, tiered, compressed oops, compressed class ptrs, g1 gc, windows-amd64)
# Problematic frame:
# C  [imgui-java64.dll+0x561be]
#
# No core dump will be written. Minidumps are not enabled by default on client versions of Windows
#
# If you would like to submit a bug report, please visit:
#   https://bugreport.java.com/bugreport/crash.jsp
# The crash happened outside the Java Virtual Machine in native code.
# See problematic frame for where to report the bug.
#

---------------  S U M M A R Y ------------

Command Line: com.wiz.settlementmapmaker.Main

Host: AMD Ryzen 5 1400 Quad-Core Processor           , 8 cores, 15G,  Windows 10 , 64 bit Build 19041 (10.0.19041.1566)
Time: Fri Mar 25 17:02:16 2022 Mountain Daylight Time elapsed time: 1.458544 seconds (0d 0h 0m 1s)

---------------  T H R E A D  ---------------

Current thread (0x00000126bbe83380):  JavaThread "main" [_thread_in_native, id=17344, stack(0x0000002124800000,0x0000002124900000)]

Stack: [0x0000002124800000,0x0000002124900000],  sp=0x00000021248feee8,  free space=1019k
Native frames: (J=compiled Java code, j=interpreted, Vv=VM code, C=native code)
C  [imgui-java64.dll+0x561be]

Java frames: (J=compiled Java code, j=interpreted, Vv=VM code)
j  imgui.ImGui.getCursorScreenPos(Limgui/ImVec2;)V+0
j  imgui.ImGui.getCursorScreenPos()Limgui/ImVec2;+9
j  com.wiz.settlementmapmaker.DataDisplayer.display()V+213
j  com.wiz.settlementmapmaker.RuntimeManager.update()V+26
j  com.wiz.settlementmapmaker.Window.run()V+30
j  com.wiz.settlementmapmaker.Main.main([Ljava/lang/String;)V+20
v  ~StubRoutines::call_stub

siginfo: EXCEPTION_ACCESS_VIOLATION (0xc0000005), reading address 0x0000000000000110


Register to memory mapping:

RIP=0x0000000064a561be imgui-java64.dll
RAX=0x0 is NULL
RBX=0x00000021248fefc0 is pointing into the stack for thread: 0x00000126bbe83380
RCX=0x00000126bbe83628 points into unknown readable memory: 0x00000126e1510000 | 00 00 51 e1 26 01 00 00
RDX=0x00000021248fefb0 is pointing into the stack for thread: 0x00000126bbe83380
RSP=0x00000021248feee8 is pointing into the stack for thread: 0x00000126bbe83380
RBP=0x00000021248fefa0 is pointing into the stack for thread: 0x00000126bbe83380
RSI=0x00000126dfb9c23b points into unknown readable memory: 7a 6f 6f 6d 00
RDI=0x00000126c36994fe is at code_begin+1118 in an Interpreter codelet
return entry points  [0x00000126c36990a0, 0x00000126c3699ba0]  2816 bytes
R8 =0x00000021248fefc0 is pointing into the stack for thread: 0x00000126bbe83380
R9 =0x0000000000000002 is an unknown value
R10=0x00000126c369d5f2 is at code_begin+946 in an Interpreter codelet
method entry point (kind = native)  [0x00000126c369d240, 0x00000126c369dbc0]  2432 bytes
R11=0x0000000710e78e70 is an oop: java.lang.Class 
{0x0000000710e78e70} - klass: 'java/lang/Class'
 - ---- fields (total size 24 words):
 - private volatile transient 'classRedefinedCount' 'I' @12  0
 - private volatile transient 'cachedConstructor' 'Ljava/lang/reflect/Constructor;' @40  NULL (0)
 - private transient 'name' 'Ljava/lang/String;' @44  "imgui.ImGui"{0x0000000710e78fc0} (e21cf1f8)
 - private transient 'module' 'Ljava/lang/Module;' @48  a 'java/lang/Module'{0x0000000711868498} (e230d093)
 - private final 'classLoader' 'Ljava/lang/ClassLoader;' @52  a 'jdk/internal/loader/ClassLoaders$AppClassLoader'{0x00000007118682d8} (e230d05b)
 - private transient 'classData' 'Ljava/lang/Object;' @56  NULL (0)
 - private transient 'packageName' 'Ljava/lang/String;' @60  "imgui"{0x000000071165e9b0} (e22cbd36)
 - private final 'componentType' 'Ljava/lang/Class;' @64  NULL (0)
 - private volatile transient 'reflectionData' 'Ljava/lang/ref/SoftReference;' @68  NULL (0)
 - private volatile transient 'genericInfo' 'Lsun/reflect/generics/repository/ClassRepository;' @72  NULL (0)
 - private volatile transient 'enumConstants' '[Ljava/lang/Object;' @76  NULL (0)
 - private volatile transient 'enumConstantDirectory' 'Ljava/util/Map;' @80  NULL (0)
 - private volatile transient 'annotationData' 'Ljava/lang/Class$AnnotationData;' @84  NULL (0)
 - private volatile transient 'annotationType' 'Lsun/reflect/annotation/AnnotationType;' @88  NULL (0)
 - transient 'classValueMap' 'Ljava/lang/ClassValue$ClassValueMap;' @92  NULL (0)
 - signature: Limgui/ImGui;
 - fake entry for mirror: 'imgui/ImGui'
 - fake entry for array: NULL
 - fake entry for oop_size: 24
 - fake entry for static_oop_field_count: 19
 - private static final 'LIB_PATH_PROP' 'Ljava/lang/String;' @112  "imgui.library.path"{0x0000000710e78f40} (e21cf1e8)
 - private static final 'LIB_NAME_PROP' 'Ljava/lang/String;' @116  "imgui.library.name"{0x0000000710e78f80} (e21cf1f0)
 - private static final 'LIB_NAME_DEFAULT' 'Ljava/lang/String;' @120  "imgui-java64"{0x0000000710e7f870} (e21cff0e)
 - private static final 'LIB_TMP_DIR_PREFIX' 'Ljava/lang/String;' @124  "imgui-java-natives_1648249335669"{0x0000000710e7f958} (e21cff2b)
 - private static final 'IMGUI_CONTEXT' 'Limgui/internal/ImGuiContext;' @128  a 'imgui/internal/ImGuiContext'{0x0000000710e8e108} (e21d1c21)
 - private static final 'IMGUI_IO' 'Limgui/ImGuiIO;' @132  a 'imgui/ImGuiIO'{0x0000000710e94868} (e21d290d)
 - private static final 'WINDOW_DRAW_LIST' 'Limgui/ImDrawList;' @136  a 'imgui/ImDrawList'{0x0000000710ea34b0} (e21d4696)
 - private static final 'BACKGROUND_DRAW_LIST' 'Limgui/ImDrawList;' @140  a 'imgui/ImDrawList'{0x0000000710ea34c8} (e21d4699)
 - private static final 'FOREGROUND_DRAW_LIST' 'Limgui/ImDrawList;' @144  a 'imgui/ImDrawList'{0x0000000710ea34e0} (e21d469c)
 - private static final 'IMGUI_STORAGE' 'Limgui/ImGuiStorage;' @148  a 'imgui/ImGuiStorage'{0x0000000710ea6028} (e21d4c05)
 - private static final 'WINDOW_VIEWPORT' 'Limgui/ImGuiViewport;' @152  a 'imgui/ImGuiViewport'{0x0000000710eaeec8} (e21d5dd9)
 - private static final 'FIND_VIEWPORT' 'Limgui/ImGuiViewport;' @156  a 'imgui/ImGuiViewport'{0x0000000710eaeee0} (e21d5ddc)
 - private static final 'DRAW_DATA' 'Limgui/ImDrawData;' @160  a 'imgui/ImDrawData'{0x0000000710eaeef8} (e21d5ddf)
 - private static final 'FONT' 'Limgui/ImFont;' @164  a 'imgui/ImFont'{0x0000000710f24c98} (e21e4993)
 - private static final 'STYLE' 'Limgui/ImGuiStyle;' @168  a 'imgui/ImGuiStyle'{0x0000000710f2d918} (e21e5b23)
 - private static final 'MAIN_VIEWPORT' 'Limgui/ImGuiViewport;' @172  a 'imgui/ImGuiViewport'{0x0000000710f2d930} (e21e5b26)
 - private static final 'PLATFORM_IO' 'Limgui/ImGuiPlatformIO;' @176  a 'imgui/ImGuiPlatformIO'{0x0000000710f341f0} (e21e683e)
 - private static 'payloadRef' 'Ljava/lang/ref/WeakReference;' @180  NULL (0)
 - private static final 'PAYLOAD_PLACEHOLDER_DATA' '[B' @184  [B{0x0000000710f3cb48} (e21e7969)
R12=0x00000126bbe83628 points into unknown readable memory: 0x00000126e1510000 | 00 00 51 e1 26 01 00 00
R13={method} {0x00000126df17d8c8} 'getCursorScreenPos' '(Limgui/ImVec2;)V' in 'imgui/ImGui'
R14=0x00000021248fefc0 is pointing into the stack for thread: 0x00000126bbe83380
R15=0x00000126bbe83380 is a thread


Registers:
RAX=0x0000000000000000, RBX=0x00000021248fefc0, RCX=0x00000126bbe83628, RDX=0x00000021248fefb0
RSP=0x00000021248feee8, RBP=0x00000021248fefa0, RSI=0x00000126dfb9c23b, RDI=0x00000126c36994fe
R8 =0x00000021248fefc0, R9 =0x0000000000000002, R10=0x00000126c369d5f2, R11=0x0000000710e78e70
R12=0x00000126bbe83628, R13=0x00000126df17d8c0, R14=0x00000021248fefc0, R15=0x00000126bbe83380
RIP=0x0000000064a561be, EFLAGS=0x0000000000010206

Top of Stack: (sp=0x00000021248feee8)
0x00000021248feee8:   0000000064a91aa2 00000126c36994fe
0x00000021248feef8:   00000126c369d48e 00000126df17d8c0
0x00000021248fef08:   00000126df17d8c0 00000126df17d8c0
0x00000021248fef18:   00000126df17d8c0 0000000000000000
0x00000021248fef28:   00000126c369d621 00000126df17d8c0
0x00000021248fef38:   00000126dfb9c23b 00000021248fefa8
0x00000021248fef48:   00000126c36994fe 00000126c369d2f6
0x00000021248fef58:   00000021248fef58 00000126df17d8c0
0x00000021248fef68:   00000021248fefc0 00000126df1c0000
0x00000021248fef78:   0000000000000000 0000000710e78e70
0x00000021248fef88:   00000126df17d8c0 0000000000000000
0x00000021248fef98:   00000021248fefc0 00000021248ff010
0x00000021248fefa8:   00000126c36994fe 0000000710e78e70
0x00000021248fefb8:   00000126c369af78 0000000710daf038
0x00000021248fefc8:   00000021248fefc8 00000126df17d819
0x00000021248fefd8:   00000021248ff020 00000126df1c0000 

Instructions: (pc=0x0000000064a561be)
0x0000000064a560be:   52 fe ff e9 f7 fe ff ff 66 2e 0f 1f 84 00 00 00
0x0000000064a560ce:   00 00 48 8b 15 71 30 56 00 48 8b 82 28 1d 00 00
0x0000000064a560de:   80 b8 cc 00 00 00 00 c6 80 c9 00 00 00 01 0f 85
0x0000000064a560ee:   a0 00 00 00 66 0f ef d2 0f 2e c2 7a 35 75 33 0f
0x0000000064a560fe:   2f d1 0f 87 92 00 00 00 f3 0f 58 88 18 01 00 00
0x0000000064a5610e:   f3 0f 10 80 1c 01 00 00 f3 0f 11 80 14 01 00 00
0x0000000064a5611e:   f3 0f 11 88 10 01 00 00 eb 4c 0f 1f 84 00 00 00
0x0000000064a5612e:   00 00 f3 0f 5f d1 0f 10 ca f3 0f 10 50 48 f3 0f
0x0000000064a5613e:   5c 90 94 00 00 00 f3 0f 58 c2 f3 0f 58 c8 f3 0f
0x0000000064a5614e:   58 88 58 01 00 00 f3 0f 10 80 1c 01 00 00 f3 0f
0x0000000064a5615e:   58 88 54 01 00 00 f3 0f 11 80 14 01 00 00 f3 0f
0x0000000064a5616e:   11 88 10 01 00 00 48 8b 90 40 01 00 00 f3 0f 10
0x0000000064a5617e:   80 4c 01 00 00 48 89 90 38 01 00 00 f3 0f 11 80
0x0000000064a5618e:   48 01 00 00 c3 0f 1f 44 00 00 f3 0f 10 8a 9c 16
0x0000000064a5619e:   00 00 e9 61 ff ff ff 66 66 2e 0f 1f 84 00 00 00
0x0000000064a561ae:   00 00 48 8b 05 91 2f 56 00 48 8b 80 28 1d 00 00
0x0000000064a561be:   48 8b 80 10 01 00 00 c3 66 2e 0f 1f 84 00 00 00
0x0000000064a561ce:   00 00 48 8b 05 71 2f 56 00 48 8b 11 48 8b 80 28
0x0000000064a561de:   1d 00 00 48 89 90 10 01 00 00 f3 0f 10 a0 14 01
0x0000000064a561ee:   00 00 f3 0f 10 80 2c 01 00 00 f3 0f 10 98 10 01
0x0000000064a561fe:   00 00 c6 80 c9 00 00 00 01 0f 10 d4 f3 0f 10 88
0x0000000064a5620e:   28 01 00 00 f3 0f c2 d0 02 0f 54 c2 0f 55 d4 0f
0x0000000064a5621e:   56 c2 0f 10 d3 f3 0f c2 d1 02 f3 0f 11 80 2c 01
0x0000000064a5622e:   00 00 0f 54 ca 0f 55 d3 0f 56 ca f3 0f 11 88 28
0x0000000064a5623e:   01 00 00 c3 66 66 2e 0f 1f 84 00 00 00 00 00 0f
0x0000000064a5624e:   1f 00 48 8b 05 f1 2e 56 00 48 8b 80 28 1d 00 00
0x0000000064a5625e:   f3 0f 10 88 14 01 00 00 f3 0f 5c 48 4c f3 0f 58
0x0000000064a5626e:   88 98 00 00 00 f3 0f 10 80 10 01 00 00 f3 0f 5c
0x0000000064a5627e:   40 48 f3 0f 58 80 94 00 00 00 66 0f 7e c8 48 89
0x0000000064a5628e:   c2 66 0f 7e c0 48 c1 e2 20 48 09 d0 c3 0f 1f 44
0x0000000064a5629e:   00 00 48 8b 05 a1 2e 56 00 48 8b 80 28 1d 00 00
0x0000000064a562ae:   f3 0f 10 80 10 01 00 00 f3 0f 5c 40 48 f3 0f 58 


Stack slot to memory mapping:
stack at sp + 0 slots: 0x0000000064a91aa2 imgui-java64.dll
stack at sp + 1 slots: 0x00000126c36994fe is at code_begin+1118 in an Interpreter codelet
return entry points  [0x00000126c36990a0, 0x00000126c3699ba0]  2816 bytes
stack at sp + 2 slots: 0x00000126c369d48e is at code_begin+590 in an Interpreter codelet
method entry point (kind = native)  [0x00000126c369d240, 0x00000126c369dbc0]  2432 bytes
stack at sp + 3 slots: {method} {0x00000126df17d8c8} 'getCursorScreenPos' '(Limgui/ImVec2;)V' in 'imgui/ImGui'
stack at sp + 4 slots: {method} {0x00000126df17d8c8} 'getCursorScreenPos' '(Limgui/ImVec2;)V' in 'imgui/ImGui'
stack at sp + 5 slots: {method} {0x00000126df17d8c8} 'getCursorScreenPos' '(Limgui/ImVec2;)V' in 'imgui/ImGui'
stack at sp + 6 slots: {method} {0x00000126df17d8c8} 'getCursorScreenPos' '(Limgui/ImVec2;)V' in 'imgui/ImGui'
stack at sp + 7 slots: 0x0 is NULL


---------------  P R O C E S S  ---------------

Threads class SMR info:
_java_thread_list=0x00000126e70b5bf0, length=15, elements={
0x00000126bbe83380, 0x00000126deb2c170, 0x00000126deb2d780, 0x00000126deb435f0,
0x00000126deb45fc0, 0x00000126deb47110, 0x00000126deb4b760, 0x00000126deb4dca0,
0x00000126deb4f4f0, 0x00000126deb64e70, 0x00000126df609000, 0x00000126df613ba0,
0x00000126dfa88710, 0x00000126dfa8b6d0, 0x00000126dfac9be0
}

Java Threads: ( => current thread )
=>0x00000126bbe83380 JavaThread "main" [_thread_in_native, id=17344, stack(0x0000002124800000,0x0000002124900000)]
  0x00000126deb2c170 JavaThread "Reference Handler" daemon [_thread_blocked, id=7696, stack(0x0000002124f00000,0x0000002125000000)]
  0x00000126deb2d780 JavaThread "Finalizer" daemon [_thread_blocked, id=4112, stack(0x0000002125000000,0x0000002125100000)]
  0x00000126deb435f0 JavaThread "Signal Dispatcher" daemon [_thread_blocked, id=15436, stack(0x0000002125100000,0x0000002125200000)]
  0x00000126deb45fc0 JavaThread "Attach Listener" daemon [_thread_blocked, id=8568, stack(0x0000002125200000,0x0000002125300000)]
  0x00000126deb47110 JavaThread "Service Thread" daemon [_thread_blocked, id=11048, stack(0x0000002125300000,0x0000002125400000)]
  0x00000126deb4b760 JavaThread "Monitor Deflation Thread" daemon [_thread_blocked, id=17084, stack(0x0000002125400000,0x0000002125500000)]
  0x00000126deb4dca0 JavaThread "C2 CompilerThread0" daemon [_thread_blocked, id=16420, stack(0x0000002125500000,0x0000002125600000)]
  0x00000126deb4f4f0 JavaThread "C1 CompilerThread0" daemon [_thread_blocked, id=14524, stack(0x0000002125600000,0x0000002125700000)]
  0x00000126deb64e70 JavaThread "Sweeper thread" daemon [_thread_blocked, id=10648, stack(0x0000002125700000,0x0000002125800000)]
  0x00000126df609000 JavaThread "Notification Thread" daemon [_thread_blocked, id=11420, stack(0x0000002125800000,0x0000002125900000)]
  0x00000126df613ba0 JavaThread "Common-Cleaner" daemon [_thread_blocked, id=3996, stack(0x0000002125a00000,0x0000002125b00000)]
  0x00000126dfa88710 JavaThread "Java2D Disposer" daemon [_thread_blocked, id=15836, stack(0x0000002125b00000,0x0000002125c00000)]
  0x00000126dfa8b6d0 JavaThread "AWT-Windows" daemon [_thread_in_native, id=15728, stack(0x0000002125d00000,0x0000002125e00000)]
  0x00000126dfac9be0 JavaThread "Swing-Shell" daemon [_thread_blocked, id=12732, stack(0x0000002125e00000,0x0000002125f00000)]

Other Threads:
  0x00000126deb239b0 VMThread "VM Thread" [stack: 0x0000002124e00000,0x0000002124f00000] [id=3988]
  0x00000126df60f900 WatcherThread [stack: 0x0000002125900000,0x0000002125a00000] [id=10940]
  0x00000126bbed3010 GCTaskThread "GC Thread#0" [stack: 0x0000002124900000,0x0000002124a00000] [id=10760]
  0x00000126bbee3da0 ConcurrentGCThread "G1 Main Marker" [stack: 0x0000002124a00000,0x0000002124b00000] [id=3352]
  0x00000126bbee4f50 ConcurrentGCThread "G1 Conc#0" [stack: 0x0000002124b00000,0x0000002124c00000] [id=13448]
  0x00000126de9e20c0 ConcurrentGCThread "G1 Refine#0" [stack: 0x0000002124c00000,0x0000002124d00000] [id=2472]
  0x00000126de9e2ae0 ConcurrentGCThread "G1 Service" [stack: 0x0000002124d00000,0x0000002124e00000] [id=17396]

Threads with active compile tasks:

VM state: not at safepoint (normal execution)

VM Mutex/Monitor currently owned by a thread: None

Heap address: 0x0000000701a00000, size: 4070 MB, Compressed Oops mode: Zero based, Oop shift amount: 3

CDS archive(s) mapped at: [0x0000000800000000-0x0000000800bc0000-0x0000000800bc0000), size 12320768, SharedBaseAddress: 0x0000000800000000, ArchiveRelocationMode: 0.
Compressed class space mapped at: 0x0000000800c00000-0x0000000840c00000, reserved size: 1073741824
Narrow klass base: 0x0000000800000000, Narrow klass shift: 0, Narrow klass range: 0x100000000

GC Precious Log:
 CPUs: 8 total, 8 available
 Memory: 16277M
 Large Page Support: Disabled
 NUMA Support: Disabled
 Compressed Oops: Enabled (Zero based)
 Heap Region Size: 2M
 Heap Min Capacity: 8M
 Heap Initial Capacity: 256M
 Heap Max Capacity: 4070M
 Pre-touch: Disabled
 Parallel Workers: 8
 Concurrent Workers: 2
 Concurrent Refinement Workers: 8
 Periodic GC: Disabled

Heap:
 garbage-first heap   total 262144K, used 10240K [0x0000000701a00000, 0x0000000800000000)
  region size 2048K, 7 young (14336K), 0 survivors (0K)
 Metaspace       used 7571K, committed 7808K, reserved 1056768K
  class space    used 594K, committed 704K, reserved 1048576K

Heap Regions: E=young(eden), S=young(survivor), O=old, HS=humongous(starts), HC=humongous(continues), CS=collection set, F=free, OA=open archive, CA=closed archive, TAMS=top-at-mark-start (previous, next)
|   0|0x0000000701a00000, 0x0000000701a00000, 0x0000000701c00000|  0%| F|  |TAMS 0x0000000701a00000, 0x0000000701a00000| Untracked 
|   1|0x0000000701c00000, 0x0000000701c00000, 0x0000000701e00000|  0%| F|  |TAMS 0x0000000701c00000, 0x0000000701c00000| Untracked 
|   2|0x0000000701e00000, 0x0000000701e00000, 0x0000000702000000|  0%| F|  |TAMS 0x0000000701e00000, 0x0000000701e00000| Untracked 
|   3|0x0000000702000000, 0x0000000702000000, 0x0000000702200000|  0%| F|  |TAMS 0x0000000702000000, 0x0000000702000000| Untracked 
|   4|0x0000000702200000, 0x0000000702200000, 0x0000000702400000|  0%| F|  |TAMS 0x0000000702200000, 0x0000000702200000| Untracked 
|   5|0x0000000702400000, 0x0000000702400000, 0x0000000702600000|  0%| F|  |TAMS 0x0000000702400000, 0x0000000702400000| Untracked 
|   6|0x0000000702600000, 0x0000000702600000, 0x0000000702800000|  0%| F|  |TAMS 0x0000000702600000, 0x0000000702600000| Untracked 
|   7|0x0000000702800000, 0x0000000702800000, 0x0000000702a00000|  0%| F|  |TAMS 0x0000000702800000, 0x0000000702800000| Untracked 
|   8|0x0000000702a00000, 0x0000000702a00000, 0x0000000702c00000|  0%| F|  |TAMS 0x0000000702a00000, 0x0000000702a00000| Untracked 
|   9|0x0000000702c00000, 0x0000000702c00000, 0x0000000702e00000|  0%| F|  |TAMS 0x0000000702c00000, 0x0000000702c00000| Untracked 
|  10|0x0000000702e00000, 0x0000000702e00000, 0x0000000703000000|  0%| F|  |TAMS 0x0000000702e00000, 0x0000000702e00000| Untracked 
|  11|0x0000000703000000, 0x0000000703000000, 0x0000000703200000|  0%| F|  |TAMS 0x0000000703000000, 0x0000000703000000| Untracked 
|  12|0x0000000703200000, 0x0000000703200000, 0x0000000703400000|  0%| F|  |TAMS 0x0000000703200000, 0x0000000703200000| Untracked 
|  13|0x0000000703400000, 0x0000000703400000, 0x0000000703600000|  0%| F|  |TAMS 0x0000000703400000, 0x0000000703400000| Untracked 
|  14|0x0000000703600000, 0x0000000703600000, 0x0000000703800000|  0%| F|  |TAMS 0x0000000703600000, 0x0000000703600000| Untracked 
|  15|0x0000000703800000, 0x0000000703800000, 0x0000000703a00000|  0%| F|  |TAMS 0x0000000703800000, 0x0000000703800000| Untracked 
|  16|0x0000000703a00000, 0x0000000703a00000, 0x0000000703c00000|  0%| F|  |TAMS 0x0000000703a00000, 0x0000000703a00000| Untracked 
|  17|0x0000000703c00000, 0x0000000703c00000, 0x0000000703e00000|  0%| F|  |TAMS 0x0000000703c00000, 0x0000000703c00000| Untracked 
|  18|0x0000000703e00000, 0x0000000703e00000, 0x0000000704000000|  0%| F|  |TAMS 0x0000000703e00000, 0x0000000703e00000| Untracked 
|  19|0x0000000704000000, 0x0000000704000000, 0x0000000704200000|  0%| F|  |TAMS 0x0000000704000000, 0x0000000704000000| Untracked 
|  20|0x0000000704200000, 0x0000000704200000, 0x0000000704400000|  0%| F|  |TAMS 0x0000000704200000, 0x0000000704200000| Untracked 
|  21|0x0000000704400000, 0x0000000704400000, 0x0000000704600000|  0%| F|  |TAMS 0x0000000704400000, 0x0000000704400000| Untracked 
|  22|0x0000000704600000, 0x0000000704600000, 0x0000000704800000|  0%| F|  |TAMS 0x0000000704600000, 0x0000000704600000| Untracked 
|  23|0x0000000704800000, 0x0000000704800000, 0x0000000704a00000|  0%| F|  |TAMS 0x0000000704800000, 0x0000000704800000| Untracked 
|  24|0x0000000704a00000, 0x0000000704a00000, 0x0000000704c00000|  0%| F|  |TAMS 0x0000000704a00000, 0x0000000704a00000| Untracked 
|  25|0x0000000704c00000, 0x0000000704c00000, 0x0000000704e00000|  0%| F|  |TAMS 0x0000000704c00000, 0x0000000704c00000| Untracked 
|  26|0x0000000704e00000, 0x0000000704e00000, 0x0000000705000000|  0%| F|  |TAMS 0x0000000704e00000, 0x0000000704e00000| Untracked 
|  27|0x0000000705000000, 0x0000000705000000, 0x0000000705200000|  0%| F|  |TAMS 0x0000000705000000, 0x0000000705000000| Untracked 
|  28|0x0000000705200000, 0x0000000705200000, 0x0000000705400000|  0%| F|  |TAMS 0x0000000705200000, 0x0000000705200000| Untracked 
|  29|0x0000000705400000, 0x0000000705400000, 0x0000000705600000|  0%| F|  |TAMS 0x0000000705400000, 0x0000000705400000| Untracked 
|  30|0x0000000705600000, 0x0000000705600000, 0x0000000705800000|  0%| F|  |TAMS 0x0000000705600000, 0x0000000705600000| Untracked 
|  31|0x0000000705800000, 0x0000000705800000, 0x0000000705a00000|  0%| F|  |TAMS 0x0000000705800000, 0x0000000705800000| Untracked 
|  32|0x0000000705a00000, 0x0000000705a00000, 0x0000000705c00000|  0%| F|  |TAMS 0x0000000705a00000, 0x0000000705a00000| Untracked 
|  33|0x0000000705c00000, 0x0000000705c00000, 0x0000000705e00000|  0%| F|  |TAMS 0x0000000705c00000, 0x0000000705c00000| Untracked 
|  34|0x0000000705e00000, 0x0000000705e00000, 0x0000000706000000|  0%| F|  |TAMS 0x0000000705e00000, 0x0000000705e00000| Untracked 
|  35|0x0000000706000000, 0x0000000706000000, 0x0000000706200000|  0%| F|  |TAMS 0x0000000706000000, 0x0000000706000000| Untracked 
|  36|0x0000000706200000, 0x0000000706200000, 0x0000000706400000|  0%| F|  |TAMS 0x0000000706200000, 0x0000000706200000| Untracked 
|  37|0x0000000706400000, 0x0000000706400000, 0x0000000706600000|  0%| F|  |TAMS 0x0000000706400000, 0x0000000706400000| Untracked 
|  38|0x0000000706600000, 0x0000000706600000, 0x0000000706800000|  0%| F|  |TAMS 0x0000000706600000, 0x0000000706600000| Untracked 
|  39|0x0000000706800000, 0x0000000706800000, 0x0000000706a00000|  0%| F|  |TAMS 0x0000000706800000, 0x0000000706800000| Untracked 
|  40|0x0000000706a00000, 0x0000000706a00000, 0x0000000706c00000|  0%| F|  |TAMS 0x0000000706a00000, 0x0000000706a00000| Untracked 
|  41|0x0000000706c00000, 0x0000000706c00000, 0x0000000706e00000|  0%| F|  |TAMS 0x0000000706c00000, 0x0000000706c00000| Untracked 
|  42|0x0000000706e00000, 0x0000000706e00000, 0x0000000707000000|  0%| F|  |TAMS 0x0000000706e00000, 0x0000000706e00000| Untracked 
|  43|0x0000000707000000, 0x0000000707000000, 0x0000000707200000|  0%| F|  |TAMS 0x0000000707000000, 0x0000000707000000| Untracked 
|  44|0x0000000707200000, 0x0000000707200000, 0x0000000707400000|  0%| F|  |TAMS 0x0000000707200000, 0x0000000707200000| Untracked 
|  45|0x0000000707400000, 0x0000000707400000, 0x0000000707600000|  0%| F|  |TAMS 0x0000000707400000, 0x0000000707400000| Untracked 
|  46|0x0000000707600000, 0x0000000707600000, 0x0000000707800000|  0%| F|  |TAMS 0x0000000707600000, 0x0000000707600000| Untracked 
|  47|0x0000000707800000, 0x0000000707800000, 0x0000000707a00000|  0%| F|  |TAMS 0x0000000707800000, 0x0000000707800000| Untracked 
|  48|0x0000000707a00000, 0x0000000707a00000, 0x0000000707c00000|  0%| F|  |TAMS 0x0000000707a00000, 0x0000000707a00000| Untracked 
|  49|0x0000000707c00000, 0x0000000707c00000, 0x0000000707e00000|  0%| F|  |TAMS 0x0000000707c00000, 0x0000000707c00000| Untracked 
|  50|0x0000000707e00000, 0x0000000707e00000, 0x0000000708000000|  0%| F|  |TAMS 0x0000000707e00000, 0x0000000707e00000| Untracked 
|  51|0x0000000708000000, 0x0000000708000000, 0x0000000708200000|  0%| F|  |TAMS 0x0000000708000000, 0x0000000708000000| Untracked 
|  52|0x0000000708200000, 0x0000000708200000, 0x0000000708400000|  0%| F|  |TAMS 0x0000000708200000, 0x0000000708200000| Untracked 
|  53|0x0000000708400000, 0x0000000708400000, 0x0000000708600000|  0%| F|  |TAMS 0x0000000708400000, 0x0000000708400000| Untracked 
|  54|0x0000000708600000, 0x0000000708600000, 0x0000000708800000|  0%| F|  |TAMS 0x0000000708600000, 0x0000000708600000| Untracked 
|  55|0x0000000708800000, 0x0000000708800000, 0x0000000708a00000|  0%| F|  |TAMS 0x0000000708800000, 0x0000000708800000| Untracked 
|  56|0x0000000708a00000, 0x0000000708a00000, 0x0000000708c00000|  0%| F|  |TAMS 0x0000000708a00000, 0x0000000708a00000| Untracked 
|  57|0x0000000708c00000, 0x0000000708c00000, 0x0000000708e00000|  0%| F|  |TAMS 0x0000000708c00000, 0x0000000708c00000| Untracked 
|  58|0x0000000708e00000, 0x0000000708e00000, 0x0000000709000000|  0%| F|  |TAMS 0x0000000708e00000, 0x0000000708e00000| Untracked 
|  59|0x0000000709000000, 0x0000000709000000, 0x0000000709200000|  0%| F|  |TAMS 0x0000000709000000, 0x0000000709000000| Untracked 
|  60|0x0000000709200000, 0x0000000709200000, 0x0000000709400000|  0%| F|  |TAMS 0x0000000709200000, 0x0000000709200000| Untracked 
|  61|0x0000000709400000, 0x0000000709400000, 0x0000000709600000|  0%| F|  |TAMS 0x0000000709400000, 0x0000000709400000| Untracked 
|  62|0x0000000709600000, 0x0000000709600000, 0x0000000709800000|  0%| F|  |TAMS 0x0000000709600000, 0x0000000709600000| Untracked 
|  63|0x0000000709800000, 0x0000000709800000, 0x0000000709a00000|  0%| F|  |TAMS 0x0000000709800000, 0x0000000709800000| Untracked 
|  64|0x0000000709a00000, 0x0000000709a00000, 0x0000000709c00000|  0%| F|  |TAMS 0x0000000709a00000, 0x0000000709a00000| Untracked 
|  65|0x0000000709c00000, 0x0000000709c00000, 0x0000000709e00000|  0%| F|  |TAMS 0x0000000709c00000, 0x0000000709c00000| Untracked 
|  66|0x0000000709e00000, 0x0000000709e00000, 0x000000070a000000|  0%| F|  |TAMS 0x0000000709e00000, 0x0000000709e00000| Untracked 
|  67|0x000000070a000000, 0x000000070a000000, 0x000000070a200000|  0%| F|  |TAMS 0x000000070a000000, 0x000000070a000000| Untracked 
|  68|0x000000070a200000, 0x000000070a200000, 0x000000070a400000|  0%| F|  |TAMS 0x000000070a200000, 0x000000070a200000| Untracked 
|  69|0x000000070a400000, 0x000000070a400000, 0x000000070a600000|  0%| F|  |TAMS 0x000000070a400000, 0x000000070a400000| Untracked 
|  70|0x000000070a600000, 0x000000070a600000, 0x000000070a800000|  0%| F|  |TAMS 0x000000070a600000, 0x000000070a600000| Untracked 
|  71|0x000000070a800000, 0x000000070a800000, 0x000000070aa00000|  0%| F|  |TAMS 0x000000070a800000, 0x000000070a800000| Untracked 
|  72|0x000000070aa00000, 0x000000070aa00000, 0x000000070ac00000|  0%| F|  |TAMS 0x000000070aa00000, 0x000000070aa00000| Untracked 
|  73|0x000000070ac00000, 0x000000070ac00000, 0x000000070ae00000|  0%| F|  |TAMS 0x000000070ac00000, 0x000000070ac00000| Untracked 
|  74|0x000000070ae00000, 0x000000070ae00000, 0x000000070b000000|  0%| F|  |TAMS 0x000000070ae00000, 0x000000070ae00000| Untracked 
|  75|0x000000070b000000, 0x000000070b000000, 0x000000070b200000|  0%| F|  |TAMS 0x000000070b000000, 0x000000070b000000| Untracked 
|  76|0x000000070b200000, 0x000000070b200000, 0x000000070b400000|  0%| F|  |TAMS 0x000000070b200000, 0x000000070b200000| Untracked 
|  77|0x000000070b400000, 0x000000070b400000, 0x000000070b600000|  0%| F|  |TAMS 0x000000070b400000, 0x000000070b400000| Untracked 
|  78|0x000000070b600000, 0x000000070b600000, 0x000000070b800000|  0%| F|  |TAMS 0x000000070b600000, 0x000000070b600000| Untracked 
|  79|0x000000070b800000, 0x000000070b800000, 0x000000070ba00000|  0%| F|  |TAMS 0x000000070b800000, 0x000000070b800000| Untracked 
|  80|0x000000070ba00000, 0x000000070ba00000, 0x000000070bc00000|  0%| F|  |TAMS 0x000000070ba00000, 0x000000070ba00000| Untracked 
|  81|0x000000070bc00000, 0x000000070bc00000, 0x000000070be00000|  0%| F|  |TAMS 0x000000070bc00000, 0x000000070bc00000| Untracked 
|  82|0x000000070be00000, 0x000000070be00000, 0x000000070c000000|  0%| F|  |TAMS 0x000000070be00000, 0x000000070be00000| Untracked 
|  83|0x000000070c000000, 0x000000070c000000, 0x000000070c200000|  0%| F|  |TAMS 0x000000070c000000, 0x000000070c000000| Untracked 
|  84|0x000000070c200000, 0x000000070c200000, 0x000000070c400000|  0%| F|  |TAMS 0x000000070c200000, 0x000000070c200000| Untracked 
|  85|0x000000070c400000, 0x000000070c400000, 0x000000070c600000|  0%| F|  |TAMS 0x000000070c400000, 0x000000070c400000| Untracked 
|  86|0x000000070c600000, 0x000000070c600000, 0x000000070c800000|  0%| F|  |TAMS 0x000000070c600000, 0x000000070c600000| Untracked 
|  87|0x000000070c800000, 0x000000070c800000, 0x000000070ca00000|  0%| F|  |TAMS 0x000000070c800000, 0x000000070c800000| Untracked 
|  88|0x000000070ca00000, 0x000000070ca00000, 0x000000070cc00000|  0%| F|  |TAMS 0x000000070ca00000, 0x000000070ca00000| Untracked 
|  89|0x000000070cc00000, 0x000000070cc00000, 0x000000070ce00000|  0%| F|  |TAMS 0x000000070cc00000, 0x000000070cc00000| Untracked 
|  90|0x000000070ce00000, 0x000000070ce00000, 0x000000070d000000|  0%| F|  |TAMS 0x000000070ce00000, 0x000000070ce00000| Untracked 
|  91|0x000000070d000000, 0x000000070d000000, 0x000000070d200000|  0%| F|  |TAMS 0x000000070d000000, 0x000000070d000000| Untracked 
|  92|0x000000070d200000, 0x000000070d200000, 0x000000070d400000|  0%| F|  |TAMS 0x000000070d200000, 0x000000070d200000| Untracked 
|  93|0x000000070d400000, 0x000000070d400000, 0x000000070d600000|  0%| F|  |TAMS 0x000000070d400000, 0x000000070d400000| Untracked 
|  94|0x000000070d600000, 0x000000070d600000, 0x000000070d800000|  0%| F|  |TAMS 0x000000070d600000, 0x000000070d600000| Untracked 
|  95|0x000000070d800000, 0x000000070d800000, 0x000000070da00000|  0%| F|  |TAMS 0x000000070d800000, 0x000000070d800000| Untracked 
|  96|0x000000070da00000, 0x000000070da00000, 0x000000070dc00000|  0%| F|  |TAMS 0x000000070da00000, 0x000000070da00000| Untracked 
|  97|0x000000070dc00000, 0x000000070dc00000, 0x000000070de00000|  0%| F|  |TAMS 0x000000070dc00000, 0x000000070dc00000| Untracked 
|  98|0x000000070de00000, 0x000000070de00000, 0x000000070e000000|  0%| F|  |TAMS 0x000000070de00000, 0x000000070de00000| Untracked 
|  99|0x000000070e000000, 0x000000070e000000, 0x000000070e200000|  0%| F|  |TAMS 0x000000070e000000, 0x000000070e000000| Untracked 
| 100|0x000000070e200000, 0x000000070e200000, 0x000000070e400000|  0%| F|  |TAMS 0x000000070e200000, 0x000000070e200000| Untracked 
| 101|0x000000070e400000, 0x000000070e400000, 0x000000070e600000|  0%| F|  |TAMS 0x000000070e400000, 0x000000070e400000| Untracked 
| 102|0x000000070e600000, 0x000000070e600000, 0x000000070e800000|  0%| F|  |TAMS 0x000000070e600000, 0x000000070e600000| Untracked 
| 103|0x000000070e800000, 0x000000070e800000, 0x000000070ea00000|  0%| F|  |TAMS 0x000000070e800000, 0x000000070e800000| Untracked 
| 104|0x000000070ea00000, 0x000000070ea00000, 0x000000070ec00000|  0%| F|  |TAMS 0x000000070ea00000, 0x000000070ea00000| Untracked 
| 105|0x000000070ec00000, 0x000000070ec00000, 0x000000070ee00000|  0%| F|  |TAMS 0x000000070ec00000, 0x000000070ec00000| Untracked 
| 106|0x000000070ee00000, 0x000000070ee00000, 0x000000070f000000|  0%| F|  |TAMS 0x000000070ee00000, 0x000000070ee00000| Untracked 
| 107|0x000000070f000000, 0x000000070f000000, 0x000000070f200000|  0%| F|  |TAMS 0x000000070f000000, 0x000000070f000000| Untracked 
| 108|0x000000070f200000, 0x000000070f200000, 0x000000070f400000|  0%| F|  |TAMS 0x000000070f200000, 0x000000070f200000| Untracked 
| 109|0x000000070f400000, 0x000000070f400000, 0x000000070f600000|  0%| F|  |TAMS 0x000000070f400000, 0x000000070f400000| Untracked 
| 110|0x000000070f600000, 0x000000070f600000, 0x000000070f800000|  0%| F|  |TAMS 0x000000070f600000, 0x000000070f600000| Untracked 
| 111|0x000000070f800000, 0x000000070f800000, 0x000000070fa00000|  0%| F|  |TAMS 0x000000070f800000, 0x000000070f800000| Untracked 
| 112|0x000000070fa00000, 0x000000070fa00000, 0x000000070fc00000|  0%| F|  |TAMS 0x000000070fa00000, 0x000000070fa00000| Untracked 
| 113|0x000000070fc00000, 0x000000070fc00000, 0x000000070fe00000|  0%| F|  |TAMS 0x000000070fc00000, 0x000000070fc00000| Untracked 
| 114|0x000000070fe00000, 0x000000070fe00000, 0x0000000710000000|  0%| F|  |TAMS 0x000000070fe00000, 0x000000070fe00000| Untracked 
| 115|0x0000000710000000, 0x0000000710000000, 0x0000000710200000|  0%| F|  |TAMS 0x0000000710000000, 0x0000000710000000| Untracked 
| 116|0x0000000710200000, 0x0000000710200000, 0x0000000710400000|  0%| F|  |TAMS 0x0000000710200000, 0x0000000710200000| Untracked 
| 117|0x0000000710400000, 0x0000000710400000, 0x0000000710600000|  0%| F|  |TAMS 0x0000000710400000, 0x0000000710400000| Untracked 
| 118|0x0000000710600000, 0x0000000710600000, 0x0000000710800000|  0%| F|  |TAMS 0x0000000710600000, 0x0000000710600000| Untracked 
| 119|0x0000000710800000, 0x0000000710800000, 0x0000000710a00000|  0%| F|  |TAMS 0x0000000710800000, 0x0000000710800000| Untracked 
| 120|0x0000000710a00000, 0x0000000710a00000, 0x0000000710c00000|  0%| F|  |TAMS 0x0000000710a00000, 0x0000000710a00000| Untracked 
| 121|0x0000000710c00000, 0x0000000710de3d98, 0x0000000710e00000| 94%| E|  |TAMS 0x0000000710c00000, 0x0000000710c00000| Complete 
| 122|0x0000000710e00000, 0x0000000711000000, 0x0000000711000000|100%| E|CS|TAMS 0x0000000710e00000, 0x0000000710e00000| Complete 
| 123|0x0000000711000000, 0x0000000711200000, 0x0000000711200000|100%| E|  |TAMS 0x0000000711000000, 0x0000000711000000| Complete 
| 124|0x0000000711200000, 0x0000000711400000, 0x0000000711400000|100%| E|CS|TAMS 0x0000000711200000, 0x0000000711200000| Complete 
| 125|0x0000000711400000, 0x0000000711600000, 0x0000000711600000|100%| E|CS|TAMS 0x0000000711400000, 0x0000000711400000| Complete 
| 126|0x0000000711600000, 0x0000000711800000, 0x0000000711800000|100%| E|CS|TAMS 0x0000000711600000, 0x0000000711600000| Complete 
| 127|0x0000000711800000, 0x0000000711a00000, 0x0000000711a00000|100%| E|CS|TAMS 0x0000000711800000, 0x0000000711800000| Complete 

Card table byte_map: [0x00000126d31c0000,0x00000126d39c0000] _byte_map_base: 0x00000126cf9b3000

Marking Bits (Prev, Next): (CMBitMap*) 0x00000126bbed3620, (CMBitMap*) 0x00000126bbed3660
 Prev Bits: [0x00000126d41c0000, 0x00000126d8158000)
 Next Bits: [0x00000126d8160000, 0x00000126dc0f8000)

Polling page: 0x00000126bb660000

Metaspace:

Usage:
  Non-class:      6.81 MB used.
      Class:    594.39 KB used.
       Both:      7.39 MB used.

Virtual space:
  Non-class space:        8.00 MB reserved,       6.94 MB ( 87%) committed,  1 nodes.
      Class space:        1.00 GB reserved,     704.00 KB ( <1%) committed,  1 nodes.
             Both:        1.01 GB reserved,       7.62 MB ( <1%) committed. 

Chunk freelists:
   Non-Class:  176.00 KB
       Class:  3.16 MB
        Both:  3.33 MB

MaxMetaspaceSize: unlimited
CompressedClassSpaceSize: 1.00 GB
Initial GC threshold: 21.00 MB
Current GC threshold: 21.00 MB
CDS: on
MetaspaceReclaimPolicy: balanced
 - commit_granule_bytes: 65536.
 - commit_granule_words: 8192.
 - virtual_space_node_default_size: 1048576.
 - enlarge_chunks_in_place: 1.
 - new_chunks_are_fully_committed: 0.
 - uncommit_free_chunks: 1.
 - use_allocation_guard: 0.
 - handle_deallocations: 1.


Internal statistics:

num_allocs_failed_limit: 0.
num_arena_births: 152.
num_arena_deaths: 0.
num_vsnodes_births: 2.
num_vsnodes_deaths: 0.
num_space_committed: 120.
num_space_uncommitted: 0.
num_chunks_returned_to_freelist: 0.
num_chunks_taken_from_freelist: 293.
num_chunk_merges: 0.
num_chunk_splits: 194.
num_chunks_enlarged: 121.
num_purges: 0.
num_inconsistent_stats: 0.

CodeHeap 'non-profiled nmethods': size=120000Kb used=278Kb max_used=278Kb free=119721Kb
 bounds [0x00000126cb160000, 0x00000126cb3d0000, 0x00000126d2690000]
CodeHeap 'profiled nmethods': size=120000Kb used=1564Kb max_used=1564Kb free=118435Kb
 bounds [0x00000126c3c30000, 0x00000126c3ea0000, 0x00000126cb160000]
CodeHeap 'non-nmethods': size=5760Kb used=1740Kb max_used=1754Kb free=4019Kb
 bounds [0x00000126c3690000, 0x00000126c3900000, 0x00000126c3c30000]
 total_blobs=2176 nmethods=963 adapters=1126
 compilation: enabled
              stopped_count=0, restarted_count=0
 full_count=0

Compilation events (20 events):
Event: 1.440 Thread 0x00000126deb4f4f0  954       3       jdk.internal.jimage.ImageLocation::verifyName (161 bytes)
Event: 1.441 Thread 0x00000126deb4f4f0 nmethod 954 0x00000126c3db1f10 code [0x00000126c3db2240, 0x00000126c3db3838]
Event: 1.441 Thread 0x00000126deb4f4f0  958       3       java.util.regex.Pattern::lambda$DOT$4 (34 bytes)
Event: 1.441 Thread 0x00000126deb4f4f0 nmethod 958 0x00000126c3db4190 code [0x00000126c3db4320, 0x00000126c3db4518]
Event: 1.441 Thread 0x00000126deb4f4f0  956       3       java.nio.HeapCharBuffer::get (15 bytes)
Event: 1.441 Thread 0x00000126deb4f4f0 nmethod 956 0x00000126c3db4590 code [0x00000126c3db4740, 0x00000126c3db4938]
Event: 1.441 Thread 0x00000126deb4f4f0  957       3       java.nio.HeapCharBuffer::ix (7 bytes)
Event: 1.441 Thread 0x00000126deb4f4f0 nmethod 957 0x00000126c3db4a90 code [0x00000126c3db4c20, 0x00000126c3db4d38]
Event: 1.441 Thread 0x00000126deb4f4f0  955       3       java.util.regex.Pattern$$Lambda$131/0x0000000800c39110::is (5 bytes)
Event: 1.441 Thread 0x00000126deb4f4f0 nmethod 955 0x00000126c3db4e10 code [0x00000126c3db4fc0, 0x00000126c3db5238]
Event: 1.441 Thread 0x00000126deb4f4f0  959       3       java.lang.StringLatin1::newString (24 bytes)
Event: 1.442 Thread 0x00000126deb4f4f0 nmethod 959 0x00000126c3db5310 code [0x00000126c3db54e0, 0x00000126c3db5808]
Event: 1.442 Thread 0x00000126deb4f4f0  960       3       java.lang.String::substring (58 bytes)
Event: 1.442 Thread 0x00000126deb4f4f0 nmethod 960 0x00000126c3db5910 code [0x00000126c3db5b00, 0x00000126c3db5fa8]
Event: 1.442 Thread 0x00000126deb4f4f0  961       3       java.lang.AbstractStringBuilder::append (45 bytes)
Event: 1.442 Thread 0x00000126deb4f4f0 nmethod 961 0x00000126c3db6190 code [0x00000126c3db6360, 0x00000126c3db66a8]
Event: 1.443 Thread 0x00000126deb4f4f0  962       3       java.lang.StringBuilder::append (8 bytes)
Event: 1.443 Thread 0x00000126deb4f4f0 nmethod 962 0x00000126c3db6810 code [0x00000126c3db69a0, 0x00000126c3db6ae8]
Event: 1.445 Thread 0x00000126deb4f4f0  963       3       java.util.concurrent.ConcurrentHashMap::sumCount (60 bytes)
Event: 1.446 Thread 0x00000126deb4f4f0 nmethod 963 0x00000126c3db6b90 code [0x00000126c3db6d40, 0x00000126c3db6fb8]

GC Heap History (0 events):
No events

Deoptimization events (20 events):
Event: 1.436 Thread 0x00000126bbe83380 Uncommon trap: trap_request=0xffffff45 fr.pc=0x00000126cb194cf4 relative=0x00000000000003d4
Event: 1.436 Thread 0x00000126bbe83380 Uncommon trap: reason=unstable_if action=reinterpret pc=0x00000126cb194cf4 method=java.lang.StringLatin1.newString([BII)Ljava/lang/String; @ 1 c2
Event: 1.436 Thread 0x00000126bbe83380 DEOPT PACKING pc=0x00000126cb194cf4 sp=0x00000021248fdd60
Event: 1.436 Thread 0x00000126bbe83380 DEOPT UNPACKING pc=0x00000126c36e23a3 sp=0x00000021248fdd40 mode 2
Event: 1.437 Thread 0x00000126bbe83380 Uncommon trap: trap_request=0xffffff45 fr.pc=0x00000126cb191ccc relative=0x00000000000004ac
Event: 1.437 Thread 0x00000126bbe83380 Uncommon trap: reason=unstable_if action=reinterpret pc=0x00000126cb191ccc method=java.lang.AbstractStringBuilder.putStringAt(ILjava/lang/String;II)V @ 8 c2
Event: 1.437 Thread 0x00000126bbe83380 DEOPT PACKING pc=0x00000126cb191ccc sp=0x00000021248fe160
Event: 1.437 Thread 0x00000126bbe83380 DEOPT UNPACKING pc=0x00000126c36e23a3 sp=0x00000021248fdff8 mode 2
Event: 1.437 Thread 0x00000126bbe83380 Uncommon trap: trap_request=0xffffff45 fr.pc=0x00000126cb190d38 relative=0x0000000000000498
Event: 1.437 Thread 0x00000126bbe83380 Uncommon trap: reason=unstable_if action=reinterpret pc=0x00000126cb190d38 method=java.lang.AbstractStringBuilder.putStringAt(ILjava/lang/String;II)V @ 8 c2
Event: 1.437 Thread 0x00000126bbe83380 DEOPT PACKING pc=0x00000126cb190d38 sp=0x00000021248fe110
Event: 1.437 Thread 0x00000126bbe83380 DEOPT UNPACKING pc=0x00000126c36e23a3 sp=0x00000021248fe000 mode 2
Event: 1.437 Thread 0x00000126bbe83380 Uncommon trap: trap_request=0xffffff45 fr.pc=0x00000126cb17dbdc relative=0x000000000000005c
Event: 1.437 Thread 0x00000126bbe83380 Uncommon trap: reason=unstable_if action=reinterpret pc=0x00000126cb17dbdc method=java.lang.AbstractStringBuilder.isLatin1()Z @ 10 c2
Event: 1.437 Thread 0x00000126bbe83380 DEOPT PACKING pc=0x00000126cb17dbdc sp=0x00000021248fdfa0
Event: 1.437 Thread 0x00000126bbe83380 DEOPT UNPACKING pc=0x00000126c36e23a3 sp=0x00000021248fdf30 mode 2
Event: 1.438 Thread 0x00000126bbe83380 Uncommon trap: trap_request=0xffffff45 fr.pc=0x00000126cb1a4d5c relative=0x00000000000004bc
Event: 1.438 Thread 0x00000126bbe83380 Uncommon trap: reason=unstable_if action=reinterpret pc=0x00000126cb1a4d5c method=java.lang.StringLatin1.newString([BII)Ljava/lang/String; @ 1 c2
Event: 1.438 Thread 0x00000126bbe83380 DEOPT PACKING pc=0x00000126cb1a4d5c sp=0x00000021248fe2f0
Event: 1.438 Thread 0x00000126bbe83380 DEOPT UNPACKING pc=0x00000126c36e23a3 sp=0x00000021248fe250 mode 2

Classes unloaded (0 events):
No events

Classes redefined (0 events):
No events

Internal exceptions (20 events):
Event: 0.463 Thread 0x00000126bbe83380 Exception <a 'java/lang/NoSuchMethodError'{0x0000000711369440}: 'java.lang.Object java.lang.invoke.DirectMethodHandle$Holder.invokeStatic(java.lang.Object, java.lang.Object, int)'> (0x0000000711369440) 
thrown [t:\workspace\open\src\hotspot\share\interpreter\linkResolver.cpp, line 766]
Event: 0.464 Thread 0x00000126bbe83380 Exception <a 'java/lang/NoSuchMethodError'{0x0000000711375038}: 'void java.lang.invoke.DelegatingMethodHandle$Holder.delegate(java.lang.Object, java.lang.Object, int, java.lang.Object)'> (0x0000000711375038) 
thrown [t:\workspace\open\src\hotspot\share\interpreter\linkResolver.cpp, line 766]
Event: 0.465 Thread 0x00000126bbe83380 Exception <a 'java/lang/NoSuchMethodError'{0x0000000711379180}: 'int java.lang.invoke.DirectMethodHandle$Holder.invokeSpecial(java.lang.Object, java.lang.Object, java.lang.Object)'> (0x0000000711379180) 
thrown [t:\workspace\open\src\hotspot\share\interpreter\linkResolver.cpp, line 766]
Event: 0.496 Thread 0x00000126bbe83380 Exception <a 'sun/nio/fs/WindowsException'{0x00000007113d5980}> (0x00000007113d5980) 
thrown [t:\workspace\open\src\hotspot\share\prims\jni.cpp, line 516]
Event: 0.496 Thread 0x00000126bbe83380 Exception <a 'sun/nio/fs/WindowsException'{0x00000007113d5ed0}> (0x00000007113d5ed0) 
thrown [t:\workspace\open\src\hotspot\share\prims\jni.cpp, line 516]
Event: 0.506 Thread 0x00000126bbe83380 Exception <a 'java/lang/NoSuchMethodError'{0x00000007113fd588}: 'int java.lang.invoke.DirectMethodHandle$Holder.invokeStaticInit(java.lang.Object, java.lang.Object, int, long)'> (0x00000007113fd588) 
thrown [t:\workspace\open\src\hotspot\share\interpreter\linkResolver.cpp, line 766]
Event: 0.506 Thread 0x00000126bbe83380 Exception <a 'java/lang/NoSuchMethodError'{0x00000007110035c8}: 'java.lang.Object java.lang.invoke.DirectMethodHandle$Holder.newInvokeSpecial(java.lang.Object, java.lang.Object, int)'> (0x00000007110035c8) 
thrown [t:\workspace\open\src\hotspot\share\interpreter\linkResolver.cpp, line 766]
Event: 0.509 Thread 0x00000126bbe83380 Exception <a 'java/lang/NoSuchMethodError'{0x00000007110120a8}: 'int java.lang.invoke.DirectMethodHandle$Holder.invokeStaticInit(java.lang.Object, java.lang.Object, long, long)'> (0x00000007110120a8) 
thrown [t:\workspace\open\src\hotspot\share\interpreter\linkResolver.cpp, line 766]
Event: 0.509 Thread 0x00000126bbe83380 Exception <a 'java/lang/NoSuchMethodError'{0x0000000711017d58}: 'java.lang.Object java.lang.invoke.DirectMethodHandle$Holder.newInvokeSpecial(java.lang.Object, java.lang.Object, long)'> (0x0000000711017d58) 
thrown [t:\workspace\open\src\hotspot\share\interpreter\linkResolver.cpp, line 766]
Event: 0.510 Thread 0x00000126bbe83380 Exception <a 'java/lang/NoSuchMethodError'{0x000000071101b620}: 'java.lang.Object java.lang.invoke.Invokers$Holder.linkToTargetMethod(java.lang.Object, long, java.lang.Object)'> (0x000000071101b620) 
thrown [t:\workspace\open\src\hotspot\share\interpreter\linkResolver.cpp, line 766]
Event: 0.510 Thread 0x00000126bbe83380 Exception <a 'java/lang/NoSuchMethodError'{0x0000000711022c20}: 'int java.lang.invoke.DirectMethodHandle$Holder.invokeStaticInit(java.lang.Object, java.lang.Object, java.lang.Object, long)'> (0x0000000711022c20) 
thrown [t:\workspace\open\src\hotspot\share\interpreter\linkResolver.cpp, line 766]
Event: 0.526 Thread 0x00000126bbe83380 Exception <a 'sun/nio/fs/WindowsException'{0x0000000711083170}> (0x0000000711083170) 
thrown [t:\workspace\open\src\hotspot\share\prims\jni.cpp, line 516]
Event: 0.526 Thread 0x00000126bbe83380 Exception <a 'sun/nio/fs/WindowsException'{0x0000000711083500}> (0x0000000711083500) 
thrown [t:\workspace\open\src\hotspot\share\prims\jni.cpp, line 516]
Event: 0.548 Thread 0x00000126bbe83380 Exception <a 'sun/nio/fs/WindowsException'{0x0000000711111208}> (0x0000000711111208) 
thrown [t:\workspace\open\src\hotspot\share\prims\jni.cpp, line 516]
Event: 0.548 Thread 0x00000126bbe83380 Exception <a 'sun/nio/fs/WindowsException'{0x0000000711111568}> (0x0000000711111568) 
thrown [t:\workspace\open\src\hotspot\share\prims\jni.cpp, line 516]
Event: 0.995 Thread 0x00000126bbe83380 Exception <a 'sun/nio/fs/WindowsException'{0x0000000711156f78}> (0x0000000711156f78) 
thrown [t:\workspace\open\src\hotspot\share\prims\jni.cpp, line 516]
Event: 0.995 Thread 0x00000126bbe83380 Exception <a 'sun/nio/fs/WindowsException'{0x0000000711157318}> (0x0000000711157318) 
thrown [t:\workspace\open\src\hotspot\share\prims\jni.cpp, line 516]
Event: 1.000 Thread 0x00000126bbe83380 Exception <a 'sun/nio/fs/WindowsException'{0x000000071115e728}> (0x000000071115e728) 
thrown [t:\workspace\open\src\hotspot\share\prims\jni.cpp, line 516]
Event: 1.000 Thread 0x00000126bbe83380 Exception <a 'sun/nio/fs/WindowsException'{0x000000071115e9f8}> (0x000000071115e9f8) 
thrown [t:\workspace\open\src\hotspot\share\prims\jni.cpp, line 516]
Event: 1.058 Thread 0x00000126bbe83380 Exception <a 'sun/nio/fs/WindowsException'{0x0000000710e861a0}> (0x0000000710e861a0) 
thrown [t:\workspace\open\src\hotspot\share\prims\jni.cpp, line 516]

VM Operations (8 events):
Event: 0.139 Executing VM operation: HandshakeAllThreads
Event: 0.139 Executing VM operation: HandshakeAllThreads done
Event: 0.488 Executing VM operation: HandshakeAllThreads
Event: 0.488 Executing VM operation: HandshakeAllThreads done
Event: 1.127 Executing VM operation: HandshakeAllThreads
Event: 1.127 Executing VM operation: HandshakeAllThreads done
Event: 1.127 Executing VM operation: Cleanup
Event: 1.127 Executing VM operation: Cleanup done

Events (20 events):
Event: 1.423 loading class java/util/Scanner
Event: 1.423 loading class java/util/Scanner done
Event: 1.425 loading class sun/net/ProgressMonitor
Event: 1.426 loading class sun/net/ProgressMonitor done
Event: 1.426 loading class sun/net/DefaultProgressMeteringPolicy
Event: 1.426 loading class sun/net/ProgressMeteringPolicy
Event: 1.426 loading class sun/net/ProgressMeteringPolicy done
Event: 1.426 loading class sun/net/DefaultProgressMeteringPolicy done
Event: 1.426 loading class java/util/Scanner$PatternLRUCache
Event: 1.426 loading class java/util/Scanner$PatternLRUCache done
Event: 1.428 loading class jdk/internal/module/ModulePatcher$PatchedModuleReader
Event: 1.428 loading class jdk/internal/module/ModulePatcher$PatchedModuleReader done
Event: 1.428 loading class sun/net/www/protocol/jrt/Handler
Event: 1.428 loading class sun/net/www/protocol/jrt/Handler done
Event: 1.432 loading class sun/text/resources/cldr/FormatData_en
Event: 1.432 loading class sun/text/resources/cldr/FormatData_en done
Event: 1.432 loading class sun/text/resources/cldr/FormatData_en_US
Event: 1.432 loading class sun/text/resources/cldr/FormatData_en_US done
Event: 1.437 loading class java/util/regex/Matcher$ImmutableMatchResult
Event: 1.437 loading class java/util/regex/Matcher$ImmutableMatchResult done


Dynamic libraries:
0x00007ff66ce30000 - 0x00007ff66ce40000 	C:\Program Files\Java\jdk-17.0.1\bin\java.exe
0x00007ffce7b50000 - 0x00007ffce7d45000 	C:\WINDOWS\SYSTEM32\ntdll.dll
0x00007ffce5b80000 - 0x00007ffce5c3e000 	C:\WINDOWS\System32\KERNEL32.DLL
0x00007ffce5630000 - 0x00007ffce58f8000 	C:\WINDOWS\System32\KERNELBASE.dll
0x00007ffce5a80000 - 0x00007ffce5b80000 	C:\WINDOWS\System32\ucrtbase.dll
0x00007ffcc8360000 - 0x00007ffcc8378000 	C:\Program Files\Java\jdk-17.0.1\bin\jli.dll
0x00007ffce7a30000 - 0x00007ffce7ade000 	C:\WINDOWS\System32\ADVAPI32.dll
0x00007ffce08c0000 - 0x00007ffce08da000 	C:\Program Files\Java\jdk-17.0.1\bin\VCRUNTIME140.dll
0x00007ffce6c50000 - 0x00007ffce6cee000 	C:\WINDOWS\System32\msvcrt.dll
0x00007ffce7500000 - 0x00007ffce759c000 	C:\WINDOWS\System32\sechost.dll
0x00007ffce5dd0000 - 0x00007ffce5ef5000 	C:\WINDOWS\System32\RPCRT4.dll
0x00007ffce6830000 - 0x00007ffce69d0000 	C:\WINDOWS\System32\USER32.dll
0x00007ffce5500000 - 0x00007ffce5522000 	C:\WINDOWS\System32\win32u.dll
0x00007ffce6780000 - 0x00007ffce67ab000 	C:\WINDOWS\System32\GDI32.dll
0x00007ffce5900000 - 0x00007ffce5a0b000 	C:\WINDOWS\System32\gdi32full.dll
0x00007ffce5240000 - 0x00007ffce52dd000 	C:\WINDOWS\System32\msvcp_win.dll
0x00007ffcdc570000 - 0x00007ffcdc57a000 	C:\WINDOWS\SYSTEM32\VERSION.dll
0x00007ffcd2c20000 - 0x00007ffcd2eba000 	C:\WINDOWS\WinSxS\amd64_microsoft.windows.common-controls_6595b64144ccf1df_6.0.19041.1110_none_60b5254171f9507e\COMCTL32.dll
0x00007ffce6e90000 - 0x00007ffce6ec0000 	C:\WINDOWS\System32\IMM32.DLL
0x00007ffce1c70000 - 0x00007ffce1c7c000 	C:\Program Files\Java\jdk-17.0.1\bin\vcruntime140_1.dll
0x00007ffccbe70000 - 0x00007ffccbefd000 	C:\Program Files\Java\jdk-17.0.1\bin\msvcp140.dll
0x00007ffc6b2f0000 - 0x00007ffc6beae000 	C:\Program Files\Java\jdk-17.0.1\bin\server\jvm.dll
0x00007ffce74f0000 - 0x00007ffce74f8000 	C:\WINDOWS\System32\PSAPI.DLL
0x00007ffcdb860000 - 0x00007ffcdb887000 	C:\WINDOWS\SYSTEM32\WINMM.dll
0x00007ffcdf3a0000 - 0x00007ffcdf3a9000 	C:\WINDOWS\SYSTEM32\WSOCK32.dll
0x00007ffce66b0000 - 0x00007ffce671b000 	C:\WINDOWS\System32\WS2_32.dll
0x00007ffce3b30000 - 0x00007ffce3b42000 	C:\WINDOWS\SYSTEM32\kernel.appcore.dll
0x00007ffce08b0000 - 0x00007ffce08ba000 	C:\Program Files\Java\jdk-17.0.1\bin\jimage.dll
0x00007ffce3770000 - 0x00007ffce3954000 	C:\WINDOWS\SYSTEM32\DBGHELP.DLL
0x00007ffcd74a0000 - 0x00007ffcd74cc000 	C:\WINDOWS\SYSTEM32\dbgcore.DLL
0x00007ffce5310000 - 0x00007ffce5392000 	C:\WINDOWS\System32\bcryptPrimitives.dll
0x00007ffcced20000 - 0x00007ffcced45000 	C:\Program Files\Java\jdk-17.0.1\bin\java.dll
0x00007ffccb190000 - 0x00007ffccb266000 	C:\Program Files\Java\jdk-17.0.1\bin\svml.dll
0x00007ffce5f00000 - 0x00007ffce6644000 	C:\WINDOWS\System32\SHELL32.dll
0x00007ffce2f10000 - 0x00007ffce36a4000 	C:\WINDOWS\SYSTEM32\windows.storage.dll
0x00007ffce75a0000 - 0x00007ffce78f4000 	C:\WINDOWS\System32\combase.dll
0x00007ffce4ca0000 - 0x00007ffce4ccc000 	C:\WINDOWS\SYSTEM32\Wldp.dll
0x00007ffce6ee0000 - 0x00007ffce6f8d000 	C:\WINDOWS\System32\SHCORE.dll
0x00007ffce6720000 - 0x00007ffce6775000 	C:\WINDOWS\System32\shlwapi.dll
0x00007ffce5180000 - 0x00007ffce519f000 	C:\WINDOWS\SYSTEM32\profapi.dll
0x00007ffccede0000 - 0x00007ffccedf9000 	C:\Program Files\Java\jdk-17.0.1\bin\net.dll
0x00007ffcd7040000 - 0x00007ffcd7149000 	C:\WINDOWS\SYSTEM32\WINHTTP.dll
0x00007ffce4a00000 - 0x00007ffce4a6a000 	C:\WINDOWS\system32\mswsock.dll
0x00007ffccc0f0000 - 0x00007ffccc105000 	C:\Program Files\Java\jdk-17.0.1\bin\nio.dll
0x00007ffccc0d0000 - 0x00007ffccc0e8000 	C:\Program Files\Java\jdk-17.0.1\bin\zip.dll
0x00007ffc80ff0000 - 0x00007ffc8117f000 	C:\Program Files\Java\jdk-17.0.1\bin\awt.dll
0x00007ffce69d0000 - 0x00007ffce6a9d000 	C:\WINDOWS\System32\OLEAUT32.dll
0x00007ffce2670000 - 0x00007ffce2700000 	C:\WINDOWS\SYSTEM32\apphelp.dll
0x00007ffce2760000 - 0x00007ffce27fe000 	C:\WINDOWS\system32\uxtheme.dll
0x00007ffce6d70000 - 0x00007ffce6e86000 	C:\WINDOWS\System32\MSCTF.dll
0x00007ffce7900000 - 0x00007ffce7a2a000 	C:\WINDOWS\System32\ole32.dll
0x00007ffce2a40000 - 0x00007ffce2a6f000 	C:\WINDOWS\system32\DWMAPI.DLL
0x00007ffcbd8d0000 - 0x00007ffcbd980000 	C:\WINDOWS\WinSxS\amd64_microsoft.windows.common-controls_6595b64144ccf1df_5.82.19041.1110_none_792d1c772443f647\comctl32.dll
0x00007ffce5c40000 - 0x00007ffce5ce9000 	C:\WINDOWS\System32\clbcatq.dll
0x00007ffce09f0000 - 0x00007ffce0ae6000 	C:\WINDOWS\SYSTEM32\PROPSYS.dll
0x00007ffcc6d30000 - 0x00007ffcc6d47000 	C:\WINDOWS\system32\NetworkExplorer.dll
0x00007ffce5530000 - 0x00007ffce557e000 	C:\WINDOWS\System32\CFGMGR32.dll
0x00007ffcc3930000 - 0x00007ffcc39a1000 	C:\Users\Ivan\AppData\Local\Temp\lwjglIvan\3.3.0-build-21\lwjgl.dll
0x00007ffc6b090000 - 0x00007ffc6b2e6000 	C:\Users\Ivan\AppData\Local\Temp\lwjglIvan\3.3.0-build-21\jemalloc.dll
0x00007ffcbcca0000 - 0x00007ffcbcd01000 	C:\Users\Ivan\AppData\Local\Temp\lwjglIvan\3.3.0-build-21\glfw.dll
0x00007ffc83eb0000 - 0x00007ffc83ef5000 	C:\WINDOWS\SYSTEM32\dinput8.dll
0x00007ffcc65c0000 - 0x00007ffcc65d1000 	C:\WINDOWS\SYSTEM32\xinput1_4.dll
0x00007ffce4fe0000 - 0x00007ffce5013000 	C:\WINDOWS\SYSTEM32\DEVOBJ.dll
0x00007ffcd0a60000 - 0x00007ffcd0bb2000 	C:\WINDOWS\SYSTEM32\inputhost.dll
0x00007ffce0c90000 - 0x00007ffce0de4000 	C:\WINDOWS\SYSTEM32\wintypes.dll
0x00007ffce1d50000 - 0x00007ffce20ae000 	C:\WINDOWS\SYSTEM32\CoreUIComponents.dll
0x00007ffce2430000 - 0x00007ffce2522000 	C:\WINDOWS\SYSTEM32\CoreMessaging.dll
0x00007ffce3f40000 - 0x00007ffce3f73000 	C:\WINDOWS\SYSTEM32\ntmarta.dll
0x00007ffccf9c0000 - 0x00007ffccfae6000 	C:\WINDOWS\SYSTEM32\opengl32.dll
0x00007ffccf730000 - 0x00007ffccf75c000 	C:\WINDOWS\SYSTEM32\GLU32.dll
0x00007ffcdd960000 - 0x00007ffcdda59000 	C:\Windows\System32\AppXDeploymentClient.dll
0x00007ffcb0780000 - 0x00007ffcb07ac000 	C:\WINDOWS\System32\DriverStore\FileRepository\u0376209.inf_amd64_b3bdffadea4def3f\B374968\atig6pxx.dll
0x00007ffcad930000 - 0x00007ffcb0773000 	C:\WINDOWS\System32\DriverStore\FileRepository\u0376209.inf_amd64_b3bdffadea4def3f\B374968\atio6axx.dll
0x00007ffce7080000 - 0x00007ffce74f0000 	C:\WINDOWS\System32\SETUPAPI.dll
0x00007ffce52e0000 - 0x00007ffce5307000 	C:\WINDOWS\System32\bcrypt.dll
0x00007ffcbb530000 - 0x00007ffcbb554000 	C:\WINDOWS\SYSTEM32\dxva2.dll
0x00007ffcad8f0000 - 0x00007ffcad92f000 	C:\WINDOWS\System32\DriverStore\FileRepository\u0376209.inf_amd64_b3bdffadea4def3f\B374968\atig6txx.dll
0x00007ffc78d90000 - 0x00007ffc78f60000 	C:\WINDOWS\SYSTEM32\atiadlxx.dll
0x00007ffcc8480000 - 0x00007ffcc84c9000 	C:\WINDOWS\SYSTEM32\pdh.dll
0x00007ffce5a10000 - 0x00007ffce5a78000 	C:\WINDOWS\System32\WINTRUST.dll
0x00007ffce53a0000 - 0x00007ffce54f6000 	C:\WINDOWS\System32\CRYPT32.dll
0x00007ffce4e20000 - 0x00007ffce4e32000 	C:\WINDOWS\SYSTEM32\MSASN1.dll
0x00007ffcdbbb0000 - 0x00007ffcdbbeb000 	C:\WINDOWS\SYSTEM32\dxcore.dll
0x00007ffcd0bc0000 - 0x00007ffcd0cb9000 	C:\WINDOWS\SYSTEM32\textinputframework.dll
0x00007ffcd0990000 - 0x00007ffcd09f6000 	C:\WINDOWS\system32\Oleacc.dll
0x00007ffcbda00000 - 0x00007ffcbda5d000 	C:\Users\Ivan\AppData\Local\Temp\lwjglIvan\3.3.0-build-21\lwjgl_opengl.dll
0x0000000064a00000 - 0x000000006580f000 	C:\Users\Ivan\AppData\Local\Temp\imgui-java-natives_1648249335669\imgui-java64.dll

dbghelp: loaded successfully - version: 4.0.5 - missing functions: none
symbol engine: initialized successfully - sym options: 0x614 - pdb path: .;C:\Program Files\Java\jdk-17.0.1\bin;C:\WINDOWS\SYSTEM32;C:\WINDOWS\WinSxS\amd64_microsoft.windows.common-controls_6595b64144ccf1df_6.0.19041.1110_none_60b5254171f9507e;C:\Program Files\Java\jdk-17.0.1\bin\server;C:\WINDOWS\WinSxS\amd64_microsoft.windows.common-controls_6595b64144ccf1df_5.82.19041.1110_none_792d1c772443f647;C:\Users\Ivan\AppData\Local\Temp\lwjglIvan\3.3.0-build-21;C:\WINDOWS\System32\DriverStore\FileRepository\u0376209.inf_amd64_b3bdffadea4def3f\B374968;C:\Users\Ivan\AppData\Local\Temp\imgui-java-natives_1648249335669

VM Arguments:
java_command: com.wiz.settlementmapmaker.Main
java_class_path (initial): D:\CodeProjects\settlementgenerator\SettlementMapMaker\target\classes;C:\Users\Ivan\.m2\repository\org\lwjgl\lwjgl\3.3.0\lwjgl-3.3.0.jar;C:\Users\Ivan\.m2\repository\org\lwjgl\lwjgl-egl\3.3.0\lwjgl-egl-3.3.0.jar;C:\Users\Ivan\.m2\repository\org\lwjgl\lwjgl-glfw\3.3.0\lwjgl-glfw-3.3.0.jar;C:\Users\Ivan\.m2\repository\org\lwjgl\lwjgl-jemalloc\3.3.0\lwjgl-jemalloc-3.3.0.jar;C:\Users\Ivan\.m2\repository\org\lwjgl\lwjgl-opengl\3.3.0\lwjgl-opengl-3.3.0.jar;C:\Users\Ivan\.m2\repository\org\lwjgl\lwjgl-opengles\3.3.0\lwjgl-opengles-3.3.0.jar;C:\Users\Ivan\.m2\repository\org\lwjgl\lwjgl\3.3.0\lwjgl-3.3.0-natives-windows.jar;C:\Users\Ivan\.m2\repository\org\lwjgl\lwjgl-glfw\3.3.0\lwjgl-glfw-3.3.0-natives-windows.jar;C:\Users\Ivan\.m2\repository\org\lwjgl\lwjgl-jemalloc\3.3.0\lwjgl-jemalloc-3.3.0-natives-windows.jar;C:\Users\Ivan\.m2\repository\org\lwjgl\lwjgl-opengl\3.3.0\lwjgl-opengl-3.3.0-natives-windows.jar;C:\Users\Ivan\.m2\repository\org\lwjgl\lwjgl-opengles\3.3.0\lwjgl-opengles-3.3.0-natives-windows.jar;C:\Users\Ivan\.m2\repository\org\joml\joml\1.10.3\joml-1.10.3.jar;C:\Users\Ivan\.m2\repository\io\github\spair\imgui-java-app\1.86.2\imgui-java-app-1.86.2.jar;C:\Users\Ivan\.m2\repository\org\lwjgl\lwjgl\3.3.0\lwjgl-3.3.0-natives-linux.jar;C:\Users\Ivan\.m2\repository\org\lwjgl\lwjgl-glfw\3.3.0\lwjgl-glfw-3.3.0-natives-linux.jar;C:\Users\Ivan\.m2\repository\org\lwjgl\lwjgl-opengl\3.3.0\lwjgl-opengl-3.3.0-natives-linux.jar;C:\Users\Ivan\.m2\repository\org\lwjgl\lwjgl\3.3.0\lwjgl-3.3.0-natives-macos.jar;C:\Users\Ivan\.m2\repository\org\lwjgl\lwjgl-glfw\3.3.0\lwjgl-glfw-3.3.0-natives-macos.jar;C:\Users\Ivan\.m2\repository\org\lwjgl\lwjgl-opengl\3.3.0\lwjgl-opengl-3.3.0-natives-macos.jar;C:\Users\Ivan\.m2\repository\io\github\spair\imgui-java-binding\1.86.2\imgui-java-binding-1.86.2.jar;C:\Users\Ivan\.m2\repository\io\github\spair\imgui-java-lwjgl3\1.86.2\imgui-java-lwjgl3-1.86.2.jar;C:\Users\Ivan\.m2\repository\io\github\spair\imgui-java-natives
Launcher Type: SUN_STANDARD

[Global flags]
     intx CICompilerCount                          = 4                                         {product} {ergonomic}
     uint ConcGCThreads                            = 2                                         {product} {ergonomic}
     uint G1ConcRefinementThreads                  = 8                                         {product} {ergonomic}
   size_t G1HeapRegionSize                         = 2097152                                   {product} {ergonomic}
    uintx GCDrainStackTargetSize                   = 64                                        {product} {ergonomic}
   size_t InitialHeapSize                          = 268435456                                 {product} {ergonomic}
   size_t MarkStackSize                            = 4194304                                   {product} {ergonomic}
   size_t MaxHeapSize                              = 4267704320                                {product} {ergonomic}
   size_t MaxNewSize                               = 2560622592                                {product} {ergonomic}
   size_t MinHeapDeltaBytes                        = 2097152                                   {product} {ergonomic}
   size_t MinHeapSize                              = 8388608                                   {product} {ergonomic}
    uintx NonNMethodCodeHeapSize                   = 5839372                                {pd product} {ergonomic}
    uintx NonProfiledCodeHeapSize                  = 122909434                              {pd product} {ergonomic}
    uintx ProfiledCodeHeapSize                     = 122909434                              {pd product} {ergonomic}
    uintx ReservedCodeCacheSize                    = 251658240                              {pd product} {ergonomic}
     bool SegmentedCodeCache                       = true                                      {product} {ergonomic}
   size_t SoftMaxHeapSize                          = 4267704320                             {manageable} {ergonomic}
     bool UseCompressedClassPointers               = true                           {product lp64_product} {ergonomic}
     bool UseCompressedOops                        = true                           {product lp64_product} {ergonomic}
     bool UseG1GC                                  = true                                      {product} {ergonomic}
     bool UseLargePagesIndividualAllocation        = false                                  {pd product} {ergonomic}

Logging:
Log output configuration:
 #0: stdout all=warning uptime,level,tags
 #1: stderr all=off uptime,level,tags

Environment Variables:
JAVA_HOME=C:\Program Files\Java\jdk-17.0.1
PATH=C:\Program Files\Eclipse Adoptium\jdk-11.0.14.9-hotspot\bin;C:\Program Files\Common Files\Oracle\Java\javapath;;C:\Program Files (x86)\Common Files\Oracle\Java\javapath;C:\WINDOWS\system32;C:\WINDOWS;C:\WINDOWS\System32\Wbem;C:\WINDOWS\System32\WindowsPowerShell\v1.0\;C:\WINDOWS\System32\OpenSSH\;C:\Program Files\Microsoft VS Code\bin;C:\Program Files (x86)\Common Files\Acronis\VirtualFile\;C:\Program Files (x86)\Common Files\Acronis\VirtualFile64\;C:\Program Files (x86)\Common Files\Acronis\FileProtector\;C:\Program Files (x86)\Common Files\Acronis\FileProtector64\;C:\Program Files (x86)\Common Files\Acronis\SnapAPI\;C:\Program Files\SourceGear\Common\DiffMerge\;D:\Gradle\gradle-5.6.2\bin;C:\Users\Public\wpilib\2020\roborio\bin;C:\Users\Public\wpilib\2020\frccode;D:\Git\cmd;C:\WINDOWS\system32;C:\WINDOWS;C:\WINDOWS\System32\Wbem;C:\WINDOWS\System32\WindowsPowerShell\v1.0\;C:\WINDOWS\System32\OpenSSH\;C:\Users\Ivan\AppData\Local\Programs\Python\Python37\Scripts\;C:\Users\Ivan\AppData\Local\Programs\Python\Python37\;C:\Users\Ivan\.deno\bin;C:\Program Files\AdoptOpenJDK\jdk-11.0.3.7-hotspot\bin;C:\Program Files (x86)\Common Files\Oracle\Java\javapath;C:\WINDOWS\system32;C:\WINDOWS;C:\WINDOWS\System32\Wbem;C:\WINDOWS\System32\WindowsPowerShell\v1.0\;C:\WINDOWS\System32\OpenSSH\;C:\Program Files\Microsoft VS Code\bin;C:\Program Files (x86)\Common Files\Acronis\VirtualFile\;C:\Program Files (x86)\Common Files\Acronis\VirtualFile64\;C:\Program Files (x86)\Common Files\Acronis\FileProtector\;C:\Program Files (x86)\Common Files\Acronis\FileProtector64\;C:\Program Files (x86)\Common Files\Acronis\SnapAPI\;C:\Program Files\SourceGear\Common\DiffMerge\;D:\Gradle\gradle-5.6.2\bin;C:\Users\Public\wpilib\2020\roborio\bin;C:\Users\Public\wpilib\2020\frccode;D:\Git\cmd;C:\Pro;C:\Users\Ivan\AppData\Local\Microsoft\WindowsApps;
USERNAME=Ivan
OS=Windows_NT
PROCESSOR_IDENTIFIER=AMD64 Family 23 Model 1 Stepping 1, AuthenticAMD



---------------  S Y S T E M  ---------------

OS:
 Windows 10 , 64 bit Build 19041 (10.0.19041.1566)
OS uptime: 0 days 4:50 hours

CPU: total 8 (initial active 8) (8 cores per cpu, 2 threads per core) family 23 model 1 stepping 1 microcode 0x0, cx8, cmov, fxsr, ht, mmx, 3dnowpref, sse, sse2, sse3, ssse3, sse4a, sse4.1, sse4.2, popcnt, lzcnt, tsc, tscinvbit, avx, avx2, aes, clmul, bmi1, bmi2, adx, sha, fma, vzeroupper, clflush, clflushopt

Memory: 4k page, system-wide physical 16277M (6947M free)
TotalPageFile size 32277M (AvailPageFile size 16330M)
current process WorkingSet (physical memory assigned to process): 105M, peak: 105M
current process commit charge ("private bytes"): 473M, peak: 473M

vm_info: Java HotSpot(TM) 64-Bit Server VM (17.0.1+12-LTS-39) for windows-amd64 JRE (17.0.1+12-LTS-39), built on Sep 27 2021 18:41:35 by "mach5one" with MS VC++ 16.8 (VS2019)

END.
