#
# A fatal error has been detected by the Java Runtime Environment:
#
#  EXCEPTION_ACCESS_VIOLATION (0xc0000005) at pc=0x00007ffdfeeeed8c, pid=11468, tid=20300
#
# JRE version: Java(TM) SE Runtime Environment (17.0.2+8) (build 17.0.2+8-LTS-86)
# Java VM: Java HotSpot(TM) 64-Bit Server VM (17.0.2+8-LTS-86, mixed mode, sharing, tiered, compressed oops, compressed class ptrs, g1 gc, windows-amd64)
# Problematic frame:
# C  [ig9icd64.dll+0x7ed8c]
#
# No core dump will be written. Minidumps are not enabled by default on client versions of Windows
#
# If you would like to submit a bug report, please visit:
#   https://bugreport.java.com/bugreport/crash.jsp
# The crash happened outside the Java Virtual Machine in native code.
# See problematic frame for where to report the bug.
#

---------------  S U M M A R Y ------------

Command Line: -agentpath:C:/Program Files/NetBeans-12.6/netbeans/profiler/lib/deployed/jdk16/windows-amd64/profilerinterface.dll=C:\Program Files\NetBeans-12.6\netbeans\profiler\lib,5140,10 -XX:+HeapDumpOnOutOfMemoryError -XX:HeapDumpPath=C:\Users\Ivan\AppData\Local\NetBeans\Cache\12.6\mavencachedirs\2023566944\org-netbeans-modules-profiler com.wiz.settlementmapmaker.Main -Xmx8G

Host: Intel(R) Core(TM) i7-9750H CPU @ 2.60GHz, 12 cores, 15G,  Windows 10 , 64 bit Build 19041 (10.0.19041.1706)
Time: Tue May 31 10:44:01 2022 Mountain Daylight Time elapsed time: 9.543917 seconds (0d 0h 0m 9s)

---------------  T H R E A D  ---------------

Current thread (0x000001ddf111a8b0):  JavaThread "main" [_thread_in_native, id=20300, stack(0x00000073c3200000,0x00000073c3300000)]

Stack: [0x00000073c3200000,0x00000073c3300000],  sp=0x00000073c32febd0,  free space=1018k
Native frames: (J=compiled Java code, j=interpreted, Vv=VM code, C=native code)
C  [ig9icd64.dll+0x7ed8c]

Java frames: (J=compiled Java code, j=interpreted, Vv=VM code)
J 1905  org.lwjgl.opengl.GL15C.nglBufferData(IJJI)V (0 bytes) @ 0x000001dd87b56bf6 [0x000001dd87b56ba0+0x0000000000000056]
J 2480 c1 org.lwjgl.opengl.GL15C.glBufferData(ILjava/nio/FloatBuffer;I)V (19 bytes) @ 0x000001dd80a04d54 [0x000001dd80a04ae0+0x0000000000000274]
J 2383 c2 com.wiz.settlementmapmaker.WindowVisualizer.drawLines(Ljava/util/ArrayList;FLGUI/DrawColor;Z)V (218 bytes) @ 0x000001dd87bced8c [0x000001dd87bcda00+0x000000000000138c]
J 2476 c2 com.wiz.settlementmapmaker.DataDisplayer.drawStyleGroups()V (1051 bytes) @ 0x000001dd87bf3a58 [0x000001dd87bf1260+0x00000000000027f8]
j  com.wiz.settlementmapmaker.DataDisplayer.display()V+891
J 2546 c1 com.wiz.settlementmapmaker.RuntimeManager.update()V (30 bytes) @ 0x000001dd80a1951c [0x000001dd80a193e0+0x000000000000013c]
j  com.wiz.settlementmapmaker.Window.run()V+194
j  com.wiz.settlementmapmaker.Main.main([Ljava/lang/String;)V+20
v  ~StubRoutines::call_stub

siginfo: EXCEPTION_ACCESS_VIOLATION (0xc0000005), reading address 0x000001ddb181b000


Register to memory mapping:

RIP=0x00007ffdfeeeed8c ig9icd64.dll
RAX=0x0000000000000018 is an unknown value
RBX=0x000001dd9d681b20 points into unknown readable memory: 0x000001dd99668000 | 00 80 66 99 dd 01 00 00
RCX=0x0 is NULL
RDX=0x000001ddb181afe0 points into unknown readable memory: 0x3fc0b9e9bf6f10d4 | d4 10 6f bf e9 b9 c0 3f
RSP=0x00000073c32febd0 is pointing into the stack for thread: 0x000001ddf111a8b0
RBP=0x0000000000043110 is an unknown value
RSI=0x000000000000000a is an unknown value
RDI=0x000001dd99668c00 points into unknown readable memory: 0xbf01d423be232c74 | 74 2c 23 be 23 d4 01 bf
R8 =0x0000000000043110 is an unknown value
R9 =0x0000000000000862 is an unknown value
R10=0x0000000000000019 is an unknown value
R11=0x0000000000000246 is an unknown value
R12=0x0000000000043110 is an unknown value
R13=0x0000000000000001 is an unknown value
R14=0x000001dd9688cfc0 points into unknown readable memory: 0x000001dd96a8c040 | 40 c0 a8 96 dd 01 00 00
R15=0x000001ddb181a3e0 points into unknown readable memory: 0x000001ddb2b11f80 | 80 1f b1 b2 dd 01 00 00


Registers:
RAX=0x0000000000000018, RBX=0x000001dd9d681b20, RCX=0x0000000000000000, RDX=0x000001ddb181afe0
RSP=0x00000073c32febd0, RBP=0x0000000000043110, RSI=0x000000000000000a, RDI=0x000001dd99668c00
R8 =0x0000000000043110, R9 =0x0000000000000862, R10=0x0000000000000019, R11=0x0000000000000246
R12=0x0000000000043110, R13=0x0000000000000001, R14=0x000001dd9688cfc0, R15=0x000001ddb181a3e0
RIP=0x00007ffdfeeeed8c, EFLAGS=0x0000000000010203

Top of Stack: (sp=0x00000073c32febd0)
0x00000073c32febd0:   3ff0ff9e3f87fcf3 0000000000000000
0x00000073c32febe0:   00000000e0f8026d 0000000000000000
0x00000073c32febf0:   000001dd9e136010 00007ffdff48c452
0x00000073c32fec00:   000001dd9d681b20 000000000000000a
0x00000073c32fec10:   0000000000043110 0000000000000000
0x00000073c32fec20:   0000000704e07988 0000000000000000
0x00000073c32fec30:   000001ddf11304c0 000001ddf112aa50
0x00000073c32fec40:   0000000000000000 000001ddb181a3e0
0x00000073c32fec50:   0000000000043110 000001dd9688cfc0
0x00000073c32fec60:   000001dd9e136010 0000000000000000
0x00000073c32fec70:   000001dd9e135f00 00007ffdff5024eb
0x00000073c32fec80:   0000000000043110 0000000700000010
0x00000073c32fec90:   0000000700000048 0000000000000000
0x00000073c32feca0:   0000000000043110 000001ddb181a3e0
0x00000073c32fecb0:   00000073c32fecd0 0000000704e45f01
0x00000073c32fecc0:   0000000000000301 0000000000000300 

Instructions: (pc=0x00007ffdfeeeed8c)
0x00007ffdfeeeec8c:   00 66 0f 64 c8 f3 0f 6f 02 49 03 d1 66 0f f7 c1
0x00007ffdfeeeec9c:   49 03 f9 41 8b c1 44 8b d1 4c 2b c0 0f 29 74 24
0x00007ffdfeeeecac:   10 4d 8b c8 0f 29 3c 24 49 c1 e9 07 f6 c2 0f 0f
0x00007ffdfeeeecbc:   84 af 00 00 00 4d 85 c9 74 6b 66 66 0f 1f 84 00
0x00007ffdfeeeeccc:   00 00 00 00 f3 0f 6f 02 41 ff c2 f3 0f 6f 4a 10
0x00007ffdfeeeecdc:   41 8b c2 f3 0f 6f 52 20 f3 0f 6f 5a 30 f3 0f 6f
0x00007ffdfeeeecec:   62 40 f3 0f 6f 6a 50 f3 0f 6f 72 60 f3 0f 6f 7a
0x00007ffdfeeeecfc:   70 66 0f e7 07 66 0f e7 4f 10 66 0f e7 57 20 66
0x00007ffdfeeeed0c:   0f e7 5f 30 66 0f e7 67 40 66 0f e7 6f 50 66 0f
0x00007ffdfeeeed1c:   e7 77 60 66 0f e7 7f 70 48 83 ef 80 48 83 ea 80
0x00007ffdfeeeed2c:   49 3b c1 72 9f 41 83 e0 7f 0f 84 e0 00 00 00 45
0x00007ffdfeeeed3c:   8b d0 44 8b c9 49 c1 ea 04 4d 85 d2 0f 84 cd 00
0x00007ffdfeeeed4c:   00 00 66 90 f3 0f 6f 02 41 ff c1 48 83 c2 10 41
0x00007ffdfeeeed5c:   8b c1 66 0f e7 07 48 83 c7 10 49 3b c2 72 e5 e9
0x00007ffdfeeeed6c:   ab 00 00 00 4d 85 c9 74 6c 66 66 66 0f 1f 84 00
0x00007ffdfeeeed7c:   00 00 00 00 f3 0f 6f 02 41 ff c2 f3 0f 6f 4a 10
0x00007ffdfeeeed8c:   f3 0f 6f 52 20 f3 0f 6f 5a 30 f3 0f 6f 62 40 f3
0x00007ffdfeeeed9c:   0f 6f 6a 50 f3 0f 6f 72 60 f3 0f 6f 7a 70 48 83
0x00007ffdfeeeedac:   ea 80 66 0f e7 07 66 0f e7 4f 10 66 0f e7 57 20
0x00007ffdfeeeedbc:   66 0f e7 5f 30 66 0f e7 67 40 66 0f e7 6f 50 66
0x00007ffdfeeeedcc:   0f e7 77 60 66 0f e7 7f 70 48 83 ef 80 41 8b c2
0x00007ffdfeeeeddc:   49 3b c1 72 9f 41 83 e0 7f 74 34 45 8b d0 44 8b
0x00007ffdfeeeedec:   c9 49 c1 ea 04 4d 85 d2 74 25 66 66 0f 1f 84 00
0x00007ffdfeeeedfc:   00 00 00 00 f3 0f 6f 02 41 ff c1 66 0f e7 07 48
0x00007ffdfeeeee0c:   83 c7 10 41 8b c1 48 83 c2 10 49 3b c2 72 e5 0f
0x00007ffdfeeeee1c:   28 74 24 10 0f 28 3c 24 41 83 e0 0f 74 49 45 8b
0x00007ffdfeeeee2c:   d0 44 8b c9 49 c1 ea 02 4d 85 d2 74 1e 0f 1f 80
0x00007ffdfeeeee3c:   00 00 00 00 8b 02 41 ff c1 89 07 48 83 c2 04 48
0x00007ffdfeeeee4c:   83 c7 04 41 8b c1 49 3b c2 72 e9 41 83 e0 03 76
0x00007ffdfeeeee5c:   16 48 2b d7 0f b6 04 3a ff c1 88 07 48 8d 7f 01
0x00007ffdfeeeee6c:   8b c1 49 3b c0 72 ed 48 83 c4 20 5f c3 cc cc cc
0x00007ffdfeeeee7c:   cc cc cc cc 40 53 48 83 ec 20 48 8b da 48 8b d1 


Stack slot to memory mapping:
stack at sp + 0 slots: 0x3ff0ff9e3f87fcf3 is an unknown value
stack at sp + 1 slots: 0x0 is NULL
stack at sp + 2 slots: 3774349933 is a compressed pointer to object: java.util.ArrayList 
{0x0000000707c01368} - klass: 'java/util/ArrayList'
 - ---- fields (total size 3 words):
 - protected transient 'modCount' 'I' @12  24 (18)
 - private 'size' 'I' @16  24 (18)
 - transient 'elementData' '[Ljava/lang/Object;' @20  a 'java/lang/Object'[33] {0x0000000707c01380} (e0f80270)
stack at sp + 3 slots: 0x0 is NULL
stack at sp + 4 slots: 0x000001dd9e136010 points into unknown readable memory: 0x0000000000000000 | 00 00 00 00 00 00 00 00
stack at sp + 5 slots: 0x00007ffdff48c452 ig9icd64.dll
stack at sp + 6 slots: 0x000001dd9d681b20 points into unknown readable memory: 0x000001dd99668000 | 00 80 66 99 dd 01 00 00
stack at sp + 7 slots: 0x000000000000000a is an unknown value


---------------  P R O C E S S  ---------------

Threads class SMR info:
_java_thread_list=0x000001dd9de6e670, length=22, elements={
0x000001ddf111a8b0, 0x000001ddff1cad90, 0x000001ddff1cbc00, 0x000001ddff1e4850,
0x000001ddff1e8320, 0x000001ddff1eace0, 0x000001ddff1ec3d0, 0x000001ddffc02b70,
0x000001ddffc0b480, 0x000001ddffc17570, 0x000001ddffe36270, 0x000001dd94ffd490,
0x000001dd95207760, 0x000001dd95208810, 0x000001dd95100610, 0x000001dd950fdf90,
0x000001dd95100ae0, 0x000001dd950fd5f0, 0x000001dd95d42540, 0x000001dd95d40d30,
0x000001dd95d416d0, 0x000001dd95d3fec0
}

Java Threads: ( => current thread )
=>0x000001ddf111a8b0 JavaThread "main" [_thread_in_native, id=20300, stack(0x00000073c3200000,0x00000073c3300000)]
  0x000001ddff1cad90 JavaThread "Reference Handler" daemon [_thread_blocked, id=17372, stack(0x00000073c3900000,0x00000073c3a00000)]
  0x000001ddff1cbc00 JavaThread "Finalizer" daemon [_thread_blocked, id=19980, stack(0x00000073c3a00000,0x00000073c3b00000)]
  0x000001ddff1e4850 JavaThread "Signal Dispatcher" daemon [_thread_blocked, id=12320, stack(0x00000073c3b00000,0x00000073c3c00000)]
  0x000001ddff1e8320 JavaThread "Attach Listener" daemon [_thread_blocked, id=19244, stack(0x00000073c3c00000,0x00000073c3d00000)]
  0x000001ddff1eace0 JavaThread "Service Thread" daemon [_thread_blocked, id=18352, stack(0x00000073c3d00000,0x00000073c3e00000)]
  0x000001ddff1ec3d0 JavaThread "Monitor Deflation Thread" daemon [_thread_blocked, id=860, stack(0x00000073c3e00000,0x00000073c3f00000)]
  0x000001ddffc02b70 JavaThread "C2 CompilerThread0" daemon [_thread_blocked, id=14608, stack(0x00000073c3f00000,0x00000073c4000000)]
  0x000001ddffc0b480 JavaThread "C1 CompilerThread0" daemon [_thread_blocked, id=21776, stack(0x00000073c4000000,0x00000073c4100000)]
  0x000001ddffc17570 JavaThread "Sweeper thread" daemon [_thread_blocked, id=8168, stack(0x00000073c4100000,0x00000073c4200000)]
  0x000001ddffe36270 JavaThread "Common-Cleaner" daemon [_thread_blocked, id=2000, stack(0x00000073c4200000,0x00000073c4300000)]
  0x000001dd94ffd490 JavaThread "*** Profiler Agent Communication Thread" daemon [_thread_in_native, id=10484, stack(0x00000073c4300000,0x00000073c4400000)]
  0x000001dd95207760 JavaThread "*** JFluid Monitor thread ***" daemon [_thread_blocked, id=20592, stack(0x00000073c4400000,0x00000073c4500000)]
  0x000001dd95208810 JavaThread "*** Profiler Agent Special Execution Thread 6" daemon [_thread_blocked, id=9688, stack(0x00000073c4500000,0x00000073c4600000)]
  0x000001dd95100610 JavaThread "*** Profiler Agent Special Execution Thread 10" daemon [_thread_blocked, id=13632, stack(0x00000073c4800000,0x00000073c4900000)]
  0x000001dd950fdf90 JavaThread "Notification Thread" daemon [_thread_blocked, id=9948, stack(0x00000073c4700000,0x00000073c4800000)]
  0x000001dd95100ae0 JavaThread "Java2D Disposer" daemon [_thread_blocked, id=12052, stack(0x00000073c4600000,0x00000073c4700000)]
  0x000001dd950fd5f0 JavaThread "AWT-Windows" daemon [_thread_in_native, id=20992, stack(0x00000073c4b00000,0x00000073c4c00000)]
  0x000001dd95d42540 JavaThread "Swing-Shell" daemon [_thread_blocked, id=20988, stack(0x00000073c4c00000,0x00000073c4d00000)]
  0x000001dd95d40d30 JavaThread "AWT-Shutdown" [_thread_blocked, id=13244, stack(0x00000073c4a00000,0x00000073c4b00000)]
  0x000001dd95d416d0 JavaThread "AWT-EventQueue-0" [_thread_blocked, id=7588, stack(0x00000073c5400000,0x00000073c5500000)]
  0x000001dd95d3fec0 JavaThread "TimerQueue" daemon [_thread_blocked, id=16520, stack(0x00000073c6100000,0x00000073c6200000)]

Other Threads:
  0x000001ddff1b9a00 VMThread "VM Thread" [stack: 0x00000073c3800000,0x00000073c3900000] [id=11692]
  0x000001dd951f3130 WatcherThread [stack: 0x00000073c4900000,0x00000073c4a00000] [id=21644]
  0x000001ddf1166f50 GCTaskThread "GC Thread#0" [stack: 0x00000073c3300000,0x00000073c3400000] [id=13388]
  0x000001dd9dcd29a0 GCTaskThread "GC Thread#1" [stack: 0x00000073c5600000,0x00000073c5700000] [id=17692]
  0x000001dd9dcd16d0 GCTaskThread "GC Thread#2" [stack: 0x00000073c5700000,0x00000073c5800000] [id=13808]
  0x000001dd9dcd1ee0 GCTaskThread "GC Thread#3" [stack: 0x00000073c5800000,0x00000073c5900000] [id=22072]
  0x000001dd9dcd2440 GCTaskThread "GC Thread#4" [stack: 0x00000073c5900000,0x00000073c5a00000] [id=16612]
  0x000001dd9dcd1980 GCTaskThread "GC Thread#5" [stack: 0x00000073c5a00000,0x00000073c5b00000] [id=8496]
  0x000001dd9dcd0ec0 GCTaskThread "GC Thread#6" [stack: 0x00000073c5b00000,0x00000073c5c00000] [id=21016]
  0x000001dd9dcd1170 GCTaskThread "GC Thread#7" [stack: 0x00000073c5c00000,0x00000073c5d00000] [id=21684]
  0x000001dd9dcd1420 GCTaskThread "GC Thread#8" [stack: 0x00000073c5d00000,0x00000073c5e00000] [id=13072]
  0x000001dd9dcd1c30 GCTaskThread "GC Thread#9" [stack: 0x00000073c5e00000,0x00000073c5f00000] [id=15376]
  0x000001ddf1178a60 ConcurrentGCThread "G1 Main Marker" [stack: 0x00000073c3400000,0x00000073c3500000] [id=21936]
  0x000001ddf117ac20 ConcurrentGCThread "G1 Conc#0" [stack: 0x00000073c3500000,0x00000073c3600000] [id=13744]
  0x000001ddf11ed1c0 ConcurrentGCThread "G1 Refine#0" [stack: 0x00000073c3600000,0x00000073c3700000] [id=11156]
  0x000001dd9db72c80 ConcurrentGCThread "G1 Refine#1" [stack: 0x00000073c6400000,0x00000073c6500000] [id=21968]
  0x000001dd9db71580 ConcurrentGCThread "G1 Refine#2" [stack: 0x00000073c6500000,0x00000073c6600000] [id=10152]
  0x000001dd9db73240 ConcurrentGCThread "G1 Refine#3" [stack: 0x00000073c6600000,0x00000073c6700000] [id=18156]
  0x000001ddb15f3d10 ConcurrentGCThread "G1 Refine#4" [stack: 0x00000073c6700000,0x00000073c6800000] [id=16828]
  0x000001ddb15f5410 ConcurrentGCThread "G1 Refine#5" [stack: 0x00000073c6800000,0x00000073c6900000] [id=11816]
  0x000001ddb15f6270 ConcurrentGCThread "G1 Refine#6" [stack: 0x00000073c6900000,0x00000073c6a00000] [id=21192]
  0x000001ddb15f2bd0 ConcurrentGCThread "G1 Refine#7" [stack: 0x00000073c6a00000,0x00000073c6b00000] [id=7560]
  0x000001ddb15f6550 ConcurrentGCThread "G1 Refine#8" [stack: 0x00000073c6b00000,0x00000073c6c00000] [id=17660]
  0x000001ddf11edbe0 ConcurrentGCThread "G1 Service" [stack: 0x00000073c3700000,0x00000073c3800000] [id=10628]

Threads with active compile tasks:

VM state: not at safepoint (normal execution)

VM Mutex/Monitor currently owned by a thread: None

Heap address: 0x0000000704400000, size: 4028 MB, Compressed Oops mode: Zero based, Oop shift amount: 3

CDS archive(s) mapped at: [0x0000000800000000-0x0000000800bc0000-0x0000000800bc0000), size 12320768, SharedBaseAddress: 0x0000000800000000, ArchiveRelocationMode: 0.
Compressed class space mapped at: 0x0000000800c00000-0x0000000840c00000, reserved size: 1073741824
Narrow klass base: 0x0000000800000000, Narrow klass shift: 0, Narrow klass range: 0x100000000

GC Precious Log:
 CPUs: 12 total, 12 available
 Memory: 16111M
 Large Page Support: Disabled
 NUMA Support: Disabled
 Compressed Oops: Enabled (Zero based)
 Heap Region Size: 2M
 Heap Min Capacity: 8M
 Heap Initial Capacity: 252M
 Heap Max Capacity: 4028M
 Pre-touch: Disabled
 Parallel Workers: 10
 Concurrent Workers: 3
 Concurrent Refinement Workers: 10
 Periodic GC: Disabled

Heap:
 garbage-first heap   total 466944K, used 57764K [0x0000000704400000, 0x0000000800000000)
  region size 2048K, 2 young (4096K), 1 survivors (2048K)
 Metaspace       used 19397K, committed 19648K, reserved 1073152K
  class space    used 2048K, committed 2176K, reserved 1048576K

Heap Regions: E=young(eden), S=young(survivor), O=old, HS=humongous(starts), HC=humongous(continues), CS=collection set, F=free, OA=open archive, CA=closed archive, TAMS=top-at-mark-start (previous, next)
|   0|0x0000000704400000, 0x0000000704600000, 0x0000000704600000|100%|HS|  |TAMS 0x0000000704400000, 0x0000000704400000| Complete 
|   1|0x0000000704600000, 0x0000000704800000, 0x0000000704800000|100%| O|  |TAMS 0x0000000704600000, 0x0000000704600000| Untracked 
|   2|0x0000000704800000, 0x0000000704a00000, 0x0000000704a00000|100%| O|  |TAMS 0x0000000704800000, 0x0000000704800000| Untracked 
|   3|0x0000000704a00000, 0x0000000704c00000, 0x0000000704c00000|100%|HS|  |TAMS 0x0000000704a00000, 0x0000000704a00000| Complete 
|   4|0x0000000704c00000, 0x0000000704e00000, 0x0000000704e00000|100%|HC|  |TAMS 0x0000000704c00000, 0x0000000704c00000| Complete 
|   5|0x0000000704e00000, 0x0000000705000000, 0x0000000705000000|100%| O|  |TAMS 0x0000000704e00000, 0x0000000704e00000| Untracked 
|   6|0x0000000705000000, 0x0000000705200000, 0x0000000705200000|100%| O|  |TAMS 0x0000000705000000, 0x0000000705000000| Untracked 
|   7|0x0000000705200000, 0x0000000705400000, 0x0000000705400000|100%| O|  |TAMS 0x0000000705200000, 0x0000000705200000| Untracked 
|   8|0x0000000705400000, 0x0000000705600000, 0x0000000705600000|100%| O|  |TAMS 0x0000000705400000, 0x0000000705400000| Untracked 
|   9|0x0000000705600000, 0x0000000705800000, 0x0000000705800000|100%| O|  |TAMS 0x0000000705600000, 0x0000000705600000| Untracked 
|  10|0x0000000705800000, 0x0000000705a00000, 0x0000000705a00000|100%| O|  |TAMS 0x0000000705800000, 0x0000000705800000| Untracked 
|  11|0x0000000705a00000, 0x0000000705c00000, 0x0000000705c00000|100%| O|  |TAMS 0x0000000705a00000, 0x0000000705a00000| Untracked 
|  12|0x0000000705c00000, 0x0000000705e00000, 0x0000000705e00000|100%| O|  |TAMS 0x0000000705c00000, 0x0000000705c00000| Untracked 
|  13|0x0000000705e00000, 0x0000000706000000, 0x0000000706000000|100%| O|  |TAMS 0x0000000705e00000, 0x0000000705e00000| Untracked 
|  14|0x0000000706000000, 0x0000000706200000, 0x0000000706200000|100%| O|  |TAMS 0x0000000706000000, 0x0000000706000000| Untracked 
|  15|0x0000000706200000, 0x0000000706400000, 0x0000000706400000|100%| O|  |TAMS 0x0000000706200000, 0x0000000706200000| Untracked 
|  16|0x0000000706400000, 0x0000000706600000, 0x0000000706600000|100%| O|  |TAMS 0x0000000706400000, 0x0000000706400000| Untracked 
|  17|0x0000000706600000, 0x0000000706800000, 0x0000000706800000|100%| O|  |TAMS 0x0000000706600000, 0x0000000706600000| Untracked 
|  18|0x0000000706800000, 0x0000000706a00000, 0x0000000706a00000|100%| O|  |TAMS 0x0000000706800000, 0x0000000706800000| Untracked 
|  19|0x0000000706a00000, 0x0000000706c00000, 0x0000000706c00000|100%| O|  |TAMS 0x0000000706a00000, 0x0000000706a00000| Untracked 
|  20|0x0000000706c00000, 0x0000000706e00000, 0x0000000706e00000|100%| O|  |TAMS 0x0000000706c00000, 0x0000000706c00000| Untracked 
|  21|0x0000000706e00000, 0x0000000707000000, 0x0000000707000000|100%| O|  |TAMS 0x0000000706e00000, 0x0000000706e00000| Untracked 
|  22|0x0000000707000000, 0x0000000707200000, 0x0000000707200000|100%| O|  |TAMS 0x0000000707000000, 0x0000000707000000| Untracked 
|  23|0x0000000707200000, 0x0000000707400000, 0x0000000707400000|100%| O|  |TAMS 0x0000000707200000, 0x0000000707200000| Untracked 
|  24|0x0000000707400000, 0x0000000707600000, 0x0000000707600000|100%| O|  |TAMS 0x0000000707400000, 0x0000000707400000| Untracked 
|  25|0x0000000707600000, 0x0000000707800000, 0x0000000707800000|100%| O|  |TAMS 0x0000000707600000, 0x0000000707600000| Untracked 
|  26|0x0000000707800000, 0x0000000707a00000, 0x0000000707a00000|100%| O|  |TAMS 0x0000000707800000, 0x0000000707800000| Untracked 
|  27|0x0000000707a00000, 0x0000000707c00000, 0x0000000707c00000|100%| O|  |TAMS 0x0000000707a00000, 0x0000000707a00000| Untracked 
|  28|0x0000000707c00000, 0x0000000707c20a00, 0x0000000707e00000|  6%| O|  |TAMS 0x0000000707c00000, 0x0000000707c00000| Untracked 
|  29|0x0000000707e00000, 0x0000000707e00000, 0x0000000708000000|  0%| F|  |TAMS 0x0000000707e00000, 0x0000000707e00000| Untracked 
|  30|0x0000000708000000, 0x0000000708000000, 0x0000000708200000|  0%| F|  |TAMS 0x0000000708000000, 0x0000000708000000| Untracked 
|  31|0x0000000708200000, 0x0000000708200000, 0x0000000708400000|  0%| F|  |TAMS 0x0000000708200000, 0x0000000708200000| Untracked 
|  32|0x0000000708400000, 0x0000000708400000, 0x0000000708600000|  0%| F|  |TAMS 0x0000000708400000, 0x0000000708400000| Untracked 
|  33|0x0000000708600000, 0x0000000708600000, 0x0000000708800000|  0%| F|  |TAMS 0x0000000708600000, 0x0000000708600000| Untracked 
|  34|0x0000000708800000, 0x0000000708800000, 0x0000000708a00000|  0%| F|  |TAMS 0x0000000708800000, 0x0000000708800000| Untracked 
|  35|0x0000000708a00000, 0x0000000708a00000, 0x0000000708c00000|  0%| F|  |TAMS 0x0000000708a00000, 0x0000000708a00000| Untracked 
|  36|0x0000000708c00000, 0x0000000708c00000, 0x0000000708e00000|  0%| F|  |TAMS 0x0000000708c00000, 0x0000000708c00000| Untracked 
|  37|0x0000000708e00000, 0x0000000708e00000, 0x0000000709000000|  0%| F|  |TAMS 0x0000000708e00000, 0x0000000708e00000| Untracked 
|  38|0x0000000709000000, 0x0000000709000000, 0x0000000709200000|  0%| F|  |TAMS 0x0000000709000000, 0x0000000709000000| Untracked 
|  39|0x0000000709200000, 0x0000000709200000, 0x0000000709400000|  0%| F|  |TAMS 0x0000000709200000, 0x0000000709200000| Untracked 
|  40|0x0000000709400000, 0x0000000709400000, 0x0000000709600000|  0%| F|  |TAMS 0x0000000709400000, 0x0000000709400000| Untracked 
|  41|0x0000000709600000, 0x0000000709600000, 0x0000000709800000|  0%| F|  |TAMS 0x0000000709600000, 0x0000000709600000| Untracked 
|  42|0x0000000709800000, 0x0000000709800000, 0x0000000709a00000|  0%| F|  |TAMS 0x0000000709800000, 0x0000000709800000| Untracked 
|  43|0x0000000709a00000, 0x0000000709a00000, 0x0000000709c00000|  0%| F|  |TAMS 0x0000000709a00000, 0x0000000709a00000| Untracked 
|  44|0x0000000709c00000, 0x0000000709c00000, 0x0000000709e00000|  0%| F|  |TAMS 0x0000000709c00000, 0x0000000709c00000| Untracked 
|  45|0x0000000709e00000, 0x0000000709e00000, 0x000000070a000000|  0%| F|  |TAMS 0x0000000709e00000, 0x0000000709e00000| Untracked 
|  46|0x000000070a000000, 0x000000070a000000, 0x000000070a200000|  0%| F|  |TAMS 0x000000070a000000, 0x000000070a000000| Untracked 
|  47|0x000000070a200000, 0x000000070a200000, 0x000000070a400000|  0%| F|  |TAMS 0x000000070a200000, 0x000000070a200000| Untracked 
|  48|0x000000070a400000, 0x000000070a400000, 0x000000070a600000|  0%| F|  |TAMS 0x000000070a400000, 0x000000070a400000| Untracked 
|  49|0x000000070a600000, 0x000000070a600000, 0x000000070a800000|  0%| F|  |TAMS 0x000000070a600000, 0x000000070a600000| Untracked 
|  50|0x000000070a800000, 0x000000070a800000, 0x000000070aa00000|  0%| F|  |TAMS 0x000000070a800000, 0x000000070a800000| Untracked 
|  51|0x000000070aa00000, 0x000000070aa00000, 0x000000070ac00000|  0%| F|  |TAMS 0x000000070aa00000, 0x000000070aa00000| Untracked 
|  52|0x000000070ac00000, 0x000000070ac00000, 0x000000070ae00000|  0%| F|  |TAMS 0x000000070ac00000, 0x000000070ac00000| Untracked 
|  53|0x000000070ae00000, 0x000000070ae00000, 0x000000070b000000|  0%| F|  |TAMS 0x000000070ae00000, 0x000000070ae00000| Untracked 
|  54|0x000000070b000000, 0x000000070b000000, 0x000000070b200000|  0%| F|  |TAMS 0x000000070b000000, 0x000000070b000000| Untracked 
|  55|0x000000070b200000, 0x000000070b200000, 0x000000070b400000|  0%| F|  |TAMS 0x000000070b200000, 0x000000070b200000| Untracked 
|  56|0x000000070b400000, 0x000000070b400000, 0x000000070b600000|  0%| F|  |TAMS 0x000000070b400000, 0x000000070b400000| Untracked 
|  57|0x000000070b600000, 0x000000070b600000, 0x000000070b800000|  0%| F|  |TAMS 0x000000070b600000, 0x000000070b600000| Untracked 
|  58|0x000000070b800000, 0x000000070b800000, 0x000000070ba00000|  0%| F|  |TAMS 0x000000070b800000, 0x000000070b800000| Untracked 
|  59|0x000000070ba00000, 0x000000070ba00000, 0x000000070bc00000|  0%| F|  |TAMS 0x000000070ba00000, 0x000000070ba00000| Untracked 
|  60|0x000000070bc00000, 0x000000070bc00000, 0x000000070be00000|  0%| F|  |TAMS 0x000000070bc00000, 0x000000070bc00000| Untracked 
|  61|0x000000070be00000, 0x000000070be00000, 0x000000070c000000|  0%| F|  |TAMS 0x000000070be00000, 0x000000070be00000| Untracked 
|  62|0x000000070c000000, 0x000000070c000000, 0x000000070c200000|  0%| F|  |TAMS 0x000000070c000000, 0x000000070c000000| Untracked 
|  63|0x000000070c200000, 0x000000070c200000, 0x000000070c400000|  0%| F|  |TAMS 0x000000070c200000, 0x000000070c200000| Untracked 
|  64|0x000000070c400000, 0x000000070c400000, 0x000000070c600000|  0%| F|  |TAMS 0x000000070c400000, 0x000000070c400000| Untracked 
|  65|0x000000070c600000, 0x000000070c600000, 0x000000070c800000|  0%| F|  |TAMS 0x000000070c600000, 0x000000070c600000| Untracked 
|  66|0x000000070c800000, 0x000000070c800000, 0x000000070ca00000|  0%| F|  |TAMS 0x000000070c800000, 0x000000070c800000| Untracked 
|  67|0x000000070ca00000, 0x000000070ca00000, 0x000000070cc00000|  0%| F|  |TAMS 0x000000070ca00000, 0x000000070ca00000| Untracked 
|  68|0x000000070cc00000, 0x000000070cc00000, 0x000000070ce00000|  0%| F|  |TAMS 0x000000070cc00000, 0x000000070cc00000| Untracked 
|  69|0x000000070ce00000, 0x000000070ce00000, 0x000000070d000000|  0%| F|  |TAMS 0x000000070ce00000, 0x000000070ce00000| Untracked 
|  70|0x000000070d000000, 0x000000070d000000, 0x000000070d200000|  0%| F|  |TAMS 0x000000070d000000, 0x000000070d000000| Untracked 
|  71|0x000000070d200000, 0x000000070d200000, 0x000000070d400000|  0%| F|  |TAMS 0x000000070d200000, 0x000000070d200000| Untracked 
|  72|0x000000070d400000, 0x000000070d400000, 0x000000070d600000|  0%| F|  |TAMS 0x000000070d400000, 0x000000070d400000| Untracked 
|  73|0x000000070d600000, 0x000000070d600000, 0x000000070d800000|  0%| F|  |TAMS 0x000000070d600000, 0x000000070d600000| Untracked 
|  74|0x000000070d800000, 0x000000070d800000, 0x000000070da00000|  0%| F|  |TAMS 0x000000070d800000, 0x000000070d800000| Untracked 
|  75|0x000000070da00000, 0x000000070da00000, 0x000000070dc00000|  0%| F|  |TAMS 0x000000070da00000, 0x000000070da00000| Untracked 
|  76|0x000000070dc00000, 0x000000070dc00000, 0x000000070de00000|  0%| F|  |TAMS 0x000000070dc00000, 0x000000070dc00000| Untracked 
|  77|0x000000070de00000, 0x000000070de00000, 0x000000070e000000|  0%| F|  |TAMS 0x000000070de00000, 0x000000070de00000| Untracked 
|  78|0x000000070e000000, 0x000000070e000000, 0x000000070e200000|  0%| F|  |TAMS 0x000000070e000000, 0x000000070e000000| Untracked 
|  79|0x000000070e200000, 0x000000070e200000, 0x000000070e400000|  0%| F|  |TAMS 0x000000070e200000, 0x000000070e200000| Untracked 
|  80|0x000000070e400000, 0x000000070e400000, 0x000000070e600000|  0%| F|  |TAMS 0x000000070e400000, 0x000000070e400000| Untracked 
|  81|0x000000070e600000, 0x000000070e600000, 0x000000070e800000|  0%| F|  |TAMS 0x000000070e600000, 0x000000070e600000| Untracked 
|  82|0x000000070e800000, 0x000000070e800000, 0x000000070ea00000|  0%| F|  |TAMS 0x000000070e800000, 0x000000070e800000| Untracked 
|  83|0x000000070ea00000, 0x000000070ea00000, 0x000000070ec00000|  0%| F|  |TAMS 0x000000070ea00000, 0x000000070ea00000| Untracked 
|  84|0x000000070ec00000, 0x000000070ec00000, 0x000000070ee00000|  0%| F|  |TAMS 0x000000070ec00000, 0x000000070ec00000| Untracked 
|  85|0x000000070ee00000, 0x000000070ee00000, 0x000000070f000000|  0%| F|  |TAMS 0x000000070ee00000, 0x000000070ee00000| Untracked 
|  86|0x000000070f000000, 0x000000070f000000, 0x000000070f200000|  0%| F|  |TAMS 0x000000070f000000, 0x000000070f000000| Untracked 
|  87|0x000000070f200000, 0x000000070f200000, 0x000000070f400000|  0%| F|  |TAMS 0x000000070f200000, 0x000000070f200000| Untracked 
|  88|0x000000070f400000, 0x000000070f400000, 0x000000070f600000|  0%| F|  |TAMS 0x000000070f400000, 0x000000070f400000| Untracked 
|  89|0x000000070f600000, 0x000000070f600000, 0x000000070f800000|  0%| F|  |TAMS 0x000000070f600000, 0x000000070f600000| Untracked 
|  90|0x000000070f800000, 0x000000070f800000, 0x000000070fa00000|  0%| F|  |TAMS 0x000000070f800000, 0x000000070f800000| Untracked 
|  91|0x000000070fa00000, 0x000000070fa00000, 0x000000070fc00000|  0%| F|  |TAMS 0x000000070fa00000, 0x000000070fa00000| Untracked 
|  92|0x000000070fc00000, 0x000000070fc48950, 0x000000070fe00000| 14%| S|CS|TAMS 0x000000070fc00000, 0x000000070fc00000| Complete 
|  93|0x000000070fe00000, 0x000000070fe00000, 0x0000000710000000|  0%| F|  |TAMS 0x000000070fe00000, 0x000000070fe00000| Untracked 
|  94|0x0000000710000000, 0x0000000710000000, 0x0000000710200000|  0%| F|  |TAMS 0x0000000710000000, 0x0000000710000000| Untracked 
|  95|0x0000000710200000, 0x0000000710200000, 0x0000000710400000|  0%| F|  |TAMS 0x0000000710200000, 0x0000000710200000| Untracked 
|  96|0x0000000710400000, 0x0000000710400000, 0x0000000710600000|  0%| F|  |TAMS 0x0000000710400000, 0x0000000710400000| Untracked 
|  97|0x0000000710600000, 0x0000000710600000, 0x0000000710800000|  0%| F|  |TAMS 0x0000000710600000, 0x0000000710600000| Untracked 
|  98|0x0000000710800000, 0x0000000710800000, 0x0000000710a00000|  0%| F|  |TAMS 0x0000000710800000, 0x0000000710800000| Untracked 
|  99|0x0000000710a00000, 0x0000000710a00000, 0x0000000710c00000|  0%| F|  |TAMS 0x0000000710a00000, 0x0000000710a00000| Untracked 
| 100|0x0000000710c00000, 0x0000000710c00000, 0x0000000710e00000|  0%| F|  |TAMS 0x0000000710c00000, 0x0000000710c00000| Untracked 
| 101|0x0000000710e00000, 0x0000000710e00000, 0x0000000711000000|  0%| F|  |TAMS 0x0000000710e00000, 0x0000000710e00000| Untracked 
| 102|0x0000000711000000, 0x0000000711000000, 0x0000000711200000|  0%| F|  |TAMS 0x0000000711000000, 0x0000000711000000| Untracked 
| 103|0x0000000711200000, 0x0000000711200000, 0x0000000711400000|  0%| F|  |TAMS 0x0000000711200000, 0x0000000711200000| Untracked 
| 104|0x0000000711400000, 0x0000000711400000, 0x0000000711600000|  0%| F|  |TAMS 0x0000000711400000, 0x0000000711400000| Untracked 
| 105|0x0000000711600000, 0x0000000711600000, 0x0000000711800000|  0%| F|  |TAMS 0x0000000711600000, 0x0000000711600000| Untracked 
| 106|0x0000000711800000, 0x0000000711800000, 0x0000000711a00000|  0%| F|  |TAMS 0x0000000711800000, 0x0000000711800000| Untracked 
| 107|0x0000000711a00000, 0x0000000711a00000, 0x0000000711c00000|  0%| F|  |TAMS 0x0000000711a00000, 0x0000000711a00000| Untracked 
| 108|0x0000000711c00000, 0x0000000711c00000, 0x0000000711e00000|  0%| F|  |TAMS 0x0000000711c00000, 0x0000000711c00000| Untracked 
| 109|0x0000000711e00000, 0x0000000711e00000, 0x0000000712000000|  0%| F|  |TAMS 0x0000000711e00000, 0x0000000711e00000| Untracked 
| 110|0x0000000712000000, 0x0000000712000000, 0x0000000712200000|  0%| F|  |TAMS 0x0000000712000000, 0x0000000712000000| Untracked 
| 111|0x0000000712200000, 0x0000000712200000, 0x0000000712400000|  0%| F|  |TAMS 0x0000000712200000, 0x0000000712200000| Untracked 
| 112|0x0000000712400000, 0x0000000712400000, 0x0000000712600000|  0%| F|  |TAMS 0x0000000712400000, 0x0000000712400000| Untracked 
| 113|0x0000000712600000, 0x0000000712600000, 0x0000000712800000|  0%| F|  |TAMS 0x0000000712600000, 0x0000000712600000| Untracked 
| 114|0x0000000712800000, 0x0000000712800000, 0x0000000712a00000|  0%| F|  |TAMS 0x0000000712800000, 0x0000000712800000| Untracked 
| 115|0x0000000712a00000, 0x0000000712a00000, 0x0000000712c00000|  0%| F|  |TAMS 0x0000000712a00000, 0x0000000712a00000| Untracked 
| 116|0x0000000712c00000, 0x0000000712c00000, 0x0000000712e00000|  0%| F|  |TAMS 0x0000000712c00000, 0x0000000712c00000| Untracked 
| 117|0x0000000712e00000, 0x0000000712e00000, 0x0000000713000000|  0%| F|  |TAMS 0x0000000712e00000, 0x0000000712e00000| Untracked 
| 118|0x0000000713000000, 0x0000000713000000, 0x0000000713200000|  0%| F|  |TAMS 0x0000000713000000, 0x0000000713000000| Untracked 
| 119|0x0000000713200000, 0x0000000713200000, 0x0000000713400000|  0%| F|  |TAMS 0x0000000713200000, 0x0000000713200000| Untracked 
| 120|0x0000000713400000, 0x0000000713400000, 0x0000000713600000|  0%| F|  |TAMS 0x0000000713400000, 0x0000000713400000| Untracked 
| 121|0x0000000713600000, 0x0000000713600000, 0x0000000713800000|  0%| F|  |TAMS 0x0000000713600000, 0x0000000713600000| Untracked 
| 122|0x0000000713800000, 0x0000000713800000, 0x0000000713a00000|  0%| F|  |TAMS 0x0000000713800000, 0x0000000713800000| Untracked 
| 123|0x0000000713a00000, 0x0000000713a00000, 0x0000000713c00000|  0%| F|  |TAMS 0x0000000713a00000, 0x0000000713a00000| Untracked 
| 124|0x0000000713c00000, 0x0000000713c00000, 0x0000000713e00000|  0%| F|  |TAMS 0x0000000713c00000, 0x0000000713c00000| Untracked 
| 125|0x0000000713e00000, 0x0000000713e00000, 0x0000000714000000|  0%| F|  |TAMS 0x0000000713e00000, 0x0000000713e00000| Untracked 
| 126|0x0000000714000000, 0x0000000714000000, 0x0000000714200000|  0%| F|  |TAMS 0x0000000714000000, 0x0000000714000000| Untracked 
| 127|0x0000000714200000, 0x0000000714200000, 0x0000000714400000|  0%| F|  |TAMS 0x0000000714200000, 0x0000000714200000| Untracked 
| 128|0x0000000714400000, 0x0000000714400000, 0x0000000714600000|  0%| F|  |TAMS 0x0000000714400000, 0x0000000714400000| Untracked 
| 129|0x0000000714600000, 0x0000000714600000, 0x0000000714800000|  0%| F|  |TAMS 0x0000000714600000, 0x0000000714600000| Untracked 
| 130|0x0000000714800000, 0x0000000714800000, 0x0000000714a00000|  0%| F|  |TAMS 0x0000000714800000, 0x0000000714800000| Untracked 
| 131|0x0000000714a00000, 0x0000000714a00000, 0x0000000714c00000|  0%| F|  |TAMS 0x0000000714a00000, 0x0000000714a00000| Untracked 
| 132|0x0000000714c00000, 0x0000000714c00000, 0x0000000714e00000|  0%| F|  |TAMS 0x0000000714c00000, 0x0000000714c00000| Untracked 
| 133|0x0000000714e00000, 0x0000000714e00000, 0x0000000715000000|  0%| F|  |TAMS 0x0000000714e00000, 0x0000000714e00000| Untracked 
| 134|0x0000000715000000, 0x0000000715000000, 0x0000000715200000|  0%| F|  |TAMS 0x0000000715000000, 0x0000000715000000| Untracked 
| 135|0x0000000715200000, 0x0000000715200000, 0x0000000715400000|  0%| F|  |TAMS 0x0000000715200000, 0x0000000715200000| Untracked 
| 136|0x0000000715400000, 0x0000000715400000, 0x0000000715600000|  0%| F|  |TAMS 0x0000000715400000, 0x0000000715400000| Untracked 
| 137|0x0000000715600000, 0x0000000715600000, 0x0000000715800000|  0%| F|  |TAMS 0x0000000715600000, 0x0000000715600000| Untracked 
| 138|0x0000000715800000, 0x0000000715800000, 0x0000000715a00000|  0%| F|  |TAMS 0x0000000715800000, 0x0000000715800000| Untracked 
| 139|0x0000000715a00000, 0x0000000715a00000, 0x0000000715c00000|  0%| F|  |TAMS 0x0000000715a00000, 0x0000000715a00000| Untracked 
| 140|0x0000000715c00000, 0x0000000715c00000, 0x0000000715e00000|  0%| F|  |TAMS 0x0000000715c00000, 0x0000000715c00000| Untracked 
| 141|0x0000000715e00000, 0x0000000715e00000, 0x0000000716000000|  0%| F|  |TAMS 0x0000000715e00000, 0x0000000715e00000| Untracked 
| 142|0x0000000716000000, 0x0000000716000000, 0x0000000716200000|  0%| F|  |TAMS 0x0000000716000000, 0x0000000716000000| Untracked 
| 143|0x0000000716200000, 0x0000000716200000, 0x0000000716400000|  0%| F|  |TAMS 0x0000000716200000, 0x0000000716200000| Untracked 
| 144|0x0000000716400000, 0x0000000716400000, 0x0000000716600000|  0%| F|  |TAMS 0x0000000716400000, 0x0000000716400000| Untracked 
| 145|0x0000000716600000, 0x0000000716600000, 0x0000000716800000|  0%| F|  |TAMS 0x0000000716600000, 0x0000000716600000| Untracked 
| 146|0x0000000716800000, 0x0000000716800000, 0x0000000716a00000|  0%| F|  |TAMS 0x0000000716800000, 0x0000000716800000| Untracked 
| 147|0x0000000716a00000, 0x0000000716a00000, 0x0000000716c00000|  0%| F|  |TAMS 0x0000000716a00000, 0x0000000716a00000| Untracked 
| 148|0x0000000716c00000, 0x0000000716c00000, 0x0000000716e00000|  0%| F|  |TAMS 0x0000000716c00000, 0x0000000716c00000| Untracked 
| 149|0x0000000716e00000, 0x0000000716e00000, 0x0000000717000000|  0%| F|  |TAMS 0x0000000716e00000, 0x0000000716e00000| Untracked 
| 150|0x0000000717000000, 0x0000000717000000, 0x0000000717200000|  0%| F|  |TAMS 0x0000000717000000, 0x0000000717000000| Untracked 
| 151|0x0000000717200000, 0x0000000717200000, 0x0000000717400000|  0%| F|  |TAMS 0x0000000717200000, 0x0000000717200000| Untracked 
| 152|0x0000000717400000, 0x0000000717400000, 0x0000000717600000|  0%| F|  |TAMS 0x0000000717400000, 0x0000000717400000| Untracked 
| 153|0x0000000717600000, 0x0000000717600000, 0x0000000717800000|  0%| F|  |TAMS 0x0000000717600000, 0x0000000717600000| Untracked 
| 154|0x0000000717800000, 0x0000000717800000, 0x0000000717a00000|  0%| F|  |TAMS 0x0000000717800000, 0x0000000717800000| Untracked 
| 155|0x0000000717a00000, 0x0000000717a00000, 0x0000000717c00000|  0%| F|  |TAMS 0x0000000717a00000, 0x0000000717a00000| Untracked 
| 156|0x0000000717c00000, 0x0000000717c00000, 0x0000000717e00000|  0%| F|  |TAMS 0x0000000717c00000, 0x0000000717c00000| Untracked 
| 157|0x0000000717e00000, 0x0000000717e00000, 0x0000000718000000|  0%| F|  |TAMS 0x0000000717e00000, 0x0000000717e00000| Untracked 
| 158|0x0000000718000000, 0x0000000718000000, 0x0000000718200000|  0%| F|  |TAMS 0x0000000718000000, 0x0000000718000000| Untracked 
| 159|0x0000000718200000, 0x0000000718200000, 0x0000000718400000|  0%| F|  |TAMS 0x0000000718200000, 0x0000000718200000| Untracked 
| 160|0x0000000718400000, 0x0000000718400000, 0x0000000718600000|  0%| F|  |TAMS 0x0000000718400000, 0x0000000718400000| Untracked 
| 161|0x0000000718600000, 0x0000000718600000, 0x0000000718800000|  0%| F|  |TAMS 0x0000000718600000, 0x0000000718600000| Untracked 
| 162|0x0000000718800000, 0x0000000718800000, 0x0000000718a00000|  0%| F|  |TAMS 0x0000000718800000, 0x0000000718800000| Untracked 
| 163|0x0000000718a00000, 0x0000000718a00000, 0x0000000718c00000|  0%| F|  |TAMS 0x0000000718a00000, 0x0000000718a00000| Untracked 
| 164|0x0000000718c00000, 0x0000000718c00000, 0x0000000718e00000|  0%| F|  |TAMS 0x0000000718c00000, 0x0000000718c00000| Untracked 
| 165|0x0000000718e00000, 0x0000000718e00000, 0x0000000719000000|  0%| F|  |TAMS 0x0000000718e00000, 0x0000000718e00000| Untracked 
| 166|0x0000000719000000, 0x0000000719000000, 0x0000000719200000|  0%| F|  |TAMS 0x0000000719000000, 0x0000000719000000| Untracked 
| 167|0x0000000719200000, 0x0000000719200000, 0x0000000719400000|  0%| F|  |TAMS 0x0000000719200000, 0x0000000719200000| Untracked 
| 168|0x0000000719400000, 0x0000000719400000, 0x0000000719600000|  0%| F|  |TAMS 0x0000000719400000, 0x0000000719400000| Untracked 
| 169|0x0000000719600000, 0x0000000719600000, 0x0000000719800000|  0%| F|  |TAMS 0x0000000719600000, 0x0000000719600000| Untracked 
| 170|0x0000000719800000, 0x0000000719800000, 0x0000000719a00000|  0%| F|  |TAMS 0x0000000719800000, 0x0000000719800000| Untracked 
| 171|0x0000000719a00000, 0x0000000719a00000, 0x0000000719c00000|  0%| F|  |TAMS 0x0000000719a00000, 0x0000000719a00000| Untracked 
| 172|0x0000000719c00000, 0x0000000719c00000, 0x0000000719e00000|  0%| F|  |TAMS 0x0000000719c00000, 0x0000000719c00000| Untracked 
| 173|0x0000000719e00000, 0x0000000719e00000, 0x000000071a000000|  0%| F|  |TAMS 0x0000000719e00000, 0x0000000719e00000| Untracked 
| 174|0x000000071a000000, 0x000000071a000000, 0x000000071a200000|  0%| F|  |TAMS 0x000000071a000000, 0x000000071a000000| Untracked 
| 175|0x000000071a200000, 0x000000071a200000, 0x000000071a400000|  0%| F|  |TAMS 0x000000071a200000, 0x000000071a200000| Untracked 
| 176|0x000000071a400000, 0x000000071a400000, 0x000000071a600000|  0%| F|  |TAMS 0x000000071a400000, 0x000000071a400000| Untracked 
| 177|0x000000071a600000, 0x000000071a600000, 0x000000071a800000|  0%| F|  |TAMS 0x000000071a600000, 0x000000071a600000| Untracked 
| 178|0x000000071a800000, 0x000000071a800000, 0x000000071aa00000|  0%| F|  |TAMS 0x000000071a800000, 0x000000071a800000| Untracked 
| 179|0x000000071aa00000, 0x000000071aa00000, 0x000000071ac00000|  0%| F|  |TAMS 0x000000071aa00000, 0x000000071aa00000| Untracked 
| 180|0x000000071ac00000, 0x000000071ac00000, 0x000000071ae00000|  0%| F|  |TAMS 0x000000071ac00000, 0x000000071ac00000| Untracked 
| 181|0x000000071ae00000, 0x000000071ae00000, 0x000000071b000000|  0%| F|  |TAMS 0x000000071ae00000, 0x000000071ae00000| Untracked 
| 182|0x000000071b000000, 0x000000071b000000, 0x000000071b200000|  0%| F|  |TAMS 0x000000071b000000, 0x000000071b000000| Untracked 
| 183|0x000000071b200000, 0x000000071b200000, 0x000000071b400000|  0%| F|  |TAMS 0x000000071b200000, 0x000000071b200000| Untracked 
| 184|0x000000071b400000, 0x000000071b400000, 0x000000071b600000|  0%| F|  |TAMS 0x000000071b400000, 0x000000071b400000| Untracked 
| 185|0x000000071b600000, 0x000000071b600000, 0x000000071b800000|  0%| F|  |TAMS 0x000000071b600000, 0x000000071b600000| Untracked 
| 186|0x000000071b800000, 0x000000071b800000, 0x000000071ba00000|  0%| F|  |TAMS 0x000000071b800000, 0x000000071b800000| Untracked 
| 187|0x000000071ba00000, 0x000000071ba00000, 0x000000071bc00000|  0%| F|  |TAMS 0x000000071ba00000, 0x000000071ba00000| Untracked 
| 188|0x000000071bc00000, 0x000000071bc00000, 0x000000071be00000|  0%| F|  |TAMS 0x000000071bc00000, 0x000000071bc00000| Untracked 
| 189|0x000000071be00000, 0x000000071be00000, 0x000000071c000000|  0%| F|  |TAMS 0x000000071be00000, 0x000000071be00000| Untracked 
| 190|0x000000071c000000, 0x000000071c000000, 0x000000071c200000|  0%| F|  |TAMS 0x000000071c000000, 0x000000071c000000| Untracked 
| 191|0x000000071c200000, 0x000000071c200000, 0x000000071c400000|  0%| F|  |TAMS 0x000000071c200000, 0x000000071c200000| Untracked 
| 192|0x000000071c400000, 0x000000071c400000, 0x000000071c600000|  0%| F|  |TAMS 0x000000071c400000, 0x000000071c400000| Untracked 
| 193|0x000000071c600000, 0x000000071c600000, 0x000000071c800000|  0%| F|  |TAMS 0x000000071c600000, 0x000000071c600000| Untracked 
| 194|0x000000071c800000, 0x000000071c800000, 0x000000071ca00000|  0%| F|  |TAMS 0x000000071c800000, 0x000000071c800000| Untracked 
| 195|0x000000071ca00000, 0x000000071ca00000, 0x000000071cc00000|  0%| F|  |TAMS 0x000000071ca00000, 0x000000071ca00000| Untracked 
| 196|0x000000071cc00000, 0x000000071cc00000, 0x000000071ce00000|  0%| F|  |TAMS 0x000000071cc00000, 0x000000071cc00000| Untracked 
| 197|0x000000071ce00000, 0x000000071ce00000, 0x000000071d000000|  0%| F|  |TAMS 0x000000071ce00000, 0x000000071ce00000| Untracked 
| 198|0x000000071d000000, 0x000000071d000000, 0x000000071d200000|  0%| F|  |TAMS 0x000000071d000000, 0x000000071d000000| Untracked 
| 199|0x000000071d200000, 0x000000071d200000, 0x000000071d400000|  0%| F|  |TAMS 0x000000071d200000, 0x000000071d200000| Untracked 
| 200|0x000000071d400000, 0x000000071d400000, 0x000000071d600000|  0%| F|  |TAMS 0x000000071d400000, 0x000000071d400000| Untracked 
| 201|0x000000071d600000, 0x000000071d600000, 0x000000071d800000|  0%| F|  |TAMS 0x000000071d600000, 0x000000071d600000| Untracked 
| 202|0x000000071d800000, 0x000000071d800000, 0x000000071da00000|  0%| F|  |TAMS 0x000000071d800000, 0x000000071d800000| Untracked 
| 203|0x000000071da00000, 0x000000071da00000, 0x000000071dc00000|  0%| F|  |TAMS 0x000000071da00000, 0x000000071da00000| Untracked 
| 204|0x000000071dc00000, 0x000000071dc00000, 0x000000071de00000|  0%| F|  |TAMS 0x000000071dc00000, 0x000000071dc00000| Untracked 
| 205|0x000000071de00000, 0x000000071de00000, 0x000000071e000000|  0%| F|  |TAMS 0x000000071de00000, 0x000000071de00000| Untracked 
| 206|0x000000071e000000, 0x000000071e000000, 0x000000071e200000|  0%| F|  |TAMS 0x000000071e000000, 0x000000071e000000| Untracked 
| 207|0x000000071e200000, 0x000000071e200000, 0x000000071e400000|  0%| F|  |TAMS 0x000000071e200000, 0x000000071e200000| Untracked 
| 208|0x000000071e400000, 0x000000071e400000, 0x000000071e600000|  0%| F|  |TAMS 0x000000071e400000, 0x000000071e400000| Untracked 
| 209|0x000000071e600000, 0x000000071e600000, 0x000000071e800000|  0%| F|  |TAMS 0x000000071e600000, 0x000000071e600000| Untracked 
| 210|0x000000071e800000, 0x000000071e800000, 0x000000071ea00000|  0%| F|  |TAMS 0x000000071e800000, 0x000000071e800000| Untracked 
| 211|0x000000071ea00000, 0x000000071ea00000, 0x000000071ec00000|  0%| F|  |TAMS 0x000000071ea00000, 0x000000071ea00000| Untracked 
| 212|0x000000071ec00000, 0x000000071ec00000, 0x000000071ee00000|  0%| F|  |TAMS 0x000000071ec00000, 0x000000071ec00000| Untracked 
| 213|0x000000071ee00000, 0x000000071ee00000, 0x000000071f000000|  0%| F|  |TAMS 0x000000071ee00000, 0x000000071ee00000| Untracked 
| 214|0x000000071f000000, 0x000000071f000000, 0x000000071f200000|  0%| F|  |TAMS 0x000000071f000000, 0x000000071f000000| Untracked 
| 215|0x000000071f200000, 0x000000071f200000, 0x000000071f400000|  0%| F|  |TAMS 0x000000071f200000, 0x000000071f200000| Untracked 
| 216|0x000000071f400000, 0x000000071f400000, 0x000000071f600000|  0%| F|  |TAMS 0x000000071f400000, 0x000000071f400000| Untracked 
| 217|0x000000071f600000, 0x000000071f600000, 0x000000071f800000|  0%| F|  |TAMS 0x000000071f600000, 0x000000071f600000| Untracked 
| 218|0x000000071f800000, 0x000000071f800000, 0x000000071fa00000|  0%| F|  |TAMS 0x000000071f800000, 0x000000071f800000| Untracked 
| 219|0x000000071fa00000, 0x000000071fa00000, 0x000000071fc00000|  0%| F|  |TAMS 0x000000071fa00000, 0x000000071fa00000| Untracked 
| 220|0x000000071fc00000, 0x000000071fc00000, 0x000000071fe00000|  0%| F|  |TAMS 0x000000071fc00000, 0x000000071fc00000| Untracked 
| 221|0x000000071fe00000, 0x000000071fe00000, 0x0000000720000000|  0%| F|  |TAMS 0x000000071fe00000, 0x000000071fe00000| Untracked 
| 222|0x0000000720000000, 0x0000000720000000, 0x0000000720200000|  0%| F|  |TAMS 0x0000000720000000, 0x0000000720000000| Untracked 
| 223|0x0000000720200000, 0x0000000720200000, 0x0000000720400000|  0%| F|  |TAMS 0x0000000720200000, 0x0000000720200000| Untracked 
| 224|0x0000000720400000, 0x0000000720400000, 0x0000000720600000|  0%| F|  |TAMS 0x0000000720400000, 0x0000000720400000| Untracked 
| 225|0x0000000720600000, 0x0000000720600000, 0x0000000720800000|  0%| F|  |TAMS 0x0000000720600000, 0x0000000720600000| Untracked 
| 226|0x0000000720800000, 0x0000000720800000, 0x0000000720a00000|  0%| F|  |TAMS 0x0000000720800000, 0x0000000720800000| Untracked 
| 227|0x0000000720a00000, 0x0000000720b07810, 0x0000000720c00000| 51%| E|  |TAMS 0x0000000720a00000, 0x0000000720a00000| Complete 

Card table byte_map: [0x000001ddf96a0000,0x000001ddf9e80000] _byte_map_base: 0x000001ddf5e7e000

Marking Bits (Prev, Next): (CMBitMap*) 0x000001ddf1168570, (CMBitMap*) 0x000001ddf11685b0
 Prev Bits: [0x000001ddfa660000, 0x000001ddfe550000)
 Next Bits: [0x000001dd8f000000, 0x000001dd92ef0000)

Polling page: 0x000001ddeee10000

Metaspace:

Usage:
  Non-class:     16.94 MB used.
      Class:      2.00 MB used.
       Both:     18.94 MB used.

Virtual space:
  Non-class space:       24.00 MB reserved,      17.06 MB ( 71%) committed,  3 nodes.
      Class space:        1.00 GB reserved,       2.12 MB ( <1%) committed,  1 nodes.
             Both:        1.02 GB reserved,      19.19 MB (  2%) committed. 

Chunk freelists:
   Non-Class:  2.25 MB
       Class:  1.69 MB
        Both:  3.94 MB

MaxMetaspaceSize: unlimited
CompressedClassSpaceSize: 1.00 GB
Initial GC threshold: 21.00 MB
Current GC threshold: 21.00 MB
CDS: on
MetaspaceReclaimPolicy: balanced
 - commit_granule_bytes: 65536.
 - commit_granule_words: 8192.
 - virtual_space_node_default_size: 1048576.
 - enlarge_chunks_in_place: 1.
 - new_chunks_are_fully_committed: 0.
 - uncommit_free_chunks: 1.
 - use_allocation_guard: 0.
 - handle_deallocations: 1.


Internal statistics:

num_allocs_failed_limit: 0.
num_arena_births: 228.
num_arena_deaths: 0.
num_vsnodes_births: 4.
num_vsnodes_deaths: 0.
num_space_committed: 305.
num_space_uncommitted: 0.
num_chunks_returned_to_freelist: 0.
num_chunks_taken_from_freelist: 457.
num_chunk_merges: 0.
num_chunk_splits: 292.
num_chunks_enlarged: 183.
num_purges: 0.
num_inconsistent_stats: 0.

CodeHeap 'non-profiled nmethods': size=120000Kb used=1245Kb max_used=1245Kb free=118754Kb
 bounds [0x000001dd87ad0000, 0x000001dd87d40000, 0x000001dd8f000000]
CodeHeap 'profiled nmethods': size=120000Kb used=4589Kb max_used=4589Kb free=115410Kb
 bounds [0x000001dd805a0000, 0x000001dd80a20000, 0x000001dd87ad0000]
CodeHeap 'non-nmethods': size=5760Kb used=1865Kb max_used=1963Kb free=3894Kb
 bounds [0x000001dd80000000, 0x000001dd80270000, 0x000001dd805a0000]
 total_blobs=3934 nmethods=2556 adapters=1290
 compilation: enabled
              stopped_count=0, restarted_count=0
 full_count=0

Compilation events (20 events):
Event: 9.242 Thread 0x000001ddffc0b480 2527       3       java.util.ArrayList::clear (43 bytes)
Event: 9.242 Thread 0x000001ddffc0b480 nmethod 2527 0x000001dd80a13c10 code [0x000001dd80a13dc0, 0x000001dd80a14158]
Event: 9.476 Thread 0x000001ddffc0b480 2536       3       imgui.glfw.ImGuiImplGlfw::updateMouseCursor (149 bytes)
Event: 9.477 Thread 0x000001ddffc0b480 nmethod 2536 0x000001dd80a14290 code [0x000001dd80a14520, 0x000001dd80a14db8]
Event: 9.477 Thread 0x000001ddffc0b480 2537       3       org.lwjgl.glfw.GLFW::glfwGetInputMode (22 bytes)
Event: 9.477 Thread 0x000001ddffc0b480 nmethod 2537 0x000001dd80a15210 code [0x000001dd80a153c0, 0x000001dd80a15678]
Event: 9.477 Thread 0x000001ddffc0b480 2540       3       org.lwjgl.glfw.GLFW::glfwSetCursor (24 bytes)
Event: 9.477 Thread 0x000001ddffc0b480 nmethod 2540 0x000001dd80a15810 code [0x000001dd80a159c0, 0x000001dd80a15c78]
Event: 9.477 Thread 0x000001ddffc0b480 2542       3       org.lwjgl.glfw.GLFW::glfwSetInputMode (25 bytes)
Event: 9.477 Thread 0x000001ddffc0b480 nmethod 2542 0x000001dd80a15e10 code [0x000001dd80a15fc0, 0x000001dd80a16278]
Event: 9.477 Thread 0x000001ddffc0b480 2544       3       imgui.glfw.ImGuiImplGlfw::updateGamepads (249 bytes)
Event: 9.478 Thread 0x000001ddffc0b480 nmethod 2544 0x000001dd80a16410 code [0x000001dd80a169a0, 0x000001dd80a18918]
Event: 9.478 Thread 0x000001ddffc0b480 2546       3       com.wiz.settlementmapmaker.RuntimeManager::update (30 bytes)
Event: 9.478 Thread 0x000001ddffc0b480 nmethod 2546 0x000001dd80a19210 code [0x000001dd80a193e0, 0x000001dd80a19608]
Event: 9.492 Thread 0x000001ddffc0b480 2550       3       GUI.GUILayer::settlementManagement (164 bytes)
Event: 9.493 Thread 0x000001ddffc0b480 nmethod 2550 0x000001dd80a19790 code [0x000001dd80a19aa0, 0x000001dd80a1a658]
Event: 9.493 Thread 0x000001ddffc0b480 2560       3       org.lwjgl.glfw.GLFW::glfwSwapBuffers (21 bytes)
Event: 9.493 Thread 0x000001ddffc0b480 nmethod 2560 0x000001dd80a1ac10 code [0x000001dd80a1adc0, 0x000001dd80a1b058]
Event: 9.493 Thread 0x000001ddffc0b480 2561       3       org.lwjgl.glfw.GLFW::glfwPollEvents (9 bytes)
Event: 9.493 Thread 0x000001ddffc0b480 nmethod 2561 0x000001dd80a1b190 code [0x000001dd80a1b320, 0x000001dd80a1b448]

GC Heap History (20 events):
Event: 8.215 GC heap before
{Heap before GC invocations=16 (full 0):
 garbage-first heap   total 466944K, used 333942K [0x0000000704400000, 0x0000000800000000)
  region size 2048K, 136 young (278528K), 1 survivors (2048K)
 Metaspace       used 19376K, committed 19648K, reserved 1073152K
  class space    used 2048K, committed 2176K, reserved 1048576K
}
Event: 8.216 GC heap after
{Heap after GC invocations=17 (full 0):
 garbage-first heap   total 466944K, used 57721K [0x0000000704400000, 0x0000000800000000)
  region size 2048K, 1 young (2048K), 1 survivors (2048K)
 Metaspace       used 19376K, committed 19648K, reserved 1073152K
  class space    used 2048K, committed 2176K, reserved 1048576K
}
Event: 8.362 GC heap before
{Heap before GC invocations=17 (full 0):
 garbage-first heap   total 466944K, used 334201K [0x0000000704400000, 0x0000000800000000)
  region size 2048K, 136 young (278528K), 1 survivors (2048K)
 Metaspace       used 19376K, committed 19648K, reserved 1073152K
  class space    used 2048K, committed 2176K, reserved 1048576K
}
Event: 8.363 GC heap after
{Heap after GC invocations=18 (full 0):
 garbage-first heap   total 466944K, used 57720K [0x0000000704400000, 0x0000000800000000)
  region size 2048K, 1 young (2048K), 1 survivors (2048K)
 Metaspace       used 19376K, committed 19648K, reserved 1073152K
  class space    used 2048K, committed 2176K, reserved 1048576K
}
Event: 8.508 GC heap before
{Heap before GC invocations=18 (full 0):
 garbage-first heap   total 466944K, used 334200K [0x0000000704400000, 0x0000000800000000)
  region size 2048K, 136 young (278528K), 1 survivors (2048K)
 Metaspace       used 19376K, committed 19648K, reserved 1073152K
  class space    used 2048K, committed 2176K, reserved 1048576K
}
Event: 8.510 GC heap after
{Heap after GC invocations=19 (full 0):
 garbage-first heap   total 466944K, used 57459K [0x0000000704400000, 0x0000000800000000)
  region size 2048K, 1 young (2048K), 1 survivors (2048K)
 Metaspace       used 19376K, committed 19648K, reserved 1073152K
  class space    used 2048K, committed 2176K, reserved 1048576K
}
Event: 8.649 GC heap before
{Heap before GC invocations=19 (full 0):
 garbage-first heap   total 466944K, used 333939K [0x0000000704400000, 0x0000000800000000)
  region size 2048K, 136 young (278528K), 1 survivors (2048K)
 Metaspace       used 19376K, committed 19648K, reserved 1073152K
  class space    used 2048K, committed 2176K, reserved 1048576K
}
Event: 8.650 GC heap after
{Heap after GC invocations=20 (full 0):
 garbage-first heap   total 466944K, used 57739K [0x0000000704400000, 0x0000000800000000)
  region size 2048K, 1 young (2048K), 1 survivors (2048K)
 Metaspace       used 19376K, committed 19648K, reserved 1073152K
  class space    used 2048K, committed 2176K, reserved 1048576K
}
Event: 8.796 GC heap before
{Heap before GC invocations=20 (full 0):
 garbage-first heap   total 466944K, used 334219K [0x0000000704400000, 0x0000000800000000)
  region size 2048K, 136 young (278528K), 1 survivors (2048K)
 Metaspace       used 19376K, committed 19648K, reserved 1073152K
  class space    used 2048K, committed 2176K, reserved 1048576K
}
Event: 8.797 GC heap after
{Heap after GC invocations=21 (full 0):
 garbage-first heap   total 466944K, used 57748K [0x0000000704400000, 0x0000000800000000)
  region size 2048K, 1 young (2048K), 1 survivors (2048K)
 Metaspace       used 19376K, committed 19648K, reserved 1073152K
  class space    used 2048K, committed 2176K, reserved 1048576K
}
Event: 8.943 GC heap before
{Heap before GC invocations=21 (full 0):
 garbage-first heap   total 466944K, used 334228K [0x0000000704400000, 0x0000000800000000)
  region size 2048K, 136 young (278528K), 1 survivors (2048K)
 Metaspace       used 19376K, committed 19648K, reserved 1073152K
  class space    used 2048K, committed 2176K, reserved 1048576K
}
Event: 8.945 GC heap after
{Heap after GC invocations=22 (full 0):
 garbage-first heap   total 466944K, used 57757K [0x0000000704400000, 0x0000000800000000)
  region size 2048K, 1 young (2048K), 1 survivors (2048K)
 Metaspace       used 19376K, committed 19648K, reserved 1073152K
  class space    used 2048K, committed 2176K, reserved 1048576K
}
Event: 9.084 GC heap before
{Heap before GC invocations=22 (full 0):
 garbage-first heap   total 466944K, used 334237K [0x0000000704400000, 0x0000000800000000)
  region size 2048K, 136 young (278528K), 1 survivors (2048K)
 Metaspace       used 19376K, committed 19648K, reserved 1073152K
  class space    used 2048K, committed 2176K, reserved 1048576K
}
Event: 9.085 GC heap after
{Heap after GC invocations=23 (full 0):
 garbage-first heap   total 466944K, used 57764K [0x0000000704400000, 0x0000000800000000)
  region size 2048K, 1 young (2048K), 1 survivors (2048K)
 Metaspace       used 19376K, committed 19648K, reserved 1073152K
  class space    used 2048K, committed 2176K, reserved 1048576K
}
Event: 9.230 GC heap before
{Heap before GC invocations=23 (full 0):
 garbage-first heap   total 466944K, used 334244K [0x0000000704400000, 0x0000000800000000)
  region size 2048K, 136 young (278528K), 1 survivors (2048K)
 Metaspace       used 19378K, committed 19648K, reserved 1073152K
  class space    used 2048K, committed 2176K, reserved 1048576K
}
Event: 9.232 GC heap after
{Heap after GC invocations=24 (full 0):
 garbage-first heap   total 466944K, used 57764K [0x0000000704400000, 0x0000000800000000)
  region size 2048K, 1 young (2048K), 1 survivors (2048K)
 Metaspace       used 19378K, committed 19648K, reserved 1073152K
  class space    used 2048K, committed 2176K, reserved 1048576K
}
Event: 9.378 GC heap before
{Heap before GC invocations=24 (full 0):
 garbage-first heap   total 466944K, used 334244K [0x0000000704400000, 0x0000000800000000)
  region size 2048K, 136 young (278528K), 1 survivors (2048K)
 Metaspace       used 19378K, committed 19648K, reserved 1073152K
  class space    used 2048K, committed 2176K, reserved 1048576K
}
Event: 9.380 GC heap after
{Heap after GC invocations=25 (full 0):
 garbage-first heap   total 466944K, used 57768K [0x0000000704400000, 0x0000000800000000)
  region size 2048K, 1 young (2048K), 1 survivors (2048K)
 Metaspace       used 19378K, committed 19648K, reserved 1073152K
  class space    used 2048K, committed 2176K, reserved 1048576K
}
Event: 9.521 GC heap before
{Heap before GC invocations=25 (full 0):
 garbage-first heap   total 466944K, used 334248K [0x0000000704400000, 0x0000000800000000)
  region size 2048K, 136 young (278528K), 1 survivors (2048K)
 Metaspace       used 19397K, committed 19648K, reserved 1073152K
  class space    used 2048K, committed 2176K, reserved 1048576K
}
Event: 9.523 GC heap after
{Heap after GC invocations=26 (full 0):
 garbage-first heap   total 466944K, used 57764K [0x0000000704400000, 0x0000000800000000)
  region size 2048K, 1 young (2048K), 1 survivors (2048K)
 Metaspace       used 19397K, committed 19648K, reserved 1073152K
  class space    used 2048K, committed 2176K, reserved 1048576K
}

Deoptimization events (20 events):
Event: 7.560 Thread 0x000001ddf111a8b0 DEOPT PACKING pc=0x000001dd809df342 sp=0x00000073c32fefb0
Event: 7.560 Thread 0x000001ddf111a8b0 DEOPT UNPACKING pc=0x000001dd80052b43 sp=0x00000073c32fe590 mode 0
Event: 7.608 Thread 0x000001ddf111a8b0 DEOPT PACKING pc=0x000001dd809e8b38 sp=0x00000073c32feec0
Event: 7.608 Thread 0x000001ddf111a8b0 DEOPT UNPACKING pc=0x000001dd80052b43 sp=0x00000073c32fe3e8 mode 0
Event: 7.610 Thread 0x000001ddf111a8b0 DEOPT PACKING pc=0x000001dd809df342 sp=0x00000073c32fefb0
Event: 7.610 Thread 0x000001ddf111a8b0 DEOPT UNPACKING pc=0x000001dd80052b43 sp=0x00000073c32fe590 mode 0
Event: 7.661 Thread 0x000001ddf111a8b0 DEOPT PACKING pc=0x000001dd809df342 sp=0x00000073c32fefb0
Event: 7.661 Thread 0x000001ddf111a8b0 DEOPT UNPACKING pc=0x000001dd80052b43 sp=0x00000073c32fe590 mode 0
Event: 7.710 Thread 0x000001ddf111a8b0 DEOPT PACKING pc=0x000001dd809df342 sp=0x00000073c32fefb0
Event: 7.710 Thread 0x000001ddf111a8b0 DEOPT UNPACKING pc=0x000001dd80052b43 sp=0x00000073c32fe590 mode 0
Event: 7.760 Thread 0x000001ddf111a8b0 DEOPT PACKING pc=0x000001dd809df342 sp=0x00000073c32fefb0
Event: 7.760 Thread 0x000001ddf111a8b0 DEOPT UNPACKING pc=0x000001dd80052b43 sp=0x00000073c32fe590 mode 0
Event: 8.241 Thread 0x000001dd94ffd490 Uncommon trap: trap_request=0xffffffde fr.pc=0x000001dd87badedc relative=0x00000000000001bc
Event: 8.241 Thread 0x000001dd94ffd490 Uncommon trap: reason=class_check action=maybe_recompile pc=0x000001dd87badedc method=jdk.internal.reflect.DelegatingMethodAccessorImpl.invoke(Ljava/lang/Object;[Ljava/lang/Object;)Ljava/lang/Object; @ 6 c2
Event: 8.241 Thread 0x000001dd94ffd490 DEOPT PACKING pc=0x000001dd87badedc sp=0x00000073c43fe9a0
Event: 8.241 Thread 0x000001dd94ffd490 DEOPT UNPACKING pc=0x000001dd800523a3 sp=0x00000073c43fe918 mode 2
Event: 8.241 Thread 0x000001dd94ffd490 Uncommon trap: trap_request=0xffffffde fr.pc=0x000001dd87badedc relative=0x00000000000001bc
Event: 8.241 Thread 0x000001dd94ffd490 Uncommon trap: reason=class_check action=maybe_recompile pc=0x000001dd87badedc method=jdk.internal.reflect.DelegatingMethodAccessorImpl.invoke(Ljava/lang/Object;[Ljava/lang/Object;)Ljava/lang/Object; @ 6 c2
Event: 8.241 Thread 0x000001dd94ffd490 DEOPT PACKING pc=0x000001dd87badedc sp=0x00000073c43fdf70
Event: 8.241 Thread 0x000001dd94ffd490 DEOPT UNPACKING pc=0x000001dd800523a3 sp=0x00000073c43fdee8 mode 2

Classes unloaded (0 events):
No events

Classes redefined (0 events):
No events

Internal exceptions (20 events):
Event: 1.494 Thread 0x000001ddf111a8b0 Exception <a 'java/lang/NoSuchMethodError'{0x000000071301ee18}: 'java.lang.Object java.lang.invoke.DirectMethodHandle$Holder.newInvokeSpecial(java.lang.Object, java.lang.Object, int)'> (0x000000071301ee18) 
thrown [t:\workspace\open\src\hotspot\share\interpreter\linkResolver.cpp, line 766]
Event: 1.495 Thread 0x000001ddf111a8b0 Exception <a 'java/lang/NoSuchMethodError'{0x000000071302d7e0}: 'int java.lang.invoke.DirectMethodHandle$Holder.invokeStaticInit(java.lang.Object, java.lang.Object, long, long)'> (0x000000071302d7e0) 
thrown [t:\workspace\open\src\hotspot\share\interpreter\linkResolver.cpp, line 766]
Event: 1.496 Thread 0x000001ddf111a8b0 Exception <a 'java/lang/NoSuchMethodError'{0x0000000713033490}: 'java.lang.Object java.lang.invoke.DirectMethodHandle$Holder.newInvokeSpecial(java.lang.Object, java.lang.Object, long)'> (0x0000000713033490) 
thrown [t:\workspace\open\src\hotspot\share\interpreter\linkResolver.cpp, line 766]
Event: 1.497 Thread 0x000001ddf111a8b0 Exception <a 'java/lang/NoSuchMethodError'{0x0000000713036d58}: 'java.lang.Object java.lang.invoke.Invokers$Holder.linkToTargetMethod(java.lang.Object, long, java.lang.Object)'> (0x0000000713036d58) 
thrown [t:\workspace\open\src\hotspot\share\interpreter\linkResolver.cpp, line 766]
Event: 1.497 Thread 0x000001ddf111a8b0 Exception <a 'java/lang/NoSuchMethodError'{0x000000071303e228}: 'int java.lang.invoke.DirectMethodHandle$Holder.invokeStaticInit(java.lang.Object, java.lang.Object, java.lang.Object, long)'> (0x000000071303e228) 
thrown [t:\workspace\open\src\hotspot\share\interpreter\linkResolver.cpp, line 766]
Event: 1.516 Thread 0x000001ddf111a8b0 Exception <a 'sun/nio/fs/WindowsException'{0x00000007130a00f8}> (0x00000007130a00f8) 
thrown [t:\workspace\open\src\hotspot\share\prims\jni.cpp, line 516]
Event: 1.516 Thread 0x000001ddf111a8b0 Exception <a 'sun/nio/fs/WindowsException'{0x00000007130a0488}> (0x00000007130a0488) 
thrown [t:\workspace\open\src\hotspot\share\prims\jni.cpp, line 516]
Event: 1.557 Thread 0x000001ddf111a8b0 Exception <a 'sun/nio/fs/WindowsException'{0x000000071312f768}> (0x000000071312f768) 
thrown [t:\workspace\open\src\hotspot\share\prims\jni.cpp, line 516]
Event: 1.557 Thread 0x000001ddf111a8b0 Exception <a 'sun/nio/fs/WindowsException'{0x000000071312fac8}> (0x000000071312fac8) 
thrown [t:\workspace\open\src\hotspot\share\prims\jni.cpp, line 516]
Event: 1.871 Thread 0x000001ddf111a8b0 Exception <a 'sun/nio/fs/WindowsException'{0x00000007131760c0}> (0x00000007131760c0) 
thrown [t:\workspace\open\src\hotspot\share\prims\jni.cpp, line 516]
Event: 1.871 Thread 0x000001ddf111a8b0 Exception <a 'sun/nio/fs/WindowsException'{0x0000000713176460}> (0x0000000713176460) 
thrown [t:\workspace\open\src\hotspot\share\prims\jni.cpp, line 516]
Event: 1.875 Thread 0x000001ddf111a8b0 Exception <a 'sun/nio/fs/WindowsException'{0x000000071317e330}> (0x000000071317e330) 
thrown [t:\workspace\open\src\hotspot\share\prims\jni.cpp, line 516]
Event: 1.875 Thread 0x000001ddf111a8b0 Exception <a 'sun/nio/fs/WindowsException'{0x000000071317e600}> (0x000000071317e600) 
thrown [t:\workspace\open\src\hotspot\share\prims\jni.cpp, line 516]
Event: 2.586 Thread 0x000001ddf111a8b0 Exception <a 'sun/nio/fs/WindowsException'{0x0000000712c336c8}> (0x0000000712c336c8) 
thrown [t:\workspace\open\src\hotspot\share\prims\jni.cpp, line 516]
Event: 3.895 Thread 0x000001dd95d41200 Exception <a 'java/lang/NoSuchMethodError'{0x0000000712beb0b8}: 'java.lang.Object java.lang.invoke.DirectMethodHandle$Holder.newInvokeSpecial(java.lang.Object, java.lang.Object, java.lang.Object, int, int, int, int, int)'> (0x0000000712beb0b8) 
thrown [t:\workspace\open\src\hotspot\share\interpreter\linkResolver.cpp, line 766]
Event: 4.027 Thread 0x000001dd95d416d0 Implicit null exception at 0x000001dd87b3af60 to 0x000001dd87b3b024
Event: 4.335 Thread 0x000001dd950fd5f0 Exception <a 'java/lang/NoSuchMethodError'{0x0000000713da1850}: 'void java.lang.invoke.DirectMethodHandle$Holder.invokeVirtual(java.lang.Object, java.lang.Object)'> (0x0000000713da1850) 
thrown [t:\workspace\open\src\hotspot\share\interpreter\linkResolver.cpp, line 766]
Event: 4.349 Thread 0x000001dd95d416d0 Exception <a 'java/lang/NoSuchMethodError'{0x0000000713d17fb0}: 'void java.lang.invoke.DirectMethodHandle$Holder.invokeStaticInit(java.lang.Object)'> (0x0000000713d17fb0) 
thrown [t:\workspace\open\src\hotspot\share\interpreter\linkResolver.cpp, line 766]
Event: 4.452 Thread 0x000001dd95d416d0 Exception <a 'java/lang/NoSuchMethodError'{0x0000000713a2e1f8}: 'int java.lang.invoke.DirectMethodHandle$Holder.invokeStatic(java.lang.Object)'> (0x0000000713a2e1f8) 
thrown [t:\workspace\open\src\hotspot\share\interpreter\linkResolver.cpp, line 766]
Event: 6.464 Thread 0x000001dd95d416d0 Implicit null exception at 0x000001dd87bae60c to 0x000001dd87bae9a4

VM Operations (20 events):
Event: 9.391 Executing VM operation: GetAllStackTraces
Event: 9.392 Executing VM operation: GetAllStackTraces done
Event: 9.402 Executing VM operation: GetAllStackTraces
Event: 9.403 Executing VM operation: GetAllStackTraces done
Event: 9.426 Executing VM operation: GetAllStackTraces
Event: 9.427 Executing VM operation: GetAllStackTraces done
Event: 9.442 Executing VM operation: GetAllStackTraces
Event: 9.443 Executing VM operation: GetAllStackTraces done
Event: 9.455 Executing VM operation: GetAllStackTraces
Event: 9.455 Executing VM operation: GetAllStackTraces done
Event: 9.470 Executing VM operation: GetAllStackTraces
Event: 9.471 Executing VM operation: GetAllStackTraces done
Event: 9.484 Executing VM operation: GetAllStackTraces
Event: 9.484 Executing VM operation: GetAllStackTraces done
Event: 9.500 Executing VM operation: GetAllStackTraces
Event: 9.500 Executing VM operation: GetAllStackTraces done
Event: 9.520 Executing VM operation: GetAllStackTraces
Event: 9.521 Executing VM operation: GetAllStackTraces done
Event: 9.521 Executing VM operation: G1CollectForAllocation
Event: 9.523 Executing VM operation: G1CollectForAllocation done

Events (20 events):
Event: 5.929 Thread 0x000001dd9dc8f0e0 Thread added: 0x000001dd9dc8f0e0
Event: 6.006 loading class sun/awt/shell/Win32ShellFolder2$FolderDisposer$1
Event: 6.006 loading class sun/awt/shell/Win32ShellFolder2$FolderDisposer$1 done
Event: 6.469 loading class java/util/stream/Nodes$FixedNodeBuilder
Event: 6.470 loading class java/util/stream/Nodes$ArrayNode
Event: 6.470 loading class java/util/stream/Nodes$ArrayNode done
Event: 6.470 loading class java/util/stream/Nodes$FixedNodeBuilder done
Event: 6.470 loading class Shapes/EditorShape
Event: 6.470 loading class Shapes/EditorShape done
Event: 6.470 loading class Shapes/EditorShape
Event: 6.470 loading class Shapes/EditorShape done
Event: 6.543 loading class Shapes/Line
Event: 6.543 loading class Shapes/Line done
Event: 6.545 loading class Shapes/River
Event: 6.545 loading class Shapes/River done
Event: 6.547 loading class com/wiz/settlementmapmaker/Utilities/Utils
Event: 6.547 loading class com/wiz/settlementmapmaker/Utilities/Utils done
Event: 6.752 Thread 0x000001dd9dc8f0e0 Thread exited: 0x000001dd9dc8f0e0
Event: 6.805 Thread 0x000001dd9dc89ad0 Thread exited: 0x000001dd9dc89ad0
Event: 8.919 Thread 0x000001dd95d41200 Thread exited: 0x000001dd95d41200


Dynamic libraries:
0x00007ff6d0d90000 - 0x00007ff6d0da0000 	C:\Program Files\Java\jdk-17.0.2\bin\java.exe
0x00007ffe56310000 - 0x00007ffe56505000 	C:\WINDOWS\SYSTEM32\ntdll.dll
0x00007ffe55eb0000 - 0x00007ffe55f6d000 	C:\WINDOWS\System32\KERNEL32.DLL
0x00007ffe53bd0000 - 0x00007ffe53e9d000 	C:\WINDOWS\System32\KERNELBASE.dll
0x00007ffe541e0000 - 0x00007ffe542e0000 	C:\WINDOWS\System32\ucrtbase.dll
0x00007ffe4bf20000 - 0x00007ffe4bf38000 	C:\Program Files\Java\jdk-17.0.2\bin\jli.dll
0x00007ffe55a10000 - 0x00007ffe55abe000 	C:\WINDOWS\System32\ADVAPI32.dll
0x00007ffe40cb0000 - 0x00007ffe40cca000 	C:\Program Files\Java\jdk-17.0.2\bin\VCRUNTIME140.dll
0x00007ffe554b0000 - 0x00007ffe5554e000 	C:\WINDOWS\System32\msvcrt.dll
0x00007ffe55970000 - 0x00007ffe55a0c000 	C:\WINDOWS\System32\sechost.dll
0x00007ffe547e0000 - 0x00007ffe54905000 	C:\WINDOWS\System32\RPCRT4.dll
0x00007ffe54990000 - 0x00007ffe54b30000 	C:\WINDOWS\System32\USER32.dll
0x00007ffe541b0000 - 0x00007ffe541d2000 	C:\WINDOWS\System32\win32u.dll
0x00007ffe55ac0000 - 0x00007ffe55aea000 	C:\WINDOWS\System32\GDI32.dll
0x00007ffe53ac0000 - 0x00007ffe53bcb000 	C:\WINDOWS\System32\gdi32full.dll
0x00007ffe53a20000 - 0x00007ffe53abd000 	C:\WINDOWS\System32\msvcp_win.dll
0x00007ffe4c3c0000 - 0x00007ffe4c3ca000 	C:\WINDOWS\SYSTEM32\VERSION.dll
0x00007ffe3c7e0000 - 0x00007ffe3ca7a000 	C:\WINDOWS\WinSxS\amd64_microsoft.windows.common-controls_6595b64144ccf1df_6.0.19041.1110_none_60b5254171f9507e\COMCTL32.dll
0x00007ffe55840000 - 0x00007ffe55870000 	C:\WINDOWS\System32\IMM32.DLL
0x00007ffe40ca0000 - 0x00007ffe40cac000 	C:\Program Files\Java\jdk-17.0.2\bin\vcruntime140_1.dll
0x00007ffe29ea0000 - 0x00007ffe29f2d000 	C:\Program Files\Java\jdk-17.0.2\bin\msvcp140.dll
0x00007ffdffe40000 - 0x00007ffe00a01000 	C:\Program Files\Java\jdk-17.0.2\bin\server\jvm.dll
0x00007ffe55c20000 - 0x00007ffe55c28000 	C:\WINDOWS\System32\PSAPI.DLL
0x00007ffe40a60000 - 0x00007ffe40a69000 	C:\WINDOWS\SYSTEM32\WSOCK32.dll
0x00007ffe45500000 - 0x00007ffe45527000 	C:\WINDOWS\SYSTEM32\WINMM.dll
0x00007ffe558a0000 - 0x00007ffe5590b000 	C:\WINDOWS\System32\WS2_32.dll
0x00007ffe522b0000 - 0x00007ffe522c2000 	C:\WINDOWS\SYSTEM32\kernel.appcore.dll
0x00007ffe40920000 - 0x00007ffe4092a000 	C:\Program Files\Java\jdk-17.0.2\bin\jimage.dll
0x00007ffe518c0000 - 0x00007ffe51aa4000 	C:\WINDOWS\SYSTEM32\DBGHELP.DLL
0x00007ffe4b2c0000 - 0x00007ffe4b2ec000 	C:\WINDOWS\SYSTEM32\dbgcore.DLL
0x00007ffe540b0000 - 0x00007ffe54132000 	C:\WINDOWS\System32\bcryptPrimitives.dll
0x00007ffe3b0f0000 - 0x00007ffe3b0ff000 	C:\Program Files\NetBeans-12.6\netbeans\profiler\lib\deployed\jdk16\windows-amd64\profilerinterface.dll
0x00007ffe40730000 - 0x00007ffe40755000 	C:\Program Files\Java\jdk-17.0.2\bin\java.dll
0x00007ffe3b100000 - 0x00007ffe3b118000 	C:\Program Files\Java\jdk-17.0.2\bin\zip.dll
0x00007ffe12ec0000 - 0x00007ffe12f96000 	C:\Program Files\Java\jdk-17.0.2\bin\jsvml.dll
0x00007ffe54be0000 - 0x00007ffe55324000 	C:\WINDOWS\System32\SHELL32.dll
0x00007ffe51b00000 - 0x00007ffe52294000 	C:\WINDOWS\SYSTEM32\windows.storage.dll
0x00007ffe55f70000 - 0x00007ffe562c4000 	C:\WINDOWS\System32\combase.dll
0x00007ffe53480000 - 0x00007ffe534ac000 	C:\WINDOWS\SYSTEM32\Wldp.dll
0x00007ffe55e00000 - 0x00007ffe55ead000 	C:\WINDOWS\System32\SHCORE.dll
0x00007ffe55c30000 - 0x00007ffe55c85000 	C:\WINDOWS\System32\shlwapi.dll
0x00007ffe53960000 - 0x00007ffe5397f000 	C:\WINDOWS\SYSTEM32\profapi.dll
0x00007ffe40710000 - 0x00007ffe40729000 	C:\Program Files\Java\jdk-17.0.2\bin\net.dll
0x00007ffe4e7a0000 - 0x00007ffe4e8aa000 	C:\WINDOWS\SYSTEM32\WINHTTP.dll
0x00007ffe531e0000 - 0x00007ffe5324a000 	C:\WINDOWS\system32\mswsock.dll
0x00007ffe3b120000 - 0x00007ffe3b136000 	C:\Program Files\Java\jdk-17.0.2\bin\nio.dll
0x00007ffe3b0e0000 - 0x00007ffe3b0e9000 	C:\Program Files\Java\jdk-17.0.2\bin\management.dll
0x00007ffe3b0d0000 - 0x00007ffe3b0db000 	C:\Program Files\Java\jdk-17.0.2\bin\management_ext.dll
0x00007ffe533d0000 - 0x00007ffe533e8000 	C:\WINDOWS\SYSTEM32\CRYPTSP.dll
0x00007ffe52af0000 - 0x00007ffe52b24000 	C:\WINDOWS\system32\rsaenh.dll
0x00007ffe542e0000 - 0x00007ffe54307000 	C:\WINDOWS\System32\bcrypt.dll
0x00007ffe538e0000 - 0x00007ffe5390e000 	C:\WINDOWS\SYSTEM32\USERENV.dll
0x00007ffe533f0000 - 0x00007ffe533fc000 	C:\WINDOWS\SYSTEM32\CRYPTBASE.dll
0x00007ffe52e80000 - 0x00007ffe52ebb000 	C:\WINDOWS\SYSTEM32\IPHLPAPI.DLL
0x00007ffe557d0000 - 0x00007ffe557d8000 	C:\WINDOWS\System32\NSI.dll
0x00007ffe4c270000 - 0x00007ffe4c287000 	C:\WINDOWS\SYSTEM32\dhcpcsvc6.DLL
0x00007ffe4cc10000 - 0x00007ffe4cc2d000 	C:\WINDOWS\SYSTEM32\dhcpcsvc.DLL
0x00007ffe52f10000 - 0x00007ffe52fdb000 	C:\WINDOWS\SYSTEM32\DNSAPI.dll
0x00007ffe0a740000 - 0x00007ffe0a8cf000 	C:\Program Files\Java\jdk-17.0.2\bin\awt.dll
0x00007ffe55550000 - 0x00007ffe5561d000 	C:\WINDOWS\System32\OLEAUT32.dll
0x00007ffe50f40000 - 0x00007ffe50fd0000 	C:\WINDOWS\SYSTEM32\apphelp.dll
0x00007ffe51100000 - 0x00007ffe5119e000 	C:\WINDOWS\system32\uxtheme.dll
0x00007ffe55330000 - 0x00007ffe55445000 	C:\WINDOWS\System32\MSCTF.dll
0x00007ffe55af0000 - 0x00007ffe55c1a000 	C:\WINDOWS\System32\ole32.dll
0x00007ffe51310000 - 0x00007ffe5133f000 	C:\WINDOWS\system32\DWMAPI.DLL
0x00007ffe2b290000 - 0x00007ffe2b340000 	C:\WINDOWS\WinSxS\amd64_microsoft.windows.common-controls_6595b64144ccf1df_5.82.19041.1110_none_792d1c772443f647\comctl32.dll
0x00007ffe54b30000 - 0x00007ffe54bd9000 	C:\WINDOWS\System32\clbcatq.dll
0x00007ffe4f040000 - 0x00007ffe4f136000 	C:\WINDOWS\SYSTEM32\PROPSYS.dll
0x00007ffe2a7d0000 - 0x00007ffe2a7e7000 	C:\WINDOWS\system32\NetworkExplorer.dll
0x00007ffe54310000 - 0x00007ffe5435e000 	C:\WINDOWS\System32\CFGMGR32.dll
0x00007ffe23ea0000 - 0x00007ffe23f11000 	C:\Users\Ivan\AppData\Local\Temp\lwjglIvan\3.3.0-build-21\lwjgl.dll
0x00007ffe06a20000 - 0x00007ffe06c76000 	C:\Users\Ivan\AppData\Local\Temp\lwjglIvan\3.3.0-build-21\jemalloc.dll
0x00007ffe150d0000 - 0x00007ffe15131000 	C:\Users\Ivan\AppData\Local\Temp\lwjglIvan\3.3.0-build-21\glfw.dll
0x00007ffe24550000 - 0x00007ffe24595000 	C:\WINDOWS\SYSTEM32\dinput8.dll
0x00007ffe2af30000 - 0x00007ffe2af41000 	C:\WINDOWS\SYSTEM32\xinput1_4.dll
0x00007ffe537d0000 - 0x00007ffe537fc000 	C:\WINDOWS\SYSTEM32\DEVOBJ.dll
0x00007ffe37ff0000 - 0x00007ffe38142000 	C:\WINDOWS\SYSTEM32\inputhost.dll
0x00007ffe502e0000 - 0x00007ffe50434000 	C:\WINDOWS\SYSTEM32\wintypes.dll
0x00007ffe50d10000 - 0x00007ffe50e02000 	C:\WINDOWS\SYSTEM32\CoreMessaging.dll
0x00007ffe509b0000 - 0x00007ffe50d0e000 	C:\WINDOWS\SYSTEM32\CoreUIComponents.dll
0x00007ffe52840000 - 0x00007ffe52873000 	C:\WINDOWS\SYSTEM32\ntmarta.dll
0x00007ffe1e460000 - 0x00007ffe1e586000 	C:\WINDOWS\SYSTEM32\opengl32.dll
0x00007ffe1e3f0000 - 0x00007ffe1e41c000 	C:\WINDOWS\SYSTEM32\GLU32.dll
0x00007ffe4bbd0000 - 0x00007ffe4bcc7000 	C:\Windows\System32\AppXDeploymentClient.dll
0x00007ffdfee70000 - 0x00007ffdffe34000 	C:\WINDOWS\System32\DriverStore\FileRepository\iigd_dch.inf_amd64_7df576fcfa9adb45\ig9icd64.dll
0x00007ffe52480000 - 0x00007ffe52573000 	C:\WINDOWS\system32\dxgi.dll
0x00007ffe019c0000 - 0x00007ffe01dfc000 	C:\WINDOWS\System32\DriverStore\FileRepository\iigd_dch.inf_amd64_7df576fcfa9adb45\igdml64.dll
0x00007ffe346c0000 - 0x00007ffe349f6000 	C:\WINDOWS\System32\DriverStore\FileRepository\iigd_dch.inf_amd64_7df576fcfa9adb45\igdgmm64.dll
0x00007ffe31780000 - 0x00007ffe3450f000 	C:\WINDOWS\System32\DriverStore\FileRepository\iigd_dch.inf_amd64_7df576fcfa9adb45\igc64.dll
0x00007ffe52ff0000 - 0x00007ffe5303b000 	C:\WINDOWS\SYSTEM32\powrprof.dll
0x00007ffe52e60000 - 0x00007ffe52e72000 	C:\WINDOWS\SYSTEM32\UMPDC.dll
0x00007ffe389e0000 - 0x00007ffe38ad9000 	C:\WINDOWS\SYSTEM32\textinputframework.dll
0x00007ffe15910000 - 0x00007ffe1596d000 	C:\Users\Ivan\AppData\Local\Temp\lwjglIvan\3.3.0-build-21\lwjgl_opengl.dll
0x0000000064a00000 - 0x000000006580f000 	C:\Users\Ivan\AppData\Local\Temp\imgui-java-natives_1654015434586\imgui-java64.dll
0x00007ffe14880000 - 0x00007ffe14909000 	C:\Program Files\Java\jdk-17.0.2\bin\freetype.dll
0x00007ffe12e10000 - 0x00007ffe12eb8000 	C:\Program Files\Java\jdk-17.0.2\bin\fontmanager.dll
0x00007ffe2a940000 - 0x00007ffe2a95f000 	C:\WINDOWS\SYSTEM32\MPR.dll
0x00007ffe40650000 - 0x00007ffe4065b000 	C:\WINDOWS\System32\drprov.dll
0x00007ffe52790000 - 0x00007ffe527ea000 	C:\WINDOWS\System32\WINSTA.dll
0x00007ffe3af50000 - 0x00007ffe3af70000 	C:\WINDOWS\System32\ntlanman.dll
0x00007ffe3af30000 - 0x00007ffe3af4e000 	C:\WINDOWS\System32\davclnt.dll
0x00007ffe405d0000 - 0x00007ffe405dd000 	C:\WINDOWS\System32\DAVHLPR.dll
0x00007ffe52c10000 - 0x00007ffe52c29000 	C:\WINDOWS\System32\wkscli.dll
0x00007ffe2fb70000 - 0x00007ffe2fb82000 	C:\WINDOWS\SYSTEM32\cscapi.dll
0x00007ffe52fe0000 - 0x00007ffe52fec000 	C:\WINDOWS\System32\netutils.dll
0x00007ffe0d0a0000 - 0x00007ffe0d0f6000 	C:\Windows\System32\dlnashext.dll
0x00007ffe246f0000 - 0x00007ffe24754000 	C:\Windows\System32\PlayToDevice.dll
0x00007ffe46210000 - 0x00007ffe46230000 	C:\Windows\System32\DevDispItemProvider.dll
0x00007ffe4cfe0000 - 0x00007ffe4d065000 	C:\WINDOWS\System32\MMDevApi.dll
0x00007ffe10520000 - 0x00007ffe105c1000 	C:\WINDOWS\system32\wpdshext.dll
0x00007ffe3fa10000 - 0x00007ffe3fbb5000 	C:\WINDOWS\WinSxS\amd64_microsoft.windows.gdiplus_6595b64144ccf1df_1.1.19041.1706_none_919e8e54cc8d4ca1\gdiplus.dll
0x00007ffe4d220000 - 0x00007ffe4d2c3000 	C:\Windows\System32\PortableDeviceApi.dll
0x00007ffe54360000 - 0x00007ffe547d1000 	C:\WINDOWS\System32\SETUPAPI.dll
0x00007ffe54140000 - 0x00007ffe541a8000 	C:\WINDOWS\System32\WINTRUST.dll
0x00007ffe53ea0000 - 0x00007ffe53ff6000 	C:\WINDOWS\System32\CRYPT32.dll
0x00007ffe53610000 - 0x00007ffe53622000 	C:\WINDOWS\System32\MSASN1.dll
0x00007ffe2a8f0000 - 0x00007ffe2a927000 	C:\Windows\System32\EhStorShell.dll
0x00007ffe29e20000 - 0x00007ffe29e46000 	C:\Windows\System32\EhStorAPI.dll
0x00007ffe4d070000 - 0x00007ffe4d084000 	C:\Windows\System32\WTSAPI32.dll
0x00007ffe24b20000 - 0x00007ffe24b2d000 	C:\WINDOWS\SYSTEM32\LINKINFO.dll
0x00007ffe41cb0000 - 0x00007ffe41e64000 	C:\WINDOWS\SYSTEM32\WindowsCodecs.dll
0x00007ffe1d610000 - 0x00007ffe1d64e000 	C:\WINDOWS\system32\dataexchange.dll
0x00007ffe4fab0000 - 0x00007ffe4fd14000 	C:\WINDOWS\system32\d3d11.dll
0x00007ffe507c0000 - 0x00007ffe509a5000 	C:\WINDOWS\system32\dcomp.dll
0x00007ffe4bd00000 - 0x00007ffe4bf01000 	C:\WINDOWS\system32\twinapi.appcore.dll
0x00007ffe37bd0000 - 0x00007ffe37c3a000 	C:\WINDOWS\system32\Ninput.dll

dbghelp: loaded successfully - version: 4.0.5 - missing functions: none
symbol engine: initialized successfully - sym options: 0x614 - pdb path: .;C:\Program Files\Java\jdk-17.0.2\bin;C:\WINDOWS\SYSTEM32;C:\WINDOWS\WinSxS\amd64_microsoft.windows.common-controls_6595b64144ccf1df_6.0.19041.1110_none_60b5254171f9507e;C:\Program Files\Java\jdk-17.0.2\bin\server;C:\Program Files\NetBeans-12.6\netbeans\profiler\lib\deployed\jdk16\windows-amd64;C:\WINDOWS\WinSxS\amd64_microsoft.windows.common-controls_6595b64144ccf1df_5.82.19041.1110_none_792d1c772443f647;C:\Users\Ivan\AppData\Local\Temp\lwjglIvan\3.3.0-build-21;C:\WINDOWS\System32\DriverStore\FileRepository\iigd_dch.inf_amd64_7df576fcfa9adb45;C:\Users\Ivan\AppData\Local\Temp\imgui-java-natives_1654015434586;C:\WINDOWS\WinSxS\amd64_microsoft.windows.gdiplus_6595b64144ccf1df_1.1.19041.1706_none_919e8e54cc8d4ca1

VM Arguments:
jvm_args: -agentpath:C:/Program Files/NetBeans-12.6/netbeans/profiler/lib/deployed/jdk16/windows-amd64/profilerinterface.dll=C:\Program Files\NetBeans-12.6\netbeans\profiler\lib,5140,10 -XX:+HeapDumpOnOutOfMemoryError -XX:HeapDumpPath=C:\Users\Ivan\AppData\Local\NetBeans\Cache\12.6\mavencachedirs\2023566944\org-netbeans-modules-profiler 
java_command: com.wiz.settlementmapmaker.Main -Xmx8G
java_class_path (initial): C:\Users\Ivan\Documents\Code Projects\SettlementMapMaker\SettlementMapMaker\SettlementMapMaker\target\classes;C:\Users\Ivan\.m2\repository\org\lwjgl\lwjgl\3.3.0\lwjgl-3.3.0.jar;C:\Users\Ivan\.m2\repository\org\lwjgl\lwjgl-egl\3.3.0\lwjgl-egl-3.3.0.jar;C:\Users\Ivan\.m2\repository\org\lwjgl\lwjgl-glfw\3.3.0\lwjgl-glfw-3.3.0.jar;C:\Users\Ivan\.m2\repository\org\lwjgl\lwjgl-jemalloc\3.3.0\lwjgl-jemalloc-3.3.0.jar;C:\Users\Ivan\.m2\repository\org\lwjgl\lwjgl-opengl\3.3.0\lwjgl-opengl-3.3.0.jar;C:\Users\Ivan\.m2\repository\org\lwjgl\lwjgl-opengles\3.3.0\lwjgl-opengles-3.3.0.jar;C:\Users\Ivan\.m2\repository\org\lwjgl\lwjgl\3.3.0\lwjgl-3.3.0-natives-windows.jar;C:\Users\Ivan\.m2\repository\org\lwjgl\lwjgl-glfw\3.3.0\lwjgl-glfw-3.3.0-natives-windows.jar;C:\Users\Ivan\.m2\repository\org\lwjgl\lwjgl-jemalloc\3.3.0\lwjgl-jemalloc-3.3.0-natives-windows.jar;C:\Users\Ivan\.m2\repository\org\lwjgl\lwjgl-opengl\3.3.0\lwjgl-opengl-3.3.0-natives-windows.jar;C:\Users\Ivan\.m2\repository\org\lwjgl\lwjgl-opengles\3.3.0\lwjgl-opengles-3.3.0-natives-windows.jar;C:\Users\Ivan\.m2\repository\org\joml\joml\1.10.3\joml-1.10.3.jar;C:\Users\Ivan\.m2\repository\io\github\spair\imgui-java-app\1.86.2\imgui-java-app-1.86.2.jar;C:\Users\Ivan\.m2\repository\org\lwjgl\lwjgl\3.3.0\lwjgl-3.3.0-natives-linux.jar;C:\Users\Ivan\.m2\repository\org\lwjgl\lwjgl-glfw\3.3.0\lwjgl-glfw-3.3.0-natives-linux.jar;C:\Users\Ivan\.m2\repository\org\lwjgl\lwjgl-opengl\3.3.0\lwjgl-opengl-3.3.0-natives-linux.jar;C:\Users\Ivan\.m2\repository\org\lwjgl\lwjgl\3.3.0\lwjgl-3.3.0-natives-macos.jar;C:\Users\Ivan\.m2\repository\org\lwjgl\lwjgl-glfw\3.3.0\lwjgl-glfw-3.3.0-natives-macos.jar;C:\Users\Ivan\.m2\repository\org\lwjgl\lwjgl-opengl\3.3.0\lwjgl-opengl-3.3.0-natives-macos.jar;C:\Users\Ivan\.m2\repository\io\github\spair\imgui-java-binding\1.86.2\imgui-java-binding-1.86.2.jar;C:\Users\Ivan\.m2\repository\io\github\spair\imgui-java-lwjgl3\1.86.2\imgui-java-lwjgl3-1.86.2.jar;C:\Users\Ivan\.m2\repos
Launcher Type: SUN_STANDARD

[Global flags]
     intx CICompilerCount                          = 4                                         {product} {ergonomic}
     uint ConcGCThreads                            = 3                                         {product} {ergonomic}
     uint G1ConcRefinementThreads                  = 10                                        {product} {ergonomic}
   size_t G1HeapRegionSize                         = 2097152                                   {product} {ergonomic}
    uintx GCDrainStackTargetSize                   = 64                                        {product} {ergonomic}
     bool HeapDumpOnOutOfMemoryError               = true                                   {manageable} {command line}
    ccstr HeapDumpPath                             = C:\Users\Ivan\AppData\Local\NetBeans\Cache\12.6\mavencachedirs\2023566944\org-netbeans-modules-profiler         {manageable} {command line}
   size_t InitialHeapSize                          = 264241152                                 {product} {ergonomic}
   size_t MarkStackSize                            = 4194304                                   {product} {ergonomic}
   size_t MaxHeapSize                              = 4223664128                                {product} {ergonomic}
   size_t MaxNewSize                               = 2533359616                                {product} {ergonomic}
   size_t MinHeapDeltaBytes                        = 2097152                                   {product} {ergonomic}
   size_t MinHeapSize                              = 8388608                                   {product} {ergonomic}
    uintx NonNMethodCodeHeapSize                   = 5839372                                {pd product} {ergonomic}
    uintx NonProfiledCodeHeapSize                  = 122909434                              {pd product} {ergonomic}
    uintx ProfiledCodeHeapSize                     = 122909434                              {pd product} {ergonomic}
    uintx ReservedCodeCacheSize                    = 251658240                              {pd product} {ergonomic}
     bool SegmentedCodeCache                       = true                                      {product} {ergonomic}
   size_t SoftMaxHeapSize                          = 4223664128                             {manageable} {ergonomic}
     bool UseCompressedClassPointers               = true                           {product lp64_product} {ergonomic}
     bool UseCompressedOops                        = true                           {product lp64_product} {ergonomic}
     bool UseG1GC                                  = true                                      {product} {ergonomic}
     bool UseLargePagesIndividualAllocation        = false                                  {pd product} {ergonomic}

Logging:
Log output configuration:
 #0: stdout all=warning uptime,level,tags
 #1: stderr all=off uptime,level,tags

Environment Variables:
JAVA_HOME=C:\Program Files\Java\jdk-17.0.2
PATH=C:\Program Files\Common Files\Oracle\Java\javapath;C:\Program Files\Eclipse Adoptium\jdk-11.0.14.9-hotspot\bin;C:\Windows\system32;C:\Windows;C:\Windows\System32\Wbem;C:\Windows\System32\WindowsPowerShell\v1.0\;C:\Windows\System32\OpenSSH\;C:\Program Files (x86)\NVIDIA Corporation\PhysX\Common;C:\Program Files\NVIDIA Corporation\NVIDIA NvDLISR;C:\Program Files (x86)\Common Files\Acronis\VirtualFile\;C:\Program Files (x86)\Common Files\Acronis\VirtualFile64\;C:\Program Files (x86)\Common Files\Acronis\FileProtector\;C:\Program Files (x86)\Common Files\Acronis\FileProtector64\;C:\Program Files (x86)\Common Files\Acronis\SnapAPI\;C:\WINDOWS\system32;C:\WINDOWS;C:\WINDOWS\System32\Wbem;C:\WINDOWS\System32\WindowsPowerShell\v1.0\;C:\WINDOWS\System32\OpenSSH\;C:\Program Files\Git\cmd;C:\Utilities\PuTTY\;C:\Program Files\dotnet\;C:\Users\Ivan\AppData\Local\Microsoft\WindowsApps;
USERNAME=Ivan
OS=Windows_NT
PROCESSOR_IDENTIFIER=Intel64 Family 6 Model 158 Stepping 10, GenuineIntel



---------------  S Y S T E M  ---------------

OS:
 Windows 10 , 64 bit Build 19041 (10.0.19041.1706)
OS uptime: 14 days 20:36 hours

CPU: total 12 (initial active 12) (6 cores per cpu, 2 threads per core) family 6 model 158 stepping 10 microcode 0xec, cx8, cmov, fxsr, ht, mmx, 3dnowpref, sse, sse2, sse3, ssse3, sse4.1, sse4.2, popcnt, lzcnt, tsc, tscinvbit, avx, avx2, aes, erms, clmul, bmi1, bmi2, adx, fma, vzeroupper, clflush, clflushopt

Memory: 4k page, system-wide physical 16111M (5567M free)
TotalPageFile size 18543M (AvailPageFile size 3715M)
current process WorkingSet (physical memory assigned to process): 812M, peak: 816M
current process commit charge ("private bytes"): 678M, peak: 685M

vm_info: Java HotSpot(TM) 64-Bit Server VM (17.0.2+8-LTS-86) for windows-amd64 JRE (17.0.2+8-LTS-86), built on Dec  7 2021 21:51:03 by "mach5one" with MS VC++ 16.8 / 16.9 (VS2019)

END.
