#
# A fatal error has been detected by the Java Runtime Environment:
#
#  EXCEPTION_ACCESS_VIOLATION (0xc0000005) at pc=0x0000000064b1a82c, pid=20156, tid=8948
#
# JRE version: Java(TM) SE Runtime Environment (17.0.1+12) (build 17.0.1+12-LTS-39)
# Java VM: Java HotSpot(TM) 64-Bit Server VM (17.0.1+12-LTS-39, mixed mode, sharing, tiered, compressed oops, compressed class ptrs, g1 gc, windows-amd64)
# Problematic frame:
# C  [imgui-java64.dll+0x11a82c]
#
# No core dump will be written. Minidumps are not enabled by default on client versions of Windows
#
# If you would like to submit a bug report, please visit:
#   https://bugreport.java.com/bugreport/crash.jsp
# The crash happened outside the Java Virtual Machine in native code.
# See problematic frame for where to report the bug.
#

---------------  S U M M A R Y ------------

Command Line: com.wiz.settlementmapmaker.Main

Host: AMD Ryzen 5 1400 Quad-Core Processor           , 8 cores, 15G,  Windows 10 , 64 bit Build 19041 (10.0.19041.1503)
Time: Sat Feb 19 14:06:43 2022 Mountain Standard Time elapsed time: 7.276714 seconds (0d 0h 0m 7s)

---------------  T H R E A D  ---------------

Current thread (0x000002932e673ce0):  JavaThread "main" [_thread_in_native, id=8948, stack(0x000000c5d1a00000,0x000000c5d1b00000)]

Stack: [0x000000c5d1a00000,0x000000c5d1b00000],  sp=0x000000c5d1afef60,  free space=1019k
Native frames: (J=compiled Java code, j=interpreted, Vv=VM code, C=native code)
C  [imgui-java64.dll+0x11a82c]

Java frames: (J=compiled Java code, j=interpreted, Vv=VM code)
j  imgui.ImGui.tableNextRow()V+0
j  com.wiz.settlementmapmaker.GUILayer.preferencesWindow()V+175
j  com.wiz.settlementmapmaker.GUILayer.toolBar()V+29
j  com.wiz.settlementmapmaker.GUILayer.imgui()V+1
j  com.wiz.settlementmapmaker.Window.run()V+47
j  com.wiz.settlementmapmaker.Main.main([Ljava/lang/String;)V+20
v  ~StubRoutines::call_stub

siginfo: EXCEPTION_ACCESS_VIOLATION (0xc0000005), reading address 0x00000000000001f9


Register to memory mapping:

RIP=0x0000000064b1a82c imgui-java64.dll
RAX=0x0000029353ec27d0 points into unknown readable memory: 0x000002932c6a0101 | 01 01 6a 2c 93 02 00 00
RBX=0x0 is NULL
RCX=0x0 is NULL
RDX=0x000000c5d1aff030 is pointing into the stack for thread: 0x000002932e673ce0
RSP=0x000000c5d1afef60 is pointing into the stack for thread: 0x000002932e673ce0
RBP=0x000000c5d1aff020 is pointing into the stack for thread: 0x000002932e673ce0
RSI=0x0000000000000158 is an unknown value
RDI=0x0000029335e89612 is at code_begin+1394 in an Interpreter codelet
return entry points  [0x0000029335e890a0, 0x0000029335e89ba0]  2816 bytes
R8 =0x0000000000000002 is an unknown value
R9 =0x0000000000000002 is an unknown value
R10=0x0000029335e8d5f2 is at code_begin+946 in an Interpreter codelet
method entry point (kind = native)  [0x0000029335e8d240, 0x0000029335e8dbc0]  2432 bytes
R11=0x0000000710e789c0 is an oop: java.lang.Class 
{0x0000000710e789c0} - klass: 'java/lang/Class'
 - ---- fields (total size 24 words):
 - private volatile transient 'classRedefinedCount' 'I' @12  0
 - private volatile transient 'cachedConstructor' 'Ljava/lang/reflect/Constructor;' @40  NULL (0)
 - private transient 'name' 'Ljava/lang/String;' @44  "imgui.ImGui"{0x0000000710e78b10} (e21cf162)
 - private transient 'module' 'Ljava/lang/Module;' @48  a 'java/lang/Module'{0x0000000711868498} (e230d093)
 - private final 'classLoader' 'Ljava/lang/ClassLoader;' @52  a 'jdk/internal/loader/ClassLoaders$AppClassLoader'{0x00000007118682d8} (e230d05b)
 - private transient 'classData' 'Ljava/lang/Object;' @56  NULL (0)
 - private transient 'packageName' 'Ljava/lang/String;' @60  "imgui"{0x0000000711654b58} (e22ca96b)
 - private final 'componentType' 'Ljava/lang/Class;' @64  NULL (0)
 - private volatile transient 'reflectionData' 'Ljava/lang/ref/SoftReference;' @68  NULL (0)
 - private volatile transient 'genericInfo' 'Lsun/reflect/generics/repository/ClassRepository;' @72  NULL (0)
 - private volatile transient 'enumConstants' '[Ljava/lang/Object;' @76  NULL (0)
 - private volatile transient 'enumConstantDirectory' 'Ljava/util/Map;' @80  NULL (0)
 - private volatile transient 'annotationData' 'Ljava/lang/Class$AnnotationData;' @84  NULL (0)
 - private volatile transient 'annotationType' 'Lsun/reflect/annotation/AnnotationType;' @88  NULL (0)
 - transient 'classValueMap' 'Ljava/lang/ClassValue$ClassValueMap;' @92  NULL (0)
 - signature: Limgui/ImGui;
 - fake entry for mirror: 'imgui/ImGui'
 - fake entry for array: NULL
 - fake entry for oop_size: 24
 - fake entry for static_oop_field_count: 19
 - private static final 'LIB_PATH_PROP' 'Ljava/lang/String;' @112  "imgui.library.path"{0x0000000710e78a90} (e21cf152)
 - private static final 'LIB_NAME_PROP' 'Ljava/lang/String;' @116  "imgui.library.name"{0x0000000710e78ad0} (e21cf15a)
 - private static final 'LIB_NAME_DEFAULT' 'Ljava/lang/String;' @120  "imgui-java64"{0x0000000710e7f3c0} (e21cfe78)
 - private static final 'LIB_TMP_DIR_PREFIX' 'Ljava/lang/String;' @124  "imgui-java-natives_1645304797225"{0x0000000710e7f4a8} (e21cfe95)
 - private static final 'IMGUI_CONTEXT' 'Limgui/internal/ImGuiContext;' @128  a 'imgui/internal/ImGuiContext'{0x0000000710e8dc58} (e21d1b8b)
 - private static final 'IMGUI_IO' 'Limgui/ImGuiIO;' @132  a 'imgui/ImGuiIO'{0x0000000710e943b8} (e21d2877)
 - private static final 'WINDOW_DRAW_LIST' 'Limgui/ImDrawList;' @136  a 'imgui/ImDrawList'{0x0000000710ea3000} (e21d4600)
 - private static final 'BACKGROUND_DRAW_LIST' 'Limgui/ImDrawList;' @140  a 'imgui/ImDrawList'{0x0000000710ea3018} (e21d4603)
 - private static final 'FOREGROUND_DRAW_LIST' 'Limgui/ImDrawList;' @144  a 'imgui/ImDrawList'{0x0000000710ea3030} (e21d4606)
 - private static final 'IMGUI_STORAGE' 'Limgui/ImGuiStorage;' @148  a 'imgui/ImGuiStorage'{0x0000000710ea5b78} (e21d4b6f)
 - private static final 'WINDOW_VIEWPORT' 'Limgui/ImGuiViewport;' @152  a 'imgui/ImGuiViewport'{0x0000000710eaea18} (e21d5d43)
 - private static final 'FIND_VIEWPORT' 'Limgui/ImGuiViewport;' @156  a 'imgui/ImGuiViewport'{0x0000000710eaea30} (e21d5d46)
 - private static final 'DRAW_DATA' 'Limgui/ImDrawData;' @160  a 'imgui/ImDrawData'{0x0000000710eaea48} (e21d5d49)
 - private static final 'FONT' 'Limgui/ImFont;' @164  a 'imgui/ImFont'{0x0000000710f247e8} (e21e48fd)
 - private static final 'STYLE' 'Limgui/ImGuiStyle;' @168  a 'imgui/ImGuiStyle'{0x0000000710f2d468} (e21e5a8d)
 - private static final 'MAIN_VIEWPORT' 'Limgui/ImGuiViewport;' @172  a 'imgui/ImGuiViewport'{0x0000000710f2d480} (e21e5a90)
 - private static final 'PLATFORM_IO' 'Limgui/ImGuiPlatformIO;' @176  a 'imgui/ImGuiPlatformIO'{0x0000000710f33d40} (e21e67a8)
 - private static 'payloadRef' 'Ljava/lang/ref/WeakReference;' @180  NULL (0)
 - private static final 'PAYLOAD_PLACEHOLDER_DATA' '[B' @184  [B{0x0000000710f3c698} (e21e78d3)
R12=0x0 is NULL
R13={method} {0x00000293519b30b8} 'tableNextRow' '()V' in 'imgui/ImGui'
R14=0x000000c5d1aff038 is pointing into the stack for thread: 0x000002932e673ce0
R15=0x000002932e673ce0 is a thread


Registers:
RAX=0x0000029353ec27d0, RBX=0x0000000000000000, RCX=0x0000000000000000, RDX=0x000000c5d1aff030
RSP=0x000000c5d1afef60, RBP=0x000000c5d1aff020, RSI=0x0000000000000158, RDI=0x0000029335e89612
R8 =0x0000000000000002, R9 =0x0000000000000002, R10=0x0000029335e8d5f2, R11=0x0000000710e789c0
R12=0x0000000000000000, R13=0x00000293519b30b0, R14=0x000000c5d1aff038, R15=0x000002932e673ce0
RIP=0x0000000064b1a82c, EFLAGS=0x0000000000010206

Top of Stack: (sp=0x000000c5d1afef60)
0x000000c5d1afef60:   00000293519b30b0 000002932e673ce0
0x000000c5d1afef70:   0000029335e89612 0000029335e8d48e
0x000000c5d1afef80:   0000000043868000 0000000000000000
0x000000c5d1afef90:   00000293519b30b0 00000293519b30b0
0x000000c5d1afefa0:   0000000000000158 0000029335e8d621
0x000000c5d1afefb0:   00000293519b30b0 0000000000000158
0x000000c5d1afefc0:   000000c5d1aff020 0000029335e89657
0x000000c5d1afefd0:   0000029335e8d2f6 000000c5d1afefd8
0x000000c5d1afefe0:   00000293519b30b0 000000c5d1aff038
0x000000c5d1afeff0:   00000293519bcae0 0000000000000000
0x000000c5d1aff000:   0000000710e789c0 00000293519b30b0
0x000000c5d1aff010:   0000000000000000 000000c5d1aff040
0x000000c5d1aff020:   000000c5d1aff088 0000029335e894fe
0x000000c5d1aff030:   0000000710e789c0 0000029335e8af78
0x000000c5d1aff040:   000000c5d1aff040 00000293518049ef
0x000000c5d1aff050:   000000c5d1aff0a8 0000029351805208 

Instructions: (pc=0x0000000064b1a82c)
0x0000000064b1a72c:   86 e4 01 00 00 e9 d1 f8 ff ff 66 2e 0f 1f 84 00
0x0000000064b1a73c:   00 00 00 00 4c 89 f1 e8 d8 e5 ff ff 41 8b 56 04
0x0000000064b1a74c:   e9 80 f9 ff ff 0f 1f 80 00 00 00 00 45 8b 06 31
0x0000000064b1a75c:   d2 48 8d 0d 30 57 41 00 e8 47 b4 f2 ff ba 41 01
0x0000000064b1a76c:   00 00 89 c1 e8 1b da f5 ff 84 c0 74 7f 48 8b 05
0x0000000064b1a77c:   a0 15 44 00 48 8b 00 48 8b 80 28 1d 00 00 80 b8
0x0000000064b1a78c:   cc 00 00 00 00 75 08 4c 89 f1 e8 05 a2 ff ff e8
0x0000000064b1a79c:   80 83 f4 ff e9 15 f9 ff ff 0f 1f 00 44 0f 10 de
0x0000000064b1a7ac:   44 0f 10 c6 e9 f6 ec ff ff 0f 1f 00 4c 8d 05 79
0x0000000064b1a7bc:   4b 41 00 ba cd 02 00 00 48 8d 0d 1d 56 41 00 e8
0x0000000064b1a7cc:   30 57 07 00 e9 4c e8 ff ff 66 0f ef f6 c6 44 24
0x0000000064b1a7dc:   2f 00 45 31 ed 45 31 e4 41 c6 86 ed 01 00 00 ff
0x0000000064b1a7ec:   44 0f 10 d6 0f 10 fe e9 53 eb ff ff 41 c6 86 fe
0x0000000064b1a7fc:   01 00 00 00 e9 b5 f8 ff ff 66 66 2e 0f 1f 84 00
0x0000000064b1a80c:   00 00 00 00 56 53 48 83 ec 38 0f 11 74 24 20 48
0x0000000064b1a81c:   8b 05 fe 14 44 00 48 8b 00 48 8b 98 f0 21 00 00
0x0000000064b1a82c:   80 bb f9 01 00 00 00 89 ce 0f 10 f1 0f 84 82 00
0x0000000064b1a83c:   00 00 80 bb fa 01 00 00 00 0f 85 8a 00 00 00 0f
0x0000000064b1a84c:   b7 83 98 00 00 00 66 89 b3 98 00 00 00 48 89 d9
0x0000000064b1a85c:   f3 0f 11 b3 8c 00 00 00 66 89 83 9a 00 00 00 e8
0x0000000064b1a86c:   a0 8a ff ff f3 0f 10 83 c8 00 00 00 f3 0f 58 b3
0x0000000064b1a87c:   84 00 00 00 48 8b 83 90 01 00 00 f3 0f 58 c0 f3
0x0000000064b1a88c:   0f 58 83 88 00 00 00 0f 10 ce f3 0f c2 c8 02 0f
0x0000000064b1a89c:   54 c1 0f 55 ce 0f 56 c1 f3 0f 11 83 88 00 00 00
0x0000000064b1a8ac:   c6 80 cc 00 00 00 01 0f 10 74 24 20 48 83 c4 38
0x0000000064b1a8bc:   5b 5e c3 90 48 89 d9 e8 d8 e6 ff ff 80 bb fa 01
0x0000000064b1a8cc:   00 00 00 0f 84 76 ff ff ff 48 89 d9 e8 93 90 ff
0x0000000064b1a8dc:   ff e9 69 ff ff ff 66 66 2e 0f 1f 84 00 00 00 00
0x0000000064b1a8ec:   00 0f 1f 00 53 48 83 ec 20 48 8b 05 24 14 44 00
0x0000000064b1a8fc:   48 8b 00 48 8b 98 f0 21 00 00 48 85 db 74 65 80
0x0000000064b1a90c:   bb fa 01 00 00 00 74 0b 8b 43 7c 8d 50 01 3b 53
0x0000000064b1a91c:   74 7c 31 66 0f ef c9 31 c9 e8 e6 fe ff ff 31 d2 


Stack slot to memory mapping:
stack at sp + 0 slots: {method} {0x00000293519b30b8} 'tableNextRow' '()V' in 'imgui/ImGui'
stack at sp + 1 slots: 0x000002932e673ce0 is a thread
stack at sp + 2 slots: 0x0000029335e89612 is at code_begin+1394 in an Interpreter codelet
return entry points  [0x0000029335e890a0, 0x0000029335e89ba0]  2816 bytes
stack at sp + 3 slots: 0x0000029335e8d48e is at code_begin+590 in an Interpreter codelet
method entry point (kind = native)  [0x0000029335e8d240, 0x0000029335e8dbc0]  2432 bytes
stack at sp + 4 slots: 0x0000000043868000 is an unknown value
stack at sp + 5 slots: 0x0 is NULL
stack at sp + 6 slots: {method} {0x00000293519b30b8} 'tableNextRow' '()V' in 'imgui/ImGui'
stack at sp + 7 slots: {method} {0x00000293519b30b8} 'tableNextRow' '()V' in 'imgui/ImGui'


---------------  P R O C E S S  ---------------

Threads class SMR info:
_java_thread_list=0x000002935a0cf040, length=20, elements={
0x000002932e673ce0, 0x00000293513306b0, 0x0000029351331520, 0x00000293513450e0,
0x0000029351347db0, 0x0000029351348760, 0x000002935134d620, 0x000002935134e3b0,
0x0000029351356e60, 0x0000029351373c30, 0x0000029351e05120, 0x0000029351e0d670,
0x0000029352292d70, 0x0000029352295b30, 0x00000293522ea840, 0x0000029359a0fae0,
0x0000029359a247e0, 0x0000029359eae010, 0x000002935a079310, 0x000002935a0784a0
}

Java Threads: ( => current thread )
=>0x000002932e673ce0 JavaThread "main" [_thread_in_native, id=8948, stack(0x000000c5d1a00000,0x000000c5d1b00000)]
  0x00000293513306b0 JavaThread "Reference Handler" daemon [_thread_blocked, id=13948, stack(0x000000c5d2100000,0x000000c5d2200000)]
  0x0000029351331520 JavaThread "Finalizer" daemon [_thread_blocked, id=12496, stack(0x000000c5d2200000,0x000000c5d2300000)]
  0x00000293513450e0 JavaThread "Signal Dispatcher" daemon [_thread_blocked, id=17152, stack(0x000000c5d2300000,0x000000c5d2400000)]
  0x0000029351347db0 JavaThread "Attach Listener" daemon [_thread_blocked, id=11400, stack(0x000000c5d2400000,0x000000c5d2500000)]
  0x0000029351348760 JavaThread "Service Thread" daemon [_thread_blocked, id=17080, stack(0x000000c5d2500000,0x000000c5d2600000)]
  0x000002935134d620 JavaThread "Monitor Deflation Thread" daemon [_thread_blocked, id=17200, stack(0x000000c5d2600000,0x000000c5d2700000)]
  0x000002935134e3b0 JavaThread "C2 CompilerThread0" daemon [_thread_blocked, id=15112, stack(0x000000c5d2700000,0x000000c5d2800000)]
  0x0000029351356e60 JavaThread "C1 CompilerThread0" daemon [_thread_blocked, id=3472, stack(0x000000c5d2800000,0x000000c5d2900000)]
  0x0000029351373c30 JavaThread "Sweeper thread" daemon [_thread_blocked, id=11592, stack(0x000000c5d2900000,0x000000c5d2a00000)]
  0x0000029351e05120 JavaThread "Notification Thread" daemon [_thread_blocked, id=14556, stack(0x000000c5d2a00000,0x000000c5d2b00000)]
  0x0000029351e0d670 JavaThread "Common-Cleaner" daemon [_thread_blocked, id=12072, stack(0x000000c5d2c00000,0x000000c5d2d00000)]
  0x0000029352292d70 JavaThread "Java2D Disposer" daemon [_thread_blocked, id=14208, stack(0x000000c5d2d00000,0x000000c5d2e00000)]
  0x0000029352295b30 JavaThread "AWT-Windows" daemon [_thread_in_native, id=3468, stack(0x000000c5d2f00000,0x000000c5d3000000)]
  0x00000293522ea840 JavaThread "Swing-Shell" daemon [_thread_blocked, id=14204, stack(0x000000c5d3000000,0x000000c5d3100000)]
  0x0000029359a0fae0 JavaThread "AWT-Shutdown" [_thread_blocked, id=11684, stack(0x000000c5d2e00000,0x000000c5d2f00000)]
  0x0000029359a247e0 JavaThread "AWT-EventQueue-0" [_thread_blocked, id=13120, stack(0x000000c5d3400000,0x000000c5d3500000)]
  0x0000029359eae010 JavaThread "Image Fetcher 0" daemon [_thread_blocked, id=6036, stack(0x000000c5d4100000,0x000000c5d4200000)]
  0x000002935a079310 JavaThread "D3D Screen Updater" daemon [_thread_blocked, id=7148, stack(0x000000c5d4500000,0x000000c5d4600000)]
  0x000002935a0784a0 JavaThread "TimerQueue" daemon [_thread_blocked, id=13828, stack(0x000000c5d4400000,0x000000c5d4500000)]

Other Threads:
  0x00000293513291e0 VMThread "VM Thread" [stack: 0x000000c5d2000000,0x000000c5d2100000] [id=5296]
  0x0000029351e09230 WatcherThread [stack: 0x000000c5d2b00000,0x000000c5d2c00000] [id=2452]
  0x000002932e6c2950 GCTaskThread "GC Thread#0" [stack: 0x000000c5d1b00000,0x000000c5d1c00000] [id=14588]
  0x000002932e6d46f0 ConcurrentGCThread "G1 Main Marker" [stack: 0x000000c5d1c00000,0x000000c5d1d00000] [id=15236]
  0x000002932e6d58a0 ConcurrentGCThread "G1 Conc#0" [stack: 0x000000c5d1d00000,0x000000c5d1e00000] [id=7180]
  0x00000293511e24c0 ConcurrentGCThread "G1 Refine#0" [stack: 0x000000c5d1e00000,0x000000c5d1f00000] [id=9744]
  0x00000293511e2ee0 ConcurrentGCThread "G1 Service" [stack: 0x000000c5d1f00000,0x000000c5d2000000] [id=6372]

Threads with active compile tasks:

VM state: not at safepoint (normal execution)

VM Mutex/Monitor currently owned by a thread: None

Heap address: 0x0000000701a00000, size: 4070 MB, Compressed Oops mode: Zero based, Oop shift amount: 3

CDS archive(s) mapped at: [0x0000000800000000-0x0000000800bc0000-0x0000000800bc0000), size 12320768, SharedBaseAddress: 0x0000000800000000, ArchiveRelocationMode: 0.
Compressed class space mapped at: 0x0000000800c00000-0x0000000840c00000, reserved size: 1073741824
Narrow klass base: 0x0000000800000000, Narrow klass shift: 0, Narrow klass range: 0x100000000

GC Precious Log:
 CPUs: 8 total, 8 available
 Memory: 16277M
 Large Page Support: Disabled
 NUMA Support: Disabled
 Compressed Oops: Enabled (Zero based)
 Heap Region Size: 2M
 Heap Min Capacity: 8M
 Heap Initial Capacity: 256M
 Heap Max Capacity: 4070M
 Pre-touch: Disabled
 Parallel Workers: 8
 Concurrent Workers: 2
 Concurrent Refinement Workers: 8
 Periodic GC: Disabled

Heap:
 garbage-first heap   total 262144K, used 18432K [0x0000000701a00000, 0x0000000800000000)
  region size 2048K, 11 young (22528K), 0 survivors (0K)
 Metaspace       used 15289K, committed 15552K, reserved 1064960K
  class space    used 1633K, committed 1792K, reserved 1048576K

Heap Regions: E=young(eden), S=young(survivor), O=old, HS=humongous(starts), HC=humongous(continues), CS=collection set, F=free, OA=open archive, CA=closed archive, TAMS=top-at-mark-start (previous, next)
|   0|0x0000000701a00000, 0x0000000701a00000, 0x0000000701c00000|  0%| F|  |TAMS 0x0000000701a00000, 0x0000000701a00000| Untracked 
|   1|0x0000000701c00000, 0x0000000701c00000, 0x0000000701e00000|  0%| F|  |TAMS 0x0000000701c00000, 0x0000000701c00000| Untracked 
|   2|0x0000000701e00000, 0x0000000701e00000, 0x0000000702000000|  0%| F|  |TAMS 0x0000000701e00000, 0x0000000701e00000| Untracked 
|   3|0x0000000702000000, 0x0000000702000000, 0x0000000702200000|  0%| F|  |TAMS 0x0000000702000000, 0x0000000702000000| Untracked 
|   4|0x0000000702200000, 0x0000000702200000, 0x0000000702400000|  0%| F|  |TAMS 0x0000000702200000, 0x0000000702200000| Untracked 
|   5|0x0000000702400000, 0x0000000702400000, 0x0000000702600000|  0%| F|  |TAMS 0x0000000702400000, 0x0000000702400000| Untracked 
|   6|0x0000000702600000, 0x0000000702600000, 0x0000000702800000|  0%| F|  |TAMS 0x0000000702600000, 0x0000000702600000| Untracked 
|   7|0x0000000702800000, 0x0000000702800000, 0x0000000702a00000|  0%| F|  |TAMS 0x0000000702800000, 0x0000000702800000| Untracked 
|   8|0x0000000702a00000, 0x0000000702a00000, 0x0000000702c00000|  0%| F|  |TAMS 0x0000000702a00000, 0x0000000702a00000| Untracked 
|   9|0x0000000702c00000, 0x0000000702c00000, 0x0000000702e00000|  0%| F|  |TAMS 0x0000000702c00000, 0x0000000702c00000| Untracked 
|  10|0x0000000702e00000, 0x0000000702e00000, 0x0000000703000000|  0%| F|  |TAMS 0x0000000702e00000, 0x0000000702e00000| Untracked 
|  11|0x0000000703000000, 0x0000000703000000, 0x0000000703200000|  0%| F|  |TAMS 0x0000000703000000, 0x0000000703000000| Untracked 
|  12|0x0000000703200000, 0x0000000703200000, 0x0000000703400000|  0%| F|  |TAMS 0x0000000703200000, 0x0000000703200000| Untracked 
|  13|0x0000000703400000, 0x0000000703400000, 0x0000000703600000|  0%| F|  |TAMS 0x0000000703400000, 0x0000000703400000| Untracked 
|  14|0x0000000703600000, 0x0000000703600000, 0x0000000703800000|  0%| F|  |TAMS 0x0000000703600000, 0x0000000703600000| Untracked 
|  15|0x0000000703800000, 0x0000000703800000, 0x0000000703a00000|  0%| F|  |TAMS 0x0000000703800000, 0x0000000703800000| Untracked 
|  16|0x0000000703a00000, 0x0000000703a00000, 0x0000000703c00000|  0%| F|  |TAMS 0x0000000703a00000, 0x0000000703a00000| Untracked 
|  17|0x0000000703c00000, 0x0000000703c00000, 0x0000000703e00000|  0%| F|  |TAMS 0x0000000703c00000, 0x0000000703c00000| Untracked 
|  18|0x0000000703e00000, 0x0000000703e00000, 0x0000000704000000|  0%| F|  |TAMS 0x0000000703e00000, 0x0000000703e00000| Untracked 
|  19|0x0000000704000000, 0x0000000704000000, 0x0000000704200000|  0%| F|  |TAMS 0x0000000704000000, 0x0000000704000000| Untracked 
|  20|0x0000000704200000, 0x0000000704200000, 0x0000000704400000|  0%| F|  |TAMS 0x0000000704200000, 0x0000000704200000| Untracked 
|  21|0x0000000704400000, 0x0000000704400000, 0x0000000704600000|  0%| F|  |TAMS 0x0000000704400000, 0x0000000704400000| Untracked 
|  22|0x0000000704600000, 0x0000000704600000, 0x0000000704800000|  0%| F|  |TAMS 0x0000000704600000, 0x0000000704600000| Untracked 
|  23|0x0000000704800000, 0x0000000704800000, 0x0000000704a00000|  0%| F|  |TAMS 0x0000000704800000, 0x0000000704800000| Untracked 
|  24|0x0000000704a00000, 0x0000000704a00000, 0x0000000704c00000|  0%| F|  |TAMS 0x0000000704a00000, 0x0000000704a00000| Untracked 
|  25|0x0000000704c00000, 0x0000000704c00000, 0x0000000704e00000|  0%| F|  |TAMS 0x0000000704c00000, 0x0000000704c00000| Untracked 
|  26|0x0000000704e00000, 0x0000000704e00000, 0x0000000705000000|  0%| F|  |TAMS 0x0000000704e00000, 0x0000000704e00000| Untracked 
|  27|0x0000000705000000, 0x0000000705000000, 0x0000000705200000|  0%| F|  |TAMS 0x0000000705000000, 0x0000000705000000| Untracked 
|  28|0x0000000705200000, 0x0000000705200000, 0x0000000705400000|  0%| F|  |TAMS 0x0000000705200000, 0x0000000705200000| Untracked 
|  29|0x0000000705400000, 0x0000000705400000, 0x0000000705600000|  0%| F|  |TAMS 0x0000000705400000, 0x0000000705400000| Untracked 
|  30|0x0000000705600000, 0x0000000705600000, 0x0000000705800000|  0%| F|  |TAMS 0x0000000705600000, 0x0000000705600000| Untracked 
|  31|0x0000000705800000, 0x0000000705800000, 0x0000000705a00000|  0%| F|  |TAMS 0x0000000705800000, 0x0000000705800000| Untracked 
|  32|0x0000000705a00000, 0x0000000705a00000, 0x0000000705c00000|  0%| F|  |TAMS 0x0000000705a00000, 0x0000000705a00000| Untracked 
|  33|0x0000000705c00000, 0x0000000705c00000, 0x0000000705e00000|  0%| F|  |TAMS 0x0000000705c00000, 0x0000000705c00000| Untracked 
|  34|0x0000000705e00000, 0x0000000705e00000, 0x0000000706000000|  0%| F|  |TAMS 0x0000000705e00000, 0x0000000705e00000| Untracked 
|  35|0x0000000706000000, 0x0000000706000000, 0x0000000706200000|  0%| F|  |TAMS 0x0000000706000000, 0x0000000706000000| Untracked 
|  36|0x0000000706200000, 0x0000000706200000, 0x0000000706400000|  0%| F|  |TAMS 0x0000000706200000, 0x0000000706200000| Untracked 
|  37|0x0000000706400000, 0x0000000706400000, 0x0000000706600000|  0%| F|  |TAMS 0x0000000706400000, 0x0000000706400000| Untracked 
|  38|0x0000000706600000, 0x0000000706600000, 0x0000000706800000|  0%| F|  |TAMS 0x0000000706600000, 0x0000000706600000| Untracked 
|  39|0x0000000706800000, 0x0000000706800000, 0x0000000706a00000|  0%| F|  |TAMS 0x0000000706800000, 0x0000000706800000| Untracked 
|  40|0x0000000706a00000, 0x0000000706a00000, 0x0000000706c00000|  0%| F|  |TAMS 0x0000000706a00000, 0x0000000706a00000| Untracked 
|  41|0x0000000706c00000, 0x0000000706c00000, 0x0000000706e00000|  0%| F|  |TAMS 0x0000000706c00000, 0x0000000706c00000| Untracked 
|  42|0x0000000706e00000, 0x0000000706e00000, 0x0000000707000000|  0%| F|  |TAMS 0x0000000706e00000, 0x0000000706e00000| Untracked 
|  43|0x0000000707000000, 0x0000000707000000, 0x0000000707200000|  0%| F|  |TAMS 0x0000000707000000, 0x0000000707000000| Untracked 
|  44|0x0000000707200000, 0x0000000707200000, 0x0000000707400000|  0%| F|  |TAMS 0x0000000707200000, 0x0000000707200000| Untracked 
|  45|0x0000000707400000, 0x0000000707400000, 0x0000000707600000|  0%| F|  |TAMS 0x0000000707400000, 0x0000000707400000| Untracked 
|  46|0x0000000707600000, 0x0000000707600000, 0x0000000707800000|  0%| F|  |TAMS 0x0000000707600000, 0x0000000707600000| Untracked 
|  47|0x0000000707800000, 0x0000000707800000, 0x0000000707a00000|  0%| F|  |TAMS 0x0000000707800000, 0x0000000707800000| Untracked 
|  48|0x0000000707a00000, 0x0000000707a00000, 0x0000000707c00000|  0%| F|  |TAMS 0x0000000707a00000, 0x0000000707a00000| Untracked 
|  49|0x0000000707c00000, 0x0000000707c00000, 0x0000000707e00000|  0%| F|  |TAMS 0x0000000707c00000, 0x0000000707c00000| Untracked 
|  50|0x0000000707e00000, 0x0000000707e00000, 0x0000000708000000|  0%| F|  |TAMS 0x0000000707e00000, 0x0000000707e00000| Untracked 
|  51|0x0000000708000000, 0x0000000708000000, 0x0000000708200000|  0%| F|  |TAMS 0x0000000708000000, 0x0000000708000000| Untracked 
|  52|0x0000000708200000, 0x0000000708200000, 0x0000000708400000|  0%| F|  |TAMS 0x0000000708200000, 0x0000000708200000| Untracked 
|  53|0x0000000708400000, 0x0000000708400000, 0x0000000708600000|  0%| F|  |TAMS 0x0000000708400000, 0x0000000708400000| Untracked 
|  54|0x0000000708600000, 0x0000000708600000, 0x0000000708800000|  0%| F|  |TAMS 0x0000000708600000, 0x0000000708600000| Untracked 
|  55|0x0000000708800000, 0x0000000708800000, 0x0000000708a00000|  0%| F|  |TAMS 0x0000000708800000, 0x0000000708800000| Untracked 
|  56|0x0000000708a00000, 0x0000000708a00000, 0x0000000708c00000|  0%| F|  |TAMS 0x0000000708a00000, 0x0000000708a00000| Untracked 
|  57|0x0000000708c00000, 0x0000000708c00000, 0x0000000708e00000|  0%| F|  |TAMS 0x0000000708c00000, 0x0000000708c00000| Untracked 
|  58|0x0000000708e00000, 0x0000000708e00000, 0x0000000709000000|  0%| F|  |TAMS 0x0000000708e00000, 0x0000000708e00000| Untracked 
|  59|0x0000000709000000, 0x0000000709000000, 0x0000000709200000|  0%| F|  |TAMS 0x0000000709000000, 0x0000000709000000| Untracked 
|  60|0x0000000709200000, 0x0000000709200000, 0x0000000709400000|  0%| F|  |TAMS 0x0000000709200000, 0x0000000709200000| Untracked 
|  61|0x0000000709400000, 0x0000000709400000, 0x0000000709600000|  0%| F|  |TAMS 0x0000000709400000, 0x0000000709400000| Untracked 
|  62|0x0000000709600000, 0x0000000709600000, 0x0000000709800000|  0%| F|  |TAMS 0x0000000709600000, 0x0000000709600000| Untracked 
|  63|0x0000000709800000, 0x0000000709800000, 0x0000000709a00000|  0%| F|  |TAMS 0x0000000709800000, 0x0000000709800000| Untracked 
|  64|0x0000000709a00000, 0x0000000709a00000, 0x0000000709c00000|  0%| F|  |TAMS 0x0000000709a00000, 0x0000000709a00000| Untracked 
|  65|0x0000000709c00000, 0x0000000709c00000, 0x0000000709e00000|  0%| F|  |TAMS 0x0000000709c00000, 0x0000000709c00000| Untracked 
|  66|0x0000000709e00000, 0x0000000709e00000, 0x000000070a000000|  0%| F|  |TAMS 0x0000000709e00000, 0x0000000709e00000| Untracked 
|  67|0x000000070a000000, 0x000000070a000000, 0x000000070a200000|  0%| F|  |TAMS 0x000000070a000000, 0x000000070a000000| Untracked 
|  68|0x000000070a200000, 0x000000070a200000, 0x000000070a400000|  0%| F|  |TAMS 0x000000070a200000, 0x000000070a200000| Untracked 
|  69|0x000000070a400000, 0x000000070a400000, 0x000000070a600000|  0%| F|  |TAMS 0x000000070a400000, 0x000000070a400000| Untracked 
|  70|0x000000070a600000, 0x000000070a600000, 0x000000070a800000|  0%| F|  |TAMS 0x000000070a600000, 0x000000070a600000| Untracked 
|  71|0x000000070a800000, 0x000000070a800000, 0x000000070aa00000|  0%| F|  |TAMS 0x000000070a800000, 0x000000070a800000| Untracked 
|  72|0x000000070aa00000, 0x000000070aa00000, 0x000000070ac00000|  0%| F|  |TAMS 0x000000070aa00000, 0x000000070aa00000| Untracked 
|  73|0x000000070ac00000, 0x000000070ac00000, 0x000000070ae00000|  0%| F|  |TAMS 0x000000070ac00000, 0x000000070ac00000| Untracked 
|  74|0x000000070ae00000, 0x000000070ae00000, 0x000000070b000000|  0%| F|  |TAMS 0x000000070ae00000, 0x000000070ae00000| Untracked 
|  75|0x000000070b000000, 0x000000070b000000, 0x000000070b200000|  0%| F|  |TAMS 0x000000070b000000, 0x000000070b000000| Untracked 
|  76|0x000000070b200000, 0x000000070b200000, 0x000000070b400000|  0%| F|  |TAMS 0x000000070b200000, 0x000000070b200000| Untracked 
|  77|0x000000070b400000, 0x000000070b400000, 0x000000070b600000|  0%| F|  |TAMS 0x000000070b400000, 0x000000070b400000| Untracked 
|  78|0x000000070b600000, 0x000000070b600000, 0x000000070b800000|  0%| F|  |TAMS 0x000000070b600000, 0x000000070b600000| Untracked 
|  79|0x000000070b800000, 0x000000070b800000, 0x000000070ba00000|  0%| F|  |TAMS 0x000000070b800000, 0x000000070b800000| Untracked 
|  80|0x000000070ba00000, 0x000000070ba00000, 0x000000070bc00000|  0%| F|  |TAMS 0x000000070ba00000, 0x000000070ba00000| Untracked 
|  81|0x000000070bc00000, 0x000000070bc00000, 0x000000070be00000|  0%| F|  |TAMS 0x000000070bc00000, 0x000000070bc00000| Untracked 
|  82|0x000000070be00000, 0x000000070be00000, 0x000000070c000000|  0%| F|  |TAMS 0x000000070be00000, 0x000000070be00000| Untracked 
|  83|0x000000070c000000, 0x000000070c000000, 0x000000070c200000|  0%| F|  |TAMS 0x000000070c000000, 0x000000070c000000| Untracked 
|  84|0x000000070c200000, 0x000000070c200000, 0x000000070c400000|  0%| F|  |TAMS 0x000000070c200000, 0x000000070c200000| Untracked 
|  85|0x000000070c400000, 0x000000070c400000, 0x000000070c600000|  0%| F|  |TAMS 0x000000070c400000, 0x000000070c400000| Untracked 
|  86|0x000000070c600000, 0x000000070c600000, 0x000000070c800000|  0%| F|  |TAMS 0x000000070c600000, 0x000000070c600000| Untracked 
|  87|0x000000070c800000, 0x000000070c800000, 0x000000070ca00000|  0%| F|  |TAMS 0x000000070c800000, 0x000000070c800000| Untracked 
|  88|0x000000070ca00000, 0x000000070ca00000, 0x000000070cc00000|  0%| F|  |TAMS 0x000000070ca00000, 0x000000070ca00000| Untracked 
|  89|0x000000070cc00000, 0x000000070cc00000, 0x000000070ce00000|  0%| F|  |TAMS 0x000000070cc00000, 0x000000070cc00000| Untracked 
|  90|0x000000070ce00000, 0x000000070ce00000, 0x000000070d000000|  0%| F|  |TAMS 0x000000070ce00000, 0x000000070ce00000| Untracked 
|  91|0x000000070d000000, 0x000000070d000000, 0x000000070d200000|  0%| F|  |TAMS 0x000000070d000000, 0x000000070d000000| Untracked 
|  92|0x000000070d200000, 0x000000070d200000, 0x000000070d400000|  0%| F|  |TAMS 0x000000070d200000, 0x000000070d200000| Untracked 
|  93|0x000000070d400000, 0x000000070d400000, 0x000000070d600000|  0%| F|  |TAMS 0x000000070d400000, 0x000000070d400000| Untracked 
|  94|0x000000070d600000, 0x000000070d600000, 0x000000070d800000|  0%| F|  |TAMS 0x000000070d600000, 0x000000070d600000| Untracked 
|  95|0x000000070d800000, 0x000000070d800000, 0x000000070da00000|  0%| F|  |TAMS 0x000000070d800000, 0x000000070d800000| Untracked 
|  96|0x000000070da00000, 0x000000070da00000, 0x000000070dc00000|  0%| F|  |TAMS 0x000000070da00000, 0x000000070da00000| Untracked 
|  97|0x000000070dc00000, 0x000000070dc00000, 0x000000070de00000|  0%| F|  |TAMS 0x000000070dc00000, 0x000000070dc00000| Untracked 
|  98|0x000000070de00000, 0x000000070de00000, 0x000000070e000000|  0%| F|  |TAMS 0x000000070de00000, 0x000000070de00000| Untracked 
|  99|0x000000070e000000, 0x000000070e000000, 0x000000070e200000|  0%| F|  |TAMS 0x000000070e000000, 0x000000070e000000| Untracked 
| 100|0x000000070e200000, 0x000000070e200000, 0x000000070e400000|  0%| F|  |TAMS 0x000000070e200000, 0x000000070e200000| Untracked 
| 101|0x000000070e400000, 0x000000070e400000, 0x000000070e600000|  0%| F|  |TAMS 0x000000070e400000, 0x000000070e400000| Untracked 
| 102|0x000000070e600000, 0x000000070e600000, 0x000000070e800000|  0%| F|  |TAMS 0x000000070e600000, 0x000000070e600000| Untracked 
| 103|0x000000070e800000, 0x000000070e800000, 0x000000070ea00000|  0%| F|  |TAMS 0x000000070e800000, 0x000000070e800000| Untracked 
| 104|0x000000070ea00000, 0x000000070ea00000, 0x000000070ec00000|  0%| F|  |TAMS 0x000000070ea00000, 0x000000070ea00000| Untracked 
| 105|0x000000070ec00000, 0x000000070ec00000, 0x000000070ee00000|  0%| F|  |TAMS 0x000000070ec00000, 0x000000070ec00000| Untracked 
| 106|0x000000070ee00000, 0x000000070ee00000, 0x000000070f000000|  0%| F|  |TAMS 0x000000070ee00000, 0x000000070ee00000| Untracked 
| 107|0x000000070f000000, 0x000000070f000000, 0x000000070f200000|  0%| F|  |TAMS 0x000000070f000000, 0x000000070f000000| Untracked 
| 108|0x000000070f200000, 0x000000070f200000, 0x000000070f400000|  0%| F|  |TAMS 0x000000070f200000, 0x000000070f200000| Untracked 
| 109|0x000000070f400000, 0x000000070f400000, 0x000000070f600000|  0%| F|  |TAMS 0x000000070f400000, 0x000000070f400000| Untracked 
| 110|0x000000070f600000, 0x000000070f600000, 0x000000070f800000|  0%| F|  |TAMS 0x000000070f600000, 0x000000070f600000| Untracked 
| 111|0x000000070f800000, 0x000000070f800000, 0x000000070fa00000|  0%| F|  |TAMS 0x000000070f800000, 0x000000070f800000| Untracked 
| 112|0x000000070fa00000, 0x000000070fa00000, 0x000000070fc00000|  0%| F|  |TAMS 0x000000070fa00000, 0x000000070fa00000| Untracked 
| 113|0x000000070fc00000, 0x000000070fc00000, 0x000000070fe00000|  0%| F|  |TAMS 0x000000070fc00000, 0x000000070fc00000| Untracked 
| 114|0x000000070fe00000, 0x000000070fe00000, 0x0000000710000000|  0%| F|  |TAMS 0x000000070fe00000, 0x000000070fe00000| Untracked 
| 115|0x0000000710000000, 0x0000000710000000, 0x0000000710200000|  0%| F|  |TAMS 0x0000000710000000, 0x0000000710000000| Untracked 
| 116|0x0000000710200000, 0x0000000710200000, 0x0000000710400000|  0%| F|  |TAMS 0x0000000710200000, 0x0000000710200000| Untracked 
| 117|0x0000000710400000, 0x00000007105c3090, 0x0000000710600000| 88%| E|  |TAMS 0x0000000710400000, 0x0000000710400000| Complete 
| 118|0x0000000710600000, 0x0000000710800000, 0x0000000710800000|100%| E|CS|TAMS 0x0000000710600000, 0x0000000710600000| Complete 
| 119|0x0000000710800000, 0x0000000710a00000, 0x0000000710a00000|100%| E|CS|TAMS 0x0000000710800000, 0x0000000710800000| Complete 
| 120|0x0000000710a00000, 0x0000000710c00000, 0x0000000710c00000|100%| E|CS|TAMS 0x0000000710a00000, 0x0000000710a00000| Complete 
| 121|0x0000000710c00000, 0x0000000710e00000, 0x0000000710e00000|100%| E|CS|TAMS 0x0000000710c00000, 0x0000000710c00000| Complete 
| 122|0x0000000710e00000, 0x0000000711000000, 0x0000000711000000|100%| E|CS|TAMS 0x0000000710e00000, 0x0000000710e00000| Complete 
| 123|0x0000000711000000, 0x0000000711200000, 0x0000000711200000|100%| E|  |TAMS 0x0000000711000000, 0x0000000711000000| Complete 
| 124|0x0000000711200000, 0x0000000711400000, 0x0000000711400000|100%| E|CS|TAMS 0x0000000711200000, 0x0000000711200000| Complete 
| 125|0x0000000711400000, 0x0000000711600000, 0x0000000711600000|100%| E|CS|TAMS 0x0000000711400000, 0x0000000711400000| Complete 
| 126|0x0000000711600000, 0x0000000711800000, 0x0000000711800000|100%| E|CS|TAMS 0x0000000711600000, 0x0000000711600000| Complete 
| 127|0x0000000711800000, 0x0000000711a00000, 0x0000000711a00000|100%| E|CS|TAMS 0x0000000711800000, 0x0000000711800000| Complete 

Card table byte_map: [0x00000293459b0000,0x00000293461b0000] _byte_map_base: 0x00000293421a3000

Marking Bits (Prev, Next): (CMBitMap*) 0x000002932e6c3f70, (CMBitMap*) 0x000002932e6c3fb0
 Prev Bits: [0x00000293469b0000, 0x000002934a948000)
 Next Bits: [0x000002934a950000, 0x000002934e8e8000)

Polling page: 0x000002932c660000

Metaspace:

Usage:
  Non-class:     13.34 MB used.
      Class:      1.60 MB used.
       Both:     14.93 MB used.

Virtual space:
  Non-class space:       16.00 MB reserved,      13.44 MB ( 84%) committed,  2 nodes.
      Class space:        1.00 GB reserved,       1.75 MB ( <1%) committed,  1 nodes.
             Both:        1.02 GB reserved,      15.19 MB (  1%) committed. 

Chunk freelists:
   Non-Class:  2.52 MB
       Class:  2.17 MB
        Both:  4.69 MB

MaxMetaspaceSize: unlimited
CompressedClassSpaceSize: 1.00 GB
Initial GC threshold: 21.00 MB
Current GC threshold: 21.00 MB
CDS: on
MetaspaceReclaimPolicy: balanced
 - commit_granule_bytes: 65536.
 - commit_granule_words: 8192.
 - virtual_space_node_default_size: 1048576.
 - enlarge_chunks_in_place: 1.
 - new_chunks_are_fully_committed: 0.
 - uncommit_free_chunks: 1.
 - use_allocation_guard: 0.
 - handle_deallocations: 1.


Internal statistics:

num_allocs_failed_limit: 0.
num_arena_births: 184.
num_arena_deaths: 0.
num_vsnodes_births: 3.
num_vsnodes_deaths: 0.
num_space_committed: 241.
num_space_uncommitted: 0.
num_chunks_returned_to_freelist: 0.
num_chunks_taken_from_freelist: 379.
num_chunk_merges: 0.
num_chunk_splits: 246.
num_chunks_enlarged: 151.
num_purges: 0.
num_inconsistent_stats: 0.

CodeHeap 'non-profiled nmethods': size=120000Kb used=545Kb max_used=545Kb free=119454Kb
 bounds [0x000002933d950000, 0x000002933dbc0000, 0x0000029344e80000]
CodeHeap 'profiled nmethods': size=120000Kb used=3298Kb max_used=3298Kb free=116701Kb
 bounds [0x0000029336420000, 0x0000029336760000, 0x000002933d950000]
CodeHeap 'non-nmethods': size=5760Kb used=1856Kb max_used=1872Kb free=3903Kb
 bounds [0x0000029335e80000, 0x00000293360f0000, 0x0000029336420000]
 total_blobs=3271 nmethods=1907 adapters=1277
 compilation: enabled
              stopped_count=0, restarted_count=0
 full_count=0

Compilation events (20 events):
Event: 5.715 Thread 0x0000029351356e60 1895       3       org.lwjgl.glfw.GLFW::glfwSetCursor (24 bytes)
Event: 5.715 Thread 0x0000029351356e60 nmethod 1895 0x0000029336754a10 code [0x0000029336754bc0, 0x0000029336754e78]
Event: 5.715 Thread 0x0000029351356e60 1898       3       imgui.ImGui::getDrawData (13 bytes)
Event: 5.715 Thread 0x0000029351356e60 nmethod 1898 0x0000029336755010 code [0x00000293367551c0, 0x00000293367552e8]
Event: 5.731 Thread 0x0000029351356e60 1899       3       org.lwjgl.glfw.GLFW::glfwPollEvents (9 bytes)
Event: 5.731 Thread 0x0000029351356e60 nmethod 1899 0x0000029336755390 code [0x0000029336755520, 0x0000029336755648]
Event: 5.799 Thread 0x0000029351356e60 1901       3       imgui.gl3.ImGuiImplGl3::renderDrawData (403 bytes)
Event: 5.800 Thread 0x0000029351356e60 nmethod 1901 0x0000029336755710 code [0x0000029336755a60, 0x00000293367568a8]
Event: 6.081 Thread 0x0000029351356e60 1903       1       imgui.type.ImString::getData (5 bytes)
Event: 6.081 Thread 0x0000029351356e60 nmethod 1903 0x000002933d9d7c90 code [0x000002933d9d7e20, 0x000002933d9d7ef8]
Event: 6.548 Thread 0x0000029351356e60 1904       3       java.lang.invoke.LambdaForm$MH/0x0000000800c12c00::invoke (25 bytes)
Event: 6.548 Thread 0x0000029351356e60 nmethod 1904 0x0000029336757090 code [0x0000029336757260, 0x00000293367577b8]
Event: 6.699 Thread 0x0000029351356e60 1905       3       org.lwjgl.glfw.GLFW::glfwGetWindowAttrib (22 bytes)
Event: 6.699 Thread 0x0000029351356e60 nmethod 1905 0x0000029336757910 code [0x0000029336757ac0, 0x0000029336757d78]
Event: 6.915 Thread 0x0000029351356e60 1906       3       org.lwjgl.glfw.GLFW::glfwGetCursorPos (35 bytes)
Event: 6.915 Thread 0x0000029351356e60 nmethod 1906 0x0000029336757f10 code [0x0000029336758120, 0x00000293367586b8]
Event: 7.000 Thread 0x000002935134e3b0 1907       4       java.lang.ThreadLocal::get (38 bytes)
Event: 7.002 Thread 0x000002935134e3b0 nmethod 1907 0x000002933d9d7f90 code [0x000002933d9d8120, 0x000002933d9d8278]
Event: 7.148 Thread 0x0000029351356e60 1908       1       com.wiz.settlementmapmaker.RuntimeManager::getSettlementName (5 bytes)
Event: 7.149 Thread 0x0000029351356e60 nmethod 1908 0x000002933d9d8410 code [0x000002933d9d85a0, 0x000002933d9d8678]

GC Heap History (0 events):
No events

Deoptimization events (20 events):
Event: 5.107 Thread 0x0000029359a247e0 Uncommon trap: trap_request=0xffffff45 fr.pc=0x000002933d99f764 relative=0x0000000000000424
Event: 5.107 Thread 0x0000029359a247e0 Uncommon trap: reason=unstable_if action=reinterpret pc=0x000002933d99f764 method=java.util.HashMap.getNode(Ljava/lang/Object;)Ljava/util/HashMap$Node; @ 131 c2
Event: 5.107 Thread 0x0000029359a247e0 DEOPT PACKING pc=0x000002933d99f764 sp=0x000000c5d34fdee0
Event: 5.107 Thread 0x0000029359a247e0 DEOPT UNPACKING pc=0x0000029335ed23a3 sp=0x000000c5d34fde70 mode 2
Event: 5.108 Thread 0x0000029359a247e0 Uncommon trap: trap_request=0xffffffde fr.pc=0x000002933d9ad8a4 relative=0x0000000000000924
Event: 5.108 Thread 0x0000029359a247e0 Uncommon trap: reason=class_check action=maybe_recompile pc=0x000002933d9ad8a4 method=java.util.HashMap.putVal(ILjava/lang/Object;Ljava/lang/Object;ZZ)Ljava/lang/Object; @ 91 c2
Event: 5.108 Thread 0x0000029359a247e0 DEOPT PACKING pc=0x000002933d9ad8a4 sp=0x000000c5d34fe360
Event: 5.108 Thread 0x0000029359a247e0 DEOPT UNPACKING pc=0x0000029335ed23a3 sp=0x000000c5d34fe288 mode 2
Event: 5.108 Thread 0x0000029359a247e0 Uncommon trap: trap_request=0xffffff45 fr.pc=0x000002933d9a5830 relative=0x0000000000000550
Event: 5.108 Thread 0x0000029359a247e0 Uncommon trap: reason=unstable_if action=reinterpret pc=0x000002933d9a5830 method=java.util.concurrent.ConcurrentHashMap.get(Ljava/lang/Object;)Ljava/lang/Object; @ 76 c2
Event: 5.108 Thread 0x0000029359a247e0 DEOPT PACKING pc=0x000002933d9a5830 sp=0x000000c5d34fe070
Event: 5.108 Thread 0x0000029359a247e0 DEOPT UNPACKING pc=0x0000029335ed23a3 sp=0x000000c5d34fe018 mode 2
Event: 5.108 Thread 0x0000029359a247e0 Uncommon trap: trap_request=0xffffffde fr.pc=0x000002933d9ad8a4 relative=0x0000000000000924
Event: 5.108 Thread 0x0000029359a247e0 Uncommon trap: reason=class_check action=maybe_recompile pc=0x000002933d9ad8a4 method=java.util.HashMap.putVal(ILjava/lang/Object;Ljava/lang/Object;ZZ)Ljava/lang/Object; @ 91 c2
Event: 5.108 Thread 0x0000029359a247e0 DEOPT PACKING pc=0x000002933d9ad8a4 sp=0x000000c5d34fe360
Event: 5.108 Thread 0x0000029359a247e0 DEOPT UNPACKING pc=0x0000029335ed23a3 sp=0x000000c5d34fe288 mode 2
Event: 5.110 Thread 0x0000029359a247e0 Uncommon trap: trap_request=0xffffffde fr.pc=0x000002933d9ad8a4 relative=0x0000000000000924
Event: 5.110 Thread 0x0000029359a247e0 Uncommon trap: reason=class_check action=maybe_recompile pc=0x000002933d9ad8a4 method=java.util.HashMap.putVal(ILjava/lang/Object;Ljava/lang/Object;ZZ)Ljava/lang/Object; @ 91 c2
Event: 5.110 Thread 0x0000029359a247e0 DEOPT PACKING pc=0x000002933d9ad8a4 sp=0x000000c5d34fdd50
Event: 5.110 Thread 0x0000029359a247e0 DEOPT UNPACKING pc=0x0000029335ed23a3 sp=0x000000c5d34fdc78 mode 2

Classes unloaded (0 events):
No events

Classes redefined (0 events):
No events

Internal exceptions (20 events):
Event: 0.550 Thread 0x000002932e673ce0 Exception <a 'sun/nio/fs/WindowsException'{0x00000007113d5e90}> (0x00000007113d5e90) 
thrown [t:\workspace\open\src\hotspot\share\prims\jni.cpp, line 516]
Event: 0.562 Thread 0x000002932e673ce0 Exception <a 'java/lang/NoSuchMethodError'{0x00000007113fd328}: 'int java.lang.invoke.DirectMethodHandle$Holder.invokeStaticInit(java.lang.Object, java.lang.Object, int, long)'> (0x00000007113fd328) 
thrown [t:\workspace\open\src\hotspot\share\interpreter\linkResolver.cpp, line 766]
Event: 0.562 Thread 0x000002932e673ce0 Exception <a 'java/lang/NoSuchMethodError'{0x00000007110030b0}: 'java.lang.Object java.lang.invoke.DirectMethodHandle$Holder.newInvokeSpecial(java.lang.Object, java.lang.Object, int)'> (0x00000007110030b0) 
thrown [t:\workspace\open\src\hotspot\share\interpreter\linkResolver.cpp, line 766]
Event: 0.565 Thread 0x000002932e673ce0 Exception <a 'java/lang/NoSuchMethodError'{0x0000000711011b90}: 'int java.lang.invoke.DirectMethodHandle$Holder.invokeStaticInit(java.lang.Object, java.lang.Object, long, long)'> (0x0000000711011b90) 
thrown [t:\workspace\open\src\hotspot\share\interpreter\linkResolver.cpp, line 766]
Event: 0.566 Thread 0x000002932e673ce0 Exception <a 'java/lang/NoSuchMethodError'{0x0000000711017840}: 'java.lang.Object java.lang.invoke.DirectMethodHandle$Holder.newInvokeSpecial(java.lang.Object, java.lang.Object, long)'> (0x0000000711017840) 
thrown [t:\workspace\open\src\hotspot\share\interpreter\linkResolver.cpp, line 766]
Event: 0.566 Thread 0x000002932e673ce0 Exception <a 'java/lang/NoSuchMethodError'{0x000000071101b108}: 'java.lang.Object java.lang.invoke.Invokers$Holder.linkToTargetMethod(java.lang.Object, long, java.lang.Object)'> (0x000000071101b108) 
thrown [t:\workspace\open\src\hotspot\share\interpreter\linkResolver.cpp, line 766]
Event: 0.567 Thread 0x000002932e673ce0 Exception <a 'java/lang/NoSuchMethodError'{0x0000000711022708}: 'int java.lang.invoke.DirectMethodHandle$Holder.invokeStaticInit(java.lang.Object, java.lang.Object, java.lang.Object, long)'> (0x0000000711022708) 
thrown [t:\workspace\open\src\hotspot\share\interpreter\linkResolver.cpp, line 766]
Event: 0.587 Thread 0x000002932e673ce0 Exception <a 'sun/nio/fs/WindowsException'{0x0000000711082da8}> (0x0000000711082da8) 
thrown [t:\workspace\open\src\hotspot\share\prims\jni.cpp, line 516]
Event: 0.587 Thread 0x000002932e673ce0 Exception <a 'sun/nio/fs/WindowsException'{0x0000000711083138}> (0x0000000711083138) 
thrown [t:\workspace\open\src\hotspot\share\prims\jni.cpp, line 516]
Event: 0.613 Thread 0x000002932e673ce0 Exception <a 'sun/nio/fs/WindowsException'{0x00000007111100b0}> (0x00000007111100b0) 
thrown [t:\workspace\open\src\hotspot\share\prims\jni.cpp, line 516]
Event: 0.613 Thread 0x000002932e673ce0 Exception <a 'sun/nio/fs/WindowsException'{0x0000000711110410}> (0x0000000711110410) 
thrown [t:\workspace\open\src\hotspot\share\prims\jni.cpp, line 516]
Event: 1.116 Thread 0x000002932e673ce0 Exception <a 'sun/nio/fs/WindowsException'{0x0000000711156960}> (0x0000000711156960) 
thrown [t:\workspace\open\src\hotspot\share\prims\jni.cpp, line 516]
Event: 1.116 Thread 0x000002932e673ce0 Exception <a 'sun/nio/fs/WindowsException'{0x0000000711156d00}> (0x0000000711156d00) 
thrown [t:\workspace\open\src\hotspot\share\prims\jni.cpp, line 516]
Event: 1.121 Thread 0x000002932e673ce0 Exception <a 'sun/nio/fs/WindowsException'{0x000000071115e558}> (0x000000071115e558) 
thrown [t:\workspace\open\src\hotspot\share\prims\jni.cpp, line 516]
Event: 1.121 Thread 0x000002932e673ce0 Exception <a 'sun/nio/fs/WindowsException'{0x000000071115e828}> (0x000000071115e828) 
thrown [t:\workspace\open\src\hotspot\share\prims\jni.cpp, line 516]
Event: 1.186 Thread 0x000002932e673ce0 Exception <a 'sun/nio/fs/WindowsException'{0x0000000710e85cf0}> (0x0000000710e85cf0) 
thrown [t:\workspace\open\src\hotspot\share\prims\jni.cpp, line 516]
Event: 3.120 Thread 0x0000029359eae010 Exception <a 'java/lang/NoSuchMethodError'{0x0000000710a7e650}: 'java.lang.Object java.lang.invoke.DirectMethodHandle$Holder.newInvokeSpecial(java.lang.Object, java.lang.Object, java.lang.Object, int, int, int, int, int)'> (0x0000000710a7e650) 
thrown [t:\workspace\open\src\hotspot\share\interpreter\linkResolver.cpp, line 766]
Event: 3.685 Thread 0x0000029352295b30 Exception <a 'java/lang/NoSuchMethodError'{0x0000000711482140}: 'void java.lang.invoke.DirectMethodHandle$Holder.invokeVirtual(java.lang.Object, java.lang.Object)'> (0x0000000711482140) 
thrown [t:\workspace\open\src\hotspot\share\interpreter\linkResolver.cpp, line 766]
Event: 3.707 Thread 0x0000029359a247e0 Exception <a 'java/lang/NoSuchMethodError'{0x0000000710b79de8}: 'void java.lang.invoke.DirectMethodHandle$Holder.invokeStaticInit(java.lang.Object)'> (0x0000000710b79de8) 
thrown [t:\workspace\open\src\hotspot\share\interpreter\linkResolver.cpp, line 766]
Event: 3.809 Thread 0x0000029359a247e0 Exception <a 'java/lang/NoSuchMethodError'{0x0000000710881538}: 'int java.lang.invoke.DirectMethodHandle$Holder.invokeStatic(java.lang.Object)'> (0x0000000710881538) 
thrown [t:\workspace\open\src\hotspot\share\interpreter\linkResolver.cpp, line 766]

VM Operations (20 events):
Event: 1.268 Executing VM operation: Cleanup
Event: 1.268 Executing VM operation: Cleanup done
Event: 2.271 Executing VM operation: Cleanup
Event: 2.272 Executing VM operation: Cleanup done
Event: 3.139 Executing VM operation: HandshakeAllThreads
Event: 3.139 Executing VM operation: HandshakeAllThreads done
Event: 3.265 Executing VM operation: HandshakeAllThreads
Event: 3.265 Executing VM operation: HandshakeAllThreads done
Event: 3.269 Executing VM operation: HandshakeAllThreads
Event: 3.269 Executing VM operation: HandshakeAllThreads done
Event: 3.865 Executing VM operation: HandshakeAllThreads
Event: 3.866 Executing VM operation: HandshakeAllThreads done
Event: 3.866 Executing VM operation: Cleanup
Event: 3.866 Executing VM operation: Cleanup done
Event: 4.870 Executing VM operation: Cleanup
Event: 4.870 Executing VM operation: Cleanup done
Event: 5.122 Executing VM operation: HandshakeAllThreads
Event: 5.122 Executing VM operation: HandshakeAllThreads done
Event: 6.132 Executing VM operation: Cleanup
Event: 6.133 Executing VM operation: Cleanup done

Events (20 events):
Event: 5.122 loading class java/lang/reflect/ProxyGenerator
Event: 5.122 loading class java/lang/reflect/ProxyGenerator done
Event: 5.122 loading class java/lang/reflect/ProxyGenerator$ProxyMethod
Event: 5.123 loading class java/lang/reflect/ProxyGenerator$ProxyMethod done
Event: 5.124 loading class java/lang/reflect/ProxyGenerator$PrimitiveTypeInfo
Event: 5.124 loading class java/lang/reflect/ProxyGenerator$PrimitiveTypeInfo done
Event: 5.124 loading class jdk/internal/org/objectweb/asm/Edge
Event: 5.125 loading class jdk/internal/org/objectweb/asm/Edge done
Event: 5.125 loading class java/lang/reflect/Proxy$ProxyBuilder$1
Event: 5.125 loading class java/lang/reflect/Proxy$ProxyBuilder$1 done
Event: 5.127 loading class jdk/internal/reflect/UnsafeObjectFieldAccessorImpl
Event: 5.127 loading class jdk/internal/reflect/UnsafeObjectFieldAccessorImpl done
Event: 5.128 loading class jdk/internal/math/FloatingDecimal$ASCIIToBinaryBuffer
Event: 5.128 loading class jdk/internal/math/FloatingDecimal$ASCIIToBinaryBuffer done
Event: 5.128 loading class jdk/internal/reflect/UnsafeQualifiedFloatFieldAccessorImpl
Event: 5.128 loading class jdk/internal/reflect/UnsafeQualifiedFieldAccessorImpl
Event: 5.129 loading class jdk/internal/reflect/UnsafeQualifiedFieldAccessorImpl done
Event: 5.129 loading class jdk/internal/reflect/UnsafeQualifiedFloatFieldAccessorImpl done
Event: 5.129 loading class jdk/internal/reflect/UnsafeQualifiedObjectFieldAccessorImpl
Event: 5.129 loading class jdk/internal/reflect/UnsafeQualifiedObjectFieldAccessorImpl done


Dynamic libraries:
0x00007ff61be80000 - 0x00007ff61be90000 	C:\Program Files\Java\jdk-17.0.1\bin\java.exe
0x00007ffdd25b0000 - 0x00007ffdd27a5000 	C:\WINDOWS\SYSTEM32\ntdll.dll
0x00007ffdd0a00000 - 0x00007ffdd0abe000 	C:\WINDOWS\System32\KERNEL32.DLL
0x00007ffdcffd0000 - 0x00007ffdd0298000 	C:\WINDOWS\System32\KERNELBASE.dll
0x00007ffdd02d0000 - 0x00007ffdd03d0000 	C:\WINDOWS\System32\ucrtbase.dll
0x00007ffdcb730000 - 0x00007ffdcb74a000 	C:\Program Files\Java\jdk-17.0.1\bin\VCRUNTIME140.dll
0x00007ffdbb220000 - 0x00007ffdbb238000 	C:\Program Files\Java\jdk-17.0.1\bin\jli.dll
0x00007ffdd0950000 - 0x00007ffdd09fe000 	C:\WINDOWS\System32\ADVAPI32.dll
0x00007ffdd2370000 - 0x00007ffdd240e000 	C:\WINDOWS\System32\msvcrt.dll
0x00007ffdd2410000 - 0x00007ffdd24ac000 	C:\WINDOWS\System32\sechost.dll
0x00007ffdd0b20000 - 0x00007ffdd0c45000 	C:\WINDOWS\System32\RPCRT4.dll
0x00007ffdd06e0000 - 0x00007ffdd0880000 	C:\WINDOWS\System32\USER32.dll
0x00007ffdd03d0000 - 0x00007ffdd03f2000 	C:\WINDOWS\System32\win32u.dll
0x00007ffdd06b0000 - 0x00007ffdd06db000 	C:\WINDOWS\System32\GDI32.dll
0x00007ffdcfec0000 - 0x00007ffdcffcd000 	C:\WINDOWS\System32\gdi32full.dll
0x00007ffdcfe20000 - 0x00007ffdcfebd000 	C:\WINDOWS\System32\msvcp_win.dll
0x00007ffdc9ae0000 - 0x00007ffdc9aea000 	C:\WINDOWS\SYSTEM32\VERSION.dll
0x00007ffdc2e10000 - 0x00007ffdc30aa000 	C:\WINDOWS\WinSxS\amd64_microsoft.windows.common-controls_6595b64144ccf1df_6.0.19041.1110_none_60b5254171f9507e\COMCTL32.dll
0x00007ffdd0680000 - 0x00007ffdd06b0000 	C:\WINDOWS\System32\IMM32.DLL
0x00007ffdbb210000 - 0x00007ffdbb21c000 	C:\Program Files\Java\jdk-17.0.1\bin\vcruntime140_1.dll
0x00007ffd9d660000 - 0x00007ffd9d6ed000 	C:\Program Files\Java\jdk-17.0.1\bin\msvcp140.dll
0x00007ffd5d480000 - 0x00007ffd5e03e000 	C:\Program Files\Java\jdk-17.0.1\bin\server\jvm.dll
0x00007ffdd08e0000 - 0x00007ffdd08e8000 	C:\WINDOWS\System32\PSAPI.DLL
0x00007ffdc73b0000 - 0x00007ffdc73d7000 	C:\WINDOWS\SYSTEM32\WINMM.dll
0x00007ffdbb0e0000 - 0x00007ffdbb0e9000 	C:\WINDOWS\SYSTEM32\WSOCK32.dll
0x00007ffdd1650000 - 0x00007ffdd16bb000 	C:\WINDOWS\System32\WS2_32.dll
0x00007ffdce530000 - 0x00007ffdce542000 	C:\WINDOWS\SYSTEM32\kernel.appcore.dll
0x00007ffdbb1e0000 - 0x00007ffdbb1ea000 	C:\Program Files\Java\jdk-17.0.1\bin\jimage.dll
0x00007ffdcda00000 - 0x00007ffdcdbe4000 	C:\WINDOWS\SYSTEM32\DBGHELP.DLL
0x00007ffdc5120000 - 0x00007ffdc514c000 	C:\WINDOWS\SYSTEM32\dbgcore.DLL
0x00007ffdcfd90000 - 0x00007ffdcfe12000 	C:\WINDOWS\System32\bcryptPrimitives.dll
0x00007ffdb1390000 - 0x00007ffdb13b5000 	C:\Program Files\Java\jdk-17.0.1\bin\java.dll
0x00007ffd6b780000 - 0x00007ffd6b856000 	C:\Program Files\Java\jdk-17.0.1\bin\svml.dll
0x00007ffdd1c20000 - 0x00007ffdd2364000 	C:\WINDOWS\System32\SHELL32.dll
0x00007ffdcdd80000 - 0x00007ffdce514000 	C:\WINDOWS\SYSTEM32\windows.storage.dll
0x00007ffdd16c0000 - 0x00007ffdd1a15000 	C:\WINDOWS\System32\combase.dll
0x00007ffdcf6e0000 - 0x00007ffdcf70e000 	C:\WINDOWS\SYSTEM32\Wldp.dll
0x00007ffdd05d0000 - 0x00007ffdd067d000 	C:\WINDOWS\System32\SHCORE.dll
0x00007ffdd08f0000 - 0x00007ffdd0945000 	C:\WINDOWS\System32\shlwapi.dll
0x00007ffdcfbd0000 - 0x00007ffdcfbef000 	C:\WINDOWS\SYSTEM32\profapi.dll
0x00007ffdb8fe0000 - 0x00007ffdb8ff9000 	C:\Program Files\Java\jdk-17.0.1\bin\net.dll
0x00007ffdc4cb0000 - 0x00007ffdc4dbc000 	C:\WINDOWS\SYSTEM32\WINHTTP.dll
0x00007ffdcf440000 - 0x00007ffdcf4aa000 	C:\WINDOWS\system32\mswsock.dll
0x00007ffdb1fe0000 - 0x00007ffdb1ff5000 	C:\Program Files\Java\jdk-17.0.1\bin\nio.dll
0x00007ffdb1ee0000 - 0x00007ffdb1ef8000 	C:\Program Files\Java\jdk-17.0.1\bin\zip.dll
0x00007ffd674d0000 - 0x00007ffd6765f000 	C:\Program Files\Java\jdk-17.0.1\bin\awt.dll
0x00007ffdd1ad0000 - 0x00007ffdd1b9d000 	C:\WINDOWS\System32\OLEAUT32.dll
0x00007ffdcd0a0000 - 0x00007ffdcd130000 	C:\WINDOWS\SYSTEM32\apphelp.dll
0x00007ffdcd190000 - 0x00007ffdcd22e000 	C:\WINDOWS\system32\uxtheme.dll
0x00007ffdd13a0000 - 0x00007ffdd14b6000 	C:\WINDOWS\System32\MSCTF.dll
0x00007ffdd1520000 - 0x00007ffdd164a000 	C:\WINDOWS\System32\ole32.dll
0x00007ffdcd470000 - 0x00007ffdcd49f000 	C:\WINDOWS\system32\DWMAPI.DLL
0x00007ffda8320000 - 0x00007ffda83d0000 	C:\WINDOWS\WinSxS\amd64_microsoft.windows.common-controls_6595b64144ccf1df_5.82.19041.1110_none_792d1c772443f647\comctl32.dll
0x00007ffdd1a20000 - 0x00007ffdd1ac9000 	C:\WINDOWS\System32\clbcatq.dll
0x00007ffdcb370000 - 0x00007ffdcb466000 	C:\WINDOWS\SYSTEM32\PROPSYS.dll
0x00007ffdb5d40000 - 0x00007ffdb5d57000 	C:\WINDOWS\system32\NetworkExplorer.dll
0x00007ffdcfc90000 - 0x00007ffdcfcde000 	C:\WINDOWS\System32\CFGMGR32.dll
0x00007ffd6ae60000 - 0x00007ffd6aed1000 	C:\Users\Ivan\AppData\Local\Temp\lwjglIvan\3.3.0-build-21\lwjgl.dll
0x00007ffd5d220000 - 0x00007ffd5d476000 	C:\Users\Ivan\AppData\Local\Temp\lwjglIvan\3.3.0-build-21\jemalloc.dll
0x00007ffd67aa0000 - 0x00007ffd67b01000 	C:\Users\Ivan\AppData\Local\Temp\lwjglIvan\3.3.0-build-21\glfw.dll
0x00007ffdb51d0000 - 0x00007ffdb5215000 	C:\WINDOWS\SYSTEM32\dinput8.dll
0x00007ffdb2080000 - 0x00007ffdb2091000 	C:\WINDOWS\SYSTEM32\xinput1_4.dll
0x00007ffdcfa30000 - 0x00007ffdcfa64000 	C:\WINDOWS\SYSTEM32\DEVOBJ.dll
0x00007ffdb8d00000 - 0x00007ffdb8e52000 	C:\WINDOWS\SYSTEM32\inputhost.dll
0x00007ffdcbe70000 - 0x00007ffdcbfc4000 	C:\WINDOWS\SYSTEM32\wintypes.dll
0x00007ffdccb00000 - 0x00007ffdcce5e000 	C:\WINDOWS\SYSTEM32\CoreUIComponents.dll
0x00007ffdcce60000 - 0x00007ffdccf52000 	C:\WINDOWS\SYSTEM32\CoreMessaging.dll
0x00007ffdceaa0000 - 0x00007ffdcead3000 	C:\WINDOWS\SYSTEM32\ntmarta.dll
0x00007ffdbc840000 - 0x00007ffdbc965000 	C:\WINDOWS\SYSTEM32\opengl32.dll
0x00007ffdbc460000 - 0x00007ffdbc48c000 	C:\WINDOWS\SYSTEM32\GLU32.dll
0x00007ffdca0f0000 - 0x00007ffdca1e9000 	C:\Windows\System32\AppXDeploymentClient.dll
0x00007ffd9d380000 - 0x00007ffd9d3ac000 	C:\WINDOWS\System32\DriverStore\FileRepository\u0372545.inf_amd64_56d459236871c3f2\B372333\atig6pxx.dll
0x00007ffd912a0000 - 0x00007ffd940e3000 	C:\WINDOWS\System32\DriverStore\FileRepository\u0372545.inf_amd64_56d459236871c3f2\B372333\atio6axx.dll
0x00007ffdd0f20000 - 0x00007ffdd1392000 	C:\WINDOWS\System32\SETUPAPI.dll
0x00007ffdd02a0000 - 0x00007ffdd02c7000 	C:\WINDOWS\System32\bcrypt.dll
0x00007ffda77c0000 - 0x00007ffda77e4000 	C:\WINDOWS\SYSTEM32\dxva2.dll
0x00007ffd91260000 - 0x00007ffd9129f000 	C:\WINDOWS\System32\DriverStore\FileRepository\u0372545.inf_amd64_56d459236871c3f2\B372333\atig6txx.dll
0x00007ffd6c650000 - 0x00007ffd6c820000 	C:\WINDOWS\SYSTEM32\atiadlxx.dll
0x00007ffdb3740000 - 0x00007ffdb3789000 	C:\WINDOWS\SYSTEM32\pdh.dll
0x00007ffdd0560000 - 0x00007ffdd05c9000 	C:\WINDOWS\System32\WINTRUST.dll
0x00007ffdd0400000 - 0x00007ffdd0556000 	C:\WINDOWS\System32\CRYPT32.dll
0x00007ffdcf870000 - 0x00007ffdcf882000 	C:\WINDOWS\SYSTEM32\MSASN1.dll
0x00007ffdc80c0000 - 0x00007ffdc80fb000 	C:\WINDOWS\SYSTEM32\dxcore.dll
0x00007ffdb86e0000 - 0x00007ffdb87d9000 	C:\WINDOWS\SYSTEM32\textinputframework.dll
0x00007ffdbd5e0000 - 0x00007ffdbd646000 	C:\WINDOWS\system32\Oleacc.dll
0x00007ffd71e30000 - 0x00007ffd71e8d000 	C:\Users\Ivan\AppData\Local\Temp\lwjglIvan\3.3.0-build-21\lwjgl_opengl.dll
0x0000000064a00000 - 0x000000006580f000 	C:\Users\Ivan\AppData\Local\Temp\imgui-java-natives_1645304797225\imgui-java64.dll
0x00007ffda5720000 - 0x00007ffda58f0000 	C:\WINDOWS\system32\d3d9.dll
0x00007ffdc7420000 - 0x00007ffdc75d8000 	C:\WINDOWS\System32\DriverStore\FileRepository\u0372545.inf_amd64_56d459236871c3f2\B372333\aticfx64.dll
0x00007ffd8f9a0000 - 0x00007ffd8f9d4000 	C:\WINDOWS\System32\DriverStore\FileRepository\u0372545.inf_amd64_56d459236871c3f2\B372333\atiu9p64.dll
0x00007ffd8ec40000 - 0x00007ffd8f994000 	C:\WINDOWS\System32\DriverStore\FileRepository\u0372545.inf_amd64_56d459236871c3f2\B372333\atiumd64.dll
0x00000000536d0000 - 0x0000000054545000 	C:\WINDOWS\System32\DriverStore\FileRepository\u0372545.inf_amd64_56d459236871c3f2\B372333\atiumd6a.dll
0x00007ffdcf200000 - 0x00007ffdcf24b000 	C:\WINDOWS\SYSTEM32\POWRPROF.dll
0x00007ffdcf0c0000 - 0x00007ffdcf0d2000 	C:\WINDOWS\SYSTEM32\UMPDC.dll
0x00007ffdc46c0000 - 0x00007ffdc46f0000 	C:\WINDOWS\SYSTEM32\amdihk64.dll
0x00007ffd6cbf0000 - 0x00007ffd6cc79000 	C:\Program Files\Java\jdk-17.0.1\bin\freetype.dll
0x00007ffd6caa0000 - 0x00007ffd6cb48000 	C:\Program Files\Java\jdk-17.0.1\bin\fontmanager.dll
0x00007ffdc5880000 - 0x00007ffdc589d000 	C:\WINDOWS\SYSTEM32\MPR.dll
0x00007ffda7720000 - 0x00007ffda772b000 	C:\WINDOWS\System32\drprov.dll
0x00007ffdcea40000 - 0x00007ffdcea9a000 	C:\WINDOWS\System32\WINSTA.dll
0x00007ffda6f10000 - 0x00007ffda6f31000 	C:\WINDOWS\System32\ntlanman.dll
0x00007ffda7700000 - 0x00007ffda771e000 	C:\WINDOWS\System32\davclnt.dll
0x00007ffda6f00000 - 0x00007ffda6f0d000 	C:\WINDOWS\System32\DAVHLPR.dll
0x00007ffdcee70000 - 0x00007ffdcee89000 	C:\WINDOWS\System32\wkscli.dll
0x00007ffdbb780000 - 0x00007ffdbb792000 	C:\WINDOWS\SYSTEM32\cscapi.dll
0x00007ffdcf1f0000 - 0x00007ffdcf1fc000 	C:\WINDOWS\System32\netutils.dll
0x00007ffd7b9b0000 - 0x00007ffd7ba06000 	C:\Windows\System32\dlnashext.dll
0x00007ffda7860000 - 0x00007ffda78c4000 	C:\Windows\System32\PlayToDevice.dll
0x00007ffdc51e0000 - 0x00007ffdc5200000 	C:\Windows\System32\DevDispItemProvider.dll
0x00007ffdc8de0000 - 0x00007ffdc8e65000 	C:\WINDOWS\System32\MMDevApi.dll
0x00007ffd67730000 - 0x00007ffd677d1000 	C:\WINDOWS\system32\wpdshext.dll
0x00007ffdc03d0000 - 0x00007ffdc0579000 	C:\WINDOWS\WinSxS\amd64_microsoft.windows.gdiplus_6595b64144ccf1df_1.1.19041.1466_none_91a4907ccc87e3b8\gdiplus.dll
0x00007ffdca280000 - 0x00007ffdca323000 	C:\Windows\System32\PortableDeviceApi.dll
0x00007ffdb2040000 - 0x00007ffdb2077000 	C:\Windows\System32\EhStorShell.dll
0x00007ffdae290000 - 0x00007ffdae2b6000 	C:\Windows\System32\EhStorAPI.dll
0x00007ffdca740000 - 0x00007ffdca754000 	C:\Windows\System32\WTSAPI32.dll
0x00007ffdb3c70000 - 0x00007ffdb3c7d000 	C:\WINDOWS\SYSTEM32\LINKINFO.dll
0x00007ffdc8170000 - 0x00007ffdc8324000 	C:\WINDOWS\SYSTEM32\WindowsCodecs.dll
0x00007ffdb4780000 - 0x00007ffdb47be000 	C:\WINDOWS\system32\dataexchange.dll
0x00007ffdcbc00000 - 0x00007ffdcbe64000 	C:\WINDOWS\system32\d3d11.dll
0x00007ffdcc590000 - 0x00007ffdcc775000 	C:\WINDOWS\system32\dcomp.dll
0x00007ffdce580000 - 0x00007ffdce674000 	C:\WINDOWS\system32\dxgi.dll
0x00007ffdc8330000 - 0x00007ffdc8531000 	C:\WINDOWS\system32\twinapi.appcore.dll

dbghelp: loaded successfully - version: 4.0.5 - missing functions: none
symbol engine: initialized successfully - sym options: 0x614 - pdb path: .;C:\Program Files\Java\jdk-17.0.1\bin;C:\WINDOWS\SYSTEM32;C:\WINDOWS\WinSxS\amd64_microsoft.windows.common-controls_6595b64144ccf1df_6.0.19041.1110_none_60b5254171f9507e;C:\Program Files\Java\jdk-17.0.1\bin\server;C:\WINDOWS\WinSxS\amd64_microsoft.windows.common-controls_6595b64144ccf1df_5.82.19041.1110_none_792d1c772443f647;C:\Users\Ivan\AppData\Local\Temp\lwjglIvan\3.3.0-build-21;C:\WINDOWS\System32\DriverStore\FileRepository\u0372545.inf_amd64_56d459236871c3f2\B372333;C:\Users\Ivan\AppData\Local\Temp\imgui-java-natives_1645304797225;C:\WINDOWS\WinSxS\amd64_microsoft.windows.gdiplus_6595b64144ccf1df_1.1.19041.1466_none_91a4907ccc87e3b8

VM Arguments:
java_command: com.wiz.settlementmapmaker.Main
java_class_path (initial): D:\CodeProjects\settlementgenerator\SettlementMapMaker\target\classes;C:\Users\Ivan\.m2\repository\org\lwjgl\lwjgl\3.3.0\lwjgl-3.3.0.jar;C:\Users\Ivan\.m2\repository\org\lwjgl\lwjgl-egl\3.3.0\lwjgl-egl-3.3.0.jar;C:\Users\Ivan\.m2\repository\org\lwjgl\lwjgl-glfw\3.3.0\lwjgl-glfw-3.3.0.jar;C:\Users\Ivan\.m2\repository\org\lwjgl\lwjgl-jemalloc\3.3.0\lwjgl-jemalloc-3.3.0.jar;C:\Users\Ivan\.m2\repository\org\lwjgl\lwjgl-opengl\3.3.0\lwjgl-opengl-3.3.0.jar;C:\Users\Ivan\.m2\repository\org\lwjgl\lwjgl-opengles\3.3.0\lwjgl-opengles-3.3.0.jar;C:\Users\Ivan\.m2\repository\org\lwjgl\lwjgl\3.3.0\lwjgl-3.3.0-natives-windows.jar;C:\Users\Ivan\.m2\repository\org\lwjgl\lwjgl-glfw\3.3.0\lwjgl-glfw-3.3.0-natives-windows.jar;C:\Users\Ivan\.m2\repository\org\lwjgl\lwjgl-jemalloc\3.3.0\lwjgl-jemalloc-3.3.0-natives-windows.jar;C:\Users\Ivan\.m2\repository\org\lwjgl\lwjgl-opengl\3.3.0\lwjgl-opengl-3.3.0-natives-windows.jar;C:\Users\Ivan\.m2\repository\org\lwjgl\lwjgl-opengles\3.3.0\lwjgl-opengles-3.3.0-natives-windows.jar;C:\Users\Ivan\.m2\repository\org\joml\joml\1.10.3\joml-1.10.3.jar;C:\Users\Ivan\.m2\repository\io\github\spair\imgui-java-app\1.86.2\imgui-java-app-1.86.2.jar;C:\Users\Ivan\.m2\repository\org\lwjgl\lwjgl\3.3.0\lwjgl-3.3.0-natives-linux.jar;C:\Users\Ivan\.m2\repository\org\lwjgl\lwjgl-glfw\3.3.0\lwjgl-glfw-3.3.0-natives-linux.jar;C:\Users\Ivan\.m2\repository\org\lwjgl\lwjgl-opengl\3.3.0\lwjgl-opengl-3.3.0-natives-linux.jar;C:\Users\Ivan\.m2\repository\org\lwjgl\lwjgl\3.3.0\lwjgl-3.3.0-natives-macos.jar;C:\Users\Ivan\.m2\repository\org\lwjgl\lwjgl-glfw\3.3.0\lwjgl-glfw-3.3.0-natives-macos.jar;C:\Users\Ivan\.m2\repository\org\lwjgl\lwjgl-opengl\3.3.0\lwjgl-opengl-3.3.0-natives-macos.jar;C:\Users\Ivan\.m2\repository\io\github\spair\imgui-java-binding\1.86.2\imgui-java-binding-1.86.2.jar;C:\Users\Ivan\.m2\repository\io\github\spair\imgui-java-lwjgl3\1.86.2\imgui-java-lwjgl3-1.86.2.jar;C:\Users\Ivan\.m2\repository\io\github\spair\imgui-java-natives
Launcher Type: SUN_STANDARD

[Global flags]
     intx CICompilerCount                          = 4                                         {product} {ergonomic}
     uint ConcGCThreads                            = 2                                         {product} {ergonomic}
     uint G1ConcRefinementThreads                  = 8                                         {product} {ergonomic}
   size_t G1HeapRegionSize                         = 2097152                                   {product} {ergonomic}
    uintx GCDrainStackTargetSize                   = 64                                        {product} {ergonomic}
   size_t InitialHeapSize                          = 268435456                                 {product} {ergonomic}
   size_t MarkStackSize                            = 4194304                                   {product} {ergonomic}
   size_t MaxHeapSize                              = 4267704320                                {product} {ergonomic}
   size_t MaxNewSize                               = 2560622592                                {product} {ergonomic}
   size_t MinHeapDeltaBytes                        = 2097152                                   {product} {ergonomic}
   size_t MinHeapSize                              = 8388608                                   {product} {ergonomic}
    uintx NonNMethodCodeHeapSize                   = 5839372                                {pd product} {ergonomic}
    uintx NonProfiledCodeHeapSize                  = 122909434                              {pd product} {ergonomic}
    uintx ProfiledCodeHeapSize                     = 122909434                              {pd product} {ergonomic}
    uintx ReservedCodeCacheSize                    = 251658240                              {pd product} {ergonomic}
     bool SegmentedCodeCache                       = true                                      {product} {ergonomic}
   size_t SoftMaxHeapSize                          = 4267704320                             {manageable} {ergonomic}
     bool UseCompressedClassPointers               = true                           {product lp64_product} {ergonomic}
     bool UseCompressedOops                        = true                           {product lp64_product} {ergonomic}
     bool UseG1GC                                  = true                                      {product} {ergonomic}
     bool UseLargePagesIndividualAllocation        = false                                  {pd product} {ergonomic}

Logging:
Log output configuration:
 #0: stdout all=warning uptime,level,tags
 #1: stderr all=off uptime,level,tags

Environment Variables:
JAVA_HOME=C:\Program Files\Java\jdk-17.0.1
PATH=C:\Program Files\Eclipse Adoptium\jdk-11.0.14.9-hotspot\bin;C:\Program Files\Common Files\Oracle\Java\javapath;;C:\Program Files (x86)\Common Files\Oracle\Java\javapath;C:\WINDOWS\system32;C:\WINDOWS;C:\WINDOWS\System32\Wbem;C:\WINDOWS\System32\WindowsPowerShell\v1.0\;C:\WINDOWS\System32\OpenSSH\;C:\Program Files\Microsoft VS Code\bin;C:\Program Files (x86)\Common Files\Acronis\VirtualFile\;C:\Program Files (x86)\Common Files\Acronis\VirtualFile64\;C:\Program Files (x86)\Common Files\Acronis\FileProtector\;C:\Program Files (x86)\Common Files\Acronis\FileProtector64\;C:\Program Files (x86)\Common Files\Acronis\SnapAPI\;C:\Program Files\SourceGear\Common\DiffMerge\;D:\Gradle\gradle-5.6.2\bin;C:\Users\Public\wpilib\2020\roborio\bin;C:\Users\Public\wpilib\2020\frccode;D:\Git\cmd;C:\WINDOWS\system32;C:\WINDOWS;C:\WINDOWS\System32\Wbem;C:\WINDOWS\System32\WindowsPowerShell\v1.0\;C:\WINDOWS\System32\OpenSSH\;C:\Users\Ivan\AppData\Local\Programs\Python\Python37\Scripts\;C:\Users\Ivan\AppData\Local\Programs\Python\Python37\;C:\Users\Ivan\.deno\bin;C:\Program Files\AdoptOpenJDK\jdk-11.0.3.7-hotspot\bin;C:\Program Files (x86)\Common Files\Oracle\Java\javapath;C:\WINDOWS\system32;C:\WINDOWS;C:\WINDOWS\System32\Wbem;C:\WINDOWS\System32\WindowsPowerShell\v1.0\;C:\WINDOWS\System32\OpenSSH\;C:\Program Files\Microsoft VS Code\bin;C:\Program Files (x86)\Common Files\Acronis\VirtualFile\;C:\Program Files (x86)\Common Files\Acronis\VirtualFile64\;C:\Program Files (x86)\Common Files\Acronis\FileProtector\;C:\Program Files (x86)\Common Files\Acronis\FileProtector64\;C:\Program Files (x86)\Common Files\Acronis\SnapAPI\;C:\Program Files\SourceGear\Common\DiffMerge\;D:\Gradle\gradle-5.6.2\bin;C:\Users\Public\wpilib\2020\roborio\bin;C:\Users\Public\wpilib\2020\frccode;D:\Git\cmd;C:\Pro;C:\Users\Ivan\AppData\Local\Microsoft\WindowsApps;
USERNAME=Ivan
OS=Windows_NT
PROCESSOR_IDENTIFIER=AMD64 Family 23 Model 1 Stepping 1, AuthenticAMD



---------------  S Y S T E M  ---------------

OS:
 Windows 10 , 64 bit Build 19041 (10.0.19041.1503)
OS uptime: 0 days 3:20 hours

CPU: total 8 (initial active 8) (8 cores per cpu, 2 threads per core) family 23 model 1 stepping 1 microcode 0x0, cx8, cmov, fxsr, ht, mmx, 3dnowpref, sse, sse2, sse3, ssse3, sse4a, sse4.1, sse4.2, popcnt, lzcnt, tsc, tscinvbit, avx, avx2, aes, clmul, bmi1, bmi2, adx, sha, fma, vzeroupper, clflush, clflushopt

Memory: 4k page, system-wide physical 16277M (6478M free)
TotalPageFile size 32277M (AvailPageFile size 17383M)
current process WorkingSet (physical memory assigned to process): 168M, peak: 169M
current process commit charge ("private bytes"): 533M, peak: 534M

vm_info: Java HotSpot(TM) 64-Bit Server VM (17.0.1+12-LTS-39) for windows-amd64 JRE (17.0.1+12-LTS-39), built on Sep 27 2021 18:41:35 by "mach5one" with MS VC++ 16.8 (VS2019)

END.
