#
# A fatal error has been detected by the Java Runtime Environment:
#
#  EXCEPTION_ACCESS_VIOLATION (0xc0000005) at pc=0x0000000064a886a7, pid=8208, tid=7712
#
# JRE version: Java(TM) SE Runtime Environment (17.0.1+12) (build 17.0.1+12-LTS-39)
# Java VM: Java HotSpot(TM) 64-Bit Server VM (17.0.1+12-LTS-39, mixed mode, sharing, tiered, compressed oops, compressed class ptrs, g1 gc, windows-amd64)
# Problematic frame:
# C  [imgui-java64.dll+0x886a7]
#
# No core dump will be written. Minidumps are not enabled by default on client versions of Windows
#
# If you would like to submit a bug report, please visit:
#   https://bugreport.java.com/bugreport/crash.jsp
# The crash happened outside the Java Virtual Machine in native code.
# See problematic frame for where to report the bug.
#

---------------  S U M M A R Y ------------

Command Line: com.wiz.settlementmapmaker.Main

Host: AMD Ryzen 5 1400 Quad-Core Processor           , 8 cores, 15G,  Windows 10 , 64 bit Build 19041 (10.0.19041.1566)
Time: Sat Mar 26 20:44:56 2022 Mountain Daylight Time elapsed time: 6.134898 seconds (0d 0h 0m 6s)

---------------  T H R E A D  ---------------

Current thread (0x000001af60863380):  JavaThread "main" [_thread_in_native, id=7712, stack(0x00000079f7e00000,0x00000079f7f00000)]

Stack: [0x00000079f7e00000,0x00000079f7f00000],  sp=0x00000079f7eff500,  free space=1021k
Native frames: (J=compiled Java code, j=interpreted, Vv=VM code, C=native code)
C  [imgui-java64.dll+0x886a7]

Java frames: (J=compiled Java code, j=interpreted, Vv=VM code)
J 1005  imgui.ImDrawData.getCmdListsCount()I (0 bytes) @ 0x000001af6fb89ee3 [0x000001af6fb89ea0+0x0000000000000043]
J 1919 c1 imgui.gl3.ImGuiImplGl3.renderDrawData(Limgui/ImDrawData;)V (403 bytes) @ 0x000001af6894fc64 [0x000001af6894fbe0+0x0000000000000084]
j  com.wiz.settlementmapmaker.Window.run()V+70
j  com.wiz.settlementmapmaker.Main.main([Ljava/lang/String;)V+20
v  ~StubRoutines::call_stub

siginfo: EXCEPTION_ACCESS_VIOLATION (0xc0000005), reading address 0x0000000000000004


Register to memory mapping:

RIP=0x0000000064a886a7 imgui-java64.dll
RAX=0x0 is NULL
RBX={method} {0x000001af044217e0} 'renderDrawData' '(Limgui/ImDrawData;)V' in 'imgui/gl3/ImGuiImplGl3'
RCX=0x000001af60863628 points into unknown readable memory: 0x000001af06a70000 | 00 00 a7 06 af 01 00 00
RDX=0x00000079f7eff560 is pointing into the stack for thread: 0x000001af60863380
RSP=0x00000079f7eff500 is pointing into the stack for thread: 0x000001af60863380
RBP=0x00000079f7eff5a0 is pointing into the stack for thread: 0x000001af60863380
RSI=0x000000071035fd68 is an oop: imgui.ImDrawData 
{0x000000071035fd68} - klass: 'imgui/ImDrawData'
 - ---- fields (total size 3 words):
 - public 'ptr' 'J' @16  0 (0 0)
RDI=0x000001af13179000 is pointing into metadata
R8 =0x0000000000000042 is an unknown value
R9 =0x000000071035fd68 is an oop: imgui.ImDrawData 
{0x000000071035fd68} - klass: 'imgui/ImDrawData'
 - ---- fields (total size 3 words):
 - public 'ptr' 'J' @16  0 (0 0)
R10=0x00007ffc11ab2970 jvm.dll
R11=0x000000000000000c is an unknown value
R12=0x000001af60863628 points into unknown readable memory: 0x000001af06a70000 | 00 00 a7 06 af 01 00 00
R13=0x00000079f7eff560 is pointing into the stack for thread: 0x000001af60863380
R14=0x00000079f7eff6f8 is pointing into the stack for thread: 0x000001af60863380
R15=0x000001af60863380 is a thread


Registers:
RAX=0x0000000000000000, RBX=0x000001af044217d8, RCX=0x000001af60863628, RDX=0x00000079f7eff560
RSP=0x00000079f7eff500, RBP=0x00000079f7eff5a0, RSI=0x000000071035fd68, RDI=0x000001af13179000
R8 =0x0000000000000042, R9 =0x000000071035fd68, R10=0x00007ffc11ab2970, R11=0x000000000000000c
R12=0x000001af60863628, R13=0x00000079f7eff560, R14=0x00000079f7eff6f8, R15=0x000001af60863380
RIP=0x0000000064a886a7, EFLAGS=0x0000000000010246

Top of Stack: (sp=0x00000079f7eff500)
0x00000079f7eff500:   0000000000000000 000001af045f30b0
0x00000079f7eff510:   00000000f7eff400 0000000000000000
0x00000079f7eff520:   000001af06ed27d0 0000000000000000
0x00000079f7eff530:   00000079f7eff680 000001af6fb89f7b
0x00000079f7eff540:   000001af00000000 00000079f7eff548
0x00000079f7eff550:   0000000000000000 00000079f7eff5c8
0x00000079f7eff560:   000000071035fd68 00000079f7eff568
0x00000079f7eff570:   0000000000000000 00000079f7eff5c8
0x00000079f7eff580:   0000000000000000 0000000000000000
0x00000079f7eff590:   0000000041500000 000001af6807db03
0x00000079f7eff5a0:   00000079f7eff6d8 000001af6894fc64
0x00000079f7eff5b0:   00000079f7eff618 000001af680794fe
0x00000079f7eff5c0:   00000079f7eff5c0 0000000000000000
0x00000079f7eff5d0:   00000079f7eff620 000001af04614ac0
0x00000079f7eff5e0:   0000000000000000 000000071035e9d8
0x00000079f7eff5f0:   000001af045eb258 0000000000000000 

Instructions: (pc=0x0000000064a886a7)
0x0000000064a885a7:   83 c4 20 5b 41 5c 41 5d c3 41 56 41 55 41 54 56
0x0000000064a885b7:   53 48 83 ec 20 8b 74 24 70 49 89 cd 49 89 d6 49
0x0000000064a885c7:   63 d8 4d 89 cc 4d 85 c9 74 0f 48 8b 01 4c 89 ca
0x0000000064a885d7:   ff 90 30 07 00 00 49 89 c4 e8 5b 7a 10 00 4d 8b
0x0000000064a885e7:   4d 00 4c 89 f2 4c 89 e9 49 89 c0 41 ff 91 28 03
0x0000000064a885f7:   00 00 4c 63 c6 4c 89 e1 48 8b 40 10 48 8b 04 d8
0x0000000064a88607:   48 8b 50 28 48 83 c4 20 5b 5e 41 5c 41 5d 41 5e
0x0000000064a88617:   e9 fc a7 18 00 0f 1f 40 00 b8 14 00 00 00 c3 66
0x0000000064a88627:   2e 0f 1f 84 00 00 00 00 00 b8 02 00 00 00 c3 66
0x0000000064a88637:   2e 0f 1f 84 00 00 00 00 00 41 55 41 54 48 83 ec
0x0000000064a88647:   28 49 89 cc 49 89 d5 e8 ed 79 10 00 4d 8b 0c 24
0x0000000064a88657:   4c 89 ea 4c 89 e1 49 89 c0 41 ff 91 28 03 00 00
0x0000000064a88667:   0f b6 00 48 83 c4 28 41 5c 41 5d c3 66 66 2e 0f
0x0000000064a88677:   1f 84 00 00 00 00 00 66 90 41 55 41 54 48 83 ec
0x0000000064a88687:   28 49 89 cc 49 89 d5 e8 ad 79 10 00 4d 8b 0c 24
0x0000000064a88697:   4c 89 ea 4c 89 e1 49 89 c0 41 ff 91 28 03 00 00
0x0000000064a886a7:   8b 40 04 48 83 c4 28 41 5c 41 5d c3 66 66 2e 0f
0x0000000064a886b7:   1f 84 00 00 00 00 00 66 90 41 55 41 54 48 83 ec
0x0000000064a886c7:   28 49 89 cc 49 89 d5 e8 6d 79 10 00 4d 8b 0c 24
0x0000000064a886d7:   4c 89 ea 4c 89 e1 49 89 c0 41 ff 91 28 03 00 00
0x0000000064a886e7:   8b 40 08 48 83 c4 28 41 5c 41 5d c3 66 66 2e 0f
0x0000000064a886f7:   1f 84 00 00 00 00 00 66 90 41 55 41 54 48 83 ec
0x0000000064a88707:   28 49 89 cc 49 89 d5 e8 2d 79 10 00 4d 8b 0c 24
0x0000000064a88717:   4c 89 ea 4c 89 e1 49 89 c0 41 ff 91 28 03 00 00
0x0000000064a88727:   8b 40 0c 48 83 c4 28 41 5c 41 5d c3 66 66 2e 0f
0x0000000064a88737:   1f 84 00 00 00 00 00 66 90 41 55 41 54 53 48 83
0x0000000064a88747:   ec 20 49 89 cc 4c 89 c3 49 89 d5 e8 e9 78 10 00
0x0000000064a88757:   4d 8b 0c 24 4c 89 ea 4c 89 e1 49 89 c0 41 ff 91
0x0000000064a88767:   28 03 00 00 49 89 d8 4c 89 e1 48 8d 50 18 48 83
0x0000000064a88777:   c4 20 5b 41 5c 41 5d e9 fd 7d 10 00 66 66 2e 0f
0x0000000064a88787:   1f 84 00 00 00 00 00 66 90 41 55 41 54 48 83 ec
0x0000000064a88797:   28 49 89 cc 49 89 d5 e8 9d 78 10 00 4d 8b 0c 24 


Stack slot to memory mapping:
stack at sp + 0 slots: 0x0 is NULL
stack at sp + 1 slots: {method} {0x000001af045f30b8} 'button' '(Ljava/lang/String;)Z' in 'imgui/ImGui'
stack at sp + 2 slots: 0x00000000f7eff400 is an unknown value
stack at sp + 3 slots: 0x0 is NULL
stack at sp + 4 slots: 0x000001af06ed27d0 points into unknown readable memory: 0x000001af5ea20101 | 01 01 a2 5e af 01 00 00
stack at sp + 5 slots: 0x0 is NULL
stack at sp + 6 slots: 0x00000079f7eff680 is pointing into the stack for thread: 0x000001af60863380
stack at sp + 7 slots: 0x000001af6fb89f7b is at entry_point+219 in (nmethod*)0x000001af6fb89d10


---------------  P R O C E S S  ---------------

Threads class SMR info:
_java_thread_list=0x000001af0ce1d620, length=20, elements={
0x000001af60863380, 0x000001af7f56c170, 0x000001af7f56e4d0, 0x000001af7f583620,
0x000001af7f5866f0, 0x000001af7f588fb0, 0x000001af7f589480, 0x000001af7f595f80,
0x000001af7f5971c0, 0x000001af7f5b2720, 0x000001af7f588ae0, 0x000001af7f589950,
0x000001af7f58b160, 0x000001af7f5877a0, 0x000001af7f58a7c0, 0x000001af7f589e20,
0x000001af7f587c70, 0x000001af7f58ac90, 0x000001af0cecbb20, 0x000001af0cecf010
}

Java Threads: ( => current thread )
=>0x000001af60863380 JavaThread "main" [_thread_in_native, id=7712, stack(0x00000079f7e00000,0x00000079f7f00000)]
  0x000001af7f56c170 JavaThread "Reference Handler" daemon [_thread_blocked, id=6892, stack(0x00000079f8500000,0x00000079f8600000)]
  0x000001af7f56e4d0 JavaThread "Finalizer" daemon [_thread_blocked, id=10552, stack(0x00000079f8600000,0x00000079f8700000)]
  0x000001af7f583620 JavaThread "Signal Dispatcher" daemon [_thread_blocked, id=3380, stack(0x00000079f8700000,0x00000079f8800000)]
  0x000001af7f5866f0 JavaThread "Attach Listener" daemon [_thread_blocked, id=1468, stack(0x00000079f8800000,0x00000079f8900000)]
  0x000001af7f588fb0 JavaThread "Service Thread" daemon [_thread_blocked, id=5740, stack(0x00000079f8900000,0x00000079f8a00000)]
  0x000001af7f589480 JavaThread "Monitor Deflation Thread" daemon [_thread_blocked, id=6496, stack(0x00000079f8a00000,0x00000079f8b00000)]
  0x000001af7f595f80 JavaThread "C2 CompilerThread0" daemon [_thread_blocked, id=10500, stack(0x00000079f8b00000,0x00000079f8c00000)]
  0x000001af7f5971c0 JavaThread "C1 CompilerThread0" daemon [_thread_blocked, id=3524, stack(0x00000079f8c00000,0x00000079f8d00000)]
  0x000001af7f5b2720 JavaThread "Sweeper thread" daemon [_thread_blocked, id=16900, stack(0x00000079f8d00000,0x00000079f8e00000)]
  0x000001af7f588ae0 JavaThread "Notification Thread" daemon [_thread_blocked, id=3856, stack(0x00000079f8e00000,0x00000079f8f00000)]
  0x000001af7f589950 JavaThread "Common-Cleaner" daemon [_thread_blocked, id=1340, stack(0x00000079f9000000,0x00000079f9100000)]
  0x000001af7f58b160 JavaThread "Java2D Disposer" daemon [_thread_blocked, id=8148, stack(0x00000079f9100000,0x00000079f9200000)]
  0x000001af7f5877a0 JavaThread "AWT-Windows" daemon [_thread_in_native, id=8808, stack(0x00000079f9300000,0x00000079f9400000)]
  0x000001af7f58a7c0 JavaThread "Swing-Shell" daemon [_thread_blocked, id=3640, stack(0x00000079f9400000,0x00000079f9500000)]
  0x000001af7f589e20 JavaThread "AWT-Shutdown" [_thread_blocked, id=13564, stack(0x00000079f9200000,0x00000079f9300000)]
  0x000001af7f587c70 JavaThread "AWT-EventQueue-0" [_thread_blocked, id=15180, stack(0x00000079f9800000,0x00000079f9900000)]
  0x000001af7f58ac90 JavaThread "Image Fetcher 0" daemon [_thread_blocked, id=1832, stack(0x00000079fa500000,0x00000079fa600000)]
  0x000001af0cecbb20 JavaThread "D3D Screen Updater" daemon [_thread_blocked, id=3128, stack(0x00000079fa900000,0x00000079faa00000)]
  0x000001af0cecf010 JavaThread "TimerQueue" daemon [_thread_blocked, id=13524, stack(0x00000079fa800000,0x00000079fa900000)]

Other Threads:
  0x000001af7f5639b0 VMThread "VM Thread" [stack: 0x00000079f8400000,0x00000079f8500000] [id=11800]
  0x000001af7f5548b0 WatcherThread [stack: 0x00000079f8f00000,0x00000079f9000000] [id=17036]
  0x000001af608b3010 GCTaskThread "GC Thread#0" [stack: 0x00000079f7f00000,0x00000079f8000000] [id=16256]
  0x000001af0c735060 GCTaskThread "GC Thread#1" [stack: 0x00000079faa00000,0x00000079fab00000] [id=6472]
  0x000001af0c735b20 GCTaskThread "GC Thread#2" [stack: 0x00000079fab00000,0x00000079fac00000] [id=1476]
  0x000001af0c736b40 GCTaskThread "GC Thread#3" [stack: 0x00000079fac00000,0x00000079fad00000] [id=4128]
  0x000001af0c7370a0 GCTaskThread "GC Thread#4" [stack: 0x00000079fad00000,0x00000079fae00000] [id=1804]
  0x000001af0c737e10 GCTaskThread "GC Thread#5" [stack: 0x00000079fae00000,0x00000079faf00000] [id=3724]
  0x000001af0c737350 GCTaskThread "GC Thread#6" [stack: 0x00000079faf00000,0x00000079fb000000] [id=5628]
  0x000001af0c737600 GCTaskThread "GC Thread#7" [stack: 0x00000079fb000000,0x00000079fb100000] [id=16128]
  0x000001af608c3da0 ConcurrentGCThread "G1 Main Marker" [stack: 0x00000079f8000000,0x00000079f8100000] [id=17056]
  0x000001af608c4f50 ConcurrentGCThread "G1 Conc#0" [stack: 0x00000079f8100000,0x00000079f8200000] [id=12104]
  0x000001af7f4220c0 ConcurrentGCThread "G1 Refine#0" [stack: 0x00000079f8200000,0x00000079f8300000] [id=13728]
  0x000001af7f422ae0 ConcurrentGCThread "G1 Service" [stack: 0x00000079f8300000,0x00000079f8400000] [id=15660]

Threads with active compile tasks:

VM state: not at safepoint (normal execution)

VM Mutex/Monitor currently owned by a thread: None

Heap address: 0x0000000701a00000, size: 4070 MB, Compressed Oops mode: Zero based, Oop shift amount: 3

CDS archive(s) mapped at: [0x0000000800000000-0x0000000800bc0000-0x0000000800bc0000), size 12320768, SharedBaseAddress: 0x0000000800000000, ArchiveRelocationMode: 0.
Compressed class space mapped at: 0x0000000800c00000-0x0000000840c00000, reserved size: 1073741824
Narrow klass base: 0x0000000800000000, Narrow klass shift: 0, Narrow klass range: 0x100000000

GC Precious Log:
 CPUs: 8 total, 8 available
 Memory: 16277M
 Large Page Support: Disabled
 NUMA Support: Disabled
 Compressed Oops: Enabled (Zero based)
 Heap Region Size: 2M
 Heap Min Capacity: 8M
 Heap Initial Capacity: 256M
 Heap Max Capacity: 4070M
 Pre-touch: Disabled
 Parallel Workers: 8
 Concurrent Workers: 2
 Concurrent Refinement Workers: 8
 Periodic GC: Disabled

Heap:
 garbage-first heap   total 262144K, used 5546K [0x0000000701a00000, 0x0000000800000000)
  region size 2048K, 4 young (8192K), 2 survivors (4096K)
 Metaspace       used 15466K, committed 15744K, reserved 1064960K
  class space    used 1650K, committed 1792K, reserved 1048576K

Heap Regions: E=young(eden), S=young(survivor), O=old, HS=humongous(starts), HC=humongous(continues), CS=collection set, F=free, OA=open archive, CA=closed archive, TAMS=top-at-mark-start (previous, next)
|   0|0x0000000701a00000, 0x0000000701a00000, 0x0000000701c00000|  0%| F|  |TAMS 0x0000000701a00000, 0x0000000701a00000| Untracked 
|   1|0x0000000701c00000, 0x0000000701c00000, 0x0000000701e00000|  0%| F|  |TAMS 0x0000000701c00000, 0x0000000701c00000| Untracked 
|   2|0x0000000701e00000, 0x0000000701e00000, 0x0000000702000000|  0%| F|  |TAMS 0x0000000701e00000, 0x0000000701e00000| Untracked 
|   3|0x0000000702000000, 0x0000000702000000, 0x0000000702200000|  0%| F|  |TAMS 0x0000000702000000, 0x0000000702000000| Untracked 
|   4|0x0000000702200000, 0x0000000702200000, 0x0000000702400000|  0%| F|  |TAMS 0x0000000702200000, 0x0000000702200000| Untracked 
|   5|0x0000000702400000, 0x0000000702400000, 0x0000000702600000|  0%| F|  |TAMS 0x0000000702400000, 0x0000000702400000| Untracked 
|   6|0x0000000702600000, 0x0000000702600000, 0x0000000702800000|  0%| F|  |TAMS 0x0000000702600000, 0x0000000702600000| Untracked 
|   7|0x0000000702800000, 0x0000000702800000, 0x0000000702a00000|  0%| F|  |TAMS 0x0000000702800000, 0x0000000702800000| Untracked 
|   8|0x0000000702a00000, 0x0000000702a00000, 0x0000000702c00000|  0%| F|  |TAMS 0x0000000702a00000, 0x0000000702a00000| Untracked 
|   9|0x0000000702c00000, 0x0000000702c00000, 0x0000000702e00000|  0%| F|  |TAMS 0x0000000702c00000, 0x0000000702c00000| Untracked 
|  10|0x0000000702e00000, 0x0000000702e00000, 0x0000000703000000|  0%| F|  |TAMS 0x0000000702e00000, 0x0000000702e00000| Untracked 
|  11|0x0000000703000000, 0x0000000703000000, 0x0000000703200000|  0%| F|  |TAMS 0x0000000703000000, 0x0000000703000000| Untracked 
|  12|0x0000000703200000, 0x0000000703200000, 0x0000000703400000|  0%| F|  |TAMS 0x0000000703200000, 0x0000000703200000| Untracked 
|  13|0x0000000703400000, 0x0000000703400000, 0x0000000703600000|  0%| F|  |TAMS 0x0000000703400000, 0x0000000703400000| Untracked 
|  14|0x0000000703600000, 0x0000000703600000, 0x0000000703800000|  0%| F|  |TAMS 0x0000000703600000, 0x0000000703600000| Untracked 
|  15|0x0000000703800000, 0x0000000703800000, 0x0000000703a00000|  0%| F|  |TAMS 0x0000000703800000, 0x0000000703800000| Untracked 
|  16|0x0000000703a00000, 0x0000000703a00000, 0x0000000703c00000|  0%| F|  |TAMS 0x0000000703a00000, 0x0000000703a00000| Untracked 
|  17|0x0000000703c00000, 0x0000000703c00000, 0x0000000703e00000|  0%| F|  |TAMS 0x0000000703c00000, 0x0000000703c00000| Untracked 
|  18|0x0000000703e00000, 0x0000000703e00000, 0x0000000704000000|  0%| F|  |TAMS 0x0000000703e00000, 0x0000000703e00000| Untracked 
|  19|0x0000000704000000, 0x0000000704000000, 0x0000000704200000|  0%| F|  |TAMS 0x0000000704000000, 0x0000000704000000| Untracked 
|  20|0x0000000704200000, 0x0000000704200000, 0x0000000704400000|  0%| F|  |TAMS 0x0000000704200000, 0x0000000704200000| Untracked 
|  21|0x0000000704400000, 0x0000000704400000, 0x0000000704600000|  0%| F|  |TAMS 0x0000000704400000, 0x0000000704400000| Untracked 
|  22|0x0000000704600000, 0x0000000704600000, 0x0000000704800000|  0%| F|  |TAMS 0x0000000704600000, 0x0000000704600000| Untracked 
|  23|0x0000000704800000, 0x0000000704800000, 0x0000000704a00000|  0%| F|  |TAMS 0x0000000704800000, 0x0000000704800000| Untracked 
|  24|0x0000000704a00000, 0x0000000704a00000, 0x0000000704c00000|  0%| F|  |TAMS 0x0000000704a00000, 0x0000000704a00000| Untracked 
|  25|0x0000000704c00000, 0x0000000704c00000, 0x0000000704e00000|  0%| F|  |TAMS 0x0000000704c00000, 0x0000000704c00000| Untracked 
|  26|0x0000000704e00000, 0x0000000704e00000, 0x0000000705000000|  0%| F|  |TAMS 0x0000000704e00000, 0x0000000704e00000| Untracked 
|  27|0x0000000705000000, 0x0000000705000000, 0x0000000705200000|  0%| F|  |TAMS 0x0000000705000000, 0x0000000705000000| Untracked 
|  28|0x0000000705200000, 0x0000000705200000, 0x0000000705400000|  0%| F|  |TAMS 0x0000000705200000, 0x0000000705200000| Untracked 
|  29|0x0000000705400000, 0x0000000705400000, 0x0000000705600000|  0%| F|  |TAMS 0x0000000705400000, 0x0000000705400000| Untracked 
|  30|0x0000000705600000, 0x0000000705600000, 0x0000000705800000|  0%| F|  |TAMS 0x0000000705600000, 0x0000000705600000| Untracked 
|  31|0x0000000705800000, 0x0000000705800000, 0x0000000705a00000|  0%| F|  |TAMS 0x0000000705800000, 0x0000000705800000| Untracked 
|  32|0x0000000705a00000, 0x0000000705a00000, 0x0000000705c00000|  0%| F|  |TAMS 0x0000000705a00000, 0x0000000705a00000| Untracked 
|  33|0x0000000705c00000, 0x0000000705c00000, 0x0000000705e00000|  0%| F|  |TAMS 0x0000000705c00000, 0x0000000705c00000| Untracked 
|  34|0x0000000705e00000, 0x0000000705e00000, 0x0000000706000000|  0%| F|  |TAMS 0x0000000705e00000, 0x0000000705e00000| Untracked 
|  35|0x0000000706000000, 0x0000000706000000, 0x0000000706200000|  0%| F|  |TAMS 0x0000000706000000, 0x0000000706000000| Untracked 
|  36|0x0000000706200000, 0x0000000706200000, 0x0000000706400000|  0%| F|  |TAMS 0x0000000706200000, 0x0000000706200000| Untracked 
|  37|0x0000000706400000, 0x0000000706400000, 0x0000000706600000|  0%| F|  |TAMS 0x0000000706400000, 0x0000000706400000| Untracked 
|  38|0x0000000706600000, 0x0000000706600000, 0x0000000706800000|  0%| F|  |TAMS 0x0000000706600000, 0x0000000706600000| Untracked 
|  39|0x0000000706800000, 0x0000000706800000, 0x0000000706a00000|  0%| F|  |TAMS 0x0000000706800000, 0x0000000706800000| Untracked 
|  40|0x0000000706a00000, 0x0000000706a00000, 0x0000000706c00000|  0%| F|  |TAMS 0x0000000706a00000, 0x0000000706a00000| Untracked 
|  41|0x0000000706c00000, 0x0000000706c00000, 0x0000000706e00000|  0%| F|  |TAMS 0x0000000706c00000, 0x0000000706c00000| Untracked 
|  42|0x0000000706e00000, 0x0000000706e00000, 0x0000000707000000|  0%| F|  |TAMS 0x0000000706e00000, 0x0000000706e00000| Untracked 
|  43|0x0000000707000000, 0x0000000707000000, 0x0000000707200000|  0%| F|  |TAMS 0x0000000707000000, 0x0000000707000000| Untracked 
|  44|0x0000000707200000, 0x0000000707200000, 0x0000000707400000|  0%| F|  |TAMS 0x0000000707200000, 0x0000000707200000| Untracked 
|  45|0x0000000707400000, 0x0000000707400000, 0x0000000707600000|  0%| F|  |TAMS 0x0000000707400000, 0x0000000707400000| Untracked 
|  46|0x0000000707600000, 0x0000000707600000, 0x0000000707800000|  0%| F|  |TAMS 0x0000000707600000, 0x0000000707600000| Untracked 
|  47|0x0000000707800000, 0x0000000707800000, 0x0000000707a00000|  0%| F|  |TAMS 0x0000000707800000, 0x0000000707800000| Untracked 
|  48|0x0000000707a00000, 0x0000000707a00000, 0x0000000707c00000|  0%| F|  |TAMS 0x0000000707a00000, 0x0000000707a00000| Untracked 
|  49|0x0000000707c00000, 0x0000000707c00000, 0x0000000707e00000|  0%| F|  |TAMS 0x0000000707c00000, 0x0000000707c00000| Untracked 
|  50|0x0000000707e00000, 0x0000000707e00000, 0x0000000708000000|  0%| F|  |TAMS 0x0000000707e00000, 0x0000000707e00000| Untracked 
|  51|0x0000000708000000, 0x0000000708000000, 0x0000000708200000|  0%| F|  |TAMS 0x0000000708000000, 0x0000000708000000| Untracked 
|  52|0x0000000708200000, 0x0000000708200000, 0x0000000708400000|  0%| F|  |TAMS 0x0000000708200000, 0x0000000708200000| Untracked 
|  53|0x0000000708400000, 0x0000000708400000, 0x0000000708600000|  0%| F|  |TAMS 0x0000000708400000, 0x0000000708400000| Untracked 
|  54|0x0000000708600000, 0x0000000708600000, 0x0000000708800000|  0%| F|  |TAMS 0x0000000708600000, 0x0000000708600000| Untracked 
|  55|0x0000000708800000, 0x0000000708800000, 0x0000000708a00000|  0%| F|  |TAMS 0x0000000708800000, 0x0000000708800000| Untracked 
|  56|0x0000000708a00000, 0x0000000708a00000, 0x0000000708c00000|  0%| F|  |TAMS 0x0000000708a00000, 0x0000000708a00000| Untracked 
|  57|0x0000000708c00000, 0x0000000708c00000, 0x0000000708e00000|  0%| F|  |TAMS 0x0000000708c00000, 0x0000000708c00000| Untracked 
|  58|0x0000000708e00000, 0x0000000708e00000, 0x0000000709000000|  0%| F|  |TAMS 0x0000000708e00000, 0x0000000708e00000| Untracked 
|  59|0x0000000709000000, 0x0000000709000000, 0x0000000709200000|  0%| F|  |TAMS 0x0000000709000000, 0x0000000709000000| Untracked 
|  60|0x0000000709200000, 0x0000000709200000, 0x0000000709400000|  0%| F|  |TAMS 0x0000000709200000, 0x0000000709200000| Untracked 
|  61|0x0000000709400000, 0x0000000709400000, 0x0000000709600000|  0%| F|  |TAMS 0x0000000709400000, 0x0000000709400000| Untracked 
|  62|0x0000000709600000, 0x0000000709600000, 0x0000000709800000|  0%| F|  |TAMS 0x0000000709600000, 0x0000000709600000| Untracked 
|  63|0x0000000709800000, 0x0000000709800000, 0x0000000709a00000|  0%| F|  |TAMS 0x0000000709800000, 0x0000000709800000| Untracked 
|  64|0x0000000709a00000, 0x0000000709a00000, 0x0000000709c00000|  0%| F|  |TAMS 0x0000000709a00000, 0x0000000709a00000| Untracked 
|  65|0x0000000709c00000, 0x0000000709c00000, 0x0000000709e00000|  0%| F|  |TAMS 0x0000000709c00000, 0x0000000709c00000| Untracked 
|  66|0x0000000709e00000, 0x0000000709e00000, 0x000000070a000000|  0%| F|  |TAMS 0x0000000709e00000, 0x0000000709e00000| Untracked 
|  67|0x000000070a000000, 0x000000070a000000, 0x000000070a200000|  0%| F|  |TAMS 0x000000070a000000, 0x000000070a000000| Untracked 
|  68|0x000000070a200000, 0x000000070a200000, 0x000000070a400000|  0%| F|  |TAMS 0x000000070a200000, 0x000000070a200000| Untracked 
|  69|0x000000070a400000, 0x000000070a400000, 0x000000070a600000|  0%| F|  |TAMS 0x000000070a400000, 0x000000070a400000| Untracked 
|  70|0x000000070a600000, 0x000000070a600000, 0x000000070a800000|  0%| F|  |TAMS 0x000000070a600000, 0x000000070a600000| Untracked 
|  71|0x000000070a800000, 0x000000070a800000, 0x000000070aa00000|  0%| F|  |TAMS 0x000000070a800000, 0x000000070a800000| Untracked 
|  72|0x000000070aa00000, 0x000000070aa00000, 0x000000070ac00000|  0%| F|  |TAMS 0x000000070aa00000, 0x000000070aa00000| Untracked 
|  73|0x000000070ac00000, 0x000000070ac00000, 0x000000070ae00000|  0%| F|  |TAMS 0x000000070ac00000, 0x000000070ac00000| Untracked 
|  74|0x000000070ae00000, 0x000000070ae00000, 0x000000070b000000|  0%| F|  |TAMS 0x000000070ae00000, 0x000000070ae00000| Untracked 
|  75|0x000000070b000000, 0x000000070b000000, 0x000000070b200000|  0%| F|  |TAMS 0x000000070b000000, 0x000000070b000000| Untracked 
|  76|0x000000070b200000, 0x000000070b200000, 0x000000070b400000|  0%| F|  |TAMS 0x000000070b200000, 0x000000070b200000| Untracked 
|  77|0x000000070b400000, 0x000000070b400000, 0x000000070b600000|  0%| F|  |TAMS 0x000000070b400000, 0x000000070b400000| Untracked 
|  78|0x000000070b600000, 0x000000070b600000, 0x000000070b800000|  0%| F|  |TAMS 0x000000070b600000, 0x000000070b600000| Untracked 
|  79|0x000000070b800000, 0x000000070b800000, 0x000000070ba00000|  0%| F|  |TAMS 0x000000070b800000, 0x000000070b800000| Untracked 
|  80|0x000000070ba00000, 0x000000070ba00000, 0x000000070bc00000|  0%| F|  |TAMS 0x000000070ba00000, 0x000000070ba00000| Untracked 
|  81|0x000000070bc00000, 0x000000070bc00000, 0x000000070be00000|  0%| F|  |TAMS 0x000000070bc00000, 0x000000070bc00000| Untracked 
|  82|0x000000070be00000, 0x000000070be00000, 0x000000070c000000|  0%| F|  |TAMS 0x000000070be00000, 0x000000070be00000| Untracked 
|  83|0x000000070c000000, 0x000000070c000000, 0x000000070c200000|  0%| F|  |TAMS 0x000000070c000000, 0x000000070c000000| Untracked 
|  84|0x000000070c200000, 0x000000070c200000, 0x000000070c400000|  0%| F|  |TAMS 0x000000070c200000, 0x000000070c200000| Untracked 
|  85|0x000000070c400000, 0x000000070c400000, 0x000000070c600000|  0%| F|  |TAMS 0x000000070c400000, 0x000000070c400000| Untracked 
|  86|0x000000070c600000, 0x000000070c600000, 0x000000070c800000|  0%| F|  |TAMS 0x000000070c600000, 0x000000070c600000| Untracked 
|  87|0x000000070c800000, 0x000000070c800000, 0x000000070ca00000|  0%| F|  |TAMS 0x000000070c800000, 0x000000070c800000| Untracked 
|  88|0x000000070ca00000, 0x000000070ca00000, 0x000000070cc00000|  0%| F|  |TAMS 0x000000070ca00000, 0x000000070ca00000| Untracked 
|  89|0x000000070cc00000, 0x000000070cc00000, 0x000000070ce00000|  0%| F|  |TAMS 0x000000070cc00000, 0x000000070cc00000| Untracked 
|  90|0x000000070ce00000, 0x000000070ce00000, 0x000000070d000000|  0%| F|  |TAMS 0x000000070ce00000, 0x000000070ce00000| Untracked 
|  91|0x000000070d000000, 0x000000070d000000, 0x000000070d200000|  0%| F|  |TAMS 0x000000070d000000, 0x000000070d000000| Untracked 
|  92|0x000000070d200000, 0x000000070d200000, 0x000000070d400000|  0%| F|  |TAMS 0x000000070d200000, 0x000000070d200000| Untracked 
|  93|0x000000070d400000, 0x000000070d400000, 0x000000070d600000|  0%| F|  |TAMS 0x000000070d400000, 0x000000070d400000| Untracked 
|  94|0x000000070d600000, 0x000000070d600000, 0x000000070d800000|  0%| F|  |TAMS 0x000000070d600000, 0x000000070d600000| Untracked 
|  95|0x000000070d800000, 0x000000070d800000, 0x000000070da00000|  0%| F|  |TAMS 0x000000070d800000, 0x000000070d800000| Untracked 
|  96|0x000000070da00000, 0x000000070da00000, 0x000000070dc00000|  0%| F|  |TAMS 0x000000070da00000, 0x000000070da00000| Untracked 
|  97|0x000000070dc00000, 0x000000070dc00000, 0x000000070de00000|  0%| F|  |TAMS 0x000000070dc00000, 0x000000070dc00000| Untracked 
|  98|0x000000070de00000, 0x000000070de00000, 0x000000070e000000|  0%| F|  |TAMS 0x000000070de00000, 0x000000070de00000| Untracked 
|  99|0x000000070e000000, 0x000000070e000000, 0x000000070e200000|  0%| F|  |TAMS 0x000000070e000000, 0x000000070e000000| Untracked 
| 100|0x000000070e200000, 0x000000070e200000, 0x000000070e400000|  0%| F|  |TAMS 0x000000070e200000, 0x000000070e200000| Untracked 
| 101|0x000000070e400000, 0x000000070e400000, 0x000000070e600000|  0%| F|  |TAMS 0x000000070e400000, 0x000000070e400000| Untracked 
| 102|0x000000070e600000, 0x000000070e600000, 0x000000070e800000|  0%| F|  |TAMS 0x000000070e600000, 0x000000070e600000| Untracked 
| 103|0x000000070e800000, 0x000000070e800000, 0x000000070ea00000|  0%| F|  |TAMS 0x000000070e800000, 0x000000070e800000| Untracked 
| 104|0x000000070ea00000, 0x000000070ea00000, 0x000000070ec00000|  0%| F|  |TAMS 0x000000070ea00000, 0x000000070ea00000| Untracked 
| 105|0x000000070ec00000, 0x000000070ec00000, 0x000000070ee00000|  0%| F|  |TAMS 0x000000070ec00000, 0x000000070ec00000| Untracked 
| 106|0x000000070ee00000, 0x000000070ee00000, 0x000000070f000000|  0%| F|  |TAMS 0x000000070ee00000, 0x000000070ee00000| Untracked 
| 107|0x000000070f000000, 0x000000070f000000, 0x000000070f200000|  0%| F|  |TAMS 0x000000070f000000, 0x000000070f000000| Untracked 
| 108|0x000000070f200000, 0x000000070f200000, 0x000000070f400000|  0%| F|  |TAMS 0x000000070f200000, 0x000000070f200000| Untracked 
| 109|0x000000070f400000, 0x000000070f400000, 0x000000070f600000|  0%| F|  |TAMS 0x000000070f400000, 0x000000070f400000| Untracked 
| 110|0x000000070f600000, 0x000000070f600000, 0x000000070f800000|  0%| F|  |TAMS 0x000000070f600000, 0x000000070f600000| Untracked 
| 111|0x000000070f800000, 0x000000070f800000, 0x000000070fa00000|  0%| F|  |TAMS 0x000000070f800000, 0x000000070f800000| Untracked 
| 112|0x000000070fa00000, 0x000000070fa00000, 0x000000070fc00000|  0%| F|  |TAMS 0x000000070fa00000, 0x000000070fa00000| Untracked 
| 113|0x000000070fc00000, 0x000000070fc00000, 0x000000070fe00000|  0%| F|  |TAMS 0x000000070fc00000, 0x000000070fc00000| Untracked 
| 114|0x000000070fe00000, 0x000000070fe00000, 0x0000000710000000|  0%| F|  |TAMS 0x000000070fe00000, 0x000000070fe00000| Untracked 
| 115|0x0000000710000000, 0x000000071016aa50, 0x0000000710200000| 70%| S|CS|TAMS 0x0000000710000000, 0x0000000710000000| Complete 
| 116|0x0000000710200000, 0x0000000710400000, 0x0000000710400000|100%| S|CS|TAMS 0x0000000710200000, 0x0000000710200000| Complete 
| 117|0x0000000710400000, 0x0000000710400000, 0x0000000710600000|  0%| F|  |TAMS 0x0000000710400000, 0x0000000710400000| Untracked 
| 118|0x0000000710600000, 0x0000000710600000, 0x0000000710800000|  0%| F|  |TAMS 0x0000000710600000, 0x0000000710600000| Untracked 
| 119|0x0000000710800000, 0x0000000710800000, 0x0000000710a00000|  0%| F|  |TAMS 0x0000000710800000, 0x0000000710800000| Untracked 
| 120|0x0000000710a00000, 0x0000000710a00000, 0x0000000710c00000|  0%| F|  |TAMS 0x0000000710a00000, 0x0000000710a00000| Untracked 
| 121|0x0000000710c00000, 0x0000000710c00000, 0x0000000710e00000|  0%| F|  |TAMS 0x0000000710c00000, 0x0000000710c00000| Untracked 
| 122|0x0000000710e00000, 0x0000000710e00000, 0x0000000711000000|  0%| F|  |TAMS 0x0000000710e00000, 0x0000000710e00000| Untracked 
| 123|0x0000000711000000, 0x0000000711000000, 0x0000000711200000|  0%| F|  |TAMS 0x0000000711000000, 0x0000000711000000| Untracked 
| 124|0x0000000711200000, 0x0000000711200000, 0x0000000711400000|  0%| F|  |TAMS 0x0000000711200000, 0x0000000711200000| Untracked 
| 125|0x0000000711400000, 0x0000000711400000, 0x0000000711600000|  0%| F|  |TAMS 0x0000000711400000, 0x0000000711400000| Untracked 
| 126|0x0000000711600000, 0x00000007116ec7e0, 0x0000000711800000| 46%| E|  |TAMS 0x0000000711600000, 0x0000000711600000| Complete 
| 127|0x0000000711800000, 0x0000000711a00000, 0x0000000711a00000|100%| E|CS|TAMS 0x0000000711800000, 0x0000000711800000| Complete 

Card table byte_map: [0x000001af77ba0000,0x000001af783a0000] _byte_map_base: 0x000001af74393000

Marking Bits (Prev, Next): (CMBitMap*) 0x000001af608b3620, (CMBitMap*) 0x000001af608b3660
 Prev Bits: [0x000001af78ba0000, 0x000001af7cb38000)
 Next Bits: [0x000001af00000000, 0x000001af03f98000)

Polling page: 0x000001af5e9f0000

Metaspace:

Usage:
  Non-class:     13.49 MB used.
      Class:      1.61 MB used.
       Both:     15.10 MB used.

Virtual space:
  Non-class space:       16.00 MB reserved,      13.62 MB ( 85%) committed,  2 nodes.
      Class space:        1.00 GB reserved,       1.75 MB ( <1%) committed,  1 nodes.
             Both:        1.02 GB reserved,      15.38 MB (  1%) committed. 

Chunk freelists:
   Non-Class:  1.98 MB
       Class:  2.16 MB
        Both:  4.15 MB

MaxMetaspaceSize: unlimited
CompressedClassSpaceSize: 1.00 GB
Initial GC threshold: 21.00 MB
Current GC threshold: 21.00 MB
CDS: on
MetaspaceReclaimPolicy: balanced
 - commit_granule_bytes: 65536.
 - commit_granule_words: 8192.
 - virtual_space_node_default_size: 1048576.
 - enlarge_chunks_in_place: 1.
 - new_chunks_are_fully_committed: 0.
 - uncommit_free_chunks: 1.
 - use_allocation_guard: 0.
 - handle_deallocations: 1.


Internal statistics:

num_allocs_failed_limit: 0.
num_arena_births: 186.
num_arena_deaths: 0.
num_vsnodes_births: 3.
num_vsnodes_deaths: 0.
num_space_committed: 244.
num_space_uncommitted: 0.
num_chunks_returned_to_freelist: 0.
num_chunks_taken_from_freelist: 391.
num_chunk_merges: 0.
num_chunk_splits: 245.
num_chunks_enlarged: 149.
num_purges: 0.
num_inconsistent_stats: 0.

CodeHeap 'non-profiled nmethods': size=120000Kb used=560Kb max_used=560Kb free=119439Kb
 bounds [0x000001af6fb40000, 0x000001af6fdb0000, 0x000001af77070000]
CodeHeap 'profiled nmethods': size=120000Kb used=3397Kb max_used=3397Kb free=116602Kb
 bounds [0x000001af68610000, 0x000001af68970000, 0x000001af6fb40000]
CodeHeap 'non-nmethods': size=5760Kb used=1858Kb max_used=1873Kb free=3901Kb
 bounds [0x000001af68070000, 0x000001af682e0000, 0x000001af68610000]
 total_blobs=3326 nmethods=1962 adapters=1277
 compilation: enabled
              stopped_count=0, restarted_count=0
 full_count=0

Compilation events (20 events):
Event: 6.074 Thread 0x000001af7f5971c0 1952       3       java.util.concurrent.atomic.AtomicLong::incrementAndGet (14 bytes)
Event: 6.075 Thread 0x000001af7f5971c0 nmethod 1952 0x000001af6895d890 code [0x000001af6895da20, 0x000001af6895db38]
Event: 6.075 Thread 0x000001af7f5971c0 1953       3       jdk.internal.misc.Unsafe::setMemory (29 bytes)
Event: 6.075 Thread 0x000001af7f5971c0 nmethod 1953 0x000001af6895dc10 code [0x000001af6895de40, 0x000001af6895e618]
Event: 6.075 Thread 0x000001af7f5971c0 1954       3       jdk.internal.misc.Unsafe::setMemoryChecks (13 bytes)
Event: 6.075 Thread 0x000001af7f5971c0 nmethod 1954 0x000001af6895ea10 code [0x000001af6895ec40, 0x000001af6895f468]
Event: 6.090 Thread 0x000001af7f5971c0 1956       3       java.nio.Bits::tryReserveMemory (52 bytes)
Event: 6.091 Thread 0x000001af7f5971c0 nmethod 1956 0x000001af6895f810 code [0x000001af6895f9e0, 0x000001af6895fd28]
Event: 6.108 Thread 0x000001af7f5971c0 1957       3       java.nio.FloatBuffer::<init> (24 bytes)
Event: 6.108 Thread 0x000001af7f5971c0 nmethod 1957 0x000001af6895fe90 code [0x000001af68960040, 0x000001af689601e8]
Event: 6.108 Thread 0x000001af7f5971c0 1961       3       jdk.internal.misc.Unsafe::setMemory (10 bytes)
Event: 6.108 Thread 0x000001af7f5971c0 nmethod 1961 0x000001af68960290 code [0x000001af68960440, 0x000001af689605a8]
Event: 6.108 Thread 0x000001af7f5971c0 1958       3       java.nio.FloatBuffer::limit (6 bytes)
Event: 6.108 Thread 0x000001af7f5971c0 nmethod 1958 0x000001af68960690 code [0x000001af68960840, 0x000001af689609e8]
Event: 6.108 Thread 0x000001af7f5971c0 1959       3       java.nio.FloatBuffer::limit (8 bytes)
Event: 6.108 Thread 0x000001af7f5971c0 nmethod 1959 0x000001af68960a90 code [0x000001af68960c20, 0x000001af68960d68]
Event: 6.108 Thread 0x000001af7f5971c0 1960       3       java.nio.FloatBuffer::position (6 bytes)
Event: 6.108 Thread 0x000001af7f5971c0 nmethod 1960 0x000001af68960e10 code [0x000001af68960fc0, 0x000001af68961168]
Event: 6.108 Thread 0x000001af7f5971c0 1962       3       java.nio.DirectByteBuffer$Deallocator::<init> (41 bytes)
Event: 6.108 Thread 0x000001af7f5971c0 nmethod 1962 0x000001af68961210 code [0x000001af689613a0, 0x000001af68961518]

GC Heap History (2 events):
Event: 5.090 GC heap before
{Heap before GC invocations=0 (full 0):
 garbage-first heap   total 262144K, used 20480K [0x0000000701a00000, 0x0000000800000000)
  region size 2048K, 11 young (22528K), 0 survivors (0K)
 Metaspace       used 15407K, committed 15680K, reserved 1064960K
  class space    used 1650K, committed 1792K, reserved 1048576K
}
Event: 5.104 GC heap after
{Heap after GC invocations=1 (full 0):
 garbage-first heap   total 262144K, used 3498K [0x0000000701a00000, 0x0000000800000000)
  region size 2048K, 2 young (4096K), 2 survivors (4096K)
 Metaspace       used 15407K, committed 15680K, reserved 1064960K
  class space    used 1650K, committed 1792K, reserved 1048576K
}

Deoptimization events (20 events):
Event: 3.460 Thread 0x000001af7f587c70 DEOPT PACKING pc=0x000001af6fb6222c sp=0x00000079f98fd570
Event: 3.460 Thread 0x000001af7f587c70 DEOPT UNPACKING pc=0x000001af680c23a3 sp=0x00000079f98fd508 mode 2
Event: 4.237 Thread 0x000001af7f5877a0 Uncommon trap: trap_request=0xffffff45 fr.pc=0x000001af6fbb32e0 relative=0x00000000000000c0
Event: 4.237 Thread 0x000001af7f5877a0 Uncommon trap: reason=unstable_if action=reinterpret pc=0x000001af6fbb32e0 method=java.util.concurrent.locks.AbstractQueuedSynchronizer.signalNext(Ljava/util/concurrent/locks/AbstractQueuedSynchronizer$Node;)V @ 17 c2
Event: 4.238 Thread 0x000001af7f5877a0 DEOPT PACKING pc=0x000001af6fbb32e0 sp=0x00000079f93fe130
Event: 4.238 Thread 0x000001af7f5877a0 DEOPT UNPACKING pc=0x000001af680c23a3 sp=0x00000079f93fe0c0 mode 2
Event: 4.741 Thread 0x000001af7f587c70 DEOPT PACKING pc=0x000001af6863607e sp=0x00000079f98fcdd0
Event: 4.741 Thread 0x000001af7f587c70 DEOPT UNPACKING pc=0x000001af680c2b43 sp=0x00000079f98fc240 mode 0
Event: 4.798 Thread 0x000001af7f587c70 Uncommon trap: trap_request=0xffffff45 fr.pc=0x000001af6fb92e00 relative=0x0000000000000340
Event: 4.798 Thread 0x000001af7f587c70 Uncommon trap: reason=unstable_if action=reinterpret pc=0x000001af6fb92e00 method=java.util.HashMap.getNode(Ljava/lang/Object;)Ljava/util/HashMap$Node; @ 66 c2
Event: 4.798 Thread 0x000001af7f587c70 DEOPT PACKING pc=0x000001af6fb92e00 sp=0x00000079f98fd920
Event: 4.798 Thread 0x000001af7f587c70 DEOPT UNPACKING pc=0x000001af680c23a3 sp=0x00000079f98fd840 mode 2
Event: 4.798 Thread 0x000001af7f587c70 Uncommon trap: trap_request=0xffffffde fr.pc=0x000001af6fb9c514 relative=0x0000000000000914
Event: 4.798 Thread 0x000001af7f587c70 Uncommon trap: reason=class_check action=maybe_recompile pc=0x000001af6fb9c514 method=java.util.HashMap.putVal(ILjava/lang/Object;Ljava/lang/Object;ZZ)Ljava/lang/Object; @ 91 c2
Event: 4.798 Thread 0x000001af7f587c70 DEOPT PACKING pc=0x000001af6fb9c514 sp=0x00000079f98fd8f0
Event: 4.798 Thread 0x000001af7f587c70 DEOPT UNPACKING pc=0x000001af680c23a3 sp=0x00000079f98fd818 mode 2
Event: 4.798 Thread 0x000001af7f587c70 Uncommon trap: trap_request=0xffffff45 fr.pc=0x000001af6fb94730 relative=0x0000000000000550
Event: 4.798 Thread 0x000001af7f587c70 Uncommon trap: reason=unstable_if action=reinterpret pc=0x000001af6fb94730 method=java.util.concurrent.ConcurrentHashMap.get(Ljava/lang/Object;)Ljava/lang/Object; @ 76 c2
Event: 4.798 Thread 0x000001af7f587c70 DEOPT PACKING pc=0x000001af6fb94730 sp=0x00000079f98fda40
Event: 4.798 Thread 0x000001af7f587c70 DEOPT UNPACKING pc=0x000001af680c23a3 sp=0x00000079f98fd9e8 mode 2

Classes unloaded (0 events):
No events

Classes redefined (0 events):
No events

Internal exceptions (20 events):
Event: 0.563 Thread 0x000001af60863380 Exception <a 'sun/nio/fs/WindowsException'{0x00000007113d8598}> (0x00000007113d8598) 
thrown [t:\workspace\open\src\hotspot\share\prims\jni.cpp, line 516]
Event: 0.577 Thread 0x000001af60863380 Exception <a 'java/lang/NoSuchMethodError'{0x00000007113ffc50}: 'int java.lang.invoke.DirectMethodHandle$Holder.invokeStaticInit(java.lang.Object, java.lang.Object, int, long)'> (0x00000007113ffc50) 
thrown [t:\workspace\open\src\hotspot\share\interpreter\linkResolver.cpp, line 766]
Event: 0.582 Thread 0x000001af60863380 Exception <a 'java/lang/NoSuchMethodError'{0x0000000711005b68}: 'java.lang.Object java.lang.invoke.DirectMethodHandle$Holder.newInvokeSpecial(java.lang.Object, java.lang.Object, int)'> (0x0000000711005b68) 
thrown [t:\workspace\open\src\hotspot\share\interpreter\linkResolver.cpp, line 766]
Event: 0.593 Thread 0x000001af60863380 Exception <a 'java/lang/NoSuchMethodError'{0x0000000711014748}: 'int java.lang.invoke.DirectMethodHandle$Holder.invokeStaticInit(java.lang.Object, java.lang.Object, long, long)'> (0x0000000711014748) 
thrown [t:\workspace\open\src\hotspot\share\interpreter\linkResolver.cpp, line 766]
Event: 0.593 Thread 0x000001af60863380 Exception <a 'java/lang/NoSuchMethodError'{0x000000071101a3f8}: 'java.lang.Object java.lang.invoke.DirectMethodHandle$Holder.newInvokeSpecial(java.lang.Object, java.lang.Object, long)'> (0x000000071101a3f8) 
thrown [t:\workspace\open\src\hotspot\share\interpreter\linkResolver.cpp, line 766]
Event: 0.594 Thread 0x000001af60863380 Exception <a 'java/lang/NoSuchMethodError'{0x000000071101dcc0}: 'java.lang.Object java.lang.invoke.Invokers$Holder.linkToTargetMethod(java.lang.Object, long, java.lang.Object)'> (0x000000071101dcc0) 
thrown [t:\workspace\open\src\hotspot\share\interpreter\linkResolver.cpp, line 766]
Event: 0.594 Thread 0x000001af60863380 Exception <a 'java/lang/NoSuchMethodError'{0x00000007110252c0}: 'int java.lang.invoke.DirectMethodHandle$Holder.invokeStaticInit(java.lang.Object, java.lang.Object, java.lang.Object, long)'> (0x00000007110252c0) 
thrown [t:\workspace\open\src\hotspot\share\interpreter\linkResolver.cpp, line 766]
Event: 0.612 Thread 0x000001af60863380 Exception <a 'sun/nio/fs/WindowsException'{0x00000007110859a8}> (0x00000007110859a8) 
thrown [t:\workspace\open\src\hotspot\share\prims\jni.cpp, line 516]
Event: 0.612 Thread 0x000001af60863380 Exception <a 'sun/nio/fs/WindowsException'{0x0000000711085d38}> (0x0000000711085d38) 
thrown [t:\workspace\open\src\hotspot\share\prims\jni.cpp, line 516]
Event: 0.635 Thread 0x000001af60863380 Exception <a 'sun/nio/fs/WindowsException'{0x0000000711113aa0}> (0x0000000711113aa0) 
thrown [t:\workspace\open\src\hotspot\share\prims\jni.cpp, line 516]
Event: 0.636 Thread 0x000001af60863380 Exception <a 'sun/nio/fs/WindowsException'{0x0000000711113e00}> (0x0000000711113e00) 
thrown [t:\workspace\open\src\hotspot\share\prims\jni.cpp, line 516]
Event: 1.108 Thread 0x000001af60863380 Exception <a 'sun/nio/fs/WindowsException'{0x0000000711159ae8}> (0x0000000711159ae8) 
thrown [t:\workspace\open\src\hotspot\share\prims\jni.cpp, line 516]
Event: 1.108 Thread 0x000001af60863380 Exception <a 'sun/nio/fs/WindowsException'{0x0000000711159e88}> (0x0000000711159e88) 
thrown [t:\workspace\open\src\hotspot\share\prims\jni.cpp, line 516]
Event: 1.115 Thread 0x000001af60863380 Exception <a 'sun/nio/fs/WindowsException'{0x0000000711161298}> (0x0000000711161298) 
thrown [t:\workspace\open\src\hotspot\share\prims\jni.cpp, line 516]
Event: 1.115 Thread 0x000001af60863380 Exception <a 'sun/nio/fs/WindowsException'{0x0000000711161568}> (0x0000000711161568) 
thrown [t:\workspace\open\src\hotspot\share\prims\jni.cpp, line 516]
Event: 1.186 Thread 0x000001af60863380 Exception <a 'sun/nio/fs/WindowsException'{0x0000000710f2bd08}> (0x0000000710f2bd08) 
thrown [t:\workspace\open\src\hotspot\share\prims\jni.cpp, line 516]
Event: 2.795 Thread 0x000001af7f58ac90 Exception <a 'java/lang/NoSuchMethodError'{0x0000000710dde948}: 'java.lang.Object java.lang.invoke.DirectMethodHandle$Holder.newInvokeSpecial(java.lang.Object, java.lang.Object, java.lang.Object, int, int, int, int, int)'> (0x0000000710dde948) 
thrown [t:\workspace\open\src\hotspot\share\interpreter\linkResolver.cpp, line 766]
Event: 3.370 Thread 0x000001af7f5877a0 Exception <a 'java/lang/NoSuchMethodError'{0x0000000711480930}: 'void java.lang.invoke.DirectMethodHandle$Holder.invokeVirtual(java.lang.Object, java.lang.Object)'> (0x0000000711480930) 
thrown [t:\workspace\open\src\hotspot\share\interpreter\linkResolver.cpp, line 766]
Event: 3.388 Thread 0x000001af7f587c70 Exception <a 'java/lang/NoSuchMethodError'{0x0000000710b258b0}: 'void java.lang.invoke.DirectMethodHandle$Holder.invokeStaticInit(java.lang.Object)'> (0x0000000710b258b0) 
thrown [t:\workspace\open\src\hotspot\share\interpreter\linkResolver.cpp, line 766]
Event: 3.488 Thread 0x000001af7f587c70 Exception <a 'java/lang/NoSuchMethodError'{0x000000071082cb38}: 'int java.lang.invoke.DirectMethodHandle$Holder.invokeStatic(java.lang.Object)'> (0x000000071082cb38) 
thrown [t:\workspace\open\src\hotspot\share\interpreter\linkResolver.cpp, line 766]

VM Operations (20 events):
Event: 1.252 Executing VM operation: Cleanup
Event: 1.252 Executing VM operation: Cleanup done
Event: 2.258 Executing VM operation: Cleanup
Event: 2.258 Executing VM operation: Cleanup done
Event: 2.818 Executing VM operation: HandshakeAllThreads
Event: 2.818 Executing VM operation: HandshakeAllThreads done
Event: 2.938 Executing VM operation: HandshakeAllThreads
Event: 2.938 Executing VM operation: HandshakeAllThreads done
Event: 2.942 Executing VM operation: HandshakeAllThreads
Event: 2.942 Executing VM operation: HandshakeAllThreads done
Event: 3.545 Executing VM operation: HandshakeAllThreads
Event: 3.545 Executing VM operation: HandshakeAllThreads done
Event: 3.545 Executing VM operation: Cleanup
Event: 3.545 Executing VM operation: Cleanup done
Event: 4.556 Executing VM operation: Cleanup
Event: 4.556 Executing VM operation: Cleanup done
Event: 5.090 Executing VM operation: G1CollectForAllocation
Event: 5.104 Executing VM operation: G1CollectForAllocation done
Event: 6.112 Executing VM operation: Cleanup
Event: 6.112 Executing VM operation: Cleanup done

Events (20 events):
Event: 4.821 loading class java/util/stream/Node$OfPrimitive
Event: 4.821 loading class java/util/stream/Node$OfPrimitive done
Event: 4.821 loading class java/util/stream/Node$OfInt done
Event: 4.821 loading class java/util/stream/Nodes$EmptyNode$OfInt done
Event: 4.821 loading class java/util/stream/Nodes$EmptyNode$OfLong
Event: 4.821 loading class java/util/stream/Node$OfLong
Event: 4.821 loading class java/util/stream/Node$OfLong done
Event: 4.821 loading class java/util/stream/Nodes$EmptyNode$OfLong done
Event: 4.821 loading class java/util/stream/Nodes$EmptyNode$OfDouble
Event: 4.821 loading class java/util/stream/Node$OfDouble
Event: 4.821 loading class java/util/stream/Node$OfDouble done
Event: 4.821 loading class java/util/stream/Nodes$EmptyNode$OfDouble done
Event: 4.821 loading class java/util/stream/Nodes$FixedNodeBuilder
Event: 4.821 loading class java/util/stream/Node$Builder
Event: 4.821 loading class java/util/stream/Node$Builder done
Event: 4.821 loading class java/util/stream/Nodes$ArrayNode
Event: 4.821 loading class java/util/stream/Nodes$ArrayNode done
Event: 4.821 loading class java/util/stream/Nodes$FixedNodeBuilder done
Event: 5.105 loading class sun/awt/shell/Win32ShellFolder2$FolderDisposer$1
Event: 5.105 loading class sun/awt/shell/Win32ShellFolder2$FolderDisposer$1 done


Dynamic libraries:
0x00007ff6f5fc0000 - 0x00007ff6f5fd0000 	C:\Program Files\Java\jdk-17.0.1\bin\java.exe
0x00007ffc8e3f0000 - 0x00007ffc8e5e5000 	C:\WINDOWS\SYSTEM32\ntdll.dll
0x00007ffc8c420000 - 0x00007ffc8c4de000 	C:\WINDOWS\System32\KERNEL32.DLL
0x00007ffc8bc10000 - 0x00007ffc8bed8000 	C:\WINDOWS\System32\KERNELBASE.dll
0x00007ffc8bf80000 - 0x00007ffc8c080000 	C:\WINDOWS\System32\ucrtbase.dll
0x00007ffc888f0000 - 0x00007ffc88908000 	C:\Program Files\Java\jdk-17.0.1\bin\jli.dll
0x00007ffc8ccc0000 - 0x00007ffc8cd6e000 	C:\WINDOWS\System32\ADVAPI32.dll
0x00007ffc873d0000 - 0x00007ffc873ea000 	C:\Program Files\Java\jdk-17.0.1\bin\VCRUNTIME140.dll
0x00007ffc8cf30000 - 0x00007ffc8cfce000 	C:\WINDOWS\System32\msvcrt.dll
0x00007ffc8cfe0000 - 0x00007ffc8d07c000 	C:\WINDOWS\System32\sechost.dll
0x00007ffc8d480000 - 0x00007ffc8d5a5000 	C:\WINDOWS\System32\RPCRT4.dll
0x00007ffc8d920000 - 0x00007ffc8dac0000 	C:\WINDOWS\System32\USER32.dll
0x00007ffc8bf50000 - 0x00007ffc8bf72000 	C:\WINDOWS\System32\win32u.dll
0x00007ffc8cae0000 - 0x00007ffc8cb0b000 	C:\WINDOWS\System32\GDI32.dll
0x00007ffc8c160000 - 0x00007ffc8c26b000 	C:\WINDOWS\System32\gdi32full.dll
0x00007ffc8bb70000 - 0x00007ffc8bc0d000 	C:\WINDOWS\System32\msvcp_win.dll
0x00007ffc83370000 - 0x00007ffc8337a000 	C:\WINDOWS\SYSTEM32\VERSION.dll
0x00007ffc79490000 - 0x00007ffc7972a000 	C:\WINDOWS\WinSxS\amd64_microsoft.windows.common-controls_6595b64144ccf1df_6.0.19041.1110_none_60b5254171f9507e\COMCTL32.dll
0x00007ffc8d3e0000 - 0x00007ffc8d410000 	C:\WINDOWS\System32\IMM32.DLL
0x00007ffc87170000 - 0x00007ffc8717c000 	C:\Program Files\Java\jdk-17.0.1\bin\vcruntime140_1.dll
0x00007ffc3bfc0000 - 0x00007ffc3c04d000 	C:\Program Files\Java\jdk-17.0.1\bin\msvcp140.dll
0x00007ffc10fb0000 - 0x00007ffc11b6e000 	C:\Program Files\Java\jdk-17.0.1\bin\server\jvm.dll
0x00007ffc8e2e0000 - 0x00007ffc8e2e8000 	C:\WINDOWS\System32\PSAPI.DLL
0x00007ffc820d0000 - 0x00007ffc820f7000 	C:\WINDOWS\SYSTEM32\WINMM.dll
0x00007ffc75ea0000 - 0x00007ffc75ea9000 	C:\WINDOWS\SYSTEM32\WSOCK32.dll
0x00007ffc8d410000 - 0x00007ffc8d47b000 	C:\WINDOWS\System32\WS2_32.dll
0x00007ffc8a3d0000 - 0x00007ffc8a3e2000 	C:\WINDOWS\SYSTEM32\kernel.appcore.dll
0x00007ffc87160000 - 0x00007ffc8716a000 	C:\Program Files\Java\jdk-17.0.1\bin\jimage.dll
0x00007ffc8a010000 - 0x00007ffc8a1f4000 	C:\WINDOWS\SYSTEM32\DBGHELP.DLL
0x00007ffc80650000 - 0x00007ffc8067c000 	C:\WINDOWS\SYSTEM32\dbgcore.DLL
0x00007ffc8bae0000 - 0x00007ffc8bb62000 	C:\WINDOWS\System32\bcryptPrimitives.dll
0x00007ffc71fd0000 - 0x00007ffc71ff5000 	C:\Program Files\Java\jdk-17.0.1\bin\java.dll
0x00007ffc2bb70000 - 0x00007ffc2bc46000 	C:\Program Files\Java\jdk-17.0.1\bin\svml.dll
0x00007ffc8db90000 - 0x00007ffc8e2d4000 	C:\WINDOWS\System32\SHELL32.dll
0x00007ffc897b0000 - 0x00007ffc89f44000 	C:\WINDOWS\SYSTEM32\windows.storage.dll
0x00007ffc8d080000 - 0x00007ffc8d3d4000 	C:\WINDOWS\System32\combase.dll
0x00007ffc8b540000 - 0x00007ffc8b56c000 	C:\WINDOWS\SYSTEM32\Wldp.dll
0x00007ffc8c5c0000 - 0x00007ffc8c66d000 	C:\WINDOWS\System32\SHCORE.dll
0x00007ffc8d660000 - 0x00007ffc8d6b5000 	C:\WINDOWS\System32\shlwapi.dll
0x00007ffc8ba20000 - 0x00007ffc8ba3f000 	C:\WINDOWS\SYSTEM32\profapi.dll
0x00007ffc852d0000 - 0x00007ffc852e9000 	C:\Program Files\Java\jdk-17.0.1\bin\net.dll
0x00007ffc801f0000 - 0x00007ffc802f9000 	C:\WINDOWS\SYSTEM32\WINHTTP.dll
0x00007ffc8b2a0000 - 0x00007ffc8b30a000 	C:\WINDOWS\system32\mswsock.dll
0x00007ffc72d80000 - 0x00007ffc72d95000 	C:\Program Files\Java\jdk-17.0.1\bin\nio.dll
0x00007ffc725d0000 - 0x00007ffc725e8000 	C:\Program Files\Java\jdk-17.0.1\bin\zip.dll
0x00007ffc281e0000 - 0x00007ffc2836f000 	C:\Program Files\Java\jdk-17.0.1\bin\awt.dll
0x00007ffc8d6c0000 - 0x00007ffc8d78d000 	C:\WINDOWS\System32\OLEAUT32.dll
0x00007ffc88f10000 - 0x00007ffc88fa0000 	C:\WINDOWS\SYSTEM32\apphelp.dll
0x00007ffc89050000 - 0x00007ffc890ee000 	C:\WINDOWS\system32\uxtheme.dll
0x00007ffc8ce10000 - 0x00007ffc8cf26000 	C:\WINDOWS\System32\MSCTF.dll
0x00007ffc8d7f0000 - 0x00007ffc8d91a000 	C:\WINDOWS\System32\ole32.dll
0x00007ffc892e0000 - 0x00007ffc8930f000 	C:\WINDOWS\system32\DWMAPI.DLL
0x00007ffc85220000 - 0x00007ffc852d0000 	C:\WINDOWS\WinSxS\amd64_microsoft.windows.common-controls_6595b64144ccf1df_5.82.19041.1110_none_792d1c772443f647\comctl32.dll
0x00007ffc8d5b0000 - 0x00007ffc8d659000 	C:\WINDOWS\System32\clbcatq.dll
0x00007ffc87290000 - 0x00007ffc87386000 	C:\WINDOWS\SYSTEM32\PROPSYS.dll
0x00007ffc65b00000 - 0x00007ffc65b17000 	C:\WINDOWS\system32\NetworkExplorer.dll
0x00007ffc8c270000 - 0x00007ffc8c2be000 	C:\WINDOWS\System32\CFGMGR32.dll
0x00007ffc71c50000 - 0x00007ffc71cc1000 	C:\Users\Ivan\AppData\Local\Temp\lwjglIvan\3.3.0-build-21\lwjgl.dll
0x00007ffc25970000 - 0x00007ffc25bc6000 	C:\Users\Ivan\AppData\Local\Temp\lwjglIvan\3.3.0-build-21\jemalloc.dll
0x00007ffc727c0000 - 0x00007ffc72821000 	C:\Users\Ivan\AppData\Local\Temp\lwjglIvan\3.3.0-build-21\glfw.dll
0x00007ffc2b130000 - 0x00007ffc2b175000 	C:\WINDOWS\SYSTEM32\dinput8.dll
0x00007ffc85c40000 - 0x00007ffc85c51000 	C:\WINDOWS\SYSTEM32\xinput1_4.dll
0x00007ffc8b880000 - 0x00007ffc8b8b3000 	C:\WINDOWS\SYSTEM32\DEVOBJ.dll
0x00007ffc77120000 - 0x00007ffc77272000 	C:\WINDOWS\SYSTEM32\inputhost.dll
0x00007ffc87530000 - 0x00007ffc87684000 	C:\WINDOWS\SYSTEM32\wintypes.dll
0x00007ffc88cd0000 - 0x00007ffc88dc2000 	C:\WINDOWS\SYSTEM32\CoreMessaging.dll
0x00007ffc88510000 - 0x00007ffc8886e000 	C:\WINDOWS\SYSTEM32\CoreUIComponents.dll
0x00007ffc8a7e0000 - 0x00007ffc8a813000 	C:\WINDOWS\SYSTEM32\ntmarta.dll
0x00007ffc76730000 - 0x00007ffc76856000 	C:\WINDOWS\SYSTEM32\opengl32.dll
0x00007ffc76460000 - 0x00007ffc7648c000 	C:\WINDOWS\SYSTEM32\GLU32.dll
0x00007ffc852f0000 - 0x00007ffc853e9000 	C:\Windows\System32\AppXDeploymentClient.dll
0x00007ffc572d0000 - 0x00007ffc572fc000 	C:\WINDOWS\System32\DriverStore\FileRepository\u0376209.inf_amd64_b3bdffadea4def3f\B374968\atig6pxx.dll
0x00007ffc54480000 - 0x00007ffc572c3000 	C:\WINDOWS\System32\DriverStore\FileRepository\u0376209.inf_amd64_b3bdffadea4def3f\B374968\atio6axx.dll
0x00007ffc8c670000 - 0x00007ffc8cae0000 	C:\WINDOWS\System32\SETUPAPI.dll
0x00007ffc8c130000 - 0x00007ffc8c157000 	C:\WINDOWS\System32\bcrypt.dll
0x00007ffc61510000 - 0x00007ffc61534000 	C:\WINDOWS\SYSTEM32\dxva2.dll
0x00007ffc53f90000 - 0x00007ffc53fcf000 	C:\WINDOWS\System32\DriverStore\FileRepository\u0376209.inf_amd64_b3bdffadea4def3f\B374968\atig6txx.dll
0x00007ffc27850000 - 0x00007ffc27a20000 	C:\WINDOWS\SYSTEM32\atiadlxx.dll
0x00007ffc6f5b0000 - 0x00007ffc6f5f9000 	C:\WINDOWS\SYSTEM32\pdh.dll
0x00007ffc8bee0000 - 0x00007ffc8bf48000 	C:\WINDOWS\System32\WINTRUST.dll
0x00007ffc8c2c0000 - 0x00007ffc8c416000 	C:\WINDOWS\System32\CRYPT32.dll
0x00007ffc8b6c0000 - 0x00007ffc8b6d2000 	C:\WINDOWS\SYSTEM32\MSASN1.dll
0x00007ffc822e0000 - 0x00007ffc8231b000 	C:\WINDOWS\SYSTEM32\dxcore.dll
0x00007ffc77280000 - 0x00007ffc77379000 	C:\WINDOWS\SYSTEM32\textinputframework.dll
0x00007ffc778c0000 - 0x00007ffc77926000 	C:\WINDOWS\system32\Oleacc.dll
0x00007ffc71bf0000 - 0x00007ffc71c4d000 	C:\Users\Ivan\AppData\Local\Temp\lwjglIvan\3.3.0-build-21\lwjgl_opengl.dll
0x0000000064a00000 - 0x000000006580f000 	C:\Users\Ivan\AppData\Local\Temp\imgui-java-natives_1648349091793\imgui-java64.dll
0x00007ffc61340000 - 0x00007ffc6150f000 	C:\WINDOWS\system32\d3d9.dll
0x00007ffc82100000 - 0x00007ffc822b8000 	C:\WINDOWS\System32\DriverStore\FileRepository\u0376209.inf_amd64_b3bdffadea4def3f\B374968\aticfx64.dll
0x00007ffc6a540000 - 0x00007ffc6a574000 	C:\WINDOWS\System32\DriverStore\FileRepository\u0376209.inf_amd64_b3bdffadea4def3f\B374968\atiu9p64.dll
0x00007ffc4fd00000 - 0x00007ffc50a54000 	C:\WINDOWS\System32\DriverStore\FileRepository\u0376209.inf_amd64_b3bdffadea4def3f\B374968\atiumd64.dll
0x0000000062680000 - 0x00000000634f5000 	C:\WINDOWS\System32\DriverStore\FileRepository\u0376209.inf_amd64_b3bdffadea4def3f\B374968\atiumd6a.dll
0x00007ffc8b0b0000 - 0x00007ffc8b0fb000 	C:\WINDOWS\SYSTEM32\POWRPROF.dll
0x00007ffc8af20000 - 0x00007ffc8af32000 	C:\WINDOWS\SYSTEM32\UMPDC.dll
0x00007ffc81ee0000 - 0x00007ffc81f10000 	C:\WINDOWS\SYSTEM32\amdihk64.dll
0x00007ffc2efe0000 - 0x00007ffc2f069000 	C:\Program Files\Java\jdk-17.0.1\bin\freetype.dll
0x00007ffc27c80000 - 0x00007ffc27d28000 	C:\Program Files\Java\jdk-17.0.1\bin\fontmanager.dll
0x00007ffc80f50000 - 0x00007ffc80f6f000 	C:\WINDOWS\SYSTEM32\MPR.dll
0x00007ffc65c50000 - 0x00007ffc65c5b000 	C:\WINDOWS\System32\drprov.dll
0x00007ffc8a850000 - 0x00007ffc8a8aa000 	C:\WINDOWS\System32\WINSTA.dll
0x00007ffc64e20000 - 0x00007ffc64e40000 	C:\WINDOWS\System32\ntlanman.dll
0x00007ffc64e00000 - 0x00007ffc64e1e000 	C:\WINDOWS\System32\davclnt.dll
0x00007ffc64df0000 - 0x00007ffc64dfd000 	C:\WINDOWS\System32\DAVHLPR.dll
0x00007ffc8acd0000 - 0x00007ffc8ace9000 	C:\WINDOWS\System32\wkscli.dll
0x00007ffc72e80000 - 0x00007ffc72e92000 	C:\WINDOWS\SYSTEM32\cscapi.dll
0x00007ffc8b050000 - 0x00007ffc8b05c000 	C:\WINDOWS\System32\netutils.dll
0x00007ffc28420000 - 0x00007ffc28476000 	C:\Windows\System32\dlnashext.dll
0x00007ffc63620000 - 0x00007ffc63684000 	C:\Windows\System32\PlayToDevice.dll
0x00007ffc80630000 - 0x00007ffc80650000 	C:\Windows\System32\DevDispItemProvider.dll
0x00007ffc81d90000 - 0x00007ffc81e15000 	C:\WINDOWS\System32\MMDevApi.dll
0x00007ffc63570000 - 0x00007ffc63611000 	C:\WINDOWS\system32\wpdshext.dll
0x00007ffc792a0000 - 0x00007ffc79445000 	C:\WINDOWS\WinSxS\amd64_microsoft.windows.gdiplus_6595b64144ccf1df_1.1.19041.1566_none_91a49058cc87e409\gdiplus.dll
0x00007ffc84ff0000 - 0x00007ffc85093000 	C:\Windows\System32\PortableDeviceApi.dll
0x00007ffc72600000 - 0x00007ffc72637000 	C:\Windows\System32\EhStorShell.dll
0x00007ffc72c90000 - 0x00007ffc72cb6000 	C:\Windows\System32\EhStorAPI.dll
0x00007ffc86da0000 - 0x00007ffc86db4000 	C:\Windows\System32\WTSAPI32.dll
0x00007ffc6ee90000 - 0x00007ffc6ee9d000 	C:\WINDOWS\SYSTEM32\LINKINFO.dll
0x00007ffc84cc0000 - 0x00007ffc84e74000 	C:\WINDOWS\SYSTEM32\WindowsCodecs.dll
0x00007ffc715b0000 - 0x00007ffc715ee000 	C:\WINDOWS\system32\dataexchange.dll
0x00007ffc88320000 - 0x00007ffc88505000 	C:\WINDOWS\system32\dcomp.dll
0x00007ffc87af0000 - 0x00007ffc87d54000 	C:\WINDOWS\system32\d3d11.dll
0x00007ffc8a3f0000 - 0x00007ffc8a4e3000 	C:\WINDOWS\system32\dxgi.dll
0x00007ffc848c0000 - 0x00007ffc84ac1000 	C:\WINDOWS\system32\twinapi.appcore.dll

dbghelp: loaded successfully - version: 4.0.5 - missing functions: none
symbol engine: initialized successfully - sym options: 0x614 - pdb path: .;C:\Program Files\Java\jdk-17.0.1\bin;C:\WINDOWS\SYSTEM32;C:\WINDOWS\WinSxS\amd64_microsoft.windows.common-controls_6595b64144ccf1df_6.0.19041.1110_none_60b5254171f9507e;C:\Program Files\Java\jdk-17.0.1\bin\server;C:\WINDOWS\WinSxS\amd64_microsoft.windows.common-controls_6595b64144ccf1df_5.82.19041.1110_none_792d1c772443f647;C:\Users\Ivan\AppData\Local\Temp\lwjglIvan\3.3.0-build-21;C:\WINDOWS\System32\DriverStore\FileRepository\u0376209.inf_amd64_b3bdffadea4def3f\B374968;C:\Users\Ivan\AppData\Local\Temp\imgui-java-natives_1648349091793;C:\WINDOWS\WinSxS\amd64_microsoft.windows.gdiplus_6595b64144ccf1df_1.1.19041.1566_none_91a49058cc87e409

VM Arguments:
java_command: com.wiz.settlementmapmaker.Main
java_class_path (initial): D:\CodeProjects\settlementgenerator\SettlementMapMaker\target\classes;C:\Users\Ivan\.m2\repository\org\lwjgl\lwjgl\3.3.0\lwjgl-3.3.0.jar;C:\Users\Ivan\.m2\repository\org\lwjgl\lwjgl-egl\3.3.0\lwjgl-egl-3.3.0.jar;C:\Users\Ivan\.m2\repository\org\lwjgl\lwjgl-glfw\3.3.0\lwjgl-glfw-3.3.0.jar;C:\Users\Ivan\.m2\repository\org\lwjgl\lwjgl-jemalloc\3.3.0\lwjgl-jemalloc-3.3.0.jar;C:\Users\Ivan\.m2\repository\org\lwjgl\lwjgl-opengl\3.3.0\lwjgl-opengl-3.3.0.jar;C:\Users\Ivan\.m2\repository\org\lwjgl\lwjgl-opengles\3.3.0\lwjgl-opengles-3.3.0.jar;C:\Users\Ivan\.m2\repository\org\lwjgl\lwjgl\3.3.0\lwjgl-3.3.0-natives-windows.jar;C:\Users\Ivan\.m2\repository\org\lwjgl\lwjgl-glfw\3.3.0\lwjgl-glfw-3.3.0-natives-windows.jar;C:\Users\Ivan\.m2\repository\org\lwjgl\lwjgl-jemalloc\3.3.0\lwjgl-jemalloc-3.3.0-natives-windows.jar;C:\Users\Ivan\.m2\repository\org\lwjgl\lwjgl-opengl\3.3.0\lwjgl-opengl-3.3.0-natives-windows.jar;C:\Users\Ivan\.m2\repository\org\lwjgl\lwjgl-opengles\3.3.0\lwjgl-opengles-3.3.0-natives-windows.jar;C:\Users\Ivan\.m2\repository\org\joml\joml\1.10.3\joml-1.10.3.jar;C:\Users\Ivan\.m2\repository\io\github\spair\imgui-java-app\1.86.2\imgui-java-app-1.86.2.jar;C:\Users\Ivan\.m2\repository\org\lwjgl\lwjgl\3.3.0\lwjgl-3.3.0-natives-linux.jar;C:\Users\Ivan\.m2\repository\org\lwjgl\lwjgl-glfw\3.3.0\lwjgl-glfw-3.3.0-natives-linux.jar;C:\Users\Ivan\.m2\repository\org\lwjgl\lwjgl-opengl\3.3.0\lwjgl-opengl-3.3.0-natives-linux.jar;C:\Users\Ivan\.m2\repository\org\lwjgl\lwjgl\3.3.0\lwjgl-3.3.0-natives-macos.jar;C:\Users\Ivan\.m2\repository\org\lwjgl\lwjgl-glfw\3.3.0\lwjgl-glfw-3.3.0-natives-macos.jar;C:\Users\Ivan\.m2\repository\org\lwjgl\lwjgl-opengl\3.3.0\lwjgl-opengl-3.3.0-natives-macos.jar;C:\Users\Ivan\.m2\repository\io\github\spair\imgui-java-binding\1.86.2\imgui-java-binding-1.86.2.jar;C:\Users\Ivan\.m2\repository\io\github\spair\imgui-java-lwjgl3\1.86.2\imgui-java-lwjgl3-1.86.2.jar;C:\Users\Ivan\.m2\repository\io\github\spair\imgui-java-natives
Launcher Type: SUN_STANDARD

[Global flags]
     intx CICompilerCount                          = 4                                         {product} {ergonomic}
     uint ConcGCThreads                            = 2                                         {product} {ergonomic}
     uint G1ConcRefinementThreads                  = 8                                         {product} {ergonomic}
   size_t G1HeapRegionSize                         = 2097152                                   {product} {ergonomic}
    uintx GCDrainStackTargetSize                   = 64                                        {product} {ergonomic}
   size_t InitialHeapSize                          = 268435456                                 {product} {ergonomic}
   size_t MarkStackSize                            = 4194304                                   {product} {ergonomic}
   size_t MaxHeapSize                              = 4267704320                                {product} {ergonomic}
   size_t MaxNewSize                               = 2560622592                                {product} {ergonomic}
   size_t MinHeapDeltaBytes                        = 2097152                                   {product} {ergonomic}
   size_t MinHeapSize                              = 8388608                                   {product} {ergonomic}
    uintx NonNMethodCodeHeapSize                   = 5839372                                {pd product} {ergonomic}
    uintx NonProfiledCodeHeapSize                  = 122909434                              {pd product} {ergonomic}
    uintx ProfiledCodeHeapSize                     = 122909434                              {pd product} {ergonomic}
    uintx ReservedCodeCacheSize                    = 251658240                              {pd product} {ergonomic}
     bool SegmentedCodeCache                       = true                                      {product} {ergonomic}
   size_t SoftMaxHeapSize                          = 4267704320                             {manageable} {ergonomic}
     bool UseCompressedClassPointers               = true                           {product lp64_product} {ergonomic}
     bool UseCompressedOops                        = true                           {product lp64_product} {ergonomic}
     bool UseG1GC                                  = true                                      {product} {ergonomic}
     bool UseLargePagesIndividualAllocation        = false                                  {pd product} {ergonomic}

Logging:
Log output configuration:
 #0: stdout all=warning uptime,level,tags
 #1: stderr all=off uptime,level,tags

Environment Variables:
JAVA_HOME=C:\Program Files\Java\jdk-17.0.1
PATH=C:\Program Files\Eclipse Adoptium\jdk-11.0.14.9-hotspot\bin;C:\Program Files\Common Files\Oracle\Java\javapath;;C:\Program Files (x86)\Common Files\Oracle\Java\javapath;C:\WINDOWS\system32;C:\WINDOWS;C:\WINDOWS\System32\Wbem;C:\WINDOWS\System32\WindowsPowerShell\v1.0\;C:\WINDOWS\System32\OpenSSH\;C:\Program Files\Microsoft VS Code\bin;C:\Program Files (x86)\Common Files\Acronis\VirtualFile\;C:\Program Files (x86)\Common Files\Acronis\VirtualFile64\;C:\Program Files (x86)\Common Files\Acronis\FileProtector\;C:\Program Files (x86)\Common Files\Acronis\FileProtector64\;C:\Program Files (x86)\Common Files\Acronis\SnapAPI\;C:\Program Files\SourceGear\Common\DiffMerge\;D:\Gradle\gradle-5.6.2\bin;C:\Users\Public\wpilib\2020\roborio\bin;C:\Users\Public\wpilib\2020\frccode;D:\Git\cmd;C:\WINDOWS\system32;C:\WINDOWS;C:\WINDOWS\System32\Wbem;C:\WINDOWS\System32\WindowsPowerShell\v1.0\;C:\WINDOWS\System32\OpenSSH\;C:\Users\Ivan\AppData\Local\Programs\Python\Python37\Scripts\;C:\Users\Ivan\AppData\Local\Programs\Python\Python37\;C:\Users\Ivan\.deno\bin;C:\Program Files\AdoptOpenJDK\jdk-11.0.3.7-hotspot\bin;C:\Program Files (x86)\Common Files\Oracle\Java\javapath;C:\WINDOWS\system32;C:\WINDOWS;C:\WINDOWS\System32\Wbem;C:\WINDOWS\System32\WindowsPowerShell\v1.0\;C:\WINDOWS\System32\OpenSSH\;C:\Program Files\Microsoft VS Code\bin;C:\Program Files (x86)\Common Files\Acronis\VirtualFile\;C:\Program Files (x86)\Common Files\Acronis\VirtualFile64\;C:\Program Files (x86)\Common Files\Acronis\FileProtector\;C:\Program Files (x86)\Common Files\Acronis\FileProtector64\;C:\Program Files (x86)\Common Files\Acronis\SnapAPI\;C:\Program Files\SourceGear\Common\DiffMerge\;D:\Gradle\gradle-5.6.2\bin;C:\Users\Public\wpilib\2020\roborio\bin;C:\Users\Public\wpilib\2020\frccode;D:\Git\cmd;C:\Pro;C:\Users\Ivan\AppData\Local\Microsoft\WindowsApps;
USERNAME=Ivan
OS=Windows_NT
PROCESSOR_IDENTIFIER=AMD64 Family 23 Model 1 Stepping 1, AuthenticAMD



---------------  S Y S T E M  ---------------

OS:
 Windows 10 , 64 bit Build 19041 (10.0.19041.1566)
OS uptime: 0 days 8:25 hours

CPU: total 8 (initial active 8) (8 cores per cpu, 2 threads per core) family 23 model 1 stepping 1 microcode 0x0, cx8, cmov, fxsr, ht, mmx, 3dnowpref, sse, sse2, sse3, ssse3, sse4a, sse4.1, sse4.2, popcnt, lzcnt, tsc, tscinvbit, avx, avx2, aes, clmul, bmi1, bmi2, adx, sha, fma, vzeroupper, clflush, clflushopt

Memory: 4k page, system-wide physical 16277M (7132M free)
TotalPageFile size 32277M (AvailPageFile size 17926M)
current process WorkingSet (physical memory assigned to process): 173M, peak: 175M
current process commit charge ("private bytes"): 534M, peak: 534M

vm_info: Java HotSpot(TM) 64-Bit Server VM (17.0.1+12-LTS-39) for windows-amd64 JRE (17.0.1+12-LTS-39), built on Sep 27 2021 18:41:35 by "mach5one" with MS VC++ 16.8 (VS2019)

END.
