#
# A fatal error has been detected by the Java Runtime Environment:
#
#  EXCEPTION_ACCESS_VIOLATION (0xc0000005) at pc=0x00007ffdf276bf00, pid=24284, tid=2880
#
# JRE version: Java(TM) SE Runtime Environment (17.0.2+8) (build 17.0.2+8-LTS-86)
# Java VM: Java HotSpot(TM) 64-Bit Server VM (17.0.2+8-LTS-86, mixed mode, sharing, tiered, compressed oops, compressed class ptrs, g1 gc, windows-amd64)
# Problematic frame:
# V  [jvm.dll+0xbf00]
#
# No core dump will be written. Minidumps are not enabled by default on client versions of Windows
#
# If you would like to submit a bug report, please visit:
#   https://bugreport.java.com/bugreport/crash.jsp
#

---------------  S U M M A R Y ------------

Command Line: com.wiz.settlementmapmaker.Main -Xmx8G

Host: Intel(R) Core(TM) i7-9750H CPU @ 2.60GHz, 12 cores, 15G,  Windows 10 , 64 bit Build 19041 (10.0.19041.1706)
Time: Mon Jun  6 14:13:50 2022 Mountain Daylight Time elapsed time: 32.207809 seconds (0d 0h 0m 32s)

---------------  T H R E A D  ---------------

Current thread (0x0000018f48dd2d20):  JavaThread "main" [_thread_in_vm, id=2880, stack(0x0000006358600000,0x0000006358700000)]

Stack: [0x0000006358600000,0x0000006358700000],  sp=0x00000063586ff188,  free space=1020k
Native frames: (J=compiled Java code, j=interpreted, Vv=VM code, C=native code)
V  [jvm.dll+0xbf00]

Java frames: (J=compiled Java code, j=interpreted, Vv=VM code)
J 1963  imgui.ImGui.text(Ljava/lang/String;)V (0 bytes) @ 0x0000018f5819267a [0x0000018f58192620+0x000000000000005a]
j  GUI.GUILayer.exportWindow()V+253
J 2050 c1 GUI.GUILayer.toolBar()V (122 bytes) @ 0x0000018f50f4f6e4 [0x0000018f50f4f3e0+0x0000000000000304]
J 2012 c1 GUI.GUILayer.imgui()V (27 bytes) @ 0x0000018f50f3986c [0x0000018f50f397e0+0x000000000000008c]
j  com.wiz.settlementmapmaker.Window.run()V+215
j  com.wiz.settlementmapmaker.Main.main([Ljava/lang/String;)V+20
v  ~StubRoutines::call_stub

siginfo: EXCEPTION_ACCESS_VIOLATION (0xc0000005), reading address 0x0000000000000000


Register to memory mapping:

RIP=0x00007ffdf276bf00 jvm.dll
RAX=0x0 is NULL
RBX=0x0000018f48dd2d20 is a thread
RCX=0x0 is NULL
RDX=0x0 is NULL
RSP=0x00000063586ff188 is pointing into the stack for thread: 0x0000018f48dd2d20
RBP=0x00000063586ff2b0 is pointing into the stack for thread: 0x0000018f48dd2d20
RSI=0x0 is NULL
RDI=0x0 is NULL
R8 =0x0 is NULL
R9 =0x00000000000000cb is an unknown value
R10=0x0000000064a91db0 imgui-java64.dll
R11=0x0000018f58192640 is at entry_point+32 in (nmethod*)0x0000018f58192490
R12=0x0000018f48dd2fc8 points into unknown readable memory: 0x0000018f774d0000 | 00 00 4d 77 8f 01 00 00
R13=0x0 is NULL
R14=0x0 is NULL
R15=0x0000018f48dd2d20 is a thread


Registers:
RAX=0x0000000000000000, RBX=0x0000018f48dd2d20, RCX=0x0000000000000000, RDX=0x0000000000000000
RSP=0x00000063586ff188, RBP=0x00000063586ff2b0, RSI=0x0000000000000000, RDI=0x0000000000000000
R8 =0x0000000000000000, R9 =0x00000000000000cb, R10=0x0000000064a91db0, R11=0x0000018f58192640
R12=0x0000018f48dd2fc8, R13=0x0000000000000000, R14=0x0000000000000000, R15=0x0000018f48dd2d20
RIP=0x00007ffdf276bf00, EFLAGS=0x0000000000010246

Top of Stack: (sp=0x00000063586ff188)
0x00000063586ff188:   00007ffdf2b425aa 0000018f77d71788
0x00000063586ff198:   0000018f48dd2d20 0000018f48dd2d20
0x00000063586ff1a8:   00000063586ff1f0 0000018f48dd2d20
0x00000063586ff1b8:   0000000000000000 00000063586ff270
0x00000063586ff1c8:   0000018f50639612 00000063586ff260
0x00000063586ff1d8:   0000018f50649288 0000018f50639612
0x00000063586ff1e8:   00000000000000b4 0000018f50639612
0x00000063586ff1f8:   0000018f77e4d8b8 0000018f6c6029c0
0x00000063586ff208:   0000000064a91d7e 00000063586ff2b0
0x00000063586ff218:   00000063586ff2a0 0000018f77d71771
0x00000063586ff228:   00000063586ff270 0000018f6c6029c0
0x00000063586ff238:   0000000000000000 00000063586ff2d0
0x00000063586ff248:   0000018f58192716 0000000000000000
0x00000063586ff258:   00000063586ff270 00000063586ff2c0
0x00000063586ff268:   0000018f50639657 0000000000000000
0x00000063586ff278:   00000063586ff278 0000018f6c42f5ec 

Instructions: (pc=0x00007ffdf276bf00)
0x00007ffdf276be00:   1c f2 a6 00 48 83 c4 20 5b 48 ff e0 48 8d 05 ed
0x00007ffdf276be10:   00 00 00 48 8b cb 48 89 05 03 f2 a6 00 48 83 c4
0x00007ffdf276be20:   20 5b 48 ff e0 48 8d 05 d4 00 00 00 48 8b cb 48
0x00007ffdf276be30:   89 05 ea f1 a6 00 48 83 c4 20 5b 48 ff e0 48 8b
0x00007ffdf276be40:   0d cb e3 ac 00 8b 51 10 83 ea 01 0f 84 91 00 00
0x00007ffdf276be50:   00 83 ea 01 74 73 83 ea 01 74 55 83 fa 01 74 37
0x00007ffdf276be60:   4c 8d 0d d1 3c 82 00 41 b8 e9 00 00 00 48 8d 15
0x00007ffdf276be70:   fc 3c 82 00 b9 00 00 00 e0 e8 02 6a 23 00 e8 9d
0x00007ffdf276be80:   48 66 00 33 c0 48 8b cb 48 89 05 91 f1 a6 00 48
0x00007ffdf276be90:   83 c4 20 5b 48 ff e0 48 8d 05 72 00 00 00 48 8b
0x00007ffdf276bea0:   cb 48 89 05 78 f1 a6 00 48 83 c4 20 5b 48 ff e0
0x00007ffdf276beb0:   48 8d 05 49 00 00 00 48 8b cb 48 89 05 5f f1 a6
0x00007ffdf276bec0:   00 48 83 c4 20 5b 48 ff e0 48 8d 05 30 00 00 00
0x00007ffdf276bed0:   48 8b cb 48 89 05 46 f1 a6 00 48 83 c4 20 5b 48
0x00007ffdf276bee0:   ff e0 48 8d 05 17 00 00 00 48 8b cb 48 89 05 2d
0x00007ffdf276bef0:   f1 a6 00 48 83 c4 20 5b 48 ff e0 cc cc cc cc cc
0x00007ffdf276bf00:   48 8b 01 c3 cc cc cc cc cc cc cc cc cc cc cc cc
0x00007ffdf276bf10:   48 89 5c 24 08 57 48 83 ec 20 48 8b 39 48 8b d9
0x00007ffdf276bf20:   48 85 3d e1 bf b1 00 75 0e 48 8b c7 48 8b 5c 24
0x00007ffdf276bf30:   30 48 83 c4 20 5f c3 48 8b cf e8 11 53 7f 00 48
0x00007ffdf276bf40:   8b d0 48 85 c0 74 20 48 8b c7 f0 48 0f b1 13 74
0x00007ffdf276bf50:   16 48 85 05 b0 bf b1 00 74 0d 48 8b c8 f0 48 0f
0x00007ffdf276bf60:   b1 13 48 3b c1 75 ea 48 8b 5c 24 30 48 8b c2 48
0x00007ffdf276bf70:   83 c4 20 5f c3 cc cc cc cc cc cc cc cc cc cc cc
0x00007ffdf276bf80:   8b 44 24 30 45 03 c9 44 2b 4c 24 28 83 c0 0b 44
0x00007ffdf276bf90:   03 ca 45 03 c8 41 03 c1 c3 cc cc cc cc cc cc cc
0x00007ffdf276bfa0:   48 8b 41 08 0f b7 48 2a 0f b7 40 28 83 c0 48 03
0x00007ffdf276bfb0:   c1 c3 cc cc cc cc cc cc cc cc cc cc cc cc cc cc
0x00007ffdf276bfc0:   48 89 5c 24 08 57 48 83 ec 20 0f b6 05 1f c7 b1
0x00007ffdf276bfd0:   00 48 8b fa 48 8b d9 84 c0 74 4f 48 85 15 26 bf
0x00007ffdf276bfe0:   b1 00 74 38 48 8b ca e8 74 55 7f 00 48 8b d0 48
0x00007ffdf276bff0:   85 db 74 25 48 85 c0 74 20 48 8b c7 f0 48 0f b1 


Stack slot to memory mapping:
stack at sp + 0 slots: 0x00007ffdf2b425aa jvm.dll
stack at sp + 1 slots: {method} {0x0000018f77d71790} 'getExportFilePath' '()Ljava/lang/String;' in 'com/wiz/settlementmapmaker/Settlement'
stack at sp + 2 slots: 0x0000018f48dd2d20 is a thread
stack at sp + 3 slots: 0x0000018f48dd2d20 is a thread
stack at sp + 4 slots: 0x00000063586ff1f0 is pointing into the stack for thread: 0x0000018f48dd2d20
stack at sp + 5 slots: 0x0000018f48dd2d20 is a thread
stack at sp + 6 slots: 0x0 is NULL
stack at sp + 7 slots: 0x00000063586ff270 is pointing into the stack for thread: 0x0000018f48dd2d20


---------------  P R O C E S S  ---------------

Threads class SMR info:
_java_thread_list=0x0000018f6c9fe020, length=18, elements={
0x0000018f48dd2d20, 0x0000018f6bd83860, 0x0000018f6bd846d0, 0x0000018f6bd9bc70,
0x0000018f6bd9fa40, 0x0000018f6bda03f0, 0x0000018f6bda2820, 0x0000018f6bda4f80,
0x0000018f6bdad980, 0x0000018f6bdc0b40, 0x0000018f6c911960, 0x0000018f6c9394d0,
0x0000018f6cbae740, 0x0000018f6cdc7840, 0x0000018f6ce3de40, 0x0000018f73b920e0,
0x0000018f73fcdb00, 0x0000018f74271480
}

Java Threads: ( => current thread )
=>0x0000018f48dd2d20 JavaThread "main" [_thread_in_vm, id=2880, stack(0x0000006358600000,0x0000006358700000)]
  0x0000018f6bd83860 JavaThread "Reference Handler" daemon [_thread_blocked, id=25432, stack(0x0000006358d00000,0x0000006358e00000)]
  0x0000018f6bd846d0 JavaThread "Finalizer" daemon [_thread_blocked, id=14756, stack(0x0000006358e00000,0x0000006358f00000)]
  0x0000018f6bd9bc70 JavaThread "Signal Dispatcher" daemon [_thread_blocked, id=19964, stack(0x0000006358f00000,0x0000006359000000)]
  0x0000018f6bd9fa40 JavaThread "Attach Listener" daemon [_thread_blocked, id=2340, stack(0x0000006359000000,0x0000006359100000)]
  0x0000018f6bda03f0 JavaThread "Service Thread" daemon [_thread_blocked, id=25588, stack(0x0000006359100000,0x0000006359200000)]
  0x0000018f6bda2820 JavaThread "Monitor Deflation Thread" daemon [_thread_blocked, id=20752, stack(0x0000006359200000,0x0000006359300000)]
  0x0000018f6bda4f80 JavaThread "C2 CompilerThread0" daemon [_thread_blocked, id=24720, stack(0x0000006359300000,0x0000006359400000)]
  0x0000018f6bdad980 JavaThread "C1 CompilerThread0" daemon [_thread_blocked, id=3476, stack(0x0000006359400000,0x0000006359500000)]
  0x0000018f6bdc0b40 JavaThread "Sweeper thread" daemon [_thread_blocked, id=15120, stack(0x0000006359500000,0x0000006359600000)]
  0x0000018f6c911960 JavaThread "Notification Thread" daemon [_thread_blocked, id=24716, stack(0x0000006359600000,0x0000006359700000)]
  0x0000018f6c9394d0 JavaThread "Common-Cleaner" daemon [_thread_blocked, id=23300, stack(0x0000006359800000,0x0000006359900000)]
  0x0000018f6cbae740 JavaThread "Java2D Disposer" daemon [_thread_blocked, id=2120, stack(0x0000006359900000,0x0000006359a00000)]
  0x0000018f6cdc7840 JavaThread "AWT-Windows" daemon [_thread_in_native, id=24724, stack(0x0000006359b00000,0x0000006359c00000)]
  0x0000018f6ce3de40 JavaThread "Swing-Shell" daemon [_thread_blocked, id=14504, stack(0x0000006359c00000,0x0000006359d00000)]
  0x0000018f73b920e0 JavaThread "AWT-Shutdown" [_thread_blocked, id=9512, stack(0x0000006359a00000,0x0000006359b00000)]
  0x0000018f73fcdb00 JavaThread "AWT-EventQueue-0" [_thread_blocked, id=21048, stack(0x000000635a400000,0x000000635a500000)]
  0x0000018f74271480 JavaThread "TimerQueue" daemon [_thread_blocked, id=15756, stack(0x000000635a800000,0x000000635a900000)]

Other Threads:
  0x0000018f6bd7dfa0 VMThread "VM Thread" [stack: 0x0000006358c00000,0x0000006358d00000] [id=17904]
  0x0000018f48e4f8e0 WatcherThread [stack: 0x0000006359700000,0x0000006359800000] [id=6800]
  0x0000018f48e21440 GCTaskThread "GC Thread#0" [stack: 0x0000006358700000,0x0000006358800000] [id=5064]
  0x0000018f73b9e9e0 GCTaskThread "GC Thread#1" [stack: 0x000000635a900000,0x000000635aa00000] [id=25136]
  0x0000018f73b9ec90 GCTaskThread "GC Thread#2" [stack: 0x000000635aa00000,0x000000635ab00000] [id=20748]
  0x0000018f7413b580 GCTaskThread "GC Thread#3" [stack: 0x000000635ab00000,0x000000635ac00000] [id=19208]
  0x0000018f73f8fde0 GCTaskThread "GC Thread#4" [stack: 0x000000635ac00000,0x000000635ad00000] [id=17344]
  0x0000018f742aa220 GCTaskThread "GC Thread#5" [stack: 0x000000635ad00000,0x000000635ae00000] [id=6420]
  0x0000018f742aa4d0 GCTaskThread "GC Thread#6" [stack: 0x000000635ae00000,0x000000635af00000] [id=10072]
  0x0000018f73f918e0 GCTaskThread "GC Thread#7" [stack: 0x000000635af00000,0x000000635b000000] [id=11748]
  0x0000018f6cb33b50 GCTaskThread "GC Thread#8" [stack: 0x000000635b000000,0x000000635b100000] [id=20248]
  0x0000018f6cb4b160 GCTaskThread "GC Thread#9" [stack: 0x000000635b100000,0x000000635b200000] [id=18076]
  0x0000018f48e31f40 ConcurrentGCThread "G1 Main Marker" [stack: 0x0000006358800000,0x0000006358900000] [id=18332]
  0x0000018f48e330f0 ConcurrentGCThread "G1 Conc#0" [stack: 0x0000006358900000,0x0000006358a00000] [id=12756]
  0x0000018f48eadc80 ConcurrentGCThread "G1 Refine#0" [stack: 0x0000006358a00000,0x0000006358b00000] [id=9304]
  0x0000018f48eae6a0 ConcurrentGCThread "G1 Service" [stack: 0x0000006358b00000,0x0000006358c00000] [id=11688]

Threads with active compile tasks:

VM state: not at safepoint (normal execution)

VM Mutex/Monitor currently owned by a thread: None

Heap address: 0x0000000704400000, size: 4028 MB, Compressed Oops mode: Zero based, Oop shift amount: 3

CDS archive(s) mapped at: [0x0000000800000000-0x0000000800bc0000-0x0000000800bc0000), size 12320768, SharedBaseAddress: 0x0000000800000000, ArchiveRelocationMode: 0.
Compressed class space mapped at: 0x0000000800c00000-0x0000000840c00000, reserved size: 1073741824
Narrow klass base: 0x0000000800000000, Narrow klass shift: 0, Narrow klass range: 0x100000000

GC Precious Log:
 CPUs: 12 total, 12 available
 Memory: 16111M
 Large Page Support: Disabled
 NUMA Support: Disabled
 Compressed Oops: Enabled (Zero based)
 Heap Region Size: 2M
 Heap Min Capacity: 8M
 Heap Initial Capacity: 252M
 Heap Max Capacity: 4028M
 Pre-touch: Disabled
 Parallel Workers: 10
 Concurrent Workers: 3
 Concurrent Refinement Workers: 10
 Periodic GC: Disabled

Heap:
 garbage-first heap   total 258048K, used 79743K [0x0000000704400000, 0x0000000800000000)
  region size 2048K, 38 young (77824K), 1 survivors (2048K)
 Metaspace       used 16412K, committed 16640K, reserved 1064960K
  class space    used 1692K, committed 1792K, reserved 1048576K

Heap Regions: E=young(eden), S=young(survivor), O=old, HS=humongous(starts), HC=humongous(continues), CS=collection set, F=free, OA=open archive, CA=closed archive, TAMS=top-at-mark-start (previous, next)
|   0|0x0000000704400000, 0x0000000704600000, 0x0000000704600000|100%| O|  |TAMS 0x0000000704400000, 0x0000000704400000| Untracked 
|   1|0x0000000704600000, 0x0000000704800000, 0x0000000704800000|100%| O|  |TAMS 0x0000000704600000, 0x0000000704600000| Untracked 
|   2|0x0000000704800000, 0x00000007049c9a00, 0x0000000704a00000| 89%| O|  |TAMS 0x0000000704800000, 0x0000000704800000| Untracked 
|   3|0x0000000704a00000, 0x0000000704a00000, 0x0000000704c00000|  0%| F|  |TAMS 0x0000000704a00000, 0x0000000704a00000| Untracked 
|   4|0x0000000704c00000, 0x0000000704c00000, 0x0000000704e00000|  0%| F|  |TAMS 0x0000000704c00000, 0x0000000704c00000| Untracked 
|   5|0x0000000704e00000, 0x0000000704e00000, 0x0000000705000000|  0%| F|  |TAMS 0x0000000704e00000, 0x0000000704e00000| Untracked 
|   6|0x0000000705000000, 0x0000000705000000, 0x0000000705200000|  0%| F|  |TAMS 0x0000000705000000, 0x0000000705000000| Untracked 
|   7|0x0000000705200000, 0x0000000705200000, 0x0000000705400000|  0%| F|  |TAMS 0x0000000705200000, 0x0000000705200000| Untracked 
|   8|0x0000000705400000, 0x0000000705400000, 0x0000000705600000|  0%| F|  |TAMS 0x0000000705400000, 0x0000000705400000| Untracked 
|   9|0x0000000705600000, 0x0000000705600000, 0x0000000705800000|  0%| F|  |TAMS 0x0000000705600000, 0x0000000705600000| Untracked 
|  10|0x0000000705800000, 0x0000000705800000, 0x0000000705a00000|  0%| F|  |TAMS 0x0000000705800000, 0x0000000705800000| Untracked 
|  11|0x0000000705a00000, 0x0000000705a00000, 0x0000000705c00000|  0%| F|  |TAMS 0x0000000705a00000, 0x0000000705a00000| Untracked 
|  12|0x0000000705c00000, 0x0000000705c00000, 0x0000000705e00000|  0%| F|  |TAMS 0x0000000705c00000, 0x0000000705c00000| Untracked 
|  13|0x0000000705e00000, 0x0000000705e00000, 0x0000000706000000|  0%| F|  |TAMS 0x0000000705e00000, 0x0000000705e00000| Untracked 
|  14|0x0000000706000000, 0x0000000706000000, 0x0000000706200000|  0%| F|  |TAMS 0x0000000706000000, 0x0000000706000000| Untracked 
|  15|0x0000000706200000, 0x0000000706200000, 0x0000000706400000|  0%| F|  |TAMS 0x0000000706200000, 0x0000000706200000| Untracked 
|  16|0x0000000706400000, 0x0000000706400000, 0x0000000706600000|  0%| F|  |TAMS 0x0000000706400000, 0x0000000706400000| Untracked 
|  17|0x0000000706600000, 0x0000000706600000, 0x0000000706800000|  0%| F|  |TAMS 0x0000000706600000, 0x0000000706600000| Untracked 
|  18|0x0000000706800000, 0x0000000706800000, 0x0000000706a00000|  0%| F|  |TAMS 0x0000000706800000, 0x0000000706800000| Untracked 
|  19|0x0000000706a00000, 0x0000000706a00000, 0x0000000706c00000|  0%| F|  |TAMS 0x0000000706a00000, 0x0000000706a00000| Untracked 
|  20|0x0000000706c00000, 0x0000000706c00000, 0x0000000706e00000|  0%| F|  |TAMS 0x0000000706c00000, 0x0000000706c00000| Untracked 
|  21|0x0000000706e00000, 0x0000000706e00000, 0x0000000707000000|  0%| F|  |TAMS 0x0000000706e00000, 0x0000000706e00000| Untracked 
|  22|0x0000000707000000, 0x0000000707000000, 0x0000000707200000|  0%| F|  |TAMS 0x0000000707000000, 0x0000000707000000| Untracked 
|  23|0x0000000707200000, 0x0000000707200000, 0x0000000707400000|  0%| F|  |TAMS 0x0000000707200000, 0x0000000707200000| Untracked 
|  24|0x0000000707400000, 0x0000000707400000, 0x0000000707600000|  0%| F|  |TAMS 0x0000000707400000, 0x0000000707400000| Untracked 
|  25|0x0000000707600000, 0x0000000707600000, 0x0000000707800000|  0%| F|  |TAMS 0x0000000707600000, 0x0000000707600000| Untracked 
|  26|0x0000000707800000, 0x0000000707800000, 0x0000000707a00000|  0%| F|  |TAMS 0x0000000707800000, 0x0000000707800000| Untracked 
|  27|0x0000000707a00000, 0x0000000707a00000, 0x0000000707c00000|  0%| F|  |TAMS 0x0000000707a00000, 0x0000000707a00000| Untracked 
|  28|0x0000000707c00000, 0x0000000707c00000, 0x0000000707e00000|  0%| F|  |TAMS 0x0000000707c00000, 0x0000000707c00000| Untracked 
|  29|0x0000000707e00000, 0x0000000707e00000, 0x0000000708000000|  0%| F|  |TAMS 0x0000000707e00000, 0x0000000707e00000| Untracked 
|  30|0x0000000708000000, 0x0000000708000000, 0x0000000708200000|  0%| F|  |TAMS 0x0000000708000000, 0x0000000708000000| Untracked 
|  31|0x0000000708200000, 0x0000000708200000, 0x0000000708400000|  0%| F|  |TAMS 0x0000000708200000, 0x0000000708200000| Untracked 
|  32|0x0000000708400000, 0x0000000708400000, 0x0000000708600000|  0%| F|  |TAMS 0x0000000708400000, 0x0000000708400000| Untracked 
|  33|0x0000000708600000, 0x0000000708600000, 0x0000000708800000|  0%| F|  |TAMS 0x0000000708600000, 0x0000000708600000| Untracked 
|  34|0x0000000708800000, 0x0000000708800000, 0x0000000708a00000|  0%| F|  |TAMS 0x0000000708800000, 0x0000000708800000| Untracked 
|  35|0x0000000708a00000, 0x0000000708a00000, 0x0000000708c00000|  0%| F|  |TAMS 0x0000000708a00000, 0x0000000708a00000| Untracked 
|  36|0x0000000708c00000, 0x0000000708c00000, 0x0000000708e00000|  0%| F|  |TAMS 0x0000000708c00000, 0x0000000708c00000| Untracked 
|  37|0x0000000708e00000, 0x0000000708e00000, 0x0000000709000000|  0%| F|  |TAMS 0x0000000708e00000, 0x0000000708e00000| Untracked 
|  38|0x0000000709000000, 0x0000000709000000, 0x0000000709200000|  0%| F|  |TAMS 0x0000000709000000, 0x0000000709000000| Untracked 
|  39|0x0000000709200000, 0x0000000709200000, 0x0000000709400000|  0%| F|  |TAMS 0x0000000709200000, 0x0000000709200000| Untracked 
|  40|0x0000000709400000, 0x0000000709400000, 0x0000000709600000|  0%| F|  |TAMS 0x0000000709400000, 0x0000000709400000| Untracked 
|  41|0x0000000709600000, 0x0000000709600000, 0x0000000709800000|  0%| F|  |TAMS 0x0000000709600000, 0x0000000709600000| Untracked 
|  42|0x0000000709800000, 0x0000000709800000, 0x0000000709a00000|  0%| F|  |TAMS 0x0000000709800000, 0x0000000709800000| Untracked 
|  43|0x0000000709a00000, 0x0000000709a00000, 0x0000000709c00000|  0%| F|  |TAMS 0x0000000709a00000, 0x0000000709a00000| Untracked 
|  44|0x0000000709c00000, 0x0000000709c00000, 0x0000000709e00000|  0%| F|  |TAMS 0x0000000709c00000, 0x0000000709c00000| Untracked 
|  45|0x0000000709e00000, 0x0000000709e00000, 0x000000070a000000|  0%| F|  |TAMS 0x0000000709e00000, 0x0000000709e00000| Untracked 
|  46|0x000000070a000000, 0x000000070a000000, 0x000000070a200000|  0%| F|  |TAMS 0x000000070a000000, 0x000000070a000000| Untracked 
|  47|0x000000070a200000, 0x000000070a200000, 0x000000070a400000|  0%| F|  |TAMS 0x000000070a200000, 0x000000070a200000| Untracked 
|  48|0x000000070a400000, 0x000000070a400000, 0x000000070a600000|  0%| F|  |TAMS 0x000000070a400000, 0x000000070a400000| Untracked 
|  49|0x000000070a600000, 0x000000070a600000, 0x000000070a800000|  0%| F|  |TAMS 0x000000070a600000, 0x000000070a600000| Untracked 
|  50|0x000000070a800000, 0x000000070a816220, 0x000000070aa00000|  4%| S|CS|TAMS 0x000000070a800000, 0x000000070a800000| Complete 
|  51|0x000000070aa00000, 0x000000070aa00000, 0x000000070ac00000|  0%| F|  |TAMS 0x000000070aa00000, 0x000000070aa00000| Untracked 
|  52|0x000000070ac00000, 0x000000070ac00000, 0x000000070ae00000|  0%| F|  |TAMS 0x000000070ac00000, 0x000000070ac00000| Untracked 
|  53|0x000000070ae00000, 0x000000070ae00000, 0x000000070b000000|  0%| F|  |TAMS 0x000000070ae00000, 0x000000070ae00000| Untracked 
|  54|0x000000070b000000, 0x000000070b000000, 0x000000070b200000|  0%| F|  |TAMS 0x000000070b000000, 0x000000070b000000| Untracked 
|  55|0x000000070b200000, 0x000000070b200000, 0x000000070b400000|  0%| F|  |TAMS 0x000000070b200000, 0x000000070b200000| Untracked 
|  56|0x000000070b400000, 0x000000070b400000, 0x000000070b600000|  0%| F|  |TAMS 0x000000070b400000, 0x000000070b400000| Untracked 
|  57|0x000000070b600000, 0x000000070b600000, 0x000000070b800000|  0%| F|  |TAMS 0x000000070b600000, 0x000000070b600000| Untracked 
|  58|0x000000070b800000, 0x000000070b800000, 0x000000070ba00000|  0%| F|  |TAMS 0x000000070b800000, 0x000000070b800000| Untracked 
|  59|0x000000070ba00000, 0x000000070ba00000, 0x000000070bc00000|  0%| F|  |TAMS 0x000000070ba00000, 0x000000070ba00000| Untracked 
|  60|0x000000070bc00000, 0x000000070bc00000, 0x000000070be00000|  0%| F|  |TAMS 0x000000070bc00000, 0x000000070bc00000| Untracked 
|  61|0x000000070be00000, 0x000000070be00000, 0x000000070c000000|  0%| F|  |TAMS 0x000000070be00000, 0x000000070be00000| Untracked 
|  62|0x000000070c000000, 0x000000070c000000, 0x000000070c200000|  0%| F|  |TAMS 0x000000070c000000, 0x000000070c000000| Untracked 
|  63|0x000000070c200000, 0x000000070c200000, 0x000000070c400000|  0%| F|  |TAMS 0x000000070c200000, 0x000000070c200000| Untracked 
|  64|0x000000070c400000, 0x000000070c400000, 0x000000070c600000|  0%| F|  |TAMS 0x000000070c400000, 0x000000070c400000| Untracked 
|  65|0x000000070c600000, 0x000000070c600000, 0x000000070c800000|  0%| F|  |TAMS 0x000000070c600000, 0x000000070c600000| Untracked 
|  66|0x000000070c800000, 0x000000070c800000, 0x000000070ca00000|  0%| F|  |TAMS 0x000000070c800000, 0x000000070c800000| Untracked 
|  67|0x000000070ca00000, 0x000000070ca00000, 0x000000070cc00000|  0%| F|  |TAMS 0x000000070ca00000, 0x000000070ca00000| Untracked 
|  68|0x000000070cc00000, 0x000000070cc00000, 0x000000070ce00000|  0%| F|  |TAMS 0x000000070cc00000, 0x000000070cc00000| Untracked 
|  69|0x000000070ce00000, 0x000000070ce00000, 0x000000070d000000|  0%| F|  |TAMS 0x000000070ce00000, 0x000000070ce00000| Untracked 
|  70|0x000000070d000000, 0x000000070d000000, 0x000000070d200000|  0%| F|  |TAMS 0x000000070d000000, 0x000000070d000000| Untracked 
|  71|0x000000070d200000, 0x000000070d200000, 0x000000070d400000|  0%| F|  |TAMS 0x000000070d200000, 0x000000070d200000| Untracked 
|  72|0x000000070d400000, 0x000000070d400000, 0x000000070d600000|  0%| F|  |TAMS 0x000000070d400000, 0x000000070d400000| Untracked 
|  73|0x000000070d600000, 0x000000070d600000, 0x000000070d800000|  0%| F|  |TAMS 0x000000070d600000, 0x000000070d600000| Untracked 
|  74|0x000000070d800000, 0x000000070d800000, 0x000000070da00000|  0%| F|  |TAMS 0x000000070d800000, 0x000000070d800000| Untracked 
|  75|0x000000070da00000, 0x000000070da00000, 0x000000070dc00000|  0%| F|  |TAMS 0x000000070da00000, 0x000000070da00000| Untracked 
|  76|0x000000070dc00000, 0x000000070dc00000, 0x000000070de00000|  0%| F|  |TAMS 0x000000070dc00000, 0x000000070dc00000| Untracked 
|  77|0x000000070de00000, 0x000000070de00000, 0x000000070e000000|  0%| F|  |TAMS 0x000000070de00000, 0x000000070de00000| Untracked 
|  78|0x000000070e000000, 0x000000070e000000, 0x000000070e200000|  0%| F|  |TAMS 0x000000070e000000, 0x000000070e000000| Untracked 
|  79|0x000000070e200000, 0x000000070e200000, 0x000000070e400000|  0%| F|  |TAMS 0x000000070e200000, 0x000000070e200000| Untracked 
|  80|0x000000070e400000, 0x000000070e400000, 0x000000070e600000|  0%| F|  |TAMS 0x000000070e400000, 0x000000070e400000| Untracked 
|  81|0x000000070e600000, 0x000000070e600000, 0x000000070e800000|  0%| F|  |TAMS 0x000000070e600000, 0x000000070e600000| Untracked 
|  82|0x000000070e800000, 0x000000070e800000, 0x000000070ea00000|  0%| F|  |TAMS 0x000000070e800000, 0x000000070e800000| Untracked 
|  83|0x000000070ea00000, 0x000000070ea00000, 0x000000070ec00000|  0%| F|  |TAMS 0x000000070ea00000, 0x000000070ea00000| Untracked 
|  84|0x000000070ec00000, 0x000000070ec00000, 0x000000070ee00000|  0%| F|  |TAMS 0x000000070ec00000, 0x000000070ec00000| Untracked 
|  85|0x000000070ee00000, 0x000000070ee00000, 0x000000070f000000|  0%| F|  |TAMS 0x000000070ee00000, 0x000000070ee00000| Untracked 
|  86|0x000000070f000000, 0x000000070f000000, 0x000000070f200000|  0%| F|  |TAMS 0x000000070f000000, 0x000000070f000000| Untracked 
|  87|0x000000070f200000, 0x000000070f200000, 0x000000070f400000|  0%| F|  |TAMS 0x000000070f200000, 0x000000070f200000| Untracked 
|  88|0x000000070f400000, 0x000000070f400000, 0x000000070f600000|  0%| F|  |TAMS 0x000000070f400000, 0x000000070f400000| Untracked 
|  89|0x000000070f600000, 0x000000070f800000, 0x000000070f800000|100%| E|  |TAMS 0x000000070f600000, 0x000000070f600000| Complete 
|  90|0x000000070f800000, 0x000000070fa00000, 0x000000070fa00000|100%| E|CS|TAMS 0x000000070f800000, 0x000000070f800000| Complete 
|  91|0x000000070fa00000, 0x000000070fc00000, 0x000000070fc00000|100%| E|CS|TAMS 0x000000070fa00000, 0x000000070fa00000| Complete 
|  92|0x000000070fc00000, 0x000000070fe00000, 0x000000070fe00000|100%| E|CS|TAMS 0x000000070fc00000, 0x000000070fc00000| Complete 
|  93|0x000000070fe00000, 0x0000000710000000, 0x0000000710000000|100%| E|CS|TAMS 0x000000070fe00000, 0x000000070fe00000| Complete 
|  94|0x0000000710000000, 0x0000000710200000, 0x0000000710200000|100%| E|CS|TAMS 0x0000000710000000, 0x0000000710000000| Complete 
|  95|0x0000000710200000, 0x0000000710400000, 0x0000000710400000|100%| E|CS|TAMS 0x0000000710200000, 0x0000000710200000| Complete 
|  96|0x0000000710400000, 0x0000000710600000, 0x0000000710600000|100%| E|CS|TAMS 0x0000000710400000, 0x0000000710400000| Complete 
|  97|0x0000000710600000, 0x0000000710800000, 0x0000000710800000|100%| E|CS|TAMS 0x0000000710600000, 0x0000000710600000| Complete 
|  98|0x0000000710800000, 0x0000000710a00000, 0x0000000710a00000|100%| E|CS|TAMS 0x0000000710800000, 0x0000000710800000| Complete 
|  99|0x0000000710a00000, 0x0000000710c00000, 0x0000000710c00000|100%| E|CS|TAMS 0x0000000710a00000, 0x0000000710a00000| Complete 
| 100|0x0000000710c00000, 0x0000000710e00000, 0x0000000710e00000|100%| E|CS|TAMS 0x0000000710c00000, 0x0000000710c00000| Complete 
| 101|0x0000000710e00000, 0x0000000711000000, 0x0000000711000000|100%| E|CS|TAMS 0x0000000710e00000, 0x0000000710e00000| Complete 
| 102|0x0000000711000000, 0x0000000711200000, 0x0000000711200000|100%| E|CS|TAMS 0x0000000711000000, 0x0000000711000000| Complete 
| 103|0x0000000711200000, 0x0000000711400000, 0x0000000711400000|100%| E|CS|TAMS 0x0000000711200000, 0x0000000711200000| Complete 
| 104|0x0000000711400000, 0x0000000711600000, 0x0000000711600000|100%| E|CS|TAMS 0x0000000711400000, 0x0000000711400000| Complete 
| 105|0x0000000711600000, 0x0000000711800000, 0x0000000711800000|100%| E|CS|TAMS 0x0000000711600000, 0x0000000711600000| Complete 
| 106|0x0000000711800000, 0x0000000711a00000, 0x0000000711a00000|100%| E|CS|TAMS 0x0000000711800000, 0x0000000711800000| Complete 
| 107|0x0000000711a00000, 0x0000000711c00000, 0x0000000711c00000|100%| E|CS|TAMS 0x0000000711a00000, 0x0000000711a00000| Complete 
| 108|0x0000000711c00000, 0x0000000711e00000, 0x0000000711e00000|100%| E|CS|TAMS 0x0000000711c00000, 0x0000000711c00000| Complete 
| 109|0x0000000711e00000, 0x0000000712000000, 0x0000000712000000|100%| E|CS|TAMS 0x0000000711e00000, 0x0000000711e00000| Complete 
| 110|0x0000000712000000, 0x0000000712200000, 0x0000000712200000|100%| E|CS|TAMS 0x0000000712000000, 0x0000000712000000| Complete 
| 111|0x0000000712200000, 0x0000000712400000, 0x0000000712400000|100%| E|CS|TAMS 0x0000000712200000, 0x0000000712200000| Complete 
| 112|0x0000000712400000, 0x0000000712600000, 0x0000000712600000|100%| E|CS|TAMS 0x0000000712400000, 0x0000000712400000| Complete 
| 113|0x0000000712600000, 0x0000000712800000, 0x0000000712800000|100%| E|CS|TAMS 0x0000000712600000, 0x0000000712600000| Complete 
| 114|0x0000000712800000, 0x0000000712a00000, 0x0000000712a00000|100%| E|CS|TAMS 0x0000000712800000, 0x0000000712800000| Complete 
| 115|0x0000000712a00000, 0x0000000712c00000, 0x0000000712c00000|100%| E|CS|TAMS 0x0000000712a00000, 0x0000000712a00000| Complete 
| 116|0x0000000712c00000, 0x0000000712e00000, 0x0000000712e00000|100%| E|CS|TAMS 0x0000000712c00000, 0x0000000712c00000| Complete 
| 117|0x0000000712e00000, 0x0000000713000000, 0x0000000713000000|100%| E|CS|TAMS 0x0000000712e00000, 0x0000000712e00000| Complete 
| 118|0x0000000713000000, 0x0000000713200000, 0x0000000713200000|100%| E|CS|TAMS 0x0000000713000000, 0x0000000713000000| Complete 
| 119|0x0000000713200000, 0x0000000713400000, 0x0000000713400000|100%| E|CS|TAMS 0x0000000713200000, 0x0000000713200000| Complete 
| 120|0x0000000713400000, 0x0000000713600000, 0x0000000713600000|100%| E|CS|TAMS 0x0000000713400000, 0x0000000713400000| Complete 
| 121|0x0000000713600000, 0x0000000713800000, 0x0000000713800000|100%| E|CS|TAMS 0x0000000713600000, 0x0000000713600000| Complete 
| 122|0x0000000713800000, 0x0000000713a00000, 0x0000000713a00000|100%| E|CS|TAMS 0x0000000713800000, 0x0000000713800000| Complete 
| 123|0x0000000713a00000, 0x0000000713c00000, 0x0000000713c00000|100%| E|CS|TAMS 0x0000000713a00000, 0x0000000713a00000| Complete 
| 124|0x0000000713c00000, 0x0000000713e00000, 0x0000000713e00000|100%| E|CS|TAMS 0x0000000713c00000, 0x0000000713c00000| Complete 
| 125|0x0000000713e00000, 0x0000000714000000, 0x0000000714000000|100%| E|CS|TAMS 0x0000000713e00000, 0x0000000713e00000| Complete 

Card table byte_map: [0x0000018f60360000,0x0000018f60b40000] _byte_map_base: 0x0000018f5cb3e000

Marking Bits (Prev, Next): (CMBitMap*) 0x0000018f48e21a50, (CMBitMap*) 0x0000018f48e21a90
 Prev Bits: [0x0000018f61320000, 0x0000018f65210000)
 Next Bits: [0x0000018f65210000, 0x0000018f69100000)

Polling page: 0x0000018f46d40000

Metaspace:

Usage:
  Non-class:     14.37 MB used.
      Class:      1.65 MB used.
       Both:     16.03 MB used.

Virtual space:
  Non-class space:       16.00 MB reserved,      14.50 MB ( 91%) committed,  2 nodes.
      Class space:        1.00 GB reserved,       1.75 MB ( <1%) committed,  1 nodes.
             Both:        1.02 GB reserved,      16.25 MB (  2%) committed. 

Chunk freelists:
   Non-Class:  688.00 KB
       Class:  2.13 MB
        Both:  2.80 MB

MaxMetaspaceSize: unlimited
CompressedClassSpaceSize: 1.00 GB
Initial GC threshold: 21.00 MB
Current GC threshold: 21.00 MB
CDS: on
MetaspaceReclaimPolicy: balanced
 - commit_granule_bytes: 65536.
 - commit_granule_words: 8192.
 - virtual_space_node_default_size: 1048576.
 - enlarge_chunks_in_place: 1.
 - new_chunks_are_fully_committed: 0.
 - uncommit_free_chunks: 1.
 - use_allocation_guard: 0.
 - handle_deallocations: 1.


Internal statistics:

num_allocs_failed_limit: 0.
num_arena_births: 200.
num_arena_deaths: 0.
num_vsnodes_births: 3.
num_vsnodes_deaths: 0.
num_space_committed: 258.
num_space_uncommitted: 0.
num_chunks_returned_to_freelist: 0.
num_chunks_taken_from_freelist: 440.
num_chunk_merges: 0.
num_chunk_splits: 266.
num_chunks_enlarged: 160.
num_purges: 0.
num_inconsistent_stats: 0.

CodeHeap 'non-profiled nmethods': size=120000Kb used=1265Kb max_used=1265Kb free=118734Kb
 bounds [0x0000018f58100000, 0x0000018f58370000, 0x0000018f5f630000]
CodeHeap 'profiled nmethods': size=120000Kb used=4650Kb max_used=4650Kb free=115349Kb
 bounds [0x0000018f50bd0000, 0x0000018f51060000, 0x0000018f58100000]
CodeHeap 'non-nmethods': size=5760Kb used=1854Kb max_used=1943Kb free=3905Kb
 bounds [0x0000018f50630000, 0x0000018f508a0000, 0x0000018f50bd0000]
 total_blobs=3968 nmethods=2614 adapters=1266
 compilation: enabled
              stopped_count=0, restarted_count=0
 full_count=0

Compilation events (20 events):
Event: 23.221 Thread 0x0000018f6bdad980 2611       3       imgui.ImGui::combo (13 bytes)
Event: 23.221 Thread 0x0000018f6bdad980 nmethod 2611 0x0000018f51053010 code [0x0000018f510531c0, 0x0000018f51053308]
Event: 23.754 Thread 0x0000018f6bdad980 2613       1       com.wiz.settlementmapmaker.Settlement::getDefaultStyle (5 bytes)
Event: 23.754 Thread 0x0000018f6bdad980 nmethod 2613 0x0000018f58235b90 code [0x0000018f58235d20, 0x0000018f58235df8]
Event: 23.754 Thread 0x0000018f6bdad980 2614       1       com.wiz.settlementmapmaker.Settlement::getWaterStye (5 bytes)
Event: 23.754 Thread 0x0000018f6bdad980 nmethod 2614 0x0000018f58235e90 code [0x0000018f58236020, 0x0000018f582360f8]
Event: 24.437 Thread 0x0000018f6bda4f80 2615       4       java.nio.Buffer::<init> (105 bytes)
Event: 24.439 Thread 0x0000018f6bda4f80 nmethod 2615 0x0000018f58236190 code [0x0000018f58236320, 0x0000018f58236518]
Event: 24.604 Thread 0x0000018f6bdad980 2616       3       GUI.GUILayer::preferencesWindow (482 bytes)
Event: 24.608 Thread 0x0000018f6bdad980 nmethod 2616 0x0000018f51053410 code [0x0000018f51053dc0, 0x0000018f51058868]
Event: 24.608 Thread 0x0000018f6bdad980 2617       3       imgui.ImGui::begin (10 bytes)
Event: 24.608 Thread 0x0000018f6bdad980 nmethod 2617 0x0000018f5105a790 code [0x0000018f5105a940, 0x0000018f5105aa88]
Event: 25.671 Thread 0x0000018f6bda4f80 2618       4       java.util.ArrayList::<init> (63 bytes)
Event: 25.686 Thread 0x0000018f6bda4f80 nmethod 2618 0x0000018f58236690 code [0x0000018f58236840, 0x0000018f58237478]
Event: 26.537 Thread 0x0000018f6bda4f80 2623       4       java.lang.StringConcatHelper::prepend (22 bytes)
Event: 26.544 Thread 0x0000018f6bda4f80 nmethod 2623 0x0000018f58238910 code [0x0000018f58238aa0, 0x0000018f582390d8]
Event: 28.204 Thread 0x0000018f6bda4f80 2627       4       com.wiz.settlementmapmaker.Settlement::getStyle (40 bytes)
Event: 28.213 Thread 0x0000018f6bda4f80 nmethod 2627 0x0000018f5823a190 code [0x0000018f5823a340, 0x0000018f5823abf8]
Event: 31.121 Thread 0x0000018f6bda4f80 2628       4       imgui.glfw.ImGuiImplGlfw::updateMousePosAndButtons (334 bytes)
Event: 31.127 Thread 0x0000018f6bda4f80 nmethod 2628 0x0000018f5823b010 code [0x0000018f5823b2c0, 0x0000018f5823ba28]

GC Heap History (20 events):
Event: 29.820 GC heap before
{Heap before GC invocations=63 (full 0):
 garbage-first heap   total 258048K, used 157486K [0x0000000704400000, 0x0000000800000000)
  region size 2048K, 75 young (153600K), 1 survivors (2048K)
 Metaspace       used 16411K, committed 16640K, reserved 1064960K
  class space    used 1692K, committed 1792K, reserved 1048576K
}
Event: 29.821 GC heap after
{Heap after GC invocations=64 (full 0):
 garbage-first heap   total 258048K, used 5941K [0x0000000704400000, 0x0000000800000000)
  region size 2048K, 1 young (2048K), 1 survivors (2048K)
 Metaspace       used 16411K, committed 16640K, reserved 1064960K
  class space    used 1692K, committed 1792K, reserved 1048576K
}
Event: 30.070 GC heap before
{Heap before GC invocations=64 (full 0):
 garbage-first heap   total 258048K, used 157493K [0x0000000704400000, 0x0000000800000000)
  region size 2048K, 75 young (153600K), 1 survivors (2048K)
 Metaspace       used 16411K, committed 16640K, reserved 1064960K
  class space    used 1692K, committed 1792K, reserved 1048576K
}
Event: 30.071 GC heap after
{Heap after GC invocations=65 (full 0):
 garbage-first heap   total 258048K, used 5941K [0x0000000704400000, 0x0000000800000000)
  region size 2048K, 1 young (2048K), 1 survivors (2048K)
 Metaspace       used 16411K, committed 16640K, reserved 1064960K
  class space    used 1692K, committed 1792K, reserved 1048576K
}
Event: 30.319 GC heap before
{Heap before GC invocations=65 (full 0):
 garbage-first heap   total 258048K, used 157493K [0x0000000704400000, 0x0000000800000000)
  region size 2048K, 75 young (153600K), 1 survivors (2048K)
 Metaspace       used 16411K, committed 16640K, reserved 1064960K
  class space    used 1692K, committed 1792K, reserved 1048576K
}
Event: 30.320 GC heap after
{Heap after GC invocations=66 (full 0):
 garbage-first heap   total 258048K, used 5943K [0x0000000704400000, 0x0000000800000000)
  region size 2048K, 1 young (2048K), 1 survivors (2048K)
 Metaspace       used 16411K, committed 16640K, reserved 1064960K
  class space    used 1692K, committed 1792K, reserved 1048576K
}
Event: 30.569 GC heap before
{Heap before GC invocations=66 (full 0):
 garbage-first heap   total 258048K, used 157495K [0x0000000704400000, 0x0000000800000000)
  region size 2048K, 75 young (153600K), 1 survivors (2048K)
 Metaspace       used 16411K, committed 16640K, reserved 1064960K
  class space    used 1692K, committed 1792K, reserved 1048576K
}
Event: 30.570 GC heap after
{Heap after GC invocations=67 (full 0):
 garbage-first heap   total 258048K, used 5941K [0x0000000704400000, 0x0000000800000000)
  region size 2048K, 1 young (2048K), 1 survivors (2048K)
 Metaspace       used 16411K, committed 16640K, reserved 1064960K
  class space    used 1692K, committed 1792K, reserved 1048576K
}
Event: 30.806 GC heap before
{Heap before GC invocations=67 (full 0):
 garbage-first heap   total 258048K, used 157493K [0x0000000704400000, 0x0000000800000000)
  region size 2048K, 75 young (153600K), 1 survivors (2048K)
 Metaspace       used 16411K, committed 16640K, reserved 1064960K
  class space    used 1692K, committed 1792K, reserved 1048576K
}
Event: 30.808 GC heap after
{Heap after GC invocations=68 (full 0):
 garbage-first heap   total 258048K, used 6010K [0x0000000704400000, 0x0000000800000000)
  region size 2048K, 1 young (2048K), 1 survivors (2048K)
 Metaspace       used 16411K, committed 16640K, reserved 1064960K
  class space    used 1692K, committed 1792K, reserved 1048576K
}
Event: 31.056 GC heap before
{Heap before GC invocations=68 (full 0):
 garbage-first heap   total 258048K, used 157562K [0x0000000704400000, 0x0000000800000000)
  region size 2048K, 75 young (153600K), 1 survivors (2048K)
 Metaspace       used 16411K, committed 16640K, reserved 1064960K
  class space    used 1692K, committed 1792K, reserved 1048576K
}
Event: 31.057 GC heap after
{Heap after GC invocations=69 (full 0):
 garbage-first heap   total 258048K, used 6010K [0x0000000704400000, 0x0000000800000000)
  region size 2048K, 1 young (2048K), 1 survivors (2048K)
 Metaspace       used 16411K, committed 16640K, reserved 1064960K
  class space    used 1692K, committed 1792K, reserved 1048576K
}
Event: 31.306 GC heap before
{Heap before GC invocations=69 (full 0):
 garbage-first heap   total 258048K, used 157562K [0x0000000704400000, 0x0000000800000000)
  region size 2048K, 75 young (153600K), 1 survivors (2048K)
 Metaspace       used 16411K, committed 16640K, reserved 1064960K
  class space    used 1692K, committed 1792K, reserved 1048576K
}
Event: 31.308 GC heap after
{Heap after GC invocations=70 (full 0):
 garbage-first heap   total 258048K, used 6008K [0x0000000704400000, 0x0000000800000000)
  region size 2048K, 1 young (2048K), 1 survivors (2048K)
 Metaspace       used 16411K, committed 16640K, reserved 1064960K
  class space    used 1692K, committed 1792K, reserved 1048576K
}
Event: 31.556 GC heap before
{Heap before GC invocations=70 (full 0):
 garbage-first heap   total 258048K, used 157560K [0x0000000704400000, 0x0000000800000000)
  region size 2048K, 75 young (153600K), 1 survivors (2048K)
 Metaspace       used 16411K, committed 16640K, reserved 1064960K
  class space    used 1692K, committed 1792K, reserved 1048576K
}
Event: 31.557 GC heap after
{Heap after GC invocations=71 (full 0):
 garbage-first heap   total 258048K, used 6008K [0x0000000704400000, 0x0000000800000000)
  region size 2048K, 1 young (2048K), 1 survivors (2048K)
 Metaspace       used 16411K, committed 16640K, reserved 1064960K
  class space    used 1692K, committed 1792K, reserved 1048576K
}
Event: 31.806 GC heap before
{Heap before GC invocations=71 (full 0):
 garbage-first heap   total 258048K, used 157560K [0x0000000704400000, 0x0000000800000000)
  region size 2048K, 75 young (153600K), 1 survivors (2048K)
 Metaspace       used 16411K, committed 16640K, reserved 1064960K
  class space    used 1692K, committed 1792K, reserved 1048576K
}
Event: 31.807 GC heap after
{Heap after GC invocations=72 (full 0):
 garbage-first heap   total 258048K, used 6008K [0x0000000704400000, 0x0000000800000000)
  region size 2048K, 1 young (2048K), 1 survivors (2048K)
 Metaspace       used 16411K, committed 16640K, reserved 1064960K
  class space    used 1692K, committed 1792K, reserved 1048576K
}
Event: 32.056 GC heap before
{Heap before GC invocations=72 (full 0):
 garbage-first heap   total 258048K, used 157560K [0x0000000704400000, 0x0000000800000000)
  region size 2048K, 75 young (153600K), 1 survivors (2048K)
 Metaspace       used 16411K, committed 16640K, reserved 1064960K
  class space    used 1692K, committed 1792K, reserved 1048576K
}
Event: 32.057 GC heap after
{Heap after GC invocations=73 (full 0):
 garbage-first heap   total 258048K, used 6015K [0x0000000704400000, 0x0000000800000000)
  region size 2048K, 1 young (2048K), 1 survivors (2048K)
 Metaspace       used 16411K, committed 16640K, reserved 1064960K
  class space    used 1692K, committed 1792K, reserved 1048576K
}

Deoptimization events (20 events):
Event: 14.434 Thread 0x0000018f73fcdb00 DEOPT PACKING pc=0x0000018f581c77e8 sp=0x000000635a4fe230
Event: 14.434 Thread 0x0000018f73fcdb00 DEOPT UNPACKING pc=0x0000018f506823a3 sp=0x000000635a4fe168 mode 2
Event: 14.887 Thread 0x0000018f48dd2d20 DEOPT PACKING pc=0x0000018f50f3c708 sp=0x00000063586ff020
Event: 14.887 Thread 0x0000018f48dd2d20 DEOPT UNPACKING pc=0x0000018f50682b43 sp=0x00000063586fe548 mode 0
Event: 14.954 Thread 0x0000018f48dd2d20 DEOPT PACKING pc=0x0000018f50f3c708 sp=0x00000063586ff020
Event: 14.954 Thread 0x0000018f48dd2d20 DEOPT UNPACKING pc=0x0000018f50682b43 sp=0x00000063586fe548 mode 0
Event: 15.789 Thread 0x0000018f48dd2d20 DEOPT PACKING pc=0x0000018f50f289d9 sp=0x00000063586ff110
Event: 15.789 Thread 0x0000018f48dd2d20 DEOPT UNPACKING pc=0x0000018f50682b43 sp=0x00000063586fe6e8 mode 0
Event: 15.956 Thread 0x0000018f48dd2d20 DEOPT PACKING pc=0x0000018f50f289d9 sp=0x00000063586ff110
Event: 15.956 Thread 0x0000018f48dd2d20 DEOPT UNPACKING pc=0x0000018f50682b43 sp=0x00000063586fe6e8 mode 0
Event: 16.138 Thread 0x0000018f48dd2d20 DEOPT PACKING pc=0x0000018f50f29366 sp=0x00000063586ff110
Event: 16.138 Thread 0x0000018f48dd2d20 DEOPT UNPACKING pc=0x0000018f50682b43 sp=0x00000063586fe6e8 mode 0
Event: 16.307 Thread 0x0000018f48dd2d20 DEOPT PACKING pc=0x0000018f50f289d9 sp=0x00000063586ff110
Event: 16.307 Thread 0x0000018f48dd2d20 DEOPT UNPACKING pc=0x0000018f50682b43 sp=0x00000063586fe6e8 mode 0
Event: 16.487 Thread 0x0000018f48dd2d20 DEOPT PACKING pc=0x0000018f50f29366 sp=0x00000063586ff110
Event: 16.487 Thread 0x0000018f48dd2d20 DEOPT UNPACKING pc=0x0000018f50682b43 sp=0x00000063586fe6e8 mode 0
Event: 21.639 Thread 0x0000018f48dd2d20 Uncommon trap: trap_request=0xffffff45 fr.pc=0x0000018f5822a6f8 relative=0x0000000000000138
Event: 21.639 Thread 0x0000018f48dd2d20 Uncommon trap: reason=unstable_if action=reinterpret pc=0x0000018f5822a6f8 method=imgui.ImDrawData.getCmdListVtxBufferData(I)Ljava/nio/ByteBuffer; @ 17 c2
Event: 21.639 Thread 0x0000018f48dd2d20 DEOPT PACKING pc=0x0000018f5822a6f8 sp=0x00000063586ff3c0
Event: 21.639 Thread 0x0000018f48dd2d20 DEOPT UNPACKING pc=0x0000018f506823a3 sp=0x00000063586ff350 mode 2

Classes unloaded (0 events):
No events

Classes redefined (0 events):
No events

Internal exceptions (20 events):
Event: 0.450 Thread 0x0000018f48dd2d20 Exception <a 'java/lang/NoSuchMethodError'{0x000000071362dd60}: 'int java.lang.invoke.DirectMethodHandle$Holder.invokeStaticInit(java.lang.Object, java.lang.Object, int, long)'> (0x000000071362dd60) 
thrown [t:\workspace\open\src\hotspot\share\interpreter\linkResolver.cpp, line 766]
Event: 0.450 Thread 0x0000018f48dd2d20 Exception <a 'java/lang/NoSuchMethodError'{0x0000000713633748}: 'java.lang.Object java.lang.invoke.DirectMethodHandle$Holder.newInvokeSpecial(java.lang.Object, java.lang.Object, int)'> (0x0000000713633748) 
thrown [t:\workspace\open\src\hotspot\share\interpreter\linkResolver.cpp, line 766]
Event: 0.454 Thread 0x0000018f48dd2d20 Exception <a 'java/lang/NoSuchMethodError'{0x0000000713642438}: 'int java.lang.invoke.DirectMethodHandle$Holder.invokeStaticInit(java.lang.Object, java.lang.Object, long, long)'> (0x0000000713642438) 
thrown [t:\workspace\open\src\hotspot\share\interpreter\linkResolver.cpp, line 766]
Event: 0.454 Thread 0x0000018f48dd2d20 Exception <a 'java/lang/NoSuchMethodError'{0x00000007136480e8}: 'java.lang.Object java.lang.invoke.DirectMethodHandle$Holder.newInvokeSpecial(java.lang.Object, java.lang.Object, long)'> (0x00000007136480e8) 
thrown [t:\workspace\open\src\hotspot\share\interpreter\linkResolver.cpp, line 766]
Event: 0.455 Thread 0x0000018f48dd2d20 Exception <a 'java/lang/NoSuchMethodError'{0x000000071364b9b0}: 'java.lang.Object java.lang.invoke.Invokers$Holder.linkToTargetMethod(java.lang.Object, long, java.lang.Object)'> (0x000000071364b9b0) 
thrown [t:\workspace\open\src\hotspot\share\interpreter\linkResolver.cpp, line 766]
Event: 0.455 Thread 0x0000018f48dd2d20 Exception <a 'java/lang/NoSuchMethodError'{0x0000000713652fb0}: 'int java.lang.invoke.DirectMethodHandle$Holder.invokeStaticInit(java.lang.Object, java.lang.Object, java.lang.Object, long)'> (0x0000000713652fb0) 
thrown [t:\workspace\open\src\hotspot\share\interpreter\linkResolver.cpp, line 766]
Event: 0.473 Thread 0x0000018f48dd2d20 Exception <a 'sun/nio/fs/WindowsException'{0x00000007136b6338}> (0x00000007136b6338) 
thrown [t:\workspace\open\src\hotspot\share\prims\jni.cpp, line 516]
Event: 0.473 Thread 0x0000018f48dd2d20 Exception <a 'sun/nio/fs/WindowsException'{0x00000007136b66c8}> (0x00000007136b66c8) 
thrown [t:\workspace\open\src\hotspot\share\prims\jni.cpp, line 516]
Event: 0.497 Thread 0x0000018f48dd2d20 Exception <a 'sun/nio/fs/WindowsException'{0x0000000713745ce0}> (0x0000000713745ce0) 
thrown [t:\workspace\open\src\hotspot\share\prims\jni.cpp, line 516]
Event: 0.497 Thread 0x0000018f48dd2d20 Exception <a 'sun/nio/fs/WindowsException'{0x0000000713746040}> (0x0000000713746040) 
thrown [t:\workspace\open\src\hotspot\share\prims\jni.cpp, line 516]
Event: 0.883 Thread 0x0000018f48dd2d20 Exception <a 'sun/nio/fs/WindowsException'{0x000000071378cbd8}> (0x000000071378cbd8) 
thrown [t:\workspace\open\src\hotspot\share\prims\jni.cpp, line 516]
Event: 0.883 Thread 0x0000018f48dd2d20 Exception <a 'sun/nio/fs/WindowsException'{0x000000071378cf78}> (0x000000071378cf78) 
thrown [t:\workspace\open\src\hotspot\share\prims\jni.cpp, line 516]
Event: 0.886 Thread 0x0000018f48dd2d20 Exception <a 'sun/nio/fs/WindowsException'{0x00000007137949b8}> (0x00000007137949b8) 
thrown [t:\workspace\open\src\hotspot\share\prims\jni.cpp, line 516]
Event: 0.886 Thread 0x0000018f48dd2d20 Exception <a 'sun/nio/fs/WindowsException'{0x0000000713794c88}> (0x0000000713794c88) 
thrown [t:\workspace\open\src\hotspot\share\prims\jni.cpp, line 516]
Event: 1.523 Thread 0x0000018f48dd2d20 Exception <a 'sun/nio/fs/WindowsException'{0x000000071357ca18}> (0x000000071357ca18) 
thrown [t:\workspace\open\src\hotspot\share\prims\jni.cpp, line 516]
Event: 3.585 Thread 0x0000018f73c09df0 Exception <a 'java/lang/NoSuchMethodError'{0x0000000713161b40}: 'java.lang.Object java.lang.invoke.DirectMethodHandle$Holder.newInvokeSpecial(java.lang.Object, java.lang.Object, java.lang.Object, int, int, int, int, int)'> (0x0000000713161b40) 
thrown [t:\workspace\open\src\hotspot\share\interpreter\linkResolver.cpp, line 766]
Event: 3.710 Thread 0x0000018f73fcdb00 Implicit null exception at 0x0000018f5814ede0 to 0x0000018f5814eea4
Event: 4.042 Thread 0x0000018f6cdc7840 Exception <a 'java/lang/NoSuchMethodError'{0x0000000713af13b8}: 'void java.lang.invoke.DirectMethodHandle$Holder.invokeVirtual(java.lang.Object, java.lang.Object)'> (0x0000000713af13b8) 
thrown [t:\workspace\open\src\hotspot\share\interpreter\linkResolver.cpp, line 766]
Event: 4.056 Thread 0x0000018f73fcdb00 Exception <a 'java/lang/NoSuchMethodError'{0x0000000712f55178}: 'void java.lang.invoke.DirectMethodHandle$Holder.invokeStaticInit(java.lang.Object)'> (0x0000000712f55178) 
thrown [t:\workspace\open\src\hotspot\share\interpreter\linkResolver.cpp, line 766]
Event: 4.155 Thread 0x0000018f73fcdb00 Exception <a 'java/lang/NoSuchMethodError'{0x0000000712fa95f8}: 'int java.lang.invoke.DirectMethodHandle$Holder.invokeStatic(java.lang.Object)'> (0x0000000712fa95f8) 
thrown [t:\workspace\open\src\hotspot\share\interpreter\linkResolver.cpp, line 766]

VM Operations (20 events):
Event: 29.820 Executing VM operation: G1CollectForAllocation
Event: 29.821 Executing VM operation: G1CollectForAllocation done
Event: 30.070 Executing VM operation: G1CollectForAllocation
Event: 30.071 Executing VM operation: G1CollectForAllocation done
Event: 30.319 Executing VM operation: G1CollectForAllocation
Event: 30.320 Executing VM operation: G1CollectForAllocation done
Event: 30.569 Executing VM operation: G1CollectForAllocation
Event: 30.570 Executing VM operation: G1CollectForAllocation done
Event: 30.806 Executing VM operation: G1CollectForAllocation
Event: 30.808 Executing VM operation: G1CollectForAllocation done
Event: 31.056 Executing VM operation: G1CollectForAllocation
Event: 31.057 Executing VM operation: G1CollectForAllocation done
Event: 31.306 Executing VM operation: G1CollectForAllocation
Event: 31.308 Executing VM operation: G1CollectForAllocation done
Event: 31.556 Executing VM operation: G1CollectForAllocation
Event: 31.557 Executing VM operation: G1CollectForAllocation done
Event: 31.806 Executing VM operation: G1CollectForAllocation
Event: 31.807 Executing VM operation: G1CollectForAllocation done
Event: 32.056 Executing VM operation: G1CollectForAllocation
Event: 32.057 Executing VM operation: G1CollectForAllocation done

Events (20 events):
Event: 5.747 loading class java/util/stream/Node$OfDouble done
Event: 5.747 loading class java/util/stream/Nodes$EmptyNode$OfDouble done
Event: 5.747 loading class java/util/stream/Nodes$FixedNodeBuilder
Event: 5.747 loading class java/util/stream/Node$Builder
Event: 5.747 loading class java/util/stream/Node$Builder done
Event: 5.747 loading class java/util/stream/Nodes$ArrayNode
Event: 5.747 loading class java/util/stream/Nodes$ArrayNode done
Event: 5.747 loading class java/util/stream/Nodes$FixedNodeBuilder done
Event: 5.855 Thread 0x0000018f73c580d0 Thread exited: 0x0000018f73c580d0
Event: 8.603 Thread 0x0000018f73c09df0 Thread exited: 0x0000018f73c09df0
Event: 11.299 Thread 0x0000018f74271e20 Thread added: 0x0000018f74271e20
Event: 11.300 Thread 0x0000018f74271e20 Thread exited: 0x0000018f74271e20
Event: 11.301 Thread 0x0000018f74273fd0 Thread added: 0x0000018f74273fd0
Event: 11.305 Thread 0x0000018f74273fd0 Thread exited: 0x0000018f74273fd0
Event: 11.324 Thread 0x0000018f74270ae0 Thread added: 0x0000018f74270ae0
Event: 11.329 Thread 0x0000018f74270ae0 Thread exited: 0x0000018f74270ae0
Event: 14.278 Thread 0x0000018f73f79c10 Thread added: 0x0000018f73f79c10
Event: 14.282 Thread 0x0000018f73f7a530 Thread added: 0x0000018f73f7a530
Event: 14.805 Thread 0x0000018f73f7a530 Thread exited: 0x0000018f73f7a530
Event: 16.138 Thread 0x0000018f73f79c10 Thread exited: 0x0000018f73f79c10


Dynamic libraries:
0x00007ff73ab70000 - 0x00007ff73ab80000 	C:\Program Files\Java\jdk-17.0.2\bin\java.exe
0x00007ffe56310000 - 0x00007ffe56505000 	C:\WINDOWS\SYSTEM32\ntdll.dll
0x00007ffe55eb0000 - 0x00007ffe55f6d000 	C:\WINDOWS\System32\KERNEL32.DLL
0x00007ffe53bd0000 - 0x00007ffe53e9d000 	C:\WINDOWS\System32\KERNELBASE.dll
0x00007ffe541e0000 - 0x00007ffe542e0000 	C:\WINDOWS\System32\ucrtbase.dll
0x00007ffe40900000 - 0x00007ffe40918000 	C:\Program Files\Java\jdk-17.0.2\bin\jli.dll
0x00007ffe40cb0000 - 0x00007ffe40cca000 	C:\Program Files\Java\jdk-17.0.2\bin\VCRUNTIME140.dll
0x00007ffe55a10000 - 0x00007ffe55abe000 	C:\WINDOWS\System32\ADVAPI32.dll
0x00007ffe554b0000 - 0x00007ffe5554e000 	C:\WINDOWS\System32\msvcrt.dll
0x00007ffe55970000 - 0x00007ffe55a0c000 	C:\WINDOWS\System32\sechost.dll
0x00007ffe547e0000 - 0x00007ffe54905000 	C:\WINDOWS\System32\RPCRT4.dll
0x00007ffe54990000 - 0x00007ffe54b30000 	C:\WINDOWS\System32\USER32.dll
0x00007ffe541b0000 - 0x00007ffe541d2000 	C:\WINDOWS\System32\win32u.dll
0x00007ffe55ac0000 - 0x00007ffe55aea000 	C:\WINDOWS\System32\GDI32.dll
0x00007ffe53ac0000 - 0x00007ffe53bcb000 	C:\WINDOWS\System32\gdi32full.dll
0x00007ffe53a20000 - 0x00007ffe53abd000 	C:\WINDOWS\System32\msvcp_win.dll
0x00007ffe4c3c0000 - 0x00007ffe4c3ca000 	C:\WINDOWS\SYSTEM32\VERSION.dll
0x00007ffe3c7e0000 - 0x00007ffe3ca7a000 	C:\WINDOWS\WinSxS\amd64_microsoft.windows.common-controls_6595b64144ccf1df_6.0.19041.1110_none_60b5254171f9507e\COMCTL32.dll
0x00007ffe55840000 - 0x00007ffe55870000 	C:\WINDOWS\System32\IMM32.DLL
0x00007ffe40ca0000 - 0x00007ffe40cac000 	C:\Program Files\Java\jdk-17.0.2\bin\vcruntime140_1.dll
0x00007ffe2a230000 - 0x00007ffe2a2bd000 	C:\Program Files\Java\jdk-17.0.2\bin\msvcp140.dll
0x00007ffdf2760000 - 0x00007ffdf3321000 	C:\Program Files\Java\jdk-17.0.2\bin\server\jvm.dll
0x00007ffe55c20000 - 0x00007ffe55c28000 	C:\WINDOWS\System32\PSAPI.DLL
0x00007ffe45500000 - 0x00007ffe45527000 	C:\WINDOWS\SYSTEM32\WINMM.dll
0x00007ffe40a60000 - 0x00007ffe40a69000 	C:\WINDOWS\SYSTEM32\WSOCK32.dll
0x00007ffe558a0000 - 0x00007ffe5590b000 	C:\WINDOWS\System32\WS2_32.dll
0x00007ffe522b0000 - 0x00007ffe522c2000 	C:\WINDOWS\SYSTEM32\kernel.appcore.dll
0x00007ffe408f0000 - 0x00007ffe408fa000 	C:\Program Files\Java\jdk-17.0.2\bin\jimage.dll
0x00007ffe518c0000 - 0x00007ffe51aa4000 	C:\WINDOWS\SYSTEM32\DBGHELP.DLL
0x00007ffe4b2c0000 - 0x00007ffe4b2ec000 	C:\WINDOWS\SYSTEM32\dbgcore.DLL
0x00007ffe540b0000 - 0x00007ffe54132000 	C:\WINDOWS\System32\bcryptPrimitives.dll
0x00007ffe40700000 - 0x00007ffe40725000 	C:\Program Files\Java\jdk-17.0.2\bin\java.dll
0x00007ffe29e50000 - 0x00007ffe29f26000 	C:\Program Files\Java\jdk-17.0.2\bin\jsvml.dll
0x00007ffe54be0000 - 0x00007ffe55324000 	C:\WINDOWS\System32\SHELL32.dll
0x00007ffe51b00000 - 0x00007ffe52294000 	C:\WINDOWS\SYSTEM32\windows.storage.dll
0x00007ffe55f70000 - 0x00007ffe562c4000 	C:\WINDOWS\System32\combase.dll
0x00007ffe53480000 - 0x00007ffe534ac000 	C:\WINDOWS\SYSTEM32\Wldp.dll
0x00007ffe55e00000 - 0x00007ffe55ead000 	C:\WINDOWS\System32\SHCORE.dll
0x00007ffe55c30000 - 0x00007ffe55c85000 	C:\WINDOWS\System32\shlwapi.dll
0x00007ffe53960000 - 0x00007ffe5397f000 	C:\WINDOWS\SYSTEM32\profapi.dll
0x00007ffe406d0000 - 0x00007ffe406e9000 	C:\Program Files\Java\jdk-17.0.2\bin\net.dll
0x00007ffe4e7a0000 - 0x00007ffe4e8aa000 	C:\WINDOWS\SYSTEM32\WINHTTP.dll
0x00007ffe531e0000 - 0x00007ffe5324a000 	C:\WINDOWS\system32\mswsock.dll
0x00007ffe40660000 - 0x00007ffe40676000 	C:\Program Files\Java\jdk-17.0.2\bin\nio.dll
0x00007ffe405e0000 - 0x00007ffe405f8000 	C:\Program Files\Java\jdk-17.0.2\bin\zip.dll
0x00007ffe05050000 - 0x00007ffe051df000 	C:\Program Files\Java\jdk-17.0.2\bin\awt.dll
0x00007ffe55550000 - 0x00007ffe5561d000 	C:\WINDOWS\System32\OLEAUT32.dll
0x00007ffe50f40000 - 0x00007ffe50fd0000 	C:\WINDOWS\SYSTEM32\apphelp.dll
0x00007ffe51100000 - 0x00007ffe5119e000 	C:\WINDOWS\system32\uxtheme.dll
0x00007ffe55330000 - 0x00007ffe55445000 	C:\WINDOWS\System32\MSCTF.dll
0x00007ffe55af0000 - 0x00007ffe55c1a000 	C:\WINDOWS\System32\ole32.dll
0x00007ffe51310000 - 0x00007ffe5133f000 	C:\WINDOWS\system32\DWMAPI.DLL
0x00007ffe2b290000 - 0x00007ffe2b340000 	C:\WINDOWS\WinSxS\amd64_microsoft.windows.common-controls_6595b64144ccf1df_5.82.19041.1110_none_792d1c772443f647\comctl32.dll
0x00007ffe54b30000 - 0x00007ffe54bd9000 	C:\WINDOWS\System32\clbcatq.dll
0x00007ffe4f040000 - 0x00007ffe4f136000 	C:\WINDOWS\SYSTEM32\PROPSYS.dll
0x00007ffe2a7d0000 - 0x00007ffe2a7e7000 	C:\WINDOWS\system32\NetworkExplorer.dll
0x00007ffe54310000 - 0x00007ffe5435e000 	C:\WINDOWS\System32\CFGMGR32.dll
0x00007ffe3c170000 - 0x00007ffe3c1e1000 	C:\Users\Ivan\AppData\Local\Temp\lwjglIvan\3.3.0-build-21\lwjgl.dll
0x00007ffe042d0000 - 0x00007ffe04526000 	C:\Users\Ivan\AppData\Local\Temp\lwjglIvan\3.3.0-build-21\jemalloc.dll
0x00007ffe3bda0000 - 0x00007ffe3be01000 	C:\Users\Ivan\AppData\Local\Temp\lwjglIvan\3.3.0-build-21\glfw.dll
0x00007ffe3c330000 - 0x00007ffe3c375000 	C:\WINDOWS\SYSTEM32\dinput8.dll
0x00007ffe3e6b0000 - 0x00007ffe3e6c1000 	C:\WINDOWS\SYSTEM32\xinput1_4.dll
0x00007ffe537d0000 - 0x00007ffe537fc000 	C:\WINDOWS\SYSTEM32\DEVOBJ.dll
0x00007ffe37ff0000 - 0x00007ffe38142000 	C:\WINDOWS\SYSTEM32\inputhost.dll
0x00007ffe502e0000 - 0x00007ffe50434000 	C:\WINDOWS\SYSTEM32\wintypes.dll
0x00007ffe50d10000 - 0x00007ffe50e02000 	C:\WINDOWS\SYSTEM32\CoreMessaging.dll
0x00007ffe509b0000 - 0x00007ffe50d0e000 	C:\WINDOWS\SYSTEM32\CoreUIComponents.dll
0x00007ffe52840000 - 0x00007ffe52873000 	C:\WINDOWS\SYSTEM32\ntmarta.dll
0x00007ffe1e460000 - 0x00007ffe1e586000 	C:\WINDOWS\SYSTEM32\opengl32.dll
0x00007ffe1e3f0000 - 0x00007ffe1e41c000 	C:\WINDOWS\SYSTEM32\GLU32.dll
0x00007ffe4bbd0000 - 0x00007ffe4bcc7000 	C:\Windows\System32\AppXDeploymentClient.dll
0x00007ffdf1790000 - 0x00007ffdf2754000 	C:\WINDOWS\System32\DriverStore\FileRepository\iigd_dch.inf_amd64_7df576fcfa9adb45\ig9icd64.dll
0x00007ffe52480000 - 0x00007ffe52573000 	C:\WINDOWS\system32\dxgi.dll
0x00007ffe03a30000 - 0x00007ffe03e6c000 	C:\WINDOWS\System32\DriverStore\FileRepository\iigd_dch.inf_amd64_7df576fcfa9adb45\igdml64.dll
0x00007ffe346c0000 - 0x00007ffe349f6000 	C:\WINDOWS\System32\DriverStore\FileRepository\iigd_dch.inf_amd64_7df576fcfa9adb45\igdgmm64.dll
0x00007ffe31780000 - 0x00007ffe3450f000 	C:\WINDOWS\System32\DriverStore\FileRepository\iigd_dch.inf_amd64_7df576fcfa9adb45\igc64.dll
0x00007ffe52ff0000 - 0x00007ffe5303b000 	C:\WINDOWS\SYSTEM32\powrprof.dll
0x00007ffe52e60000 - 0x00007ffe52e72000 	C:\WINDOWS\SYSTEM32\UMPDC.dll
0x00007ffe389e0000 - 0x00007ffe38ad9000 	C:\WINDOWS\SYSTEM32\textinputframework.dll
0x00007ffe15910000 - 0x00007ffe1596d000 	C:\Users\Ivan\AppData\Local\Temp\lwjglIvan\3.3.0-build-21\lwjgl_opengl.dll
0x0000000064a00000 - 0x000000006580f000 	C:\Users\Ivan\AppData\Local\Temp\imgui-java-natives_1654546399689\imgui-java64.dll
0x00007ffe3ae20000 - 0x00007ffe3aea9000 	C:\Program Files\Java\jdk-17.0.2\bin\freetype.dll
0x00007ffe29ca0000 - 0x00007ffe29d48000 	C:\Program Files\Java\jdk-17.0.2\bin\fontmanager.dll
0x00007ffe2a940000 - 0x00007ffe2a95f000 	C:\WINDOWS\SYSTEM32\MPR.dll
0x00007ffe40650000 - 0x00007ffe4065b000 	C:\WINDOWS\System32\drprov.dll
0x00007ffe52790000 - 0x00007ffe527ea000 	C:\WINDOWS\System32\WINSTA.dll
0x00007ffe3af50000 - 0x00007ffe3af70000 	C:\WINDOWS\System32\ntlanman.dll
0x00007ffe3af30000 - 0x00007ffe3af4e000 	C:\WINDOWS\System32\davclnt.dll
0x00007ffe405d0000 - 0x00007ffe405dd000 	C:\WINDOWS\System32\DAVHLPR.dll
0x00007ffe52c10000 - 0x00007ffe52c29000 	C:\WINDOWS\System32\wkscli.dll
0x00007ffe2fb70000 - 0x00007ffe2fb82000 	C:\WINDOWS\SYSTEM32\cscapi.dll
0x00007ffe52fe0000 - 0x00007ffe52fec000 	C:\WINDOWS\System32\netutils.dll
0x00007ffe0d0a0000 - 0x00007ffe0d0f6000 	C:\Windows\System32\dlnashext.dll
0x00007ffe246f0000 - 0x00007ffe24754000 	C:\Windows\System32\PlayToDevice.dll
0x00007ffe46210000 - 0x00007ffe46230000 	C:\Windows\System32\DevDispItemProvider.dll
0x00007ffe4cfe0000 - 0x00007ffe4d065000 	C:\WINDOWS\System32\MMDevApi.dll
0x00007ffe10520000 - 0x00007ffe105c1000 	C:\WINDOWS\system32\wpdshext.dll
0x00007ffe3fa10000 - 0x00007ffe3fbb5000 	C:\WINDOWS\WinSxS\amd64_microsoft.windows.gdiplus_6595b64144ccf1df_1.1.19041.1706_none_919e8e54cc8d4ca1\gdiplus.dll
0x00007ffe4d220000 - 0x00007ffe4d2c3000 	C:\Windows\System32\PortableDeviceApi.dll
0x00007ffe54360000 - 0x00007ffe547d1000 	C:\WINDOWS\System32\SETUPAPI.dll
0x00007ffe542e0000 - 0x00007ffe54307000 	C:\WINDOWS\System32\bcrypt.dll
0x00007ffe54140000 - 0x00007ffe541a8000 	C:\WINDOWS\System32\WINTRUST.dll
0x00007ffe53ea0000 - 0x00007ffe53ff6000 	C:\WINDOWS\System32\CRYPT32.dll
0x00007ffe53610000 - 0x00007ffe53622000 	C:\WINDOWS\System32\MSASN1.dll
0x00007ffe2a8f0000 - 0x00007ffe2a927000 	C:\Windows\System32\EhStorShell.dll
0x00007ffe29e20000 - 0x00007ffe29e46000 	C:\Windows\System32\EhStorAPI.dll
0x00007ffe4d070000 - 0x00007ffe4d084000 	C:\Windows\System32\WTSAPI32.dll
0x00007ffe24b20000 - 0x00007ffe24b2d000 	C:\WINDOWS\SYSTEM32\LINKINFO.dll
0x00007ffe41cb0000 - 0x00007ffe41e64000 	C:\WINDOWS\SYSTEM32\WindowsCodecs.dll
0x00007ffe1d610000 - 0x00007ffe1d64e000 	C:\WINDOWS\system32\dataexchange.dll
0x00007ffe507c0000 - 0x00007ffe509a5000 	C:\WINDOWS\system32\dcomp.dll
0x00007ffe4fab0000 - 0x00007ffe4fd14000 	C:\WINDOWS\system32\d3d11.dll
0x00007ffe4bd00000 - 0x00007ffe4bf01000 	C:\WINDOWS\system32\twinapi.appcore.dll
0x00007ffe37bd0000 - 0x00007ffe37c3a000 	C:\WINDOWS\system32\Ninput.dll

dbghelp: loaded successfully - version: 4.0.5 - missing functions: none
symbol engine: initialized successfully - sym options: 0x614 - pdb path: .;C:\Program Files\Java\jdk-17.0.2\bin;C:\WINDOWS\SYSTEM32;C:\WINDOWS\WinSxS\amd64_microsoft.windows.common-controls_6595b64144ccf1df_6.0.19041.1110_none_60b5254171f9507e;C:\Program Files\Java\jdk-17.0.2\bin\server;C:\WINDOWS\WinSxS\amd64_microsoft.windows.common-controls_6595b64144ccf1df_5.82.19041.1110_none_792d1c772443f647;C:\Users\Ivan\AppData\Local\Temp\lwjglIvan\3.3.0-build-21;C:\WINDOWS\System32\DriverStore\FileRepository\iigd_dch.inf_amd64_7df576fcfa9adb45;C:\Users\Ivan\AppData\Local\Temp\imgui-java-natives_1654546399689;C:\WINDOWS\WinSxS\amd64_microsoft.windows.gdiplus_6595b64144ccf1df_1.1.19041.1706_none_919e8e54cc8d4ca1

VM Arguments:
java_command: com.wiz.settlementmapmaker.Main -Xmx8G
java_class_path (initial): C:\Users\Ivan\Documents\Code Projects\SettlementMapMaker\SettlementMapMaker\SettlementMapMaker\target\classes;C:\Users\Ivan\.m2\repository\org\lwjgl\lwjgl\3.3.0\lwjgl-3.3.0.jar;C:\Users\Ivan\.m2\repository\org\lwjgl\lwjgl-egl\3.3.0\lwjgl-egl-3.3.0.jar;C:\Users\Ivan\.m2\repository\org\lwjgl\lwjgl-glfw\3.3.0\lwjgl-glfw-3.3.0.jar;C:\Users\Ivan\.m2\repository\org\lwjgl\lwjgl-jemalloc\3.3.0\lwjgl-jemalloc-3.3.0.jar;C:\Users\Ivan\.m2\repository\org\lwjgl\lwjgl-opengl\3.3.0\lwjgl-opengl-3.3.0.jar;C:\Users\Ivan\.m2\repository\org\lwjgl\lwjgl-opengles\3.3.0\lwjgl-opengles-3.3.0.jar;C:\Users\Ivan\.m2\repository\org\lwjgl\lwjgl\3.3.0\lwjgl-3.3.0-natives-windows.jar;C:\Users\Ivan\.m2\repository\org\lwjgl\lwjgl-glfw\3.3.0\lwjgl-glfw-3.3.0-natives-windows.jar;C:\Users\Ivan\.m2\repository\org\lwjgl\lwjgl-jemalloc\3.3.0\lwjgl-jemalloc-3.3.0-natives-windows.jar;C:\Users\Ivan\.m2\repository\org\lwjgl\lwjgl-opengl\3.3.0\lwjgl-opengl-3.3.0-natives-windows.jar;C:\Users\Ivan\.m2\repository\org\lwjgl\lwjgl-opengles\3.3.0\lwjgl-opengles-3.3.0-natives-windows.jar;C:\Users\Ivan\.m2\repository\org\joml\joml\1.10.3\joml-1.10.3.jar;C:\Users\Ivan\.m2\repository\io\github\spair\imgui-java-app\1.86.2\imgui-java-app-1.86.2.jar;C:\Users\Ivan\.m2\repository\org\lwjgl\lwjgl\3.3.0\lwjgl-3.3.0-natives-linux.jar;C:\Users\Ivan\.m2\repository\org\lwjgl\lwjgl-glfw\3.3.0\lwjgl-glfw-3.3.0-natives-linux.jar;C:\Users\Ivan\.m2\repository\org\lwjgl\lwjgl-opengl\3.3.0\lwjgl-opengl-3.3.0-natives-linux.jar;C:\Users\Ivan\.m2\repository\org\lwjgl\lwjgl\3.3.0\lwjgl-3.3.0-natives-macos.jar;C:\Users\Ivan\.m2\repository\org\lwjgl\lwjgl-glfw\3.3.0\lwjgl-glfw-3.3.0-natives-macos.jar;C:\Users\Ivan\.m2\repository\org\lwjgl\lwjgl-opengl\3.3.0\lwjgl-opengl-3.3.0-natives-macos.jar;C:\Users\Ivan\.m2\repository\io\github\spair\imgui-java-binding\1.86.2\imgui-java-binding-1.86.2.jar;C:\Users\Ivan\.m2\repository\io\github\spair\imgui-java-lwjgl3\1.86.2\imgui-java-lwjgl3-1.86.2.jar;C:\Users\Ivan\.m2\repos
Launcher Type: SUN_STANDARD

[Global flags]
     intx CICompilerCount                          = 4                                         {product} {ergonomic}
     uint ConcGCThreads                            = 3                                         {product} {ergonomic}
     uint G1ConcRefinementThreads                  = 10                                        {product} {ergonomic}
   size_t G1HeapRegionSize                         = 2097152                                   {product} {ergonomic}
    uintx GCDrainStackTargetSize                   = 64                                        {product} {ergonomic}
   size_t InitialHeapSize                          = 264241152                                 {product} {ergonomic}
   size_t MarkStackSize                            = 4194304                                   {product} {ergonomic}
   size_t MaxHeapSize                              = 4223664128                                {product} {ergonomic}
   size_t MaxNewSize                               = 2533359616                                {product} {ergonomic}
   size_t MinHeapDeltaBytes                        = 2097152                                   {product} {ergonomic}
   size_t MinHeapSize                              = 8388608                                   {product} {ergonomic}
    uintx NonNMethodCodeHeapSize                   = 5839372                                {pd product} {ergonomic}
    uintx NonProfiledCodeHeapSize                  = 122909434                              {pd product} {ergonomic}
    uintx ProfiledCodeHeapSize                     = 122909434                              {pd product} {ergonomic}
    uintx ReservedCodeCacheSize                    = 251658240                              {pd product} {ergonomic}
     bool SegmentedCodeCache                       = true                                      {product} {ergonomic}
   size_t SoftMaxHeapSize                          = 4223664128                             {manageable} {ergonomic}
     bool UseCompressedClassPointers               = true                           {product lp64_product} {ergonomic}
     bool UseCompressedOops                        = true                           {product lp64_product} {ergonomic}
     bool UseG1GC                                  = true                                      {product} {ergonomic}
     bool UseLargePagesIndividualAllocation        = false                                  {pd product} {ergonomic}

Logging:
Log output configuration:
 #0: stdout all=warning uptime,level,tags
 #1: stderr all=off uptime,level,tags

Environment Variables:
JAVA_HOME=C:\Program Files\Java\jdk-17.0.2
PATH=C:\Program Files\Common Files\Oracle\Java\javapath;C:\Program Files\Eclipse Adoptium\jdk-11.0.14.9-hotspot\bin;C:\Windows\system32;C:\Windows;C:\Windows\System32\Wbem;C:\Windows\System32\WindowsPowerShell\v1.0\;C:\Windows\System32\OpenSSH\;C:\Program Files (x86)\NVIDIA Corporation\PhysX\Common;C:\Program Files\NVIDIA Corporation\NVIDIA NvDLISR;C:\Program Files (x86)\Common Files\Acronis\VirtualFile\;C:\Program Files (x86)\Common Files\Acronis\VirtualFile64\;C:\Program Files (x86)\Common Files\Acronis\FileProtector\;C:\Program Files (x86)\Common Files\Acronis\FileProtector64\;C:\Program Files (x86)\Common Files\Acronis\SnapAPI\;C:\WINDOWS\system32;C:\WINDOWS;C:\WINDOWS\System32\Wbem;C:\WINDOWS\System32\WindowsPowerShell\v1.0\;C:\WINDOWS\System32\OpenSSH\;C:\Program Files\Git\cmd;C:\Utilities\PuTTY\;C:\Program Files\dotnet\;C:\Users\Ivan\AppData\Local\Microsoft\WindowsApps;
USERNAME=Ivan
OS=Windows_NT
PROCESSOR_IDENTIFIER=Intel64 Family 6 Model 158 Stepping 10, GenuineIntel



---------------  S Y S T E M  ---------------

OS:
 Windows 10 , 64 bit Build 19041 (10.0.19041.1706)
OS uptime: 21 days 0:06 hours

CPU: total 12 (initial active 12) (6 cores per cpu, 2 threads per core) family 6 model 158 stepping 10 microcode 0xec, cx8, cmov, fxsr, ht, mmx, 3dnowpref, sse, sse2, sse3, ssse3, sse4.1, sse4.2, popcnt, lzcnt, tsc, tscinvbit, avx, avx2, aes, erms, clmul, bmi1, bmi2, adx, fma, vzeroupper, clflush, clflushopt

Memory: 4k page, system-wide physical 16111M (5886M free)
TotalPageFile size 19282M (AvailPageFile size 2848M)
current process WorkingSet (physical memory assigned to process): 571M, peak: 596M
current process commit charge ("private bytes"): 419M, peak: 450M

vm_info: Java HotSpot(TM) 64-Bit Server VM (17.0.2+8-LTS-86) for windows-amd64 JRE (17.0.2+8-LTS-86), built on Dec  7 2021 21:51:03 by "mach5one" with MS VC++ 16.8 / 16.9 (VS2019)

END.
