#
# A fatal error has been detected by the Java Runtime Environment:
#
#  EXCEPTION_ACCESS_VIOLATION (0xc0000005) at pc=0x00007ffcaf4f1383, pid=12716, tid=4716
#
# JRE version: Java(TM) SE Runtime Environment (17.0.1+12) (build 17.0.1+12-LTS-39)
# Java VM: Java HotSpot(TM) 64-Bit Server VM (17.0.1+12-LTS-39, mixed mode, sharing, tiered, compressed oops, compressed class ptrs, g1 gc, windows-amd64)
# Problematic frame:
# C  [atio6axx.dll+0x1bc1383]
#
# No core dump will be written. Minidumps are not enabled by default on client versions of Windows
#
# If you would like to submit a bug report, please visit:
#   https://bugreport.java.com/bugreport/crash.jsp
# The crash happened outside the Java Virtual Machine in native code.
# See problematic frame for where to report the bug.
#

---------------  S U M M A R Y ------------

Command Line: com.wiz.settlementmapmaker.Main

Host: AMD Ryzen 5 1400 Quad-Core Processor           , 8 cores, 15G,  Windows 10 , 64 bit Build 19041 (10.0.19041.1566)
Time: Fri Mar 25 19:54:49 2022 Mountain Daylight Time elapsed time: 7.329154 seconds (0d 0h 0m 7s)

---------------  T H R E A D  ---------------

Current thread (0x0000018a39a74fd0):  JavaThread "main" [_thread_in_native, id=4716, stack(0x00000074f1600000,0x00000074f1700000)]

Stack: [0x00000074f1600000,0x00000074f1700000],  sp=0x00000074f16fec28,  free space=1019k
Native frames: (J=compiled Java code, j=interpreted, Vv=VM code, C=native code)
C  [atio6axx.dll+0x1bc1383]

Java frames: (J=compiled Java code, j=interpreted, Vv=VM code)
j  org.lwjgl.opengl.GL11C.nglReadPixels(IIIIIIJ)V+0
j  org.lwjgl.opengl.GL11C.glReadPixels(IIIIIILjava/nio/ByteBuffer;)V+13
j  com.wiz.settlementmapmaker.FileManager.saveScreen(II)V+28
j  com.wiz.settlementmapmaker.Window.run()V+120
j  com.wiz.settlementmapmaker.Main.main([Ljava/lang/String;)V+20
v  ~StubRoutines::call_stub

siginfo: EXCEPTION_ACCESS_VIOLATION (0xc0000005), writing address 0x0000000000000020


Register to memory mapping:

RIP=0x00007ffcaf4f1383 atio6axx.dll
RAX=0x0000000000000010 is an unknown value
RBX=0x0 is NULL
RCX=0x0000000000000020 is an unknown value
RDX=0x0000018a60bda010 points into unknown readable memory: 0xb2d3eab2d3eab2d3 | d3 b2 ea d3 b2 ea d3 b2
RSP=0x00000074f16fec28 is pointing into the stack for thread: 0x0000018a39a74fd0
RBP=0x00000074f16fed30 is pointing into the stack for thread: 0x0000018a39a74fd0
RSI=0x0000000000000010 is an unknown value
RDI=0x0000018a64b61920 points into unknown readable memory: 0x00007ffcb0136e90 | 90 6e 13 b0 fc 7f 00 00
R8 =0x00000000005e0af0 is an unknown value
R9 =0xfffffffffffffff0 is an unknown value
R10=0x00007ffcad930000 atio6axx.dll
R11=0x00000074f16fec00 is pointing into the stack for thread: 0x0000018a39a74fd0
R12=0x000000000000042e is an unknown value
R13=0x0000018a6032d7a0 points into unknown readable memory: 0x0000018a603e7620 | 20 76 3e 60 8a 01 00 00
R14=0x0 is NULL
R15=0x0 is NULL


Registers:
RAX=0x0000000000000010, RBX=0x0000000000000000, RCX=0x0000000000000020, RDX=0x0000018a60bda010
RSP=0x00000074f16fec28, RBP=0x00000074f16fed30, RSI=0x0000000000000010, RDI=0x0000018a64b61920
R8 =0x00000000005e0af0, R9 =0xfffffffffffffff0, R10=0x00007ffcad930000, R11=0x00000074f16fec00
R12=0x000000000000042e, R13=0x0000018a6032d7a0, R14=0x0000000000000000, R15=0x0000000000000000
RIP=0x00007ffcaf4f1383, EFLAGS=0x0000000000010206

Top of Stack: (sp=0x00000074f16fec28)
0x00000074f16fec28:   00007ffcaeddd2a7 0000000000000000
0x00000074f16fec38:   0000000000000000 0000000000000000
0x00000074f16fec48:   0000000000000000 000000740000ff00
0x00000074f16fec58:   0000000000000000 00000074f16fef10
0x00000074f16fec68:   0000018a419a77ec 0000000000000002
0x00000074f16fec78:   0000000135277c24 0000018a5d869d10
0x00000074f16fec88:   0000000000000000 3f0000003f800000
0x00000074f16fec98:   c405c00044700000 0000000001000001
0x00000074f16feca8:   0000000000000000 00000018ffffffff
0x00000074f16fecb8:   0000000000000000 0000018a64b61920
0x00000074f16fecc8:   0000000000000000 0000000000000000
0x00000074f16fecd8:   0000000000000000 0000042e00000780
0x00000074f16fece8:   0000000000000009 0000000000000000
0x00000074f16fecf8:   0000000700001680 0000018a39a75888
0x00000074f16fed08:   0000000000000000 0000007400000000
0x00000074f16fed18:   00000000005e0b00 0000018a41281010 

Instructions: (pc=0x00007ffcaf4f1383)
0x00007ffcaf4f1283:   00 00 00 c5 fd 7f 89 80 00 00 00 c5 fd 7f 91 a0
0x00007ffcaf4f1293:   00 00 00 c5 fd 7f 99 c0 00 00 00 c5 fd 7f a1 e0
0x00007ffcaf4f12a3:   00 00 00 48 81 c1 00 01 00 00 48 81 c2 00 01 00
0x00007ffcaf4f12b3:   00 49 81 e8 00 01 00 00 49 81 f8 00 01 00 00 0f
0x00007ffcaf4f12c3:   83 78 ff ff ff 4d 8d 48 1f 49 83 e1 e0 4d 8b d9
0x00007ffcaf4f12d3:   49 c1 eb 05 47 8b 9c 9a 40 90 d7 02 4d 03 da 41
0x00007ffcaf4f12e3:   ff e3 c4 a1 7e 6f 8c 0a 00 ff ff ff c4 a1 7e 7f
0x00007ffcaf4f12f3:   8c 09 00 ff ff ff c4 a1 7e 6f 8c 0a 20 ff ff ff
0x00007ffcaf4f1303:   c4 a1 7e 7f 8c 09 20 ff ff ff c4 a1 7e 6f 8c 0a
0x00007ffcaf4f1313:   40 ff ff ff c4 a1 7e 7f 8c 09 40 ff ff ff c4 a1
0x00007ffcaf4f1323:   7e 6f 8c 0a 60 ff ff ff c4 a1 7e 7f 8c 09 60 ff
0x00007ffcaf4f1333:   ff ff c4 a1 7e 6f 4c 0a 80 c4 a1 7e 7f 4c 09 80
0x00007ffcaf4f1343:   c4 a1 7e 6f 4c 0a a0 c4 a1 7e 7f 4c 09 a0 c4 a1
0x00007ffcaf4f1353:   7e 6f 4c 0a c0 c4 a1 7e 7f 4c 09 c0 c4 a1 7e 7f
0x00007ffcaf4f1363:   6c 01 e0 c5 fe 7f 00 c5 f8 77 c3 66 90 c5 fe 6f
0x00007ffcaf4f1373:   0a c5 fe 6f 52 20 c5 fe 6f 5a 40 c5 fe 6f 62 60
0x00007ffcaf4f1383:   c5 fd e7 09 c5 fd e7 51 20 c5 fd e7 59 40 c5 fd
0x00007ffcaf4f1393:   e7 61 60 c5 fe 6f 8a 80 00 00 00 c5 fe 6f 92 a0
0x00007ffcaf4f13a3:   00 00 00 c5 fe 6f 9a c0 00 00 00 c5 fe 6f a2 e0
0x00007ffcaf4f13b3:   00 00 00 c5 fd e7 89 80 00 00 00 c5 fd e7 91 a0
0x00007ffcaf4f13c3:   00 00 00 c5 fd e7 99 c0 00 00 00 c5 fd e7 a1 e0
0x00007ffcaf4f13d3:   00 00 00 48 81 c1 00 01 00 00 48 81 c2 00 01 00
0x00007ffcaf4f13e3:   00 49 81 e8 00 01 00 00 49 81 f8 00 01 00 00 0f
0x00007ffcaf4f13f3:   83 78 ff ff ff 4d 8d 48 1f 49 83 e1 e0 4d 8b d9
0x00007ffcaf4f1403:   49 c1 eb 05 47 8b 9c 9a 64 90 d7 02 4d 03 da 41
0x00007ffcaf4f1413:   ff e3 c4 a1 7e 6f 8c 0a 00 ff ff ff c4 a1 7d e7
0x00007ffcaf4f1423:   8c 09 00 ff ff ff c4 a1 7e 6f 8c 0a 20 ff ff ff
0x00007ffcaf4f1433:   c4 a1 7d e7 8c 09 20 ff ff ff c4 a1 7e 6f 8c 0a
0x00007ffcaf4f1443:   40 ff ff ff c4 a1 7d e7 8c 09 40 ff ff ff c4 a1
0x00007ffcaf4f1453:   7e 6f 8c 0a 60 ff ff ff c4 a1 7d e7 8c 09 60 ff
0x00007ffcaf4f1463:   ff ff c4 a1 7e 6f 4c 0a 80 c4 a1 7d e7 4c 09 80
0x00007ffcaf4f1473:   c4 a1 7e 6f 4c 0a a0 c4 a1 7d e7 4c 09 a0 c4 a1 


Stack slot to memory mapping:
stack at sp + 0 slots: 0x00007ffcaeddd2a7 atio6axx.dll
stack at sp + 1 slots: 0x0 is NULL
stack at sp + 2 slots: 0x0 is NULL
stack at sp + 3 slots: 0x0 is NULL
stack at sp + 4 slots: 0x0 is NULL
stack at sp + 5 slots: 0x000000740000ff00 is an unknown value
stack at sp + 6 slots: 0x0 is NULL
stack at sp + 7 slots: 0x00000074f16fef10 is pointing into the stack for thread: 0x0000018a39a74fd0


---------------  P R O C E S S  ---------------

Threads class SMR info:
_java_thread_list=0x0000018a654bcda0, length=20, elements={
0x0000018a39a74fd0, 0x0000018a5c71ec20, 0x0000018a5c71fa90, 0x0000018a5c7356e0,
0x0000018a5c7381a0, 0x0000018a5c738b50, 0x0000018a5c73ca00, 0x0000018a5c73d6e0,
0x0000018a5c73e180, 0x0000018a5c75b350, 0x0000018a5d203470, 0x0000018a5d20c7c0,
0x0000018a5d47d440, 0x0000018a5d47eb50, 0x0000018a5d6fe530, 0x0000018a64d30770,
0x0000018a64e33ae0, 0x0000018a6524a020, 0x0000018a6540cae0, 0x0000018a6540c610
}

Java Threads: ( => current thread )
=>0x0000018a39a74fd0 JavaThread "main" [_thread_in_native, id=4716, stack(0x00000074f1600000,0x00000074f1700000)]
  0x0000018a5c71ec20 JavaThread "Reference Handler" daemon [_thread_blocked, id=17364, stack(0x00000074f1d00000,0x00000074f1e00000)]
  0x0000018a5c71fa90 JavaThread "Finalizer" daemon [_thread_blocked, id=8696, stack(0x00000074f1e00000,0x00000074f1f00000)]
  0x0000018a5c7356e0 JavaThread "Signal Dispatcher" daemon [_thread_blocked, id=15052, stack(0x00000074f1f00000,0x00000074f2000000)]
  0x0000018a5c7381a0 JavaThread "Attach Listener" daemon [_thread_blocked, id=32, stack(0x00000074f2000000,0x00000074f2100000)]
  0x0000018a5c738b50 JavaThread "Service Thread" daemon [_thread_blocked, id=396, stack(0x00000074f2100000,0x00000074f2200000)]
  0x0000018a5c73ca00 JavaThread "Monitor Deflation Thread" daemon [_thread_blocked, id=4852, stack(0x00000074f2200000,0x00000074f2300000)]
  0x0000018a5c73d6e0 JavaThread "C2 CompilerThread0" daemon [_thread_blocked, id=8808, stack(0x00000074f2300000,0x00000074f2400000)]
  0x0000018a5c73e180 JavaThread "C1 CompilerThread0" daemon [_thread_blocked, id=16820, stack(0x00000074f2400000,0x00000074f2500000)]
  0x0000018a5c75b350 JavaThread "Sweeper thread" daemon [_thread_blocked, id=6640, stack(0x00000074f2500000,0x00000074f2600000)]
  0x0000018a5d203470 JavaThread "Notification Thread" daemon [_thread_blocked, id=12948, stack(0x00000074f2600000,0x00000074f2700000)]
  0x0000018a5d20c7c0 JavaThread "Common-Cleaner" daemon [_thread_blocked, id=7148, stack(0x00000074f2800000,0x00000074f2900000)]
  0x0000018a5d47d440 JavaThread "Java2D Disposer" daemon [_thread_blocked, id=2144, stack(0x00000074f2900000,0x00000074f2a00000)]
  0x0000018a5d47eb50 JavaThread "AWT-Windows" daemon [_thread_in_native, id=11152, stack(0x00000074f2b00000,0x00000074f2c00000)]
  0x0000018a5d6fe530 JavaThread "Swing-Shell" daemon [_thread_blocked, id=1224, stack(0x00000074f2c00000,0x00000074f2d00000)]
  0x0000018a64d30770 JavaThread "AWT-Shutdown" [_thread_blocked, id=5712, stack(0x00000074f2a00000,0x00000074f2b00000)]
  0x0000018a64e33ae0 JavaThread "AWT-EventQueue-0" [_thread_blocked, id=5852, stack(0x00000074f3000000,0x00000074f3100000)]
  0x0000018a6524a020 JavaThread "Image Fetcher 0" daemon [_thread_blocked, id=17328, stack(0x00000074f3d00000,0x00000074f3e00000)]
  0x0000018a6540cae0 JavaThread "D3D Screen Updater" daemon [_thread_blocked, id=17064, stack(0x00000074f4100000,0x00000074f4200000)]
  0x0000018a6540c610 JavaThread "TimerQueue" daemon [_thread_blocked, id=6348, stack(0x00000074f4000000,0x00000074f4100000)]

Other Threads:
  0x0000018a5c714750 VMThread "VM Thread" [stack: 0x00000074f1c00000,0x00000074f1d00000] [id=9864]
  0x0000018a5d20a380 WatcherThread [stack: 0x00000074f2700000,0x00000074f2800000] [id=7232]
  0x0000018a39ac2cd0 GCTaskThread "GC Thread#0" [stack: 0x00000074f1700000,0x00000074f1800000] [id=12364]
  0x0000018a64da5150 GCTaskThread "GC Thread#1" [stack: 0x00000074f4200000,0x00000074f4300000] [id=11272]
  0x0000018a64da5ec0 GCTaskThread "GC Thread#2" [stack: 0x00000074f4300000,0x00000074f4400000] [id=16972]
  0x0000018a64da6420 GCTaskThread "GC Thread#3" [stack: 0x00000074f4400000,0x00000074f4500000] [id=5636]
  0x0000018a64da7f00 GCTaskThread "GC Thread#4" [stack: 0x00000074f4500000,0x00000074f4600000] [id=16836]
  0x0000018a64da7440 GCTaskThread "GC Thread#5" [stack: 0x00000074f4600000,0x00000074f4700000] [id=12008]
  0x0000018a64da66d0 GCTaskThread "GC Thread#6" [stack: 0x00000074f4700000,0x00000074f4800000] [id=5484]
  0x0000018a64da5c10 GCTaskThread "GC Thread#7" [stack: 0x00000074f4800000,0x00000074f4900000] [id=9624]
  0x0000018a39ad4a70 ConcurrentGCThread "G1 Main Marker" [stack: 0x00000074f1800000,0x00000074f1900000] [id=14148]
  0x0000018a39ad5c20 ConcurrentGCThread "G1 Conc#0" [stack: 0x00000074f1900000,0x00000074f1a00000] [id=16484]
  0x0000018a5c5d24c0 ConcurrentGCThread "G1 Refine#0" [stack: 0x00000074f1a00000,0x00000074f1b00000] [id=11612]
  0x0000018a5c5d2ee0 ConcurrentGCThread "G1 Service" [stack: 0x00000074f1b00000,0x00000074f1c00000] [id=2472]

Threads with active compile tasks:

VM state: not at safepoint (normal execution)

VM Mutex/Monitor currently owned by a thread: None

Heap address: 0x0000000701a00000, size: 4070 MB, Compressed Oops mode: Zero based, Oop shift amount: 3

CDS archive(s) mapped at: [0x0000000800000000-0x0000000800bc0000-0x0000000800bc0000), size 12320768, SharedBaseAddress: 0x0000000800000000, ArchiveRelocationMode: 0.
Compressed class space mapped at: 0x0000000800c00000-0x0000000840c00000, reserved size: 1073741824
Narrow klass base: 0x0000000800000000, Narrow klass shift: 0, Narrow klass range: 0x100000000

GC Precious Log:
 CPUs: 8 total, 8 available
 Memory: 16277M
 Large Page Support: Disabled
 NUMA Support: Disabled
 Compressed Oops: Enabled (Zero based)
 Heap Region Size: 2M
 Heap Min Capacity: 8M
 Heap Initial Capacity: 256M
 Heap Max Capacity: 4070M
 Pre-touch: Disabled
 Parallel Workers: 8
 Concurrent Workers: 2
 Concurrent Refinement Workers: 8
 Periodic GC: Disabled

Heap:
 garbage-first heap   total 262144K, used 11733K [0x0000000701a00000, 0x0000000800000000)
  region size 2048K, 4 young (8192K), 2 survivors (4096K)
 Metaspace       used 15484K, committed 15744K, reserved 1064960K
  class space    used 1651K, committed 1792K, reserved 1048576K

Heap Regions: E=young(eden), S=young(survivor), O=old, HS=humongous(starts), HC=humongous(continues), CS=collection set, F=free, OA=open archive, CA=closed archive, TAMS=top-at-mark-start (previous, next)
|   0|0x0000000701a00000, 0x0000000701c00000, 0x0000000701c00000|100%|HS|  |TAMS 0x0000000701a00000, 0x0000000701a00000| Complete 
|   1|0x0000000701c00000, 0x0000000701e00000, 0x0000000701e00000|100%|HC|  |TAMS 0x0000000701c00000, 0x0000000701c00000| Complete 
|   2|0x0000000701e00000, 0x0000000702000000, 0x0000000702000000|100%|HC|  |TAMS 0x0000000701e00000, 0x0000000701e00000| Complete 
|   3|0x0000000702000000, 0x0000000702000000, 0x0000000702200000|  0%| F|  |TAMS 0x0000000702000000, 0x0000000702000000| Untracked 
|   4|0x0000000702200000, 0x0000000702200000, 0x0000000702400000|  0%| F|  |TAMS 0x0000000702200000, 0x0000000702200000| Untracked 
|   5|0x0000000702400000, 0x0000000702400000, 0x0000000702600000|  0%| F|  |TAMS 0x0000000702400000, 0x0000000702400000| Untracked 
|   6|0x0000000702600000, 0x0000000702600000, 0x0000000702800000|  0%| F|  |TAMS 0x0000000702600000, 0x0000000702600000| Untracked 
|   7|0x0000000702800000, 0x0000000702800000, 0x0000000702a00000|  0%| F|  |TAMS 0x0000000702800000, 0x0000000702800000| Untracked 
|   8|0x0000000702a00000, 0x0000000702a00000, 0x0000000702c00000|  0%| F|  |TAMS 0x0000000702a00000, 0x0000000702a00000| Untracked 
|   9|0x0000000702c00000, 0x0000000702c00000, 0x0000000702e00000|  0%| F|  |TAMS 0x0000000702c00000, 0x0000000702c00000| Untracked 
|  10|0x0000000702e00000, 0x0000000702e00000, 0x0000000703000000|  0%| F|  |TAMS 0x0000000702e00000, 0x0000000702e00000| Untracked 
|  11|0x0000000703000000, 0x0000000703000000, 0x0000000703200000|  0%| F|  |TAMS 0x0000000703000000, 0x0000000703000000| Untracked 
|  12|0x0000000703200000, 0x0000000703200000, 0x0000000703400000|  0%| F|  |TAMS 0x0000000703200000, 0x0000000703200000| Untracked 
|  13|0x0000000703400000, 0x0000000703400000, 0x0000000703600000|  0%| F|  |TAMS 0x0000000703400000, 0x0000000703400000| Untracked 
|  14|0x0000000703600000, 0x0000000703600000, 0x0000000703800000|  0%| F|  |TAMS 0x0000000703600000, 0x0000000703600000| Untracked 
|  15|0x0000000703800000, 0x0000000703800000, 0x0000000703a00000|  0%| F|  |TAMS 0x0000000703800000, 0x0000000703800000| Untracked 
|  16|0x0000000703a00000, 0x0000000703a00000, 0x0000000703c00000|  0%| F|  |TAMS 0x0000000703a00000, 0x0000000703a00000| Untracked 
|  17|0x0000000703c00000, 0x0000000703c00000, 0x0000000703e00000|  0%| F|  |TAMS 0x0000000703c00000, 0x0000000703c00000| Untracked 
|  18|0x0000000703e00000, 0x0000000703e00000, 0x0000000704000000|  0%| F|  |TAMS 0x0000000703e00000, 0x0000000703e00000| Untracked 
|  19|0x0000000704000000, 0x0000000704000000, 0x0000000704200000|  0%| F|  |TAMS 0x0000000704000000, 0x0000000704000000| Untracked 
|  20|0x0000000704200000, 0x0000000704200000, 0x0000000704400000|  0%| F|  |TAMS 0x0000000704200000, 0x0000000704200000| Untracked 
|  21|0x0000000704400000, 0x0000000704400000, 0x0000000704600000|  0%| F|  |TAMS 0x0000000704400000, 0x0000000704400000| Untracked 
|  22|0x0000000704600000, 0x0000000704600000, 0x0000000704800000|  0%| F|  |TAMS 0x0000000704600000, 0x0000000704600000| Untracked 
|  23|0x0000000704800000, 0x0000000704800000, 0x0000000704a00000|  0%| F|  |TAMS 0x0000000704800000, 0x0000000704800000| Untracked 
|  24|0x0000000704a00000, 0x0000000704a00000, 0x0000000704c00000|  0%| F|  |TAMS 0x0000000704a00000, 0x0000000704a00000| Untracked 
|  25|0x0000000704c00000, 0x0000000704c00000, 0x0000000704e00000|  0%| F|  |TAMS 0x0000000704c00000, 0x0000000704c00000| Untracked 
|  26|0x0000000704e00000, 0x0000000704e00000, 0x0000000705000000|  0%| F|  |TAMS 0x0000000704e00000, 0x0000000704e00000| Untracked 
|  27|0x0000000705000000, 0x0000000705000000, 0x0000000705200000|  0%| F|  |TAMS 0x0000000705000000, 0x0000000705000000| Untracked 
|  28|0x0000000705200000, 0x0000000705200000, 0x0000000705400000|  0%| F|  |TAMS 0x0000000705200000, 0x0000000705200000| Untracked 
|  29|0x0000000705400000, 0x0000000705400000, 0x0000000705600000|  0%| F|  |TAMS 0x0000000705400000, 0x0000000705400000| Untracked 
|  30|0x0000000705600000, 0x0000000705600000, 0x0000000705800000|  0%| F|  |TAMS 0x0000000705600000, 0x0000000705600000| Untracked 
|  31|0x0000000705800000, 0x0000000705800000, 0x0000000705a00000|  0%| F|  |TAMS 0x0000000705800000, 0x0000000705800000| Untracked 
|  32|0x0000000705a00000, 0x0000000705a00000, 0x0000000705c00000|  0%| F|  |TAMS 0x0000000705a00000, 0x0000000705a00000| Untracked 
|  33|0x0000000705c00000, 0x0000000705c00000, 0x0000000705e00000|  0%| F|  |TAMS 0x0000000705c00000, 0x0000000705c00000| Untracked 
|  34|0x0000000705e00000, 0x0000000705e00000, 0x0000000706000000|  0%| F|  |TAMS 0x0000000705e00000, 0x0000000705e00000| Untracked 
|  35|0x0000000706000000, 0x0000000706000000, 0x0000000706200000|  0%| F|  |TAMS 0x0000000706000000, 0x0000000706000000| Untracked 
|  36|0x0000000706200000, 0x0000000706200000, 0x0000000706400000|  0%| F|  |TAMS 0x0000000706200000, 0x0000000706200000| Untracked 
|  37|0x0000000706400000, 0x0000000706400000, 0x0000000706600000|  0%| F|  |TAMS 0x0000000706400000, 0x0000000706400000| Untracked 
|  38|0x0000000706600000, 0x0000000706600000, 0x0000000706800000|  0%| F|  |TAMS 0x0000000706600000, 0x0000000706600000| Untracked 
|  39|0x0000000706800000, 0x0000000706800000, 0x0000000706a00000|  0%| F|  |TAMS 0x0000000706800000, 0x0000000706800000| Untracked 
|  40|0x0000000706a00000, 0x0000000706a00000, 0x0000000706c00000|  0%| F|  |TAMS 0x0000000706a00000, 0x0000000706a00000| Untracked 
|  41|0x0000000706c00000, 0x0000000706c00000, 0x0000000706e00000|  0%| F|  |TAMS 0x0000000706c00000, 0x0000000706c00000| Untracked 
|  42|0x0000000706e00000, 0x0000000706e00000, 0x0000000707000000|  0%| F|  |TAMS 0x0000000706e00000, 0x0000000706e00000| Untracked 
|  43|0x0000000707000000, 0x0000000707000000, 0x0000000707200000|  0%| F|  |TAMS 0x0000000707000000, 0x0000000707000000| Untracked 
|  44|0x0000000707200000, 0x0000000707200000, 0x0000000707400000|  0%| F|  |TAMS 0x0000000707200000, 0x0000000707200000| Untracked 
|  45|0x0000000707400000, 0x0000000707400000, 0x0000000707600000|  0%| F|  |TAMS 0x0000000707400000, 0x0000000707400000| Untracked 
|  46|0x0000000707600000, 0x0000000707600000, 0x0000000707800000|  0%| F|  |TAMS 0x0000000707600000, 0x0000000707600000| Untracked 
|  47|0x0000000707800000, 0x0000000707800000, 0x0000000707a00000|  0%| F|  |TAMS 0x0000000707800000, 0x0000000707800000| Untracked 
|  48|0x0000000707a00000, 0x0000000707a00000, 0x0000000707c00000|  0%| F|  |TAMS 0x0000000707a00000, 0x0000000707a00000| Untracked 
|  49|0x0000000707c00000, 0x0000000707c00000, 0x0000000707e00000|  0%| F|  |TAMS 0x0000000707c00000, 0x0000000707c00000| Untracked 
|  50|0x0000000707e00000, 0x0000000707e00000, 0x0000000708000000|  0%| F|  |TAMS 0x0000000707e00000, 0x0000000707e00000| Untracked 
|  51|0x0000000708000000, 0x0000000708000000, 0x0000000708200000|  0%| F|  |TAMS 0x0000000708000000, 0x0000000708000000| Untracked 
|  52|0x0000000708200000, 0x0000000708200000, 0x0000000708400000|  0%| F|  |TAMS 0x0000000708200000, 0x0000000708200000| Untracked 
|  53|0x0000000708400000, 0x0000000708400000, 0x0000000708600000|  0%| F|  |TAMS 0x0000000708400000, 0x0000000708400000| Untracked 
|  54|0x0000000708600000, 0x0000000708600000, 0x0000000708800000|  0%| F|  |TAMS 0x0000000708600000, 0x0000000708600000| Untracked 
|  55|0x0000000708800000, 0x0000000708800000, 0x0000000708a00000|  0%| F|  |TAMS 0x0000000708800000, 0x0000000708800000| Untracked 
|  56|0x0000000708a00000, 0x0000000708a00000, 0x0000000708c00000|  0%| F|  |TAMS 0x0000000708a00000, 0x0000000708a00000| Untracked 
|  57|0x0000000708c00000, 0x0000000708c00000, 0x0000000708e00000|  0%| F|  |TAMS 0x0000000708c00000, 0x0000000708c00000| Untracked 
|  58|0x0000000708e00000, 0x0000000708e00000, 0x0000000709000000|  0%| F|  |TAMS 0x0000000708e00000, 0x0000000708e00000| Untracked 
|  59|0x0000000709000000, 0x0000000709000000, 0x0000000709200000|  0%| F|  |TAMS 0x0000000709000000, 0x0000000709000000| Untracked 
|  60|0x0000000709200000, 0x0000000709200000, 0x0000000709400000|  0%| F|  |TAMS 0x0000000709200000, 0x0000000709200000| Untracked 
|  61|0x0000000709400000, 0x0000000709400000, 0x0000000709600000|  0%| F|  |TAMS 0x0000000709400000, 0x0000000709400000| Untracked 
|  62|0x0000000709600000, 0x0000000709600000, 0x0000000709800000|  0%| F|  |TAMS 0x0000000709600000, 0x0000000709600000| Untracked 
|  63|0x0000000709800000, 0x0000000709800000, 0x0000000709a00000|  0%| F|  |TAMS 0x0000000709800000, 0x0000000709800000| Untracked 
|  64|0x0000000709a00000, 0x0000000709a00000, 0x0000000709c00000|  0%| F|  |TAMS 0x0000000709a00000, 0x0000000709a00000| Untracked 
|  65|0x0000000709c00000, 0x0000000709c00000, 0x0000000709e00000|  0%| F|  |TAMS 0x0000000709c00000, 0x0000000709c00000| Untracked 
|  66|0x0000000709e00000, 0x0000000709e00000, 0x000000070a000000|  0%| F|  |TAMS 0x0000000709e00000, 0x0000000709e00000| Untracked 
|  67|0x000000070a000000, 0x000000070a000000, 0x000000070a200000|  0%| F|  |TAMS 0x000000070a000000, 0x000000070a000000| Untracked 
|  68|0x000000070a200000, 0x000000070a200000, 0x000000070a400000|  0%| F|  |TAMS 0x000000070a200000, 0x000000070a200000| Untracked 
|  69|0x000000070a400000, 0x000000070a400000, 0x000000070a600000|  0%| F|  |TAMS 0x000000070a400000, 0x000000070a400000| Untracked 
|  70|0x000000070a600000, 0x000000070a600000, 0x000000070a800000|  0%| F|  |TAMS 0x000000070a600000, 0x000000070a600000| Untracked 
|  71|0x000000070a800000, 0x000000070a800000, 0x000000070aa00000|  0%| F|  |TAMS 0x000000070a800000, 0x000000070a800000| Untracked 
|  72|0x000000070aa00000, 0x000000070aa00000, 0x000000070ac00000|  0%| F|  |TAMS 0x000000070aa00000, 0x000000070aa00000| Untracked 
|  73|0x000000070ac00000, 0x000000070ac00000, 0x000000070ae00000|  0%| F|  |TAMS 0x000000070ac00000, 0x000000070ac00000| Untracked 
|  74|0x000000070ae00000, 0x000000070ae00000, 0x000000070b000000|  0%| F|  |TAMS 0x000000070ae00000, 0x000000070ae00000| Untracked 
|  75|0x000000070b000000, 0x000000070b000000, 0x000000070b200000|  0%| F|  |TAMS 0x000000070b000000, 0x000000070b000000| Untracked 
|  76|0x000000070b200000, 0x000000070b200000, 0x000000070b400000|  0%| F|  |TAMS 0x000000070b200000, 0x000000070b200000| Untracked 
|  77|0x000000070b400000, 0x000000070b400000, 0x000000070b600000|  0%| F|  |TAMS 0x000000070b400000, 0x000000070b400000| Untracked 
|  78|0x000000070b600000, 0x000000070b600000, 0x000000070b800000|  0%| F|  |TAMS 0x000000070b600000, 0x000000070b600000| Untracked 
|  79|0x000000070b800000, 0x000000070b800000, 0x000000070ba00000|  0%| F|  |TAMS 0x000000070b800000, 0x000000070b800000| Untracked 
|  80|0x000000070ba00000, 0x000000070ba00000, 0x000000070bc00000|  0%| F|  |TAMS 0x000000070ba00000, 0x000000070ba00000| Untracked 
|  81|0x000000070bc00000, 0x000000070bc00000, 0x000000070be00000|  0%| F|  |TAMS 0x000000070bc00000, 0x000000070bc00000| Untracked 
|  82|0x000000070be00000, 0x000000070be00000, 0x000000070c000000|  0%| F|  |TAMS 0x000000070be00000, 0x000000070be00000| Untracked 
|  83|0x000000070c000000, 0x000000070c000000, 0x000000070c200000|  0%| F|  |TAMS 0x000000070c000000, 0x000000070c000000| Untracked 
|  84|0x000000070c200000, 0x000000070c200000, 0x000000070c400000|  0%| F|  |TAMS 0x000000070c200000, 0x000000070c200000| Untracked 
|  85|0x000000070c400000, 0x000000070c400000, 0x000000070c600000|  0%| F|  |TAMS 0x000000070c400000, 0x000000070c400000| Untracked 
|  86|0x000000070c600000, 0x000000070c600000, 0x000000070c800000|  0%| F|  |TAMS 0x000000070c600000, 0x000000070c600000| Untracked 
|  87|0x000000070c800000, 0x000000070c800000, 0x000000070ca00000|  0%| F|  |TAMS 0x000000070c800000, 0x000000070c800000| Untracked 
|  88|0x000000070ca00000, 0x000000070ca00000, 0x000000070cc00000|  0%| F|  |TAMS 0x000000070ca00000, 0x000000070ca00000| Untracked 
|  89|0x000000070cc00000, 0x000000070cc00000, 0x000000070ce00000|  0%| F|  |TAMS 0x000000070cc00000, 0x000000070cc00000| Untracked 
|  90|0x000000070ce00000, 0x000000070ce00000, 0x000000070d000000|  0%| F|  |TAMS 0x000000070ce00000, 0x000000070ce00000| Untracked 
|  91|0x000000070d000000, 0x000000070d000000, 0x000000070d200000|  0%| F|  |TAMS 0x000000070d000000, 0x000000070d000000| Untracked 
|  92|0x000000070d200000, 0x000000070d200000, 0x000000070d400000|  0%| F|  |TAMS 0x000000070d200000, 0x000000070d200000| Untracked 
|  93|0x000000070d400000, 0x000000070d400000, 0x000000070d600000|  0%| F|  |TAMS 0x000000070d400000, 0x000000070d400000| Untracked 
|  94|0x000000070d600000, 0x000000070d600000, 0x000000070d800000|  0%| F|  |TAMS 0x000000070d600000, 0x000000070d600000| Untracked 
|  95|0x000000070d800000, 0x000000070d800000, 0x000000070da00000|  0%| F|  |TAMS 0x000000070d800000, 0x000000070d800000| Untracked 
|  96|0x000000070da00000, 0x000000070da00000, 0x000000070dc00000|  0%| F|  |TAMS 0x000000070da00000, 0x000000070da00000| Untracked 
|  97|0x000000070dc00000, 0x000000070dc00000, 0x000000070de00000|  0%| F|  |TAMS 0x000000070dc00000, 0x000000070dc00000| Untracked 
|  98|0x000000070de00000, 0x000000070de00000, 0x000000070e000000|  0%| F|  |TAMS 0x000000070de00000, 0x000000070de00000| Untracked 
|  99|0x000000070e000000, 0x000000070e000000, 0x000000070e200000|  0%| F|  |TAMS 0x000000070e000000, 0x000000070e000000| Untracked 
| 100|0x000000070e200000, 0x000000070e200000, 0x000000070e400000|  0%| F|  |TAMS 0x000000070e200000, 0x000000070e200000| Untracked 
| 101|0x000000070e400000, 0x000000070e400000, 0x000000070e600000|  0%| F|  |TAMS 0x000000070e400000, 0x000000070e400000| Untracked 
| 102|0x000000070e600000, 0x000000070e600000, 0x000000070e800000|  0%| F|  |TAMS 0x000000070e600000, 0x000000070e600000| Untracked 
| 103|0x000000070e800000, 0x000000070e800000, 0x000000070ea00000|  0%| F|  |TAMS 0x000000070e800000, 0x000000070e800000| Untracked 
| 104|0x000000070ea00000, 0x000000070ea00000, 0x000000070ec00000|  0%| F|  |TAMS 0x000000070ea00000, 0x000000070ea00000| Untracked 
| 105|0x000000070ec00000, 0x000000070ec00000, 0x000000070ee00000|  0%| F|  |TAMS 0x000000070ec00000, 0x000000070ec00000| Untracked 
| 106|0x000000070ee00000, 0x000000070ee00000, 0x000000070f000000|  0%| F|  |TAMS 0x000000070ee00000, 0x000000070ee00000| Untracked 
| 107|0x000000070f000000, 0x000000070f000000, 0x000000070f200000|  0%| F|  |TAMS 0x000000070f000000, 0x000000070f000000| Untracked 
| 108|0x000000070f200000, 0x000000070f200000, 0x000000070f400000|  0%| F|  |TAMS 0x000000070f200000, 0x000000070f200000| Untracked 
| 109|0x000000070f400000, 0x000000070f400000, 0x000000070f600000|  0%| F|  |TAMS 0x000000070f400000, 0x000000070f400000| Untracked 
| 110|0x000000070f600000, 0x000000070f600000, 0x000000070f800000|  0%| F|  |TAMS 0x000000070f600000, 0x000000070f600000| Untracked 
| 111|0x000000070f800000, 0x000000070f800000, 0x000000070fa00000|  0%| F|  |TAMS 0x000000070f800000, 0x000000070f800000| Untracked 
| 112|0x000000070fa00000, 0x000000070fa00000, 0x000000070fc00000|  0%| F|  |TAMS 0x000000070fa00000, 0x000000070fa00000| Untracked 
| 113|0x000000070fc00000, 0x000000070fc00000, 0x000000070fe00000|  0%| F|  |TAMS 0x000000070fc00000, 0x000000070fc00000| Untracked 
| 114|0x000000070fe00000, 0x000000070fe00000, 0x0000000710000000|  0%| F|  |TAMS 0x000000070fe00000, 0x000000070fe00000| Untracked 
| 115|0x0000000710000000, 0x00000007101754f8, 0x0000000710200000| 72%| S|CS|TAMS 0x0000000710000000, 0x0000000710000000| Complete 
| 116|0x0000000710200000, 0x0000000710400000, 0x0000000710400000|100%| S|CS|TAMS 0x0000000710200000, 0x0000000710200000| Complete 
| 117|0x0000000710400000, 0x0000000710400000, 0x0000000710600000|  0%| F|  |TAMS 0x0000000710400000, 0x0000000710400000| Untracked 
| 118|0x0000000710600000, 0x0000000710600000, 0x0000000710800000|  0%| F|  |TAMS 0x0000000710600000, 0x0000000710600000| Untracked 
| 119|0x0000000710800000, 0x0000000710800000, 0x0000000710a00000|  0%| F|  |TAMS 0x0000000710800000, 0x0000000710800000| Untracked 
| 120|0x0000000710a00000, 0x0000000710a00000, 0x0000000710c00000|  0%| F|  |TAMS 0x0000000710a00000, 0x0000000710a00000| Untracked 
| 121|0x0000000710c00000, 0x0000000710c00000, 0x0000000710e00000|  0%| F|  |TAMS 0x0000000710c00000, 0x0000000710c00000| Untracked 
| 122|0x0000000710e00000, 0x0000000710e00000, 0x0000000711000000|  0%| F|  |TAMS 0x0000000710e00000, 0x0000000710e00000| Untracked 
| 123|0x0000000711000000, 0x0000000711000000, 0x0000000711200000|  0%| F|  |TAMS 0x0000000711000000, 0x0000000711000000| Untracked 
| 124|0x0000000711200000, 0x0000000711200000, 0x0000000711400000|  0%| F|  |TAMS 0x0000000711200000, 0x0000000711200000| Untracked 
| 125|0x0000000711400000, 0x0000000711400000, 0x0000000711600000|  0%| F|  |TAMS 0x0000000711400000, 0x0000000711400000| Untracked 
| 126|0x0000000711600000, 0x00000007116ec4c8, 0x0000000711800000| 46%| E|  |TAMS 0x0000000711600000, 0x0000000711600000| Complete 
| 127|0x0000000711800000, 0x0000000711a00000, 0x0000000711a00000|100%| E|CS|TAMS 0x0000000711800000, 0x0000000711800000| Complete 

Card table byte_map: [0x0000018a50db0000,0x0000018a515b0000] _byte_map_base: 0x0000018a4d5a3000

Marking Bits (Prev, Next): (CMBitMap*) 0x0000018a39ac42f0, (CMBitMap*) 0x0000018a39ac4330
 Prev Bits: [0x0000018a51db0000, 0x0000018a55d48000)
 Next Bits: [0x0000018a55d50000, 0x0000018a59ce8000)

Polling page: 0x0000018a37960000

Metaspace:

Usage:
  Non-class:     13.51 MB used.
      Class:      1.61 MB used.
       Both:     15.12 MB used.

Virtual space:
  Non-class space:       16.00 MB reserved,      13.62 MB ( 85%) committed,  2 nodes.
      Class space:        1.00 GB reserved,       1.75 MB ( <1%) committed,  1 nodes.
             Both:        1.02 GB reserved,      15.38 MB (  1%) committed. 

Chunk freelists:
   Non-Class:  2.22 MB
       Class:  2.16 MB
        Both:  4.38 MB

MaxMetaspaceSize: unlimited
CompressedClassSpaceSize: 1.00 GB
Initial GC threshold: 21.00 MB
Current GC threshold: 21.00 MB
CDS: on
MetaspaceReclaimPolicy: balanced
 - commit_granule_bytes: 65536.
 - commit_granule_words: 8192.
 - virtual_space_node_default_size: 1048576.
 - enlarge_chunks_in_place: 1.
 - new_chunks_are_fully_committed: 0.
 - uncommit_free_chunks: 1.
 - use_allocation_guard: 0.
 - handle_deallocations: 1.


Internal statistics:

num_allocs_failed_limit: 0.
num_arena_births: 186.
num_arena_deaths: 0.
num_vsnodes_births: 3.
num_vsnodes_deaths: 0.
num_space_committed: 244.
num_space_uncommitted: 0.
num_chunks_returned_to_freelist: 0.
num_chunks_taken_from_freelist: 390.
num_chunk_merges: 0.
num_chunk_splits: 245.
num_chunks_enlarged: 149.
num_purges: 0.
num_inconsistent_stats: 0.

CodeHeap 'non-profiled nmethods': size=120000Kb used=564Kb max_used=564Kb free=119435Kb
 bounds [0x0000018a48d50000, 0x0000018a48fc0000, 0x0000018a50280000]
CodeHeap 'profiled nmethods': size=120000Kb used=3452Kb max_used=3452Kb free=116547Kb
 bounds [0x0000018a41820000, 0x0000018a41b80000, 0x0000018a48d50000]
CodeHeap 'non-nmethods': size=5760Kb used=1856Kb max_used=1871Kb free=3903Kb
 bounds [0x0000018a41280000, 0x0000018a414f0000, 0x0000018a41820000]
 total_blobs=3359 nmethods=1995 adapters=1277
 compilation: enabled
              stopped_count=0, restarted_count=0
 full_count=0

Compilation events (20 events):
Event: 6.954 Thread 0x0000018a5c73e180 1986       3       java.util.concurrent.atomic.AtomicLong::compareAndSet (13 bytes)
Event: 6.954 Thread 0x0000018a5c73e180 nmethod 1986 0x0000018a41b79910 code [0x0000018a41b79aa0, 0x0000018a41b79bd8]
Event: 6.954 Thread 0x0000018a5c73e180 1987       3       java.util.concurrent.atomic.AtomicLong::incrementAndGet (14 bytes)
Event: 6.954 Thread 0x0000018a5c73e180 nmethod 1987 0x0000018a41b79c90 code [0x0000018a41b79e20, 0x0000018a41b79f38]
Event: 6.954 Thread 0x0000018a5c73e180 1988       3       jdk.internal.misc.Unsafe::setMemory (29 bytes)
Event: 6.955 Thread 0x0000018a5c73e180 nmethod 1988 0x0000018a41b7a010 code [0x0000018a41b7a240, 0x0000018a41b7aa18]
Event: 6.987 Thread 0x0000018a5c73e180 1990   !   3       java.nio.Bits::reserveMemory (232 bytes)
Event: 6.988 Thread 0x0000018a5c73e180 nmethod 1990 0x0000018a41b7ae10 code [0x0000018a41b7b1e0, 0x0000018a41b7ca68]
Event: 6.988 Thread 0x0000018a5c73e180 1991       3       jdk.internal.misc.Unsafe::setMemory (10 bytes)
Event: 6.988 Thread 0x0000018a5c73e180 nmethod 1991 0x0000018a41b7d690 code [0x0000018a41b7d840, 0x0000018a41b7d9a8]
Event: 6.988 Thread 0x0000018a5c73e180 1992       3       java.nio.FloatBuffer::<init> (24 bytes)
Event: 6.988 Thread 0x0000018a5c73e180 nmethod 1992 0x0000018a41b7da90 code [0x0000018a41b7dc40, 0x0000018a41b7dde8]
Event: 6.988 Thread 0x0000018a5c73e180 1993       3       java.nio.FloatBuffer::limit (6 bytes)
Event: 6.988 Thread 0x0000018a5c73e180 nmethod 1993 0x0000018a41b7de90 code [0x0000018a41b7e040, 0x0000018a41b7e1e8]
Event: 6.988 Thread 0x0000018a5c73e180 1994       3       java.nio.FloatBuffer::limit (8 bytes)
Event: 6.988 Thread 0x0000018a5c73e180 nmethod 1994 0x0000018a41b7e290 code [0x0000018a41b7e420, 0x0000018a41b7e568]
Event: 6.988 Thread 0x0000018a5c73e180 1995       3       java.nio.FloatBuffer::position (6 bytes)
Event: 6.988 Thread 0x0000018a5c73e180 nmethod 1995 0x0000018a41b7e610 code [0x0000018a41b7e7c0, 0x0000018a41b7e968]
Event: 7.136 Thread 0x0000018a5c73e180 1996       3       java.lang.invoke.LambdaForm$MH/0x0000000800c12c00::invoke (25 bytes)
Event: 7.136 Thread 0x0000018a5c73e180 nmethod 1996 0x0000018a41b7ea10 code [0x0000018a41b7ebe0, 0x0000018a41b7f138]

GC Heap History (2 events):
Event: 5.935 GC heap before
{Heap before GC invocations=0 (full 0):
 garbage-first heap   total 262144K, used 20480K [0x0000000701a00000, 0x0000000800000000)
  region size 2048K, 11 young (22528K), 0 survivors (0K)
 Metaspace       used 15442K, committed 15744K, reserved 1064960K
  class space    used 1651K, committed 1792K, reserved 1048576K
}
Event: 5.943 GC heap after
{Heap after GC invocations=1 (full 0):
 garbage-first heap   total 262144K, used 3541K [0x0000000701a00000, 0x0000000800000000)
  region size 2048K, 2 young (4096K), 2 survivors (4096K)
 Metaspace       used 15442K, committed 15744K, reserved 1064960K
  class space    used 1651K, committed 1792K, reserved 1048576K
}

Deoptimization events (20 events):
Event: 3.575 Thread 0x0000018a64e33ae0 DEOPT PACKING pc=0x0000018a48d73e2c sp=0x00000074f30fdbf0
Event: 3.575 Thread 0x0000018a64e33ae0 DEOPT UNPACKING pc=0x0000018a412d23a3 sp=0x00000074f30fdb88 mode 2
Event: 3.575 Thread 0x0000018a64e33ae0 Uncommon trap: trap_request=0xffffffde fr.pc=0x0000018a48d73e2c relative=0x00000000000001ac
Event: 3.575 Thread 0x0000018a64e33ae0 Uncommon trap: reason=class_check action=maybe_recompile pc=0x0000018a48d73e2c method=java.lang.String.equals(Ljava/lang/Object;)Z @ 8 c2
Event: 3.575 Thread 0x0000018a64e33ae0 DEOPT PACKING pc=0x0000018a48d73e2c sp=0x00000074f30fdb10
Event: 3.575 Thread 0x0000018a64e33ae0 DEOPT UNPACKING pc=0x0000018a412d23a3 sp=0x00000074f30fdaa8 mode 2
Event: 5.628 Thread 0x0000018a64e33ae0 DEOPT PACKING pc=0x0000018a418482fe sp=0x00000074f30fd370
Event: 5.628 Thread 0x0000018a64e33ae0 DEOPT UNPACKING pc=0x0000018a412d2b43 sp=0x00000074f30fc7e0 mode 0
Event: 5.689 Thread 0x0000018a64e33ae0 Uncommon trap: trap_request=0xffffff45 fr.pc=0x0000018a48da2d04 relative=0x0000000000000444
Event: 5.689 Thread 0x0000018a64e33ae0 Uncommon trap: reason=unstable_if action=reinterpret pc=0x0000018a48da2d04 method=java.util.HashMap.getNode(Ljava/lang/Object;)Ljava/util/HashMap$Node; @ 66 c2
Event: 5.689 Thread 0x0000018a64e33ae0 DEOPT PACKING pc=0x0000018a48da2d04 sp=0x00000074f30fdec0
Event: 5.689 Thread 0x0000018a64e33ae0 DEOPT UNPACKING pc=0x0000018a412d23a3 sp=0x00000074f30fdde0 mode 2
Event: 5.689 Thread 0x0000018a64e33ae0 Uncommon trap: trap_request=0xffffffde fr.pc=0x0000018a48dbfd9c relative=0x0000000000000a1c
Event: 5.689 Thread 0x0000018a64e33ae0 Uncommon trap: reason=class_check action=maybe_recompile pc=0x0000018a48dbfd9c method=java.util.HashMap.putVal(ILjava/lang/Object;Ljava/lang/Object;ZZ)Ljava/lang/Object; @ 91 c2
Event: 5.689 Thread 0x0000018a64e33ae0 DEOPT PACKING pc=0x0000018a48dbfd9c sp=0x00000074f30fde80
Event: 5.689 Thread 0x0000018a64e33ae0 DEOPT UNPACKING pc=0x0000018a412d23a3 sp=0x00000074f30fddb8 mode 2
Event: 5.689 Thread 0x0000018a64e33ae0 Uncommon trap: trap_request=0xffffff45 fr.pc=0x0000018a48da4b0c relative=0x000000000000052c
Event: 5.689 Thread 0x0000018a64e33ae0 Uncommon trap: reason=unstable_if action=reinterpret pc=0x0000018a48da4b0c method=java.util.concurrent.ConcurrentHashMap.get(Ljava/lang/Object;)Ljava/lang/Object; @ 76 c2
Event: 5.689 Thread 0x0000018a64e33ae0 DEOPT PACKING pc=0x0000018a48da4b0c sp=0x00000074f30fdfe0
Event: 5.689 Thread 0x0000018a64e33ae0 DEOPT UNPACKING pc=0x0000018a412d23a3 sp=0x00000074f30fdf88 mode 2

Classes unloaded (0 events):
No events

Classes redefined (0 events):
No events

Internal exceptions (20 events):
Event: 0.509 Thread 0x0000018a39a74fd0 Exception <a 'sun/nio/fs/WindowsException'{0x00000007113d8598}> (0x00000007113d8598) 
thrown [t:\workspace\open\src\hotspot\share\prims\jni.cpp, line 516]
Event: 0.518 Thread 0x0000018a39a74fd0 Exception <a 'java/lang/NoSuchMethodError'{0x00000007113ffc50}: 'int java.lang.invoke.DirectMethodHandle$Holder.invokeStaticInit(java.lang.Object, java.lang.Object, int, long)'> (0x00000007113ffc50) 
thrown [t:\workspace\open\src\hotspot\share\interpreter\linkResolver.cpp, line 766]
Event: 0.519 Thread 0x0000018a39a74fd0 Exception <a 'java/lang/NoSuchMethodError'{0x0000000711005b68}: 'java.lang.Object java.lang.invoke.DirectMethodHandle$Holder.newInvokeSpecial(java.lang.Object, java.lang.Object, int)'> (0x0000000711005b68) 
thrown [t:\workspace\open\src\hotspot\share\interpreter\linkResolver.cpp, line 766]
Event: 0.521 Thread 0x0000018a39a74fd0 Exception <a 'java/lang/NoSuchMethodError'{0x0000000711014648}: 'int java.lang.invoke.DirectMethodHandle$Holder.invokeStaticInit(java.lang.Object, java.lang.Object, long, long)'> (0x0000000711014648) 
thrown [t:\workspace\open\src\hotspot\share\interpreter\linkResolver.cpp, line 766]
Event: 0.522 Thread 0x0000018a39a74fd0 Exception <a 'java/lang/NoSuchMethodError'{0x000000071101a2f8}: 'java.lang.Object java.lang.invoke.DirectMethodHandle$Holder.newInvokeSpecial(java.lang.Object, java.lang.Object, long)'> (0x000000071101a2f8) 
thrown [t:\workspace\open\src\hotspot\share\interpreter\linkResolver.cpp, line 766]
Event: 0.522 Thread 0x0000018a39a74fd0 Exception <a 'java/lang/NoSuchMethodError'{0x000000071101dbc0}: 'java.lang.Object java.lang.invoke.Invokers$Holder.linkToTargetMethod(java.lang.Object, long, java.lang.Object)'> (0x000000071101dbc0) 
thrown [t:\workspace\open\src\hotspot\share\interpreter\linkResolver.cpp, line 766]
Event: 0.523 Thread 0x0000018a39a74fd0 Exception <a 'java/lang/NoSuchMethodError'{0x00000007110251c0}: 'int java.lang.invoke.DirectMethodHandle$Holder.invokeStaticInit(java.lang.Object, java.lang.Object, java.lang.Object, long)'> (0x00000007110251c0) 
thrown [t:\workspace\open\src\hotspot\share\interpreter\linkResolver.cpp, line 766]
Event: 0.541 Thread 0x0000018a39a74fd0 Exception <a 'sun/nio/fs/WindowsException'{0x00000007110859a8}> (0x00000007110859a8) 
thrown [t:\workspace\open\src\hotspot\share\prims\jni.cpp, line 516]
Event: 0.541 Thread 0x0000018a39a74fd0 Exception <a 'sun/nio/fs/WindowsException'{0x0000000711085d38}> (0x0000000711085d38) 
thrown [t:\workspace\open\src\hotspot\share\prims\jni.cpp, line 516]
Event: 0.571 Thread 0x0000018a39a74fd0 Exception <a 'sun/nio/fs/WindowsException'{0x0000000711113aa0}> (0x0000000711113aa0) 
thrown [t:\workspace\open\src\hotspot\share\prims\jni.cpp, line 516]
Event: 0.572 Thread 0x0000018a39a74fd0 Exception <a 'sun/nio/fs/WindowsException'{0x0000000711113e00}> (0x0000000711113e00) 
thrown [t:\workspace\open\src\hotspot\share\prims\jni.cpp, line 516]
Event: 1.029 Thread 0x0000018a39a74fd0 Exception <a 'sun/nio/fs/WindowsException'{0x0000000711159820}> (0x0000000711159820) 
thrown [t:\workspace\open\src\hotspot\share\prims\jni.cpp, line 516]
Event: 1.029 Thread 0x0000018a39a74fd0 Exception <a 'sun/nio/fs/WindowsException'{0x0000000711159bc0}> (0x0000000711159bc0) 
thrown [t:\workspace\open\src\hotspot\share\prims\jni.cpp, line 516]
Event: 1.034 Thread 0x0000018a39a74fd0 Exception <a 'sun/nio/fs/WindowsException'{0x0000000711161398}> (0x0000000711161398) 
thrown [t:\workspace\open\src\hotspot\share\prims\jni.cpp, line 516]
Event: 1.034 Thread 0x0000018a39a74fd0 Exception <a 'sun/nio/fs/WindowsException'{0x0000000711161668}> (0x0000000711161668) 
thrown [t:\workspace\open\src\hotspot\share\prims\jni.cpp, line 516]
Event: 1.104 Thread 0x0000018a39a74fd0 Exception <a 'sun/nio/fs/WindowsException'{0x0000000710e899f8}> (0x0000000710e899f8) 
thrown [t:\workspace\open\src\hotspot\share\prims\jni.cpp, line 516]
Event: 2.975 Thread 0x0000018a6524a020 Exception <a 'java/lang/NoSuchMethodError'{0x0000000710a0d700}: 'java.lang.Object java.lang.invoke.DirectMethodHandle$Holder.newInvokeSpecial(java.lang.Object, java.lang.Object, java.lang.Object, int, int, int, int, int)'> (0x0000000710a0d700) 
thrown [t:\workspace\open\src\hotspot\share\interpreter\linkResolver.cpp, line 766]
Event: 3.491 Thread 0x0000018a5d47eb50 Exception <a 'java/lang/NoSuchMethodError'{0x0000000711480930}: 'void java.lang.invoke.DirectMethodHandle$Holder.invokeVirtual(java.lang.Object, java.lang.Object)'> (0x0000000711480930) 
thrown [t:\workspace\open\src\hotspot\share\interpreter\linkResolver.cpp, line 766]
Event: 3.507 Thread 0x0000018a64e33ae0 Exception <a 'java/lang/NoSuchMethodError'{0x0000000710809e70}: 'void java.lang.invoke.DirectMethodHandle$Holder.invokeStaticInit(java.lang.Object)'> (0x0000000710809e70) 
thrown [t:\workspace\open\src\hotspot\share\interpreter\linkResolver.cpp, line 766]
Event: 3.605 Thread 0x0000018a64e33ae0 Exception <a 'java/lang/NoSuchMethodError'{0x0000000710863350}: 'int java.lang.invoke.DirectMethodHandle$Holder.invokeStatic(java.lang.Object)'> (0x0000000710863350) 
thrown [t:\workspace\open\src\hotspot\share\interpreter\linkResolver.cpp, line 766]

VM Operations (20 events):
Event: 2.998 Executing VM operation: HandshakeAllThreads
Event: 2.999 Executing VM operation: HandshakeAllThreads done
Event: 3.119 Executing VM operation: HandshakeAllThreads
Event: 3.119 Executing VM operation: HandshakeAllThreads done
Event: 3.123 Executing VM operation: HandshakeAllThreads
Event: 3.123 Executing VM operation: HandshakeAllThreads done
Event: 3.667 Executing VM operation: HandshakeAllThreads
Event: 3.667 Executing VM operation: HandshakeAllThreads done
Event: 3.667 Executing VM operation: Cleanup
Event: 3.667 Executing VM operation: Cleanup done
Event: 4.673 Executing VM operation: Cleanup
Event: 4.673 Executing VM operation: Cleanup done
Event: 5.684 Executing VM operation: Cleanup
Event: 5.685 Executing VM operation: Cleanup done
Event: 5.697 Executing VM operation: HandshakeAllThreads
Event: 5.697 Executing VM operation: HandshakeAllThreads done
Event: 5.935 Executing VM operation: G1CollectForAllocation
Event: 5.943 Executing VM operation: G1CollectForAllocation done
Event: 6.949 Executing VM operation: Cleanup
Event: 6.949 Executing VM operation: Cleanup done

Events (20 events):
Event: 5.708 loading class java/util/stream/Node$OfPrimitive
Event: 5.708 loading class java/util/stream/Node$OfPrimitive done
Event: 5.708 loading class java/util/stream/Node$OfInt done
Event: 5.708 loading class java/util/stream/Nodes$EmptyNode$OfInt done
Event: 5.708 loading class java/util/stream/Nodes$EmptyNode$OfLong
Event: 5.708 loading class java/util/stream/Node$OfLong
Event: 5.708 loading class java/util/stream/Node$OfLong done
Event: 5.708 loading class java/util/stream/Nodes$EmptyNode$OfLong done
Event: 5.708 loading class java/util/stream/Nodes$EmptyNode$OfDouble
Event: 5.708 loading class java/util/stream/Node$OfDouble
Event: 5.708 loading class java/util/stream/Node$OfDouble done
Event: 5.708 loading class java/util/stream/Nodes$EmptyNode$OfDouble done
Event: 5.708 loading class java/util/stream/Nodes$FixedNodeBuilder
Event: 5.709 loading class java/util/stream/Node$Builder
Event: 5.709 loading class java/util/stream/Node$Builder done
Event: 5.709 loading class java/util/stream/Nodes$ArrayNode
Event: 5.709 loading class java/util/stream/Nodes$ArrayNode done
Event: 5.709 loading class java/util/stream/Nodes$FixedNodeBuilder done
Event: 5.944 loading class sun/awt/shell/Win32ShellFolder2$FolderDisposer$1
Event: 5.944 loading class sun/awt/shell/Win32ShellFolder2$FolderDisposer$1 done


Dynamic libraries:
0x00007ff66ce30000 - 0x00007ff66ce40000 	C:\Program Files\Java\jdk-17.0.1\bin\java.exe
0x00007ffce7b50000 - 0x00007ffce7d45000 	C:\WINDOWS\SYSTEM32\ntdll.dll
0x00007ffce5b80000 - 0x00007ffce5c3e000 	C:\WINDOWS\System32\KERNEL32.DLL
0x00007ffce5630000 - 0x00007ffce58f8000 	C:\WINDOWS\System32\KERNELBASE.dll
0x00007ffce5a80000 - 0x00007ffce5b80000 	C:\WINDOWS\System32\ucrtbase.dll
0x00007ffcd1f50000 - 0x00007ffcd1f68000 	C:\Program Files\Java\jdk-17.0.1\bin\jli.dll
0x00007ffce7a30000 - 0x00007ffce7ade000 	C:\WINDOWS\System32\ADVAPI32.dll
0x00007ffce6c50000 - 0x00007ffce6cee000 	C:\WINDOWS\System32\msvcrt.dll
0x00007ffce08c0000 - 0x00007ffce08da000 	C:\Program Files\Java\jdk-17.0.1\bin\VCRUNTIME140.dll
0x00007ffce7500000 - 0x00007ffce759c000 	C:\WINDOWS\System32\sechost.dll
0x00007ffce5dd0000 - 0x00007ffce5ef5000 	C:\WINDOWS\System32\RPCRT4.dll
0x00007ffce6830000 - 0x00007ffce69d0000 	C:\WINDOWS\System32\USER32.dll
0x00007ffce5500000 - 0x00007ffce5522000 	C:\WINDOWS\System32\win32u.dll
0x00007ffce6780000 - 0x00007ffce67ab000 	C:\WINDOWS\System32\GDI32.dll
0x00007ffce5900000 - 0x00007ffce5a0b000 	C:\WINDOWS\System32\gdi32full.dll
0x00007ffce5240000 - 0x00007ffce52dd000 	C:\WINDOWS\System32\msvcp_win.dll
0x00007ffcdc570000 - 0x00007ffcdc57a000 	C:\WINDOWS\SYSTEM32\VERSION.dll
0x00007ffcd2c20000 - 0x00007ffcd2eba000 	C:\WINDOWS\WinSxS\amd64_microsoft.windows.common-controls_6595b64144ccf1df_6.0.19041.1110_none_60b5254171f9507e\COMCTL32.dll
0x00007ffce6e90000 - 0x00007ffce6ec0000 	C:\WINDOWS\System32\IMM32.DLL
0x00007ffce1c70000 - 0x00007ffce1c7c000 	C:\Program Files\Java\jdk-17.0.1\bin\vcruntime140_1.dll
0x00007ffccbe70000 - 0x00007ffccbefd000 	C:\Program Files\Java\jdk-17.0.1\bin\msvcp140.dll
0x00007ffc6b2f0000 - 0x00007ffc6beae000 	C:\Program Files\Java\jdk-17.0.1\bin\server\jvm.dll
0x00007ffce74f0000 - 0x00007ffce74f8000 	C:\WINDOWS\System32\PSAPI.DLL
0x00007ffcdf3a0000 - 0x00007ffcdf3a9000 	C:\WINDOWS\SYSTEM32\WSOCK32.dll
0x00007ffcdb860000 - 0x00007ffcdb887000 	C:\WINDOWS\SYSTEM32\WINMM.dll
0x00007ffce66b0000 - 0x00007ffce671b000 	C:\WINDOWS\System32\WS2_32.dll
0x00007ffce3b30000 - 0x00007ffce3b42000 	C:\WINDOWS\SYSTEM32\kernel.appcore.dll
0x00007ffce08b0000 - 0x00007ffce08ba000 	C:\Program Files\Java\jdk-17.0.1\bin\jimage.dll
0x00007ffce3770000 - 0x00007ffce3954000 	C:\WINDOWS\SYSTEM32\DBGHELP.DLL
0x00007ffcd74a0000 - 0x00007ffcd74cc000 	C:\WINDOWS\SYSTEM32\dbgcore.DLL
0x00007ffce5310000 - 0x00007ffce5392000 	C:\WINDOWS\System32\bcryptPrimitives.dll
0x00007ffcced20000 - 0x00007ffcced45000 	C:\Program Files\Java\jdk-17.0.1\bin\java.dll
0x00007ffccb190000 - 0x00007ffccb266000 	C:\Program Files\Java\jdk-17.0.1\bin\svml.dll
0x00007ffce5f00000 - 0x00007ffce6644000 	C:\WINDOWS\System32\SHELL32.dll
0x00007ffce2f10000 - 0x00007ffce36a4000 	C:\WINDOWS\SYSTEM32\windows.storage.dll
0x00007ffce75a0000 - 0x00007ffce78f4000 	C:\WINDOWS\System32\combase.dll
0x00007ffce4ca0000 - 0x00007ffce4ccc000 	C:\WINDOWS\SYSTEM32\Wldp.dll
0x00007ffce6ee0000 - 0x00007ffce6f8d000 	C:\WINDOWS\System32\SHCORE.dll
0x00007ffce6720000 - 0x00007ffce6775000 	C:\WINDOWS\System32\shlwapi.dll
0x00007ffce5180000 - 0x00007ffce519f000 	C:\WINDOWS\SYSTEM32\profapi.dll
0x00007ffccede0000 - 0x00007ffccedf9000 	C:\Program Files\Java\jdk-17.0.1\bin\net.dll
0x00007ffcd7040000 - 0x00007ffcd7149000 	C:\WINDOWS\SYSTEM32\WINHTTP.dll
0x00007ffce4a00000 - 0x00007ffce4a6a000 	C:\WINDOWS\system32\mswsock.dll
0x00007ffccc0f0000 - 0x00007ffccc105000 	C:\Program Files\Java\jdk-17.0.1\bin\nio.dll
0x00007ffccc0d0000 - 0x00007ffccc0e8000 	C:\Program Files\Java\jdk-17.0.1\bin\zip.dll
0x00007ffc80ff0000 - 0x00007ffc8117f000 	C:\Program Files\Java\jdk-17.0.1\bin\awt.dll
0x00007ffce69d0000 - 0x00007ffce6a9d000 	C:\WINDOWS\System32\OLEAUT32.dll
0x00007ffce2670000 - 0x00007ffce2700000 	C:\WINDOWS\SYSTEM32\apphelp.dll
0x00007ffce2760000 - 0x00007ffce27fe000 	C:\WINDOWS\system32\uxtheme.dll
0x00007ffce6d70000 - 0x00007ffce6e86000 	C:\WINDOWS\System32\MSCTF.dll
0x00007ffce7900000 - 0x00007ffce7a2a000 	C:\WINDOWS\System32\ole32.dll
0x00007ffce2a40000 - 0x00007ffce2a6f000 	C:\WINDOWS\system32\DWMAPI.DLL
0x00007ffcbd8d0000 - 0x00007ffcbd980000 	C:\WINDOWS\WinSxS\amd64_microsoft.windows.common-controls_6595b64144ccf1df_5.82.19041.1110_none_792d1c772443f647\comctl32.dll
0x00007ffce5c40000 - 0x00007ffce5ce9000 	C:\WINDOWS\System32\clbcatq.dll
0x00007ffce09f0000 - 0x00007ffce0ae6000 	C:\WINDOWS\SYSTEM32\PROPSYS.dll
0x00007ffce1ca0000 - 0x00007ffce1cb7000 	C:\WINDOWS\system32\NetworkExplorer.dll
0x00007ffce5530000 - 0x00007ffce557e000 	C:\WINDOWS\System32\CFGMGR32.dll
0x00007ffcb12e0000 - 0x00007ffcb1351000 	C:\Users\Ivan\AppData\Local\Temp\lwjglIvan\3.3.0-build-21\lwjgl.dll
0x00007ffc5ee00000 - 0x00007ffc5f056000 	C:\Users\Ivan\AppData\Local\Temp\lwjglIvan\3.3.0-build-21\jemalloc.dll
0x00007ffcbc560000 - 0x00007ffcbc5c1000 	C:\Users\Ivan\AppData\Local\Temp\lwjglIvan\3.3.0-build-21\glfw.dll
0x00007ffc83eb0000 - 0x00007ffc83ef5000 	C:\WINDOWS\SYSTEM32\dinput8.dll
0x00007ffccc170000 - 0x00007ffccc181000 	C:\WINDOWS\SYSTEM32\xinput1_4.dll
0x00007ffce4fe0000 - 0x00007ffce5013000 	C:\WINDOWS\SYSTEM32\DEVOBJ.dll
0x00007ffcd0a60000 - 0x00007ffcd0bb2000 	C:\WINDOWS\SYSTEM32\inputhost.dll
0x00007ffce0c90000 - 0x00007ffce0de4000 	C:\WINDOWS\SYSTEM32\wintypes.dll
0x00007ffce2430000 - 0x00007ffce2522000 	C:\WINDOWS\SYSTEM32\CoreMessaging.dll
0x00007ffce1d50000 - 0x00007ffce20ae000 	C:\WINDOWS\SYSTEM32\CoreUIComponents.dll
0x00007ffce3f40000 - 0x00007ffce3f73000 	C:\WINDOWS\SYSTEM32\ntmarta.dll
0x00007ffccf9c0000 - 0x00007ffccfae6000 	C:\WINDOWS\SYSTEM32\opengl32.dll
0x00007ffccf730000 - 0x00007ffccf75c000 	C:\WINDOWS\SYSTEM32\GLU32.dll
0x00007ffcdd960000 - 0x00007ffcdda59000 	C:\Windows\System32\AppXDeploymentClient.dll
0x00007ffcb0780000 - 0x00007ffcb07ac000 	C:\WINDOWS\System32\DriverStore\FileRepository\u0376209.inf_amd64_b3bdffadea4def3f\B374968\atig6pxx.dll
0x00007ffcad930000 - 0x00007ffcb0773000 	C:\WINDOWS\System32\DriverStore\FileRepository\u0376209.inf_amd64_b3bdffadea4def3f\B374968\atio6axx.dll
0x00007ffce7080000 - 0x00007ffce74f0000 	C:\WINDOWS\System32\SETUPAPI.dll
0x00007ffce52e0000 - 0x00007ffce5307000 	C:\WINDOWS\System32\bcrypt.dll
0x00007ffcbb530000 - 0x00007ffcbb554000 	C:\WINDOWS\SYSTEM32\dxva2.dll
0x00007ffcad8f0000 - 0x00007ffcad92f000 	C:\WINDOWS\System32\DriverStore\FileRepository\u0376209.inf_amd64_b3bdffadea4def3f\B374968\atig6txx.dll
0x00007ffc80ca0000 - 0x00007ffc80e70000 	C:\WINDOWS\SYSTEM32\atiadlxx.dll
0x00007ffcc8480000 - 0x00007ffcc84c9000 	C:\WINDOWS\SYSTEM32\pdh.dll
0x00007ffce5a10000 - 0x00007ffce5a78000 	C:\WINDOWS\System32\WINTRUST.dll
0x00007ffce53a0000 - 0x00007ffce54f6000 	C:\WINDOWS\System32\CRYPT32.dll
0x00007ffce4e20000 - 0x00007ffce4e32000 	C:\WINDOWS\SYSTEM32\MSASN1.dll
0x00007ffcdbbb0000 - 0x00007ffcdbbeb000 	C:\WINDOWS\SYSTEM32\dxcore.dll
0x00007ffcd0bc0000 - 0x00007ffcd0cb9000 	C:\WINDOWS\SYSTEM32\textinputframework.dll
0x00007ffcd0990000 - 0x00007ffcd09f6000 	C:\WINDOWS\system32\Oleacc.dll
0x00007ffcbda00000 - 0x00007ffcbda5d000 	C:\Users\Ivan\AppData\Local\Temp\lwjglIvan\3.3.0-build-21\lwjgl_opengl.dll
0x0000000064a00000 - 0x000000006580f000 	C:\Users\Ivan\AppData\Local\Temp\imgui-java-natives_1648259683374\imgui-java64.dll
0x00007ffcb9ed0000 - 0x00007ffcba09f000 	C:\WINDOWS\system32\d3d9.dll
0x00007ffcdb970000 - 0x00007ffcdbb28000 	C:\WINDOWS\System32\DriverStore\FileRepository\u0376209.inf_amd64_b3bdffadea4def3f\B374968\aticfx64.dll
0x00007ffcad8b0000 - 0x00007ffcad8e4000 	C:\WINDOWS\System32\DriverStore\FileRepository\u0376209.inf_amd64_b3bdffadea4def3f\B374968\atiu9p64.dll
0x00007ffcacb50000 - 0x00007ffcad8a4000 	C:\WINDOWS\System32\DriverStore\FileRepository\u0376209.inf_amd64_b3bdffadea4def3f\B374968\atiumd64.dll
0x00000000540a0000 - 0x0000000054f15000 	C:\WINDOWS\System32\DriverStore\FileRepository\u0376209.inf_amd64_b3bdffadea4def3f\B374968\atiumd6a.dll
0x00007ffce4810000 - 0x00007ffce485b000 	C:\WINDOWS\SYSTEM32\POWRPROF.dll
0x00007ffce4680000 - 0x00007ffce4692000 	C:\WINDOWS\SYSTEM32\UMPDC.dll
0x00007ffcd8d40000 - 0x00007ffcd8d70000 	C:\WINDOWS\SYSTEM32\amdihk64.dll
0x00007ffccb100000 - 0x00007ffccb189000 	C:\Program Files\Java\jdk-17.0.1\bin\freetype.dll
0x00007ffcbb570000 - 0x00007ffcbb618000 	C:\Program Files\Java\jdk-17.0.1\bin\fontmanager.dll
0x00007ffcd7bc0000 - 0x00007ffcd7bdf000 	C:\WINDOWS\SYSTEM32\MPR.dll
0x00007ffcbe0a0000 - 0x00007ffcbe0ab000 	C:\WINDOWS\System32\drprov.dll
0x00007ffce3fb0000 - 0x00007ffce400a000 	C:\WINDOWS\System32\WINSTA.dll
0x00007ffcbdbd0000 - 0x00007ffcbdbf0000 	C:\WINDOWS\System32\ntlanman.dll
0x00007ffcbc5d0000 - 0x00007ffcbc5ee000 	C:\WINDOWS\System32\davclnt.dll
0x00007ffcbdbc0000 - 0x00007ffcbdbcd000 	C:\WINDOWS\System32\DAVHLPR.dll
0x00007ffce4430000 - 0x00007ffce4449000 	C:\WINDOWS\System32\wkscli.dll
0x00007ffccf3e0000 - 0x00007ffccf3f2000 	C:\WINDOWS\SYSTEM32\cscapi.dll
0x00007ffce46e0000 - 0x00007ffce46ec000 	C:\WINDOWS\System32\netutils.dll
0x00007ffce0900000 - 0x00007ffce0956000 	C:\Windows\System32\dlnashext.dll
0x00007ffc83d00000 - 0x00007ffc83d64000 	C:\Windows\System32\PlayToDevice.dll
0x00007ffcd7480000 - 0x00007ffcd74a0000 	C:\Windows\System32\DevDispItemProvider.dll
0x00007ffcd8b80000 - 0x00007ffcd8c05000 	C:\WINDOWS\System32\MMDevApi.dll
0x00007ffc7fe00000 - 0x00007ffc7fea1000 	C:\WINDOWS\system32\wpdshext.dll
0x00007ffcd2a30000 - 0x00007ffcd2bd5000 	C:\WINDOWS\WinSxS\amd64_microsoft.windows.gdiplus_6595b64144ccf1df_1.1.19041.1566_none_91a49058cc87e409\gdiplus.dll
0x00007ffcdedd0000 - 0x00007ffcdee73000 	C:\Windows\System32\PortableDeviceApi.dll
0x00007ffccc090000 - 0x00007ffccc0c7000 	C:\Windows\System32\EhStorShell.dll
0x00007ffccb070000 - 0x00007ffccb096000 	C:\Windows\System32\EhStorAPI.dll
0x00007ffce0880000 - 0x00007ffce0894000 	C:\Windows\System32\WTSAPI32.dll
0x00007ffcc7f10000 - 0x00007ffcc7f1d000 	C:\WINDOWS\SYSTEM32\LINKINFO.dll
0x00007ffcde310000 - 0x00007ffcde4c4000 	C:\WINDOWS\SYSTEM32\WindowsCodecs.dll
0x00007ffcca1b0000 - 0x00007ffcca1ee000 	C:\WINDOWS\system32\dataexchange.dll
0x00007ffce1250000 - 0x00007ffce14b4000 	C:\WINDOWS\system32\d3d11.dll
0x00007ffce1a80000 - 0x00007ffce1c65000 	C:\WINDOWS\system32\dcomp.dll
0x00007ffce3b50000 - 0x00007ffce3c43000 	C:\WINDOWS\system32\dxgi.dll
0x00007ffcdead0000 - 0x00007ffcdecd1000 	C:\WINDOWS\system32\twinapi.appcore.dll

dbghelp: loaded successfully - version: 4.0.5 - missing functions: none
symbol engine: initialized successfully - sym options: 0x614 - pdb path: .;C:\Program Files\Java\jdk-17.0.1\bin;C:\WINDOWS\SYSTEM32;C:\WINDOWS\WinSxS\amd64_microsoft.windows.common-controls_6595b64144ccf1df_6.0.19041.1110_none_60b5254171f9507e;C:\Program Files\Java\jdk-17.0.1\bin\server;C:\WINDOWS\WinSxS\amd64_microsoft.windows.common-controls_6595b64144ccf1df_5.82.19041.1110_none_792d1c772443f647;C:\Users\Ivan\AppData\Local\Temp\lwjglIvan\3.3.0-build-21;C:\WINDOWS\System32\DriverStore\FileRepository\u0376209.inf_amd64_b3bdffadea4def3f\B374968;C:\Users\Ivan\AppData\Local\Temp\imgui-java-natives_1648259683374;C:\WINDOWS\WinSxS\amd64_microsoft.windows.gdiplus_6595b64144ccf1df_1.1.19041.1566_none_91a49058cc87e409

VM Arguments:
java_command: com.wiz.settlementmapmaker.Main
java_class_path (initial): D:\CodeProjects\settlementgenerator\SettlementMapMaker\target\classes;C:\Users\Ivan\.m2\repository\org\lwjgl\lwjgl\3.3.0\lwjgl-3.3.0.jar;C:\Users\Ivan\.m2\repository\org\lwjgl\lwjgl-egl\3.3.0\lwjgl-egl-3.3.0.jar;C:\Users\Ivan\.m2\repository\org\lwjgl\lwjgl-glfw\3.3.0\lwjgl-glfw-3.3.0.jar;C:\Users\Ivan\.m2\repository\org\lwjgl\lwjgl-jemalloc\3.3.0\lwjgl-jemalloc-3.3.0.jar;C:\Users\Ivan\.m2\repository\org\lwjgl\lwjgl-opengl\3.3.0\lwjgl-opengl-3.3.0.jar;C:\Users\Ivan\.m2\repository\org\lwjgl\lwjgl-opengles\3.3.0\lwjgl-opengles-3.3.0.jar;C:\Users\Ivan\.m2\repository\org\lwjgl\lwjgl\3.3.0\lwjgl-3.3.0-natives-windows.jar;C:\Users\Ivan\.m2\repository\org\lwjgl\lwjgl-glfw\3.3.0\lwjgl-glfw-3.3.0-natives-windows.jar;C:\Users\Ivan\.m2\repository\org\lwjgl\lwjgl-jemalloc\3.3.0\lwjgl-jemalloc-3.3.0-natives-windows.jar;C:\Users\Ivan\.m2\repository\org\lwjgl\lwjgl-opengl\3.3.0\lwjgl-opengl-3.3.0-natives-windows.jar;C:\Users\Ivan\.m2\repository\org\lwjgl\lwjgl-opengles\3.3.0\lwjgl-opengles-3.3.0-natives-windows.jar;C:\Users\Ivan\.m2\repository\org\joml\joml\1.10.3\joml-1.10.3.jar;C:\Users\Ivan\.m2\repository\io\github\spair\imgui-java-app\1.86.2\imgui-java-app-1.86.2.jar;C:\Users\Ivan\.m2\repository\org\lwjgl\lwjgl\3.3.0\lwjgl-3.3.0-natives-linux.jar;C:\Users\Ivan\.m2\repository\org\lwjgl\lwjgl-glfw\3.3.0\lwjgl-glfw-3.3.0-natives-linux.jar;C:\Users\Ivan\.m2\repository\org\lwjgl\lwjgl-opengl\3.3.0\lwjgl-opengl-3.3.0-natives-linux.jar;C:\Users\Ivan\.m2\repository\org\lwjgl\lwjgl\3.3.0\lwjgl-3.3.0-natives-macos.jar;C:\Users\Ivan\.m2\repository\org\lwjgl\lwjgl-glfw\3.3.0\lwjgl-glfw-3.3.0-natives-macos.jar;C:\Users\Ivan\.m2\repository\org\lwjgl\lwjgl-opengl\3.3.0\lwjgl-opengl-3.3.0-natives-macos.jar;C:\Users\Ivan\.m2\repository\io\github\spair\imgui-java-binding\1.86.2\imgui-java-binding-1.86.2.jar;C:\Users\Ivan\.m2\repository\io\github\spair\imgui-java-lwjgl3\1.86.2\imgui-java-lwjgl3-1.86.2.jar;C:\Users\Ivan\.m2\repository\io\github\spair\imgui-java-natives
Launcher Type: SUN_STANDARD

[Global flags]
     intx CICompilerCount                          = 4                                         {product} {ergonomic}
     uint ConcGCThreads                            = 2                                         {product} {ergonomic}
     uint G1ConcRefinementThreads                  = 8                                         {product} {ergonomic}
   size_t G1HeapRegionSize                         = 2097152                                   {product} {ergonomic}
    uintx GCDrainStackTargetSize                   = 64                                        {product} {ergonomic}
   size_t InitialHeapSize                          = 268435456                                 {product} {ergonomic}
   size_t MarkStackSize                            = 4194304                                   {product} {ergonomic}
   size_t MaxHeapSize                              = 4267704320                                {product} {ergonomic}
   size_t MaxNewSize                               = 2560622592                                {product} {ergonomic}
   size_t MinHeapDeltaBytes                        = 2097152                                   {product} {ergonomic}
   size_t MinHeapSize                              = 8388608                                   {product} {ergonomic}
    uintx NonNMethodCodeHeapSize                   = 5839372                                {pd product} {ergonomic}
    uintx NonProfiledCodeHeapSize                  = 122909434                              {pd product} {ergonomic}
    uintx ProfiledCodeHeapSize                     = 122909434                              {pd product} {ergonomic}
    uintx ReservedCodeCacheSize                    = 251658240                              {pd product} {ergonomic}
     bool SegmentedCodeCache                       = true                                      {product} {ergonomic}
   size_t SoftMaxHeapSize                          = 4267704320                             {manageable} {ergonomic}
     bool UseCompressedClassPointers               = true                           {product lp64_product} {ergonomic}
     bool UseCompressedOops                        = true                           {product lp64_product} {ergonomic}
     bool UseG1GC                                  = true                                      {product} {ergonomic}
     bool UseLargePagesIndividualAllocation        = false                                  {pd product} {ergonomic}

Logging:
Log output configuration:
 #0: stdout all=warning uptime,level,tags
 #1: stderr all=off uptime,level,tags

Environment Variables:
JAVA_HOME=C:\Program Files\Java\jdk-17.0.1
PATH=C:\Program Files\Eclipse Adoptium\jdk-11.0.14.9-hotspot\bin;C:\Program Files\Common Files\Oracle\Java\javapath;;C:\Program Files (x86)\Common Files\Oracle\Java\javapath;C:\WINDOWS\system32;C:\WINDOWS;C:\WINDOWS\System32\Wbem;C:\WINDOWS\System32\WindowsPowerShell\v1.0\;C:\WINDOWS\System32\OpenSSH\;C:\Program Files\Microsoft VS Code\bin;C:\Program Files (x86)\Common Files\Acronis\VirtualFile\;C:\Program Files (x86)\Common Files\Acronis\VirtualFile64\;C:\Program Files (x86)\Common Files\Acronis\FileProtector\;C:\Program Files (x86)\Common Files\Acronis\FileProtector64\;C:\Program Files (x86)\Common Files\Acronis\SnapAPI\;C:\Program Files\SourceGear\Common\DiffMerge\;D:\Gradle\gradle-5.6.2\bin;C:\Users\Public\wpilib\2020\roborio\bin;C:\Users\Public\wpilib\2020\frccode;D:\Git\cmd;C:\WINDOWS\system32;C:\WINDOWS;C:\WINDOWS\System32\Wbem;C:\WINDOWS\System32\WindowsPowerShell\v1.0\;C:\WINDOWS\System32\OpenSSH\;C:\Users\Ivan\AppData\Local\Programs\Python\Python37\Scripts\;C:\Users\Ivan\AppData\Local\Programs\Python\Python37\;C:\Users\Ivan\.deno\bin;C:\Program Files\AdoptOpenJDK\jdk-11.0.3.7-hotspot\bin;C:\Program Files (x86)\Common Files\Oracle\Java\javapath;C:\WINDOWS\system32;C:\WINDOWS;C:\WINDOWS\System32\Wbem;C:\WINDOWS\System32\WindowsPowerShell\v1.0\;C:\WINDOWS\System32\OpenSSH\;C:\Program Files\Microsoft VS Code\bin;C:\Program Files (x86)\Common Files\Acronis\VirtualFile\;C:\Program Files (x86)\Common Files\Acronis\VirtualFile64\;C:\Program Files (x86)\Common Files\Acronis\FileProtector\;C:\Program Files (x86)\Common Files\Acronis\FileProtector64\;C:\Program Files (x86)\Common Files\Acronis\SnapAPI\;C:\Program Files\SourceGear\Common\DiffMerge\;D:\Gradle\gradle-5.6.2\bin;C:\Users\Public\wpilib\2020\roborio\bin;C:\Users\Public\wpilib\2020\frccode;D:\Git\cmd;C:\Pro;C:\Users\Ivan\AppData\Local\Microsoft\WindowsApps;
USERNAME=Ivan
OS=Windows_NT
PROCESSOR_IDENTIFIER=AMD64 Family 23 Model 1 Stepping 1, AuthenticAMD



---------------  S Y S T E M  ---------------

OS:
 Windows 10 , 64 bit Build 19041 (10.0.19041.1566)
OS uptime: 0 days 7:43 hours

CPU: total 8 (initial active 8) (8 cores per cpu, 2 threads per core) family 23 model 1 stepping 1 microcode 0x0, cx8, cmov, fxsr, ht, mmx, 3dnowpref, sse, sse2, sse3, ssse3, sse4a, sse4.1, sse4.2, popcnt, lzcnt, tsc, tscinvbit, avx, avx2, aes, clmul, bmi1, bmi2, adx, sha, fma, vzeroupper, clflush, clflushopt

Memory: 4k page, system-wide physical 16277M (6821M free)
TotalPageFile size 32277M (AvailPageFile size 14831M)
current process WorkingSet (physical memory assigned to process): 189M, peak: 191M
current process commit charge ("private bytes"): 544M, peak: 544M

vm_info: Java HotSpot(TM) 64-Bit Server VM (17.0.1+12-LTS-39) for windows-amd64 JRE (17.0.1+12-LTS-39), built on Sep 27 2021 18:41:35 by "mach5one" with MS VC++ 16.8 (VS2019)

END.
