#
# A fatal error has been detected by the Java Runtime Environment:
#
#  EXCEPTION_ACCESS_VIOLATION (0xc0000005) at pc=0x00007ffdfeeeed96, pid=18700, tid=8320
#
# JRE version: Java(TM) SE Runtime Environment (17.0.2+8) (build 17.0.2+8-LTS-86)
# Java VM: Java HotSpot(TM) 64-Bit Server VM (17.0.2+8-LTS-86, mixed mode, sharing, tiered, compressed oops, compressed class ptrs, g1 gc, windows-amd64)
# Problematic frame:
# C  [ig9icd64.dll+0x7ed96]
#
# No core dump will be written. Minidumps are not enabled by default on client versions of Windows
#
# If you would like to submit a bug report, please visit:
#   https://bugreport.java.com/bugreport/crash.jsp
# The crash happened outside the Java Virtual Machine in native code.
# See problematic frame for where to report the bug.
#

---------------  S U M M A R Y ------------

Command Line: -agentpath:C:/Program Files/NetBeans-12.6/netbeans/profiler/lib/deployed/jdk16/windows-amd64/profilerinterface.dll=C:\Program Files\NetBeans-12.6\netbeans\profiler\lib,5140,10 -XX:+HeapDumpOnOutOfMemoryError -XX:HeapDumpPath=C:\Users\Ivan\AppData\Local\NetBeans\Cache\12.6\mavencachedirs\2023566944\org-netbeans-modules-profiler com.wiz.settlementmapmaker.Main -Xmx8G

Host: Intel(R) Core(TM) i7-9750H CPU @ 2.60GHz, 12 cores, 15G,  Windows 10 , 64 bit Build 19041 (10.0.19041.1706)
Time: Tue May 31 10:43:35 2022 Mountain Daylight Time elapsed time: 20.317128 seconds (0d 0h 0m 20s)

---------------  T H R E A D  ---------------

Current thread (0x000001c267c27b40):  JavaThread "main" [_thread_in_native, id=8320, stack(0x0000004d93c00000,0x0000004d93d00000)]

Stack: [0x0000004d93c00000,0x0000004d93d00000],  sp=0x0000004d93cfea20,  free space=1018k
Native frames: (J=compiled Java code, j=interpreted, Vv=VM code, C=native code)
C  [ig9icd64.dll+0x7ed96]

Java frames: (J=compiled Java code, j=interpreted, Vv=VM code)
J 1621  org.lwjgl.opengl.GL15C.nglBufferData(IJJI)V (0 bytes) @ 0x000001c276fc4176 [0x000001c276fc4120+0x0000000000000056]
J 2467 c1 org.lwjgl.opengl.GL15C.glBufferData(ILjava/nio/FloatBuffer;I)V (19 bytes) @ 0x000001c26fe87dd4 [0x000001c26fe87b60+0x0000000000000274]
J 2391 c2 com.wiz.settlementmapmaker.WindowVisualizer.drawLines(Ljava/util/ArrayList;FLGUI/DrawColor;Z)V (218 bytes) @ 0x000001c27704af0c [0x000001c277049b80+0x000000000000138c]
J 2464 c2 com.wiz.settlementmapmaker.DataDisplayer.drawStyleGroups()V (1051 bytes) @ 0x000001c27706c818 [0x000001c27706a060+0x00000000000027b8]
J 2560 c1 com.wiz.settlementmapmaker.DataDisplayer.display()V (895 bytes) @ 0x000001c26fea5c1c [0x000001c26fea11c0+0x0000000000004a5c]
J 2335 c1 com.wiz.settlementmapmaker.RuntimeManager.update()V (30 bytes) @ 0x000001c26fe29eec [0x000001c26fe29e40+0x00000000000000ac]
j  com.wiz.settlementmapmaker.Window.run()V+194
j  com.wiz.settlementmapmaker.Main.main([Ljava/lang/String;)V+20
v  ~StubRoutines::call_stub

siginfo: EXCEPTION_ACCESS_VIOLATION (0xc0000005), reading address 0x000001c227a8e000


Register to memory mapping:

RIP=0x00007ffdfeeeed96 ig9icd64.dll
RAX=0x0000000000000006 is an unknown value
RBX=0x000001c214a92700 points into unknown readable memory: 0x000001c20fe68000 | 00 80 e6 0f c2 01 00 00
RCX=0x0 is NULL
RDX=0x000001c227a8dfc0 points into unknown readable memory: 0x000001c227a98680 | 80 86 a9 27 c2 01 00 00
RSP=0x0000004d93cfea20 is pointing into the stack for thread: 0x000001c267c27b40
RBP=0x0000000000043110 is an unknown value
RSI=0x000000000000000a is an unknown value
RDI=0x000001c20fe68300 points into unknown readable memory: 0xbef192f43f61793e | 3e 79 61 3f f4 92 f1 be
R8 =0x0000000000043110 is an unknown value
R9 =0x0000000000000862 is an unknown value
R10=0x0000000000000007 is an unknown value
R11=0x0000000000000246 is an unknown value
R12=0x0000000000043110 is an unknown value
R13=0x0000000000000001 is an unknown value
R14=0x000001c20cf3da80 points into unknown readable memory: 0x000001c20c83e380 | 80 e3 83 0c c2 01 00 00
R15=0x000001c227a8dcc0 points into unknown readable memory: 0x000001c2279e0940 | 40 09 9e 27 c2 01 00 00


Registers:
RAX=0x0000000000000006, RBX=0x000001c214a92700, RCX=0x0000000000000000, RDX=0x000001c227a8dfc0
RSP=0x0000004d93cfea20, RBP=0x0000000000043110, RSI=0x000000000000000a, RDI=0x000001c20fe68300
R8 =0x0000000000043110, R9 =0x0000000000000862, R10=0x0000000000000007, R11=0x0000000000000246
R12=0x0000000000043110, R13=0x0000000000000001, R14=0x000001c20cf3da80, R15=0x000001c227a8dcc0
RIP=0x00007ffdfeeeed96, EFLAGS=0x0000000000010203

Top of Stack: (sp=0x0000004d93cfea20)
0x0000004d93cfea20:   3ff0ff9e3f87fcf3 0000000000000000
0x0000004d93cfea30:   00000000e0ef0625 0000000000000000
0x0000004d93cfea40:   000001c2150dc110 00007ffdff48c452
0x0000004d93cfea50:   000001c214a92700 000000000000000a
0x0000004d93cfea60:   0000000000043110 0000000000000000
0x0000004d93cfea70:   0000000704e06818 0000000000000000
0x0000004d93cfea80:   0000000000000000 0000004d93cfeb00
0x0000004d93cfea90:   0000000000000000 000001c227a8dcc0
0x0000004d93cfeaa0:   0000000000043110 000001c20cf3da80
0x0000004d93cfeab0:   000001c2150dc110 0000000000000000
0x0000004d93cfeac0:   000001c2150dc000 00007ffdff5024eb
0x0000004d93cfead0:   0000000000043110 0000000800000010
0x0000004d93cfeae0:   0000000700000048 000001c26fe86900
0x0000004d93cfeaf0:   0000000000043110 000001c227a8dcc0
0x0000004d93cfeb00:   0000004d93cfeb20 0000000000000001
0x0000004d93cfeb10:   0000000000000001 0000000000000000 

Instructions: (pc=0x00007ffdfeeeed96)
0x00007ffdfeeeec96:   03 d1 66 0f f7 c1 49 03 f9 41 8b c1 44 8b d1 4c
0x00007ffdfeeeeca6:   2b c0 0f 29 74 24 10 4d 8b c8 0f 29 3c 24 49 c1
0x00007ffdfeeeecb6:   e9 07 f6 c2 0f 0f 84 af 00 00 00 4d 85 c9 74 6b
0x00007ffdfeeeecc6:   66 66 0f 1f 84 00 00 00 00 00 f3 0f 6f 02 41 ff
0x00007ffdfeeeecd6:   c2 f3 0f 6f 4a 10 41 8b c2 f3 0f 6f 52 20 f3 0f
0x00007ffdfeeeece6:   6f 5a 30 f3 0f 6f 62 40 f3 0f 6f 6a 50 f3 0f 6f
0x00007ffdfeeeecf6:   72 60 f3 0f 6f 7a 70 66 0f e7 07 66 0f e7 4f 10
0x00007ffdfeeeed06:   66 0f e7 57 20 66 0f e7 5f 30 66 0f e7 67 40 66
0x00007ffdfeeeed16:   0f e7 6f 50 66 0f e7 77 60 66 0f e7 7f 70 48 83
0x00007ffdfeeeed26:   ef 80 48 83 ea 80 49 3b c1 72 9f 41 83 e0 7f 0f
0x00007ffdfeeeed36:   84 e0 00 00 00 45 8b d0 44 8b c9 49 c1 ea 04 4d
0x00007ffdfeeeed46:   85 d2 0f 84 cd 00 00 00 66 90 f3 0f 6f 02 41 ff
0x00007ffdfeeeed56:   c1 48 83 c2 10 41 8b c1 66 0f e7 07 48 83 c7 10
0x00007ffdfeeeed66:   49 3b c2 72 e5 e9 ab 00 00 00 4d 85 c9 74 6c 66
0x00007ffdfeeeed76:   66 66 0f 1f 84 00 00 00 00 00 f3 0f 6f 02 41 ff
0x00007ffdfeeeed86:   c2 f3 0f 6f 4a 10 f3 0f 6f 52 20 f3 0f 6f 5a 30
0x00007ffdfeeeed96:   f3 0f 6f 62 40 f3 0f 6f 6a 50 f3 0f 6f 72 60 f3
0x00007ffdfeeeeda6:   0f 6f 7a 70 48 83 ea 80 66 0f e7 07 66 0f e7 4f
0x00007ffdfeeeedb6:   10 66 0f e7 57 20 66 0f e7 5f 30 66 0f e7 67 40
0x00007ffdfeeeedc6:   66 0f e7 6f 50 66 0f e7 77 60 66 0f e7 7f 70 48
0x00007ffdfeeeedd6:   83 ef 80 41 8b c2 49 3b c1 72 9f 41 83 e0 7f 74
0x00007ffdfeeeede6:   34 45 8b d0 44 8b c9 49 c1 ea 04 4d 85 d2 74 25
0x00007ffdfeeeedf6:   66 66 0f 1f 84 00 00 00 00 00 f3 0f 6f 02 41 ff
0x00007ffdfeeeee06:   c1 66 0f e7 07 48 83 c7 10 41 8b c1 48 83 c2 10
0x00007ffdfeeeee16:   49 3b c2 72 e5 0f 28 74 24 10 0f 28 3c 24 41 83
0x00007ffdfeeeee26:   e0 0f 74 49 45 8b d0 44 8b c9 49 c1 ea 02 4d 85
0x00007ffdfeeeee36:   d2 74 1e 0f 1f 80 00 00 00 00 8b 02 41 ff c1 89
0x00007ffdfeeeee46:   07 48 83 c2 04 48 83 c7 04 41 8b c1 49 3b c2 72
0x00007ffdfeeeee56:   e9 41 83 e0 03 76 16 48 2b d7 0f b6 04 3a ff c1
0x00007ffdfeeeee66:   88 07 48 8d 7f 01 8b c1 49 3b c0 72 ed 48 83 c4
0x00007ffdfeeeee76:   20 5f c3 cc cc cc cc cc cc cc 40 53 48 83 ec 20
0x00007ffdfeeeee86:   48 8b da 48 8b d1 48 8b 0b 48 85 c9 74 2d 48 8b 


Stack slot to memory mapping:
stack at sp + 0 slots: 0x3ff0ff9e3f87fcf3 is an unknown value
stack at sp + 1 slots: 0x0 is NULL
stack at sp + 2 slots: 3773761061 is a compressed pointer to object: java.util.ArrayList 
{0x0000000707783128} - klass: 'java/util/ArrayList'
 - ---- fields (total size 3 words):
 - protected transient 'modCount' 'I' @12  24 (18)
 - private 'size' 'I' @16  24 (18)
 - transient 'elementData' '[Ljava/lang/Object;' @20  a 'java/lang/Object'[33] {0x0000000707783140} (e0ef0628)
stack at sp + 3 slots: 0x0 is NULL
stack at sp + 4 slots: 0x000001c2150dc110 points into unknown readable memory: 0x0000000000000000 | 00 00 00 00 00 00 00 00
stack at sp + 5 slots: 0x00007ffdff48c452 ig9icd64.dll
stack at sp + 6 slots: 0x000001c214a92700 points into unknown readable memory: 0x000001c20fe68000 | 00 80 e6 0f c2 01 00 00
stack at sp + 7 slots: 0x000000000000000a is an unknown value


---------------  P R O C E S S  ---------------

Threads class SMR info:
_java_thread_list=0x000001c20cbb91e0, length=22, elements={
0x000001c267c27b40, 0x000001c20abeb400, 0x000001c20abec270, 0x000001c20b505b10,
0x000001c20b5094f0, 0x000001c20b50c650, 0x000001c20b510ca0, 0x000001c20b512120,
0x000001c20b514770, 0x000001c20b519410, 0x000001c20b74f7c0, 0x000001c20ba5c750,
0x000001c20bc1a920, 0x000001c20bc1b9d0, 0x000001c20bb0cab0, 0x000001c20bb0d450,
0x000001c20bb0c110, 0x000001c20bb0d920, 0x000001c20bb0a900, 0x000001c20c60aa50,
0x000001c20c604070, 0x000001c20c60a0b0
}

Java Threads: ( => current thread )
=>0x000001c267c27b40 JavaThread "main" [_thread_in_native, id=8320, stack(0x0000004d93c00000,0x0000004d93d00000)]
  0x000001c20abeb400 JavaThread "Reference Handler" daemon [_thread_blocked, id=2784, stack(0x0000004d94300000,0x0000004d94400000)]
  0x000001c20abec270 JavaThread "Finalizer" daemon [_thread_blocked, id=15368, stack(0x0000004d94400000,0x0000004d94500000)]
  0x000001c20b505b10 JavaThread "Signal Dispatcher" daemon [_thread_blocked, id=16352, stack(0x0000004d94500000,0x0000004d94600000)]
  0x000001c20b5094f0 JavaThread "Attach Listener" daemon [_thread_blocked, id=5500, stack(0x0000004d94600000,0x0000004d94700000)]
  0x000001c20b50c650 JavaThread "Service Thread" daemon [_thread_blocked, id=20752, stack(0x0000004d94700000,0x0000004d94800000)]
  0x000001c20b510ca0 JavaThread "Monitor Deflation Thread" daemon [_thread_blocked, id=13384, stack(0x0000004d94800000,0x0000004d94900000)]
  0x000001c20b512120 JavaThread "C2 CompilerThread0" daemon [_thread_blocked, id=14240, stack(0x0000004d94900000,0x0000004d94a00000)]
  0x000001c20b514770 JavaThread "C1 CompilerThread0" daemon [_thread_blocked, id=18312, stack(0x0000004d94a00000,0x0000004d94b00000)]
  0x000001c20b519410 JavaThread "Sweeper thread" daemon [_thread_blocked, id=13124, stack(0x0000004d94b00000,0x0000004d94c00000)]
  0x000001c20b74f7c0 JavaThread "Common-Cleaner" daemon [_thread_blocked, id=20800, stack(0x0000004d94c00000,0x0000004d94d00000)]
  0x000001c20ba5c750 JavaThread "*** Profiler Agent Communication Thread" daemon [_thread_in_native, id=5884, stack(0x0000004d94d00000,0x0000004d94e00000)]
  0x000001c20bc1a920 JavaThread "*** JFluid Monitor thread ***" daemon [_thread_blocked, id=7896, stack(0x0000004d94e00000,0x0000004d94f00000)]
  0x000001c20bc1b9d0 JavaThread "*** Profiler Agent Special Execution Thread 6" daemon [_thread_blocked, id=9064, stack(0x0000004d94f00000,0x0000004d95000000)]
  0x000001c20bb0cab0 JavaThread "*** Profiler Agent Special Execution Thread 10" daemon [_thread_blocked, id=11340, stack(0x0000004d95200000,0x0000004d95300000)]
  0x000001c20bb0d450 JavaThread "Notification Thread" daemon [_thread_blocked, id=18384, stack(0x0000004d95100000,0x0000004d95200000)]
  0x000001c20bb0c110 JavaThread "Java2D Disposer" daemon [_thread_blocked, id=14408, stack(0x0000004d95000000,0x0000004d95100000)]
  0x000001c20bb0d920 JavaThread "AWT-Windows" daemon [_thread_in_native, id=21108, stack(0x0000004d95500000,0x0000004d95600000)]
  0x000001c20bb0a900 JavaThread "Swing-Shell" daemon [_thread_blocked, id=13628, stack(0x0000004d95600000,0x0000004d95700000)]
  0x000001c20c60aa50 JavaThread "AWT-Shutdown" [_thread_blocked, id=12584, stack(0x0000004d95400000,0x0000004d95500000)]
  0x000001c20c604070 JavaThread "AWT-EventQueue-0" [_thread_blocked, id=10092, stack(0x0000004d95e00000,0x0000004d95f00000)]
  0x000001c20c60a0b0 JavaThread "TimerQueue" daemon [_thread_blocked, id=18580, stack(0x0000004d96b00000,0x0000004d96c00000)]

Other Threads:
  0x000001c20abe0c00 VMThread "VM Thread" [stack: 0x0000004d94200000,0x0000004d94300000] [id=9336]
  0x000001c20be91590 WatcherThread [stack: 0x0000004d95300000,0x0000004d95400000] [id=14312]
  0x000001c267c771c0 GCTaskThread "GC Thread#0" [stack: 0x0000004d93d00000,0x0000004d93e00000] [id=9712]
  0x000001c214b479c0 GCTaskThread "GC Thread#1" [stack: 0x0000004d96000000,0x0000004d96100000] [id=19500]
  0x000001c21470a7f0 GCTaskThread "GC Thread#2" [stack: 0x0000004d96100000,0x0000004d96200000] [id=15420]
  0x000001c214b387e0 GCTaskThread "GC Thread#3" [stack: 0x0000004d96200000,0x0000004d96300000] [id=16564]
  0x000001c214b38a90 GCTaskThread "GC Thread#4" [stack: 0x0000004d96300000,0x0000004d96400000] [id=19644]
  0x000001c214b38d40 GCTaskThread "GC Thread#5" [stack: 0x0000004d96400000,0x0000004d96500000] [id=20416]
  0x000001c214b38ff0 GCTaskThread "GC Thread#6" [stack: 0x0000004d96500000,0x0000004d96600000] [id=7704]
  0x000001c214b39ab0 GCTaskThread "GC Thread#7" [stack: 0x0000004d96600000,0x0000004d96700000] [id=11676]
  0x000001c214b392a0 GCTaskThread "GC Thread#8" [stack: 0x0000004d96700000,0x0000004d96800000] [id=20624]
  0x000001c214b39d60 GCTaskThread "GC Thread#9" [stack: 0x0000004d96800000,0x0000004d96900000] [id=5188]
  0x000001c267c88cd0 ConcurrentGCThread "G1 Main Marker" [stack: 0x0000004d93e00000,0x0000004d93f00000] [id=18972]
  0x000001c267c8ae90 ConcurrentGCThread "G1 Conc#0" [stack: 0x0000004d93f00000,0x0000004d94000000] [id=20724]
  0x000001c267cfe490 ConcurrentGCThread "G1 Refine#0" [stack: 0x0000004d94000000,0x0000004d94100000] [id=20888]
  0x000001c214a65390 ConcurrentGCThread "G1 Refine#1" [stack: 0x0000004d96e00000,0x0000004d96f00000] [id=20312]
  0x000001c214a64dd0 ConcurrentGCThread "G1 Refine#2" [stack: 0x0000004d96f00000,0x0000004d97000000] [id=16188]
  0x000001c20d0c1300 ConcurrentGCThread "G1 Refine#3" [stack: 0x0000004d97000000,0x0000004d97100000] [id=16340]
  0x000001c20d0c2a00 ConcurrentGCThread "G1 Refine#4" [stack: 0x0000004d97100000,0x0000004d97200000] [id=13424]
  0x000001c20d0c2720 ConcurrentGCThread "G1 Refine#5" [stack: 0x0000004d97200000,0x0000004d97300000] [id=21056]
  0x000001c20d0c2ce0 ConcurrentGCThread "G1 Refine#6" [stack: 0x0000004d97300000,0x0000004d97400000] [id=21420]
  0x000001c20d0c2440 ConcurrentGCThread "G1 Refine#7" [stack: 0x0000004d97400000,0x0000004d97500000] [id=17428]
  0x000001c20aa95500 ConcurrentGCThread "G1 Service" [stack: 0x0000004d94100000,0x0000004d94200000] [id=17004]

Threads with active compile tasks:

VM state: not at safepoint (normal execution)

VM Mutex/Monitor currently owned by a thread: None

Heap address: 0x0000000704400000, size: 4028 MB, Compressed Oops mode: Zero based, Oop shift amount: 3

CDS archive(s) mapped at: [0x0000000800000000-0x0000000800bc0000-0x0000000800bc0000), size 12320768, SharedBaseAddress: 0x0000000800000000, ArchiveRelocationMode: 0.
Compressed class space mapped at: 0x0000000800c00000-0x0000000840c00000, reserved size: 1073741824
Narrow klass base: 0x0000000800000000, Narrow klass shift: 0, Narrow klass range: 0x100000000

GC Precious Log:
 CPUs: 12 total, 12 available
 Memory: 16111M
 Large Page Support: Disabled
 NUMA Support: Disabled
 Compressed Oops: Enabled (Zero based)
 Heap Region Size: 2M
 Heap Min Capacity: 8M
 Heap Initial Capacity: 252M
 Heap Max Capacity: 4028M
 Pre-touch: Disabled
 Parallel Workers: 10
 Concurrent Workers: 3
 Concurrent Refinement Workers: 10
 Periodic GC: Disabled

Heap:
 garbage-first heap   total 516096K, used 50096K [0x0000000704400000, 0x0000000800000000)
  region size 2048K, 2 young (4096K), 1 survivors (2048K)
 Metaspace       used 19526K, committed 19840K, reserved 1073152K
  class space    used 2053K, committed 2240K, reserved 1048576K

Heap Regions: E=young(eden), S=young(survivor), O=old, HS=humongous(starts), HC=humongous(continues), CS=collection set, F=free, OA=open archive, CA=closed archive, TAMS=top-at-mark-start (previous, next)
|   0|0x0000000704400000, 0x0000000704600000, 0x0000000704600000|100%|HS|  |TAMS 0x0000000704400000, 0x0000000704400000| Complete 
|   1|0x0000000704600000, 0x0000000704800000, 0x0000000704800000|100%| O|  |TAMS 0x0000000704600000, 0x0000000704600000| Untracked 
|   2|0x0000000704800000, 0x0000000704a00000, 0x0000000704a00000|100%| O|  |TAMS 0x0000000704800000, 0x0000000704800000| Untracked 
|   3|0x0000000704a00000, 0x0000000704a96800, 0x0000000704c00000| 29%| O|  |TAMS 0x0000000704a00000, 0x0000000704a00000| Untracked 
|   4|0x0000000704c00000, 0x0000000704c00000, 0x0000000704e00000|  0%| F|  |TAMS 0x0000000704c00000, 0x0000000704c00000| Untracked 
|   5|0x0000000704e00000, 0x0000000705000000, 0x0000000705000000|100%| O|  |TAMS 0x0000000704e00000, 0x0000000704e00000| Untracked 
|   6|0x0000000705000000, 0x0000000705200000, 0x0000000705200000|100%| O|  |TAMS 0x0000000705000000, 0x0000000705000000| Untracked 
|   7|0x0000000705200000, 0x0000000705400000, 0x0000000705400000|100%| O|  |TAMS 0x0000000705200000, 0x0000000705200000| Untracked 
|   8|0x0000000705400000, 0x0000000705600000, 0x0000000705600000|100%| O|  |TAMS 0x0000000705400000, 0x0000000705400000| Untracked 
|   9|0x0000000705600000, 0x0000000705800000, 0x0000000705800000|100%| O|  |TAMS 0x0000000705600000, 0x0000000705600000| Untracked 
|  10|0x0000000705800000, 0x0000000705a00000, 0x0000000705a00000|100%| O|  |TAMS 0x0000000705800000, 0x0000000705800000| Untracked 
|  11|0x0000000705a00000, 0x0000000705c00000, 0x0000000705c00000|100%| O|  |TAMS 0x0000000705a00000, 0x0000000705a00000| Untracked 
|  12|0x0000000705c00000, 0x0000000705e00000, 0x0000000705e00000|100%| O|  |TAMS 0x0000000705c00000, 0x0000000705c00000| Untracked 
|  13|0x0000000705e00000, 0x0000000706000000, 0x0000000706000000|100%| O|  |TAMS 0x0000000705e00000, 0x0000000705e00000| Untracked 
|  14|0x0000000706000000, 0x0000000706200000, 0x0000000706200000|100%| O|  |TAMS 0x0000000706000000, 0x0000000706000000| Untracked 
|  15|0x0000000706200000, 0x0000000706400000, 0x0000000706400000|100%| O|  |TAMS 0x0000000706200000, 0x0000000706200000| Untracked 
|  16|0x0000000706400000, 0x0000000706600000, 0x0000000706600000|100%| O|  |TAMS 0x0000000706400000, 0x0000000706400000| Untracked 
|  17|0x0000000706600000, 0x0000000706800000, 0x0000000706800000|100%| O|  |TAMS 0x0000000706600000, 0x0000000706600000| Untracked 
|  18|0x0000000706800000, 0x0000000706a00000, 0x0000000706a00000|100%| O|  |TAMS 0x0000000706800000, 0x0000000706800000| Untracked 
|  19|0x0000000706a00000, 0x0000000706c00000, 0x0000000706c00000|100%| O|  |TAMS 0x0000000706a00000, 0x0000000706a00000| Untracked 
|  20|0x0000000706c00000, 0x0000000706e00000, 0x0000000706e00000|100%| O|  |TAMS 0x0000000706c00000, 0x0000000706c00000| Untracked 
|  21|0x0000000706e00000, 0x0000000707000000, 0x0000000707000000|100%| O|  |TAMS 0x0000000706e00000, 0x0000000706e00000| Untracked 
|  22|0x0000000707000000, 0x0000000707200000, 0x0000000707200000|100%| O|  |TAMS 0x0000000707000000, 0x0000000707000000| Untracked 
|  23|0x0000000707200000, 0x0000000707400000, 0x0000000707400000|100%| O|  |TAMS 0x0000000707200000, 0x0000000707200000| Untracked 
|  24|0x0000000707400000, 0x0000000707600000, 0x0000000707600000|100%| O|  |TAMS 0x0000000707400000, 0x0000000707400000| Untracked 
|  25|0x0000000707600000, 0x0000000707800000, 0x0000000707800000|100%| O|  |TAMS 0x0000000707600000, 0x0000000707600000| Untracked 
|  26|0x0000000707800000, 0x0000000707800000, 0x0000000707a00000|  0%| F|  |TAMS 0x0000000707800000, 0x0000000707800000| Untracked 
|  27|0x0000000707a00000, 0x0000000707a00000, 0x0000000707c00000|  0%| F|  |TAMS 0x0000000707a00000, 0x0000000707a00000| Untracked 
|  28|0x0000000707c00000, 0x0000000707c00000, 0x0000000707e00000|  0%| F|  |TAMS 0x0000000707c00000, 0x0000000707c00000| Untracked 
|  29|0x0000000707e00000, 0x0000000707e00000, 0x0000000708000000|  0%| F|  |TAMS 0x0000000707e00000, 0x0000000707e00000| Untracked 
|  30|0x0000000708000000, 0x0000000708000000, 0x0000000708200000|  0%| F|  |TAMS 0x0000000708000000, 0x0000000708000000| Untracked 
|  31|0x0000000708200000, 0x0000000708200000, 0x0000000708400000|  0%| F|  |TAMS 0x0000000708200000, 0x0000000708200000| Untracked 
|  32|0x0000000708400000, 0x0000000708400000, 0x0000000708600000|  0%| F|  |TAMS 0x0000000708400000, 0x0000000708400000| Untracked 
|  33|0x0000000708600000, 0x0000000708600000, 0x0000000708800000|  0%| F|  |TAMS 0x0000000708600000, 0x0000000708600000| Untracked 
|  34|0x0000000708800000, 0x0000000708800000, 0x0000000708a00000|  0%| F|  |TAMS 0x0000000708800000, 0x0000000708800000| Untracked 
|  35|0x0000000708a00000, 0x0000000708a00000, 0x0000000708c00000|  0%| F|  |TAMS 0x0000000708a00000, 0x0000000708a00000| Untracked 
|  36|0x0000000708c00000, 0x0000000708c00000, 0x0000000708e00000|  0%| F|  |TAMS 0x0000000708c00000, 0x0000000708c00000| Untracked 
|  37|0x0000000708e00000, 0x0000000708e00000, 0x0000000709000000|  0%| F|  |TAMS 0x0000000708e00000, 0x0000000708e00000| Untracked 
|  38|0x0000000709000000, 0x0000000709000000, 0x0000000709200000|  0%| F|  |TAMS 0x0000000709000000, 0x0000000709000000| Untracked 
|  39|0x0000000709200000, 0x0000000709200000, 0x0000000709400000|  0%| F|  |TAMS 0x0000000709200000, 0x0000000709200000| Untracked 
|  40|0x0000000709400000, 0x0000000709400000, 0x0000000709600000|  0%| F|  |TAMS 0x0000000709400000, 0x0000000709400000| Untracked 
|  41|0x0000000709600000, 0x0000000709600000, 0x0000000709800000|  0%| F|  |TAMS 0x0000000709600000, 0x0000000709600000| Untracked 
|  42|0x0000000709800000, 0x0000000709800000, 0x0000000709a00000|  0%| F|  |TAMS 0x0000000709800000, 0x0000000709800000| Untracked 
|  43|0x0000000709a00000, 0x0000000709a00000, 0x0000000709c00000|  0%| F|  |TAMS 0x0000000709a00000, 0x0000000709a00000| Untracked 
|  44|0x0000000709c00000, 0x0000000709c00000, 0x0000000709e00000|  0%| F|  |TAMS 0x0000000709c00000, 0x0000000709c00000| Untracked 
|  45|0x0000000709e00000, 0x0000000709e00000, 0x000000070a000000|  0%| F|  |TAMS 0x0000000709e00000, 0x0000000709e00000| Untracked 
|  46|0x000000070a000000, 0x000000070a000000, 0x000000070a200000|  0%| F|  |TAMS 0x000000070a000000, 0x000000070a000000| Untracked 
|  47|0x000000070a200000, 0x000000070a200000, 0x000000070a400000|  0%| F|  |TAMS 0x000000070a200000, 0x000000070a200000| Untracked 
|  48|0x000000070a400000, 0x000000070a400000, 0x000000070a600000|  0%| F|  |TAMS 0x000000070a400000, 0x000000070a400000| Untracked 
|  49|0x000000070a600000, 0x000000070a600000, 0x000000070a800000|  0%| F|  |TAMS 0x000000070a600000, 0x000000070a600000| Untracked 
|  50|0x000000070a800000, 0x000000070a800000, 0x000000070aa00000|  0%| F|  |TAMS 0x000000070a800000, 0x000000070a800000| Untracked 
|  51|0x000000070aa00000, 0x000000070aa00000, 0x000000070ac00000|  0%| F|  |TAMS 0x000000070aa00000, 0x000000070aa00000| Untracked 
|  52|0x000000070ac00000, 0x000000070ac00000, 0x000000070ae00000|  0%| F|  |TAMS 0x000000070ac00000, 0x000000070ac00000| Untracked 
|  53|0x000000070ae00000, 0x000000070ae00000, 0x000000070b000000|  0%| F|  |TAMS 0x000000070ae00000, 0x000000070ae00000| Untracked 
|  54|0x000000070b000000, 0x000000070b000000, 0x000000070b200000|  0%| F|  |TAMS 0x000000070b000000, 0x000000070b000000| Untracked 
|  55|0x000000070b200000, 0x000000070b200000, 0x000000070b400000|  0%| F|  |TAMS 0x000000070b200000, 0x000000070b200000| Untracked 
|  56|0x000000070b400000, 0x000000070b400000, 0x000000070b600000|  0%| F|  |TAMS 0x000000070b400000, 0x000000070b400000| Untracked 
|  57|0x000000070b600000, 0x000000070b600000, 0x000000070b800000|  0%| F|  |TAMS 0x000000070b600000, 0x000000070b600000| Untracked 
|  58|0x000000070b800000, 0x000000070b800000, 0x000000070ba00000|  0%| F|  |TAMS 0x000000070b800000, 0x000000070b800000| Untracked 
|  59|0x000000070ba00000, 0x000000070ba00000, 0x000000070bc00000|  0%| F|  |TAMS 0x000000070ba00000, 0x000000070ba00000| Untracked 
|  60|0x000000070bc00000, 0x000000070bc00000, 0x000000070be00000|  0%| F|  |TAMS 0x000000070bc00000, 0x000000070bc00000| Untracked 
|  61|0x000000070be00000, 0x000000070be00000, 0x000000070c000000|  0%| F|  |TAMS 0x000000070be00000, 0x000000070be00000| Untracked 
|  62|0x000000070c000000, 0x000000070c000000, 0x000000070c200000|  0%| F|  |TAMS 0x000000070c000000, 0x000000070c000000| Untracked 
|  63|0x000000070c200000, 0x000000070c200000, 0x000000070c400000|  0%| F|  |TAMS 0x000000070c200000, 0x000000070c200000| Untracked 
|  64|0x000000070c400000, 0x000000070c400000, 0x000000070c600000|  0%| F|  |TAMS 0x000000070c400000, 0x000000070c400000| Untracked 
|  65|0x000000070c600000, 0x000000070c600000, 0x000000070c800000|  0%| F|  |TAMS 0x000000070c600000, 0x000000070c600000| Untracked 
|  66|0x000000070c800000, 0x000000070c800000, 0x000000070ca00000|  0%| F|  |TAMS 0x000000070c800000, 0x000000070c800000| Untracked 
|  67|0x000000070ca00000, 0x000000070ca00000, 0x000000070cc00000|  0%| F|  |TAMS 0x000000070ca00000, 0x000000070ca00000| Untracked 
|  68|0x000000070cc00000, 0x000000070cc00000, 0x000000070ce00000|  0%| F|  |TAMS 0x000000070cc00000, 0x000000070cc00000| Untracked 
|  69|0x000000070ce00000, 0x000000070ce00000, 0x000000070d000000|  0%| F|  |TAMS 0x000000070ce00000, 0x000000070ce00000| Untracked 
|  70|0x000000070d000000, 0x000000070d000000, 0x000000070d200000|  0%| F|  |TAMS 0x000000070d000000, 0x000000070d000000| Untracked 
|  71|0x000000070d200000, 0x000000070d200000, 0x000000070d400000|  0%| F|  |TAMS 0x000000070d200000, 0x000000070d200000| Untracked 
|  72|0x000000070d400000, 0x000000070d400000, 0x000000070d600000|  0%| F|  |TAMS 0x000000070d400000, 0x000000070d400000| Untracked 
|  73|0x000000070d600000, 0x000000070d600000, 0x000000070d800000|  0%| F|  |TAMS 0x000000070d600000, 0x000000070d600000| Untracked 
|  74|0x000000070d800000, 0x000000070d800000, 0x000000070da00000|  0%| F|  |TAMS 0x000000070d800000, 0x000000070d800000| Untracked 
|  75|0x000000070da00000, 0x000000070da00000, 0x000000070dc00000|  0%| F|  |TAMS 0x000000070da00000, 0x000000070da00000| Untracked 
|  76|0x000000070dc00000, 0x000000070dc00000, 0x000000070de00000|  0%| F|  |TAMS 0x000000070dc00000, 0x000000070dc00000| Untracked 
|  77|0x000000070de00000, 0x000000070de00000, 0x000000070e000000|  0%| F|  |TAMS 0x000000070de00000, 0x000000070de00000| Untracked 
|  78|0x000000070e000000, 0x000000070e000000, 0x000000070e200000|  0%| F|  |TAMS 0x000000070e000000, 0x000000070e000000| Untracked 
|  79|0x000000070e200000, 0x000000070e200000, 0x000000070e400000|  0%| F|  |TAMS 0x000000070e200000, 0x000000070e200000| Untracked 
|  80|0x000000070e400000, 0x000000070e400000, 0x000000070e600000|  0%| F|  |TAMS 0x000000070e400000, 0x000000070e400000| Untracked 
|  81|0x000000070e600000, 0x000000070e600000, 0x000000070e800000|  0%| F|  |TAMS 0x000000070e600000, 0x000000070e600000| Untracked 
|  82|0x000000070e800000, 0x000000070e800000, 0x000000070ea00000|  0%| F|  |TAMS 0x000000070e800000, 0x000000070e800000| Untracked 
|  83|0x000000070ea00000, 0x000000070ea00000, 0x000000070ec00000|  0%| F|  |TAMS 0x000000070ea00000, 0x000000070ea00000| Untracked 
|  84|0x000000070ec00000, 0x000000070ec00000, 0x000000070ee00000|  0%| F|  |TAMS 0x000000070ec00000, 0x000000070ec00000| Untracked 
|  85|0x000000070ee00000, 0x000000070ee00000, 0x000000070f000000|  0%| F|  |TAMS 0x000000070ee00000, 0x000000070ee00000| Untracked 
|  86|0x000000070f000000, 0x000000070f000000, 0x000000070f200000|  0%| F|  |TAMS 0x000000070f000000, 0x000000070f000000| Untracked 
|  87|0x000000070f200000, 0x000000070f200000, 0x000000070f400000|  0%| F|  |TAMS 0x000000070f200000, 0x000000070f200000| Untracked 
|  88|0x000000070f400000, 0x000000070f400000, 0x000000070f600000|  0%| F|  |TAMS 0x000000070f400000, 0x000000070f400000| Untracked 
|  89|0x000000070f600000, 0x000000070f600000, 0x000000070f800000|  0%| F|  |TAMS 0x000000070f600000, 0x000000070f600000| Untracked 
|  90|0x000000070f800000, 0x000000070f800000, 0x000000070fa00000|  0%| F|  |TAMS 0x000000070f800000, 0x000000070f800000| Untracked 
|  91|0x000000070fa00000, 0x000000070fa00000, 0x000000070fc00000|  0%| F|  |TAMS 0x000000070fa00000, 0x000000070fa00000| Untracked 
|  92|0x000000070fc00000, 0x000000070fc00000, 0x000000070fe00000|  0%| F|  |TAMS 0x000000070fc00000, 0x000000070fc00000| Untracked 
|  93|0x000000070fe00000, 0x000000070fe00000, 0x0000000710000000|  0%| F|  |TAMS 0x000000070fe00000, 0x000000070fe00000| Untracked 
|  94|0x0000000710000000, 0x0000000710000000, 0x0000000710200000|  0%| F|  |TAMS 0x0000000710000000, 0x0000000710000000| Untracked 
|  95|0x0000000710200000, 0x0000000710200000, 0x0000000710400000|  0%| F|  |TAMS 0x0000000710200000, 0x0000000710200000| Untracked 
|  96|0x0000000710400000, 0x0000000710400000, 0x0000000710600000|  0%| F|  |TAMS 0x0000000710400000, 0x0000000710400000| Untracked 
|  97|0x0000000710600000, 0x0000000710600000, 0x0000000710800000|  0%| F|  |TAMS 0x0000000710600000, 0x0000000710600000| Untracked 
|  98|0x0000000710800000, 0x0000000710800000, 0x0000000710a00000|  0%| F|  |TAMS 0x0000000710800000, 0x0000000710800000| Untracked 
|  99|0x0000000710a00000, 0x0000000710a00000, 0x0000000710c00000|  0%| F|  |TAMS 0x0000000710a00000, 0x0000000710a00000| Untracked 
| 100|0x0000000710c00000, 0x0000000710c55ab8, 0x0000000710e00000| 16%| S|CS|TAMS 0x0000000710c00000, 0x0000000710c00000| Complete 
| 101|0x0000000710e00000, 0x0000000710e00000, 0x0000000711000000|  0%| F|  |TAMS 0x0000000710e00000, 0x0000000710e00000| Untracked 
| 102|0x0000000711000000, 0x0000000711000000, 0x0000000711200000|  0%| F|  |TAMS 0x0000000711000000, 0x0000000711000000| Untracked 
| 103|0x0000000711200000, 0x0000000711200000, 0x0000000711400000|  0%| F|  |TAMS 0x0000000711200000, 0x0000000711200000| Untracked 
| 104|0x0000000711400000, 0x0000000711400000, 0x0000000711600000|  0%| F|  |TAMS 0x0000000711400000, 0x0000000711400000| Untracked 
| 105|0x0000000711600000, 0x0000000711600000, 0x0000000711800000|  0%| F|  |TAMS 0x0000000711600000, 0x0000000711600000| Untracked 
| 106|0x0000000711800000, 0x0000000711800000, 0x0000000711a00000|  0%| F|  |TAMS 0x0000000711800000, 0x0000000711800000| Untracked 
| 107|0x0000000711a00000, 0x0000000711a00000, 0x0000000711c00000|  0%| F|  |TAMS 0x0000000711a00000, 0x0000000711a00000| Untracked 
| 108|0x0000000711c00000, 0x0000000711c00000, 0x0000000711e00000|  0%| F|  |TAMS 0x0000000711c00000, 0x0000000711c00000| Untracked 
| 109|0x0000000711e00000, 0x0000000711e00000, 0x0000000712000000|  0%| F|  |TAMS 0x0000000711e00000, 0x0000000711e00000| Untracked 
| 110|0x0000000712000000, 0x0000000712000000, 0x0000000712200000|  0%| F|  |TAMS 0x0000000712000000, 0x0000000712000000| Untracked 
| 111|0x0000000712200000, 0x0000000712200000, 0x0000000712400000|  0%| F|  |TAMS 0x0000000712200000, 0x0000000712200000| Untracked 
| 112|0x0000000712400000, 0x0000000712400000, 0x0000000712600000|  0%| F|  |TAMS 0x0000000712400000, 0x0000000712400000| Untracked 
| 113|0x0000000712600000, 0x0000000712600000, 0x0000000712800000|  0%| F|  |TAMS 0x0000000712600000, 0x0000000712600000| Untracked 
| 114|0x0000000712800000, 0x0000000712800000, 0x0000000712a00000|  0%| F|  |TAMS 0x0000000712800000, 0x0000000712800000| Untracked 
| 115|0x0000000712a00000, 0x0000000712a00000, 0x0000000712c00000|  0%| F|  |TAMS 0x0000000712a00000, 0x0000000712a00000| Untracked 
| 116|0x0000000712c00000, 0x0000000712c00000, 0x0000000712e00000|  0%| F|  |TAMS 0x0000000712c00000, 0x0000000712c00000| Untracked 
| 117|0x0000000712e00000, 0x0000000712e00000, 0x0000000713000000|  0%| F|  |TAMS 0x0000000712e00000, 0x0000000712e00000| Untracked 
| 118|0x0000000713000000, 0x0000000713000000, 0x0000000713200000|  0%| F|  |TAMS 0x0000000713000000, 0x0000000713000000| Untracked 
| 119|0x0000000713200000, 0x0000000713200000, 0x0000000713400000|  0%| F|  |TAMS 0x0000000713200000, 0x0000000713200000| Untracked 
| 120|0x0000000713400000, 0x0000000713400000, 0x0000000713600000|  0%| F|  |TAMS 0x0000000713400000, 0x0000000713400000| Untracked 
| 121|0x0000000713600000, 0x0000000713600000, 0x0000000713800000|  0%| F|  |TAMS 0x0000000713600000, 0x0000000713600000| Untracked 
| 122|0x0000000713800000, 0x0000000713800000, 0x0000000713a00000|  0%| F|  |TAMS 0x0000000713800000, 0x0000000713800000| Untracked 
| 123|0x0000000713a00000, 0x0000000713a00000, 0x0000000713c00000|  0%| F|  |TAMS 0x0000000713a00000, 0x0000000713a00000| Untracked 
| 124|0x0000000713c00000, 0x0000000713c00000, 0x0000000713e00000|  0%| F|  |TAMS 0x0000000713c00000, 0x0000000713c00000| Untracked 
| 125|0x0000000713e00000, 0x0000000713e00000, 0x0000000714000000|  0%| F|  |TAMS 0x0000000713e00000, 0x0000000713e00000| Untracked 
| 126|0x0000000714000000, 0x0000000714000000, 0x0000000714200000|  0%| F|  |TAMS 0x0000000714000000, 0x0000000714000000| Untracked 
| 127|0x0000000714200000, 0x0000000714200000, 0x0000000714400000|  0%| F|  |TAMS 0x0000000714200000, 0x0000000714200000| Untracked 
| 128|0x0000000714400000, 0x0000000714400000, 0x0000000714600000|  0%| F|  |TAMS 0x0000000714400000, 0x0000000714400000| Untracked 
| 129|0x0000000714600000, 0x0000000714600000, 0x0000000714800000|  0%| F|  |TAMS 0x0000000714600000, 0x0000000714600000| Untracked 
| 130|0x0000000714800000, 0x0000000714800000, 0x0000000714a00000|  0%| F|  |TAMS 0x0000000714800000, 0x0000000714800000| Untracked 
| 131|0x0000000714a00000, 0x0000000714a00000, 0x0000000714c00000|  0%| F|  |TAMS 0x0000000714a00000, 0x0000000714a00000| Untracked 
| 132|0x0000000714c00000, 0x0000000714c00000, 0x0000000714e00000|  0%| F|  |TAMS 0x0000000714c00000, 0x0000000714c00000| Untracked 
| 133|0x0000000714e00000, 0x0000000714e00000, 0x0000000715000000|  0%| F|  |TAMS 0x0000000714e00000, 0x0000000714e00000| Untracked 
| 134|0x0000000715000000, 0x0000000715000000, 0x0000000715200000|  0%| F|  |TAMS 0x0000000715000000, 0x0000000715000000| Untracked 
| 135|0x0000000715200000, 0x0000000715200000, 0x0000000715400000|  0%| F|  |TAMS 0x0000000715200000, 0x0000000715200000| Untracked 
| 136|0x0000000715400000, 0x0000000715400000, 0x0000000715600000|  0%| F|  |TAMS 0x0000000715400000, 0x0000000715400000| Untracked 
| 137|0x0000000715600000, 0x0000000715600000, 0x0000000715800000|  0%| F|  |TAMS 0x0000000715600000, 0x0000000715600000| Untracked 
| 138|0x0000000715800000, 0x0000000715800000, 0x0000000715a00000|  0%| F|  |TAMS 0x0000000715800000, 0x0000000715800000| Untracked 
| 139|0x0000000715a00000, 0x0000000715a00000, 0x0000000715c00000|  0%| F|  |TAMS 0x0000000715a00000, 0x0000000715a00000| Untracked 
| 140|0x0000000715c00000, 0x0000000715c00000, 0x0000000715e00000|  0%| F|  |TAMS 0x0000000715c00000, 0x0000000715c00000| Untracked 
| 141|0x0000000715e00000, 0x0000000715e00000, 0x0000000716000000|  0%| F|  |TAMS 0x0000000715e00000, 0x0000000715e00000| Untracked 
| 142|0x0000000716000000, 0x0000000716000000, 0x0000000716200000|  0%| F|  |TAMS 0x0000000716000000, 0x0000000716000000| Untracked 
| 143|0x0000000716200000, 0x0000000716200000, 0x0000000716400000|  0%| F|  |TAMS 0x0000000716200000, 0x0000000716200000| Untracked 
| 144|0x0000000716400000, 0x0000000716400000, 0x0000000716600000|  0%| F|  |TAMS 0x0000000716400000, 0x0000000716400000| Untracked 
| 145|0x0000000716600000, 0x0000000716600000, 0x0000000716800000|  0%| F|  |TAMS 0x0000000716600000, 0x0000000716600000| Untracked 
| 146|0x0000000716800000, 0x0000000716800000, 0x0000000716a00000|  0%| F|  |TAMS 0x0000000716800000, 0x0000000716800000| Untracked 
| 147|0x0000000716a00000, 0x0000000716a00000, 0x0000000716c00000|  0%| F|  |TAMS 0x0000000716a00000, 0x0000000716a00000| Untracked 
| 148|0x0000000716c00000, 0x0000000716c00000, 0x0000000716e00000|  0%| F|  |TAMS 0x0000000716c00000, 0x0000000716c00000| Untracked 
| 149|0x0000000716e00000, 0x0000000716e00000, 0x0000000717000000|  0%| F|  |TAMS 0x0000000716e00000, 0x0000000716e00000| Untracked 
| 150|0x0000000717000000, 0x0000000717000000, 0x0000000717200000|  0%| F|  |TAMS 0x0000000717000000, 0x0000000717000000| Untracked 
| 151|0x0000000717200000, 0x0000000717200000, 0x0000000717400000|  0%| F|  |TAMS 0x0000000717200000, 0x0000000717200000| Untracked 
| 152|0x0000000717400000, 0x0000000717400000, 0x0000000717600000|  0%| F|  |TAMS 0x0000000717400000, 0x0000000717400000| Untracked 
| 153|0x0000000717600000, 0x0000000717600000, 0x0000000717800000|  0%| F|  |TAMS 0x0000000717600000, 0x0000000717600000| Untracked 
| 154|0x0000000717800000, 0x0000000717800000, 0x0000000717a00000|  0%| F|  |TAMS 0x0000000717800000, 0x0000000717800000| Untracked 
| 155|0x0000000717a00000, 0x0000000717a00000, 0x0000000717c00000|  0%| F|  |TAMS 0x0000000717a00000, 0x0000000717a00000| Untracked 
| 156|0x0000000717c00000, 0x0000000717c00000, 0x0000000717e00000|  0%| F|  |TAMS 0x0000000717c00000, 0x0000000717c00000| Untracked 
| 157|0x0000000717e00000, 0x0000000717e00000, 0x0000000718000000|  0%| F|  |TAMS 0x0000000717e00000, 0x0000000717e00000| Untracked 
| 158|0x0000000718000000, 0x0000000718000000, 0x0000000718200000|  0%| F|  |TAMS 0x0000000718000000, 0x0000000718000000| Untracked 
| 159|0x0000000718200000, 0x0000000718200000, 0x0000000718400000|  0%| F|  |TAMS 0x0000000718200000, 0x0000000718200000| Untracked 
| 160|0x0000000718400000, 0x0000000718400000, 0x0000000718600000|  0%| F|  |TAMS 0x0000000718400000, 0x0000000718400000| Untracked 
| 161|0x0000000718600000, 0x0000000718600000, 0x0000000718800000|  0%| F|  |TAMS 0x0000000718600000, 0x0000000718600000| Untracked 
| 162|0x0000000718800000, 0x0000000718800000, 0x0000000718a00000|  0%| F|  |TAMS 0x0000000718800000, 0x0000000718800000| Untracked 
| 163|0x0000000718a00000, 0x0000000718a00000, 0x0000000718c00000|  0%| F|  |TAMS 0x0000000718a00000, 0x0000000718a00000| Untracked 
| 164|0x0000000718c00000, 0x0000000718c00000, 0x0000000718e00000|  0%| F|  |TAMS 0x0000000718c00000, 0x0000000718c00000| Untracked 
| 165|0x0000000718e00000, 0x0000000718e00000, 0x0000000719000000|  0%| F|  |TAMS 0x0000000718e00000, 0x0000000718e00000| Untracked 
| 166|0x0000000719000000, 0x0000000719000000, 0x0000000719200000|  0%| F|  |TAMS 0x0000000719000000, 0x0000000719000000| Untracked 
| 167|0x0000000719200000, 0x0000000719200000, 0x0000000719400000|  0%| F|  |TAMS 0x0000000719200000, 0x0000000719200000| Untracked 
| 168|0x0000000719400000, 0x0000000719400000, 0x0000000719600000|  0%| F|  |TAMS 0x0000000719400000, 0x0000000719400000| Untracked 
| 169|0x0000000719600000, 0x0000000719600000, 0x0000000719800000|  0%| F|  |TAMS 0x0000000719600000, 0x0000000719600000| Untracked 
| 170|0x0000000719800000, 0x0000000719800000, 0x0000000719a00000|  0%| F|  |TAMS 0x0000000719800000, 0x0000000719800000| Untracked 
| 171|0x0000000719a00000, 0x0000000719a00000, 0x0000000719c00000|  0%| F|  |TAMS 0x0000000719a00000, 0x0000000719a00000| Untracked 
| 172|0x0000000719c00000, 0x0000000719c00000, 0x0000000719e00000|  0%| F|  |TAMS 0x0000000719c00000, 0x0000000719c00000| Untracked 
| 173|0x0000000719e00000, 0x0000000719e00000, 0x000000071a000000|  0%| F|  |TAMS 0x0000000719e00000, 0x0000000719e00000| Untracked 
| 174|0x000000071a000000, 0x000000071a000000, 0x000000071a200000|  0%| F|  |TAMS 0x000000071a000000, 0x000000071a000000| Untracked 
| 175|0x000000071a200000, 0x000000071a200000, 0x000000071a400000|  0%| F|  |TAMS 0x000000071a200000, 0x000000071a200000| Untracked 
| 176|0x000000071a400000, 0x000000071a400000, 0x000000071a600000|  0%| F|  |TAMS 0x000000071a400000, 0x000000071a400000| Untracked 
| 177|0x000000071a600000, 0x000000071a600000, 0x000000071a800000|  0%| F|  |TAMS 0x000000071a600000, 0x000000071a600000| Untracked 
| 178|0x000000071a800000, 0x000000071a800000, 0x000000071aa00000|  0%| F|  |TAMS 0x000000071a800000, 0x000000071a800000| Untracked 
| 179|0x000000071aa00000, 0x000000071aa00000, 0x000000071ac00000|  0%| F|  |TAMS 0x000000071aa00000, 0x000000071aa00000| Untracked 
| 180|0x000000071ac00000, 0x000000071ac00000, 0x000000071ae00000|  0%| F|  |TAMS 0x000000071ac00000, 0x000000071ac00000| Untracked 
| 181|0x000000071ae00000, 0x000000071ae00000, 0x000000071b000000|  0%| F|  |TAMS 0x000000071ae00000, 0x000000071ae00000| Untracked 
| 182|0x000000071b000000, 0x000000071b000000, 0x000000071b200000|  0%| F|  |TAMS 0x000000071b000000, 0x000000071b000000| Untracked 
| 183|0x000000071b200000, 0x000000071b200000, 0x000000071b400000|  0%| F|  |TAMS 0x000000071b200000, 0x000000071b200000| Untracked 
| 184|0x000000071b400000, 0x000000071b400000, 0x000000071b600000|  0%| F|  |TAMS 0x000000071b400000, 0x000000071b400000| Untracked 
| 185|0x000000071b600000, 0x000000071b600000, 0x000000071b800000|  0%| F|  |TAMS 0x000000071b600000, 0x000000071b600000| Untracked 
| 186|0x000000071b800000, 0x000000071b800000, 0x000000071ba00000|  0%| F|  |TAMS 0x000000071b800000, 0x000000071b800000| Untracked 
| 187|0x000000071ba00000, 0x000000071ba00000, 0x000000071bc00000|  0%| F|  |TAMS 0x000000071ba00000, 0x000000071ba00000| Untracked 
| 188|0x000000071bc00000, 0x000000071bc00000, 0x000000071be00000|  0%| F|  |TAMS 0x000000071bc00000, 0x000000071bc00000| Untracked 
| 189|0x000000071be00000, 0x000000071be00000, 0x000000071c000000|  0%| F|  |TAMS 0x000000071be00000, 0x000000071be00000| Untracked 
| 190|0x000000071c000000, 0x000000071c000000, 0x000000071c200000|  0%| F|  |TAMS 0x000000071c000000, 0x000000071c000000| Untracked 
| 191|0x000000071c200000, 0x000000071c200000, 0x000000071c400000|  0%| F|  |TAMS 0x000000071c200000, 0x000000071c200000| Untracked 
| 192|0x000000071c400000, 0x000000071c400000, 0x000000071c600000|  0%| F|  |TAMS 0x000000071c400000, 0x000000071c400000| Untracked 
| 193|0x000000071c600000, 0x000000071c600000, 0x000000071c800000|  0%| F|  |TAMS 0x000000071c600000, 0x000000071c600000| Untracked 
| 194|0x000000071c800000, 0x000000071c800000, 0x000000071ca00000|  0%| F|  |TAMS 0x000000071c800000, 0x000000071c800000| Untracked 
| 195|0x000000071ca00000, 0x000000071ca00000, 0x000000071cc00000|  0%| F|  |TAMS 0x000000071ca00000, 0x000000071ca00000| Untracked 
| 196|0x000000071cc00000, 0x000000071cc00000, 0x000000071ce00000|  0%| F|  |TAMS 0x000000071cc00000, 0x000000071cc00000| Untracked 
| 197|0x000000071ce00000, 0x000000071ce00000, 0x000000071d000000|  0%| F|  |TAMS 0x000000071ce00000, 0x000000071ce00000| Untracked 
| 198|0x000000071d000000, 0x000000071d000000, 0x000000071d200000|  0%| F|  |TAMS 0x000000071d000000, 0x000000071d000000| Untracked 
| 199|0x000000071d200000, 0x000000071d200000, 0x000000071d400000|  0%| F|  |TAMS 0x000000071d200000, 0x000000071d200000| Untracked 
| 200|0x000000071d400000, 0x000000071d400000, 0x000000071d600000|  0%| F|  |TAMS 0x000000071d400000, 0x000000071d400000| Untracked 
| 201|0x000000071d600000, 0x000000071d600000, 0x000000071d800000|  0%| F|  |TAMS 0x000000071d600000, 0x000000071d600000| Untracked 
| 202|0x000000071d800000, 0x000000071d800000, 0x000000071da00000|  0%| F|  |TAMS 0x000000071d800000, 0x000000071d800000| Untracked 
| 203|0x000000071da00000, 0x000000071da00000, 0x000000071dc00000|  0%| F|  |TAMS 0x000000071da00000, 0x000000071da00000| Untracked 
| 204|0x000000071dc00000, 0x000000071dc00000, 0x000000071de00000|  0%| F|  |TAMS 0x000000071dc00000, 0x000000071dc00000| Untracked 
| 205|0x000000071de00000, 0x000000071de00000, 0x000000071e000000|  0%| F|  |TAMS 0x000000071de00000, 0x000000071de00000| Untracked 
| 206|0x000000071e000000, 0x000000071e000000, 0x000000071e200000|  0%| F|  |TAMS 0x000000071e000000, 0x000000071e000000| Untracked 
| 207|0x000000071e200000, 0x000000071e200000, 0x000000071e400000|  0%| F|  |TAMS 0x000000071e200000, 0x000000071e200000| Untracked 
| 208|0x000000071e400000, 0x000000071e400000, 0x000000071e600000|  0%| F|  |TAMS 0x000000071e400000, 0x000000071e400000| Untracked 
| 209|0x000000071e600000, 0x000000071e600000, 0x000000071e800000|  0%| F|  |TAMS 0x000000071e600000, 0x000000071e600000| Untracked 
| 210|0x000000071e800000, 0x000000071e800000, 0x000000071ea00000|  0%| F|  |TAMS 0x000000071e800000, 0x000000071e800000| Untracked 
| 211|0x000000071ea00000, 0x000000071ea00000, 0x000000071ec00000|  0%| F|  |TAMS 0x000000071ea00000, 0x000000071ea00000| Untracked 
| 212|0x000000071ec00000, 0x000000071ec00000, 0x000000071ee00000|  0%| F|  |TAMS 0x000000071ec00000, 0x000000071ec00000| Untracked 
| 213|0x000000071ee00000, 0x000000071ee00000, 0x000000071f000000|  0%| F|  |TAMS 0x000000071ee00000, 0x000000071ee00000| Untracked 
| 214|0x000000071f000000, 0x000000071f000000, 0x000000071f200000|  0%| F|  |TAMS 0x000000071f000000, 0x000000071f000000| Untracked 
| 215|0x000000071f200000, 0x000000071f200000, 0x000000071f400000|  0%| F|  |TAMS 0x000000071f200000, 0x000000071f200000| Untracked 
| 216|0x000000071f400000, 0x000000071f400000, 0x000000071f600000|  0%| F|  |TAMS 0x000000071f400000, 0x000000071f400000| Untracked 
| 217|0x000000071f600000, 0x000000071f600000, 0x000000071f800000|  0%| F|  |TAMS 0x000000071f600000, 0x000000071f600000| Untracked 
| 218|0x000000071f800000, 0x000000071f800000, 0x000000071fa00000|  0%| F|  |TAMS 0x000000071f800000, 0x000000071f800000| Untracked 
| 219|0x000000071fa00000, 0x000000071fa00000, 0x000000071fc00000|  0%| F|  |TAMS 0x000000071fa00000, 0x000000071fa00000| Untracked 
| 220|0x000000071fc00000, 0x000000071fc00000, 0x000000071fe00000|  0%| F|  |TAMS 0x000000071fc00000, 0x000000071fc00000| Untracked 
| 221|0x000000071fe00000, 0x000000071fe00000, 0x0000000720000000|  0%| F|  |TAMS 0x000000071fe00000, 0x000000071fe00000| Untracked 
| 222|0x0000000720000000, 0x0000000720000000, 0x0000000720200000|  0%| F|  |TAMS 0x0000000720000000, 0x0000000720000000| Untracked 
| 223|0x0000000720200000, 0x0000000720200000, 0x0000000720400000|  0%| F|  |TAMS 0x0000000720200000, 0x0000000720200000| Untracked 
| 224|0x0000000720400000, 0x0000000720400000, 0x0000000720600000|  0%| F|  |TAMS 0x0000000720400000, 0x0000000720400000| Untracked 
| 225|0x0000000720600000, 0x0000000720600000, 0x0000000720800000|  0%| F|  |TAMS 0x0000000720600000, 0x0000000720600000| Untracked 
| 226|0x0000000720800000, 0x0000000720800000, 0x0000000720a00000|  0%| F|  |TAMS 0x0000000720800000, 0x0000000720800000| Untracked 
| 227|0x0000000720a00000, 0x0000000720a00000, 0x0000000720c00000|  0%| F|  |TAMS 0x0000000720a00000, 0x0000000720a00000| Untracked 
| 228|0x0000000720c00000, 0x0000000720c00000, 0x0000000720e00000|  0%| F|  |TAMS 0x0000000720c00000, 0x0000000720c00000| Untracked 
| 229|0x0000000720e00000, 0x0000000720e00000, 0x0000000721000000|  0%| F|  |TAMS 0x0000000720e00000, 0x0000000720e00000| Untracked 
| 230|0x0000000721000000, 0x0000000721000000, 0x0000000721200000|  0%| F|  |TAMS 0x0000000721000000, 0x0000000721000000| Untracked 
| 231|0x0000000721200000, 0x0000000721200000, 0x0000000721400000|  0%| F|  |TAMS 0x0000000721200000, 0x0000000721200000| Untracked 
| 232|0x0000000721400000, 0x0000000721400000, 0x0000000721600000|  0%| F|  |TAMS 0x0000000721400000, 0x0000000721400000| Untracked 
| 233|0x0000000721600000, 0x0000000721600000, 0x0000000721800000|  0%| F|  |TAMS 0x0000000721600000, 0x0000000721600000| Untracked 
| 234|0x0000000721800000, 0x0000000721800000, 0x0000000721a00000|  0%| F|  |TAMS 0x0000000721800000, 0x0000000721800000| Untracked 
| 235|0x0000000721a00000, 0x0000000721a00000, 0x0000000721c00000|  0%| F|  |TAMS 0x0000000721a00000, 0x0000000721a00000| Untracked 
| 236|0x0000000721c00000, 0x0000000721c00000, 0x0000000721e00000|  0%| F|  |TAMS 0x0000000721c00000, 0x0000000721c00000| Untracked 
| 237|0x0000000721e00000, 0x0000000721e00000, 0x0000000722000000|  0%| F|  |TAMS 0x0000000721e00000, 0x0000000721e00000| Untracked 
| 238|0x0000000722000000, 0x0000000722000000, 0x0000000722200000|  0%| F|  |TAMS 0x0000000722000000, 0x0000000722000000| Untracked 
| 239|0x0000000722200000, 0x0000000722200000, 0x0000000722400000|  0%| F|  |TAMS 0x0000000722200000, 0x0000000722200000| Untracked 
| 240|0x0000000722400000, 0x0000000722400000, 0x0000000722600000|  0%| F|  |TAMS 0x0000000722400000, 0x0000000722400000| Untracked 
| 241|0x0000000722600000, 0x0000000722600000, 0x0000000722800000|  0%| F|  |TAMS 0x0000000722600000, 0x0000000722600000| Untracked 
| 242|0x0000000722800000, 0x0000000722800000, 0x0000000722a00000|  0%| F|  |TAMS 0x0000000722800000, 0x0000000722800000| Untracked 
| 243|0x0000000722a00000, 0x0000000722a00000, 0x0000000722c00000|  0%| F|  |TAMS 0x0000000722a00000, 0x0000000722a00000| Untracked 
| 244|0x0000000722c00000, 0x0000000722c00000, 0x0000000722e00000|  0%| F|  |TAMS 0x0000000722c00000, 0x0000000722c00000| Untracked 
| 245|0x0000000722e00000, 0x0000000722e00000, 0x0000000723000000|  0%| F|  |TAMS 0x0000000722e00000, 0x0000000722e00000| Untracked 
| 246|0x0000000723000000, 0x0000000723000000, 0x0000000723200000|  0%| F|  |TAMS 0x0000000723000000, 0x0000000723000000| Untracked 
| 247|0x0000000723200000, 0x0000000723200000, 0x0000000723400000|  0%| F|  |TAMS 0x0000000723200000, 0x0000000723200000| Untracked 
| 248|0x0000000723400000, 0x0000000723400000, 0x0000000723600000|  0%| F|  |TAMS 0x0000000723400000, 0x0000000723400000| Untracked 
| 249|0x0000000723600000, 0x0000000723600000, 0x0000000723800000|  0%| F|  |TAMS 0x0000000723600000, 0x0000000723600000| Untracked 
| 250|0x0000000723800000, 0x0000000723800000, 0x0000000723a00000|  0%| F|  |TAMS 0x0000000723800000, 0x0000000723800000| Untracked 
| 251|0x0000000723a00000, 0x0000000723a0e470, 0x0000000723c00000|  2%| E|  |TAMS 0x0000000723a00000, 0x0000000723a00000| Complete 

Card table byte_map: [0x000001c27f1c0000,0x000001c27f9a0000] _byte_map_base: 0x000001c27b99e000

Marking Bits (Prev, Next): (CMBitMap*) 0x000001c267c787e0, (CMBitMap*) 0x000001c267c78820
 Prev Bits: [0x000001c2007e0000, 0x000001c2046d0000)
 Next Bits: [0x000001c2046d0000, 0x000001c2085c0000)

Polling page: 0x000001c265960000

Metaspace:

Usage:
  Non-class:     17.06 MB used.
      Class:      2.00 MB used.
       Both:     19.07 MB used.

Virtual space:
  Non-class space:       24.00 MB reserved,      17.19 MB ( 72%) committed,  3 nodes.
      Class space:        1.00 GB reserved,       2.19 MB ( <1%) committed,  1 nodes.
             Both:        1.02 GB reserved,      19.38 MB (  2%) committed. 

Chunk freelists:
   Non-Class:  2.20 MB
       Class:  1.68 MB
        Both:  3.88 MB

MaxMetaspaceSize: unlimited
CompressedClassSpaceSize: 1.00 GB
Initial GC threshold: 21.00 MB
Current GC threshold: 21.00 MB
CDS: on
MetaspaceReclaimPolicy: balanced
 - commit_granule_bytes: 65536.
 - commit_granule_words: 8192.
 - virtual_space_node_default_size: 1048576.
 - enlarge_chunks_in_place: 1.
 - new_chunks_are_fully_committed: 0.
 - uncommit_free_chunks: 1.
 - use_allocation_guard: 0.
 - handle_deallocations: 1.


Internal statistics:

num_allocs_failed_limit: 0.
num_arena_births: 238.
num_arena_deaths: 0.
num_vsnodes_births: 4.
num_vsnodes_deaths: 0.
num_space_committed: 308.
num_space_uncommitted: 0.
num_chunks_returned_to_freelist: 0.
num_chunks_taken_from_freelist: 476.
num_chunk_merges: 0.
num_chunk_splits: 309.
num_chunks_enlarged: 186.
num_purges: 0.
num_inconsistent_stats: 0.

CodeHeap 'non-profiled nmethods': size=120000Kb used=1390Kb max_used=1390Kb free=118609Kb
 bounds [0x000001c276f50000, 0x000001c2771c0000, 0x000001c27e480000]
CodeHeap 'profiled nmethods': size=120000Kb used=5218Kb max_used=5218Kb free=114781Kb
 bounds [0x000001c26fa20000, 0x000001c26ff40000, 0x000001c276f50000]
CodeHeap 'non-nmethods': size=5760Kb used=1866Kb max_used=1956Kb free=3894Kb
 bounds [0x000001c26f480000, 0x000001c26f6f0000, 0x000001c26fa20000]
 total_blobs=4202 nmethods=2823 adapters=1291
 compilation: enabled
              stopped_count=0, restarted_count=0
 full_count=0

Compilation events (20 events):
Event: 19.913 Thread 0x000001c20b514770 nmethod 2821 0x000001c26ff35690 code [0x000001c26ff358c0, 0x000001c26ff36178]
Event: 19.913 Thread 0x000001c20b514770 2822   !   3       jdk.internal.reflect.UTF8::encode (191 bytes)
Event: 19.914 Thread 0x000001c20b514770 nmethod 2822 0x000001c26ff36510 code [0x000001c26ff36780, 0x000001c26ff37398]
Event: 19.914 Thread 0x000001c20b514770 2823       3       jdk.internal.reflect.ClassFileAssembler::emitConstantPoolUTF8 (50 bytes)
Event: 19.914 Thread 0x000001c20b512120 nmethod 2820 0x000001c2770a2e90 code [0x000001c2770a3020, 0x000001c2770a31f8]
Event: 19.914 Thread 0x000001c20b512120 2824       4       jdk.internal.reflect.ClassFileAssembler::emitByte (11 bytes)
Event: 19.914 Thread 0x000001c20b514770 nmethod 2823 0x000001c26ff37a10 code [0x000001c26ff37c40, 0x000001c26ff382a8]
Event: 19.914 Thread 0x000001c20b514770 2825       3       jdk.internal.reflect.ByteVectorImpl::get (26 bytes)
Event: 19.914 Thread 0x000001c20b514770 nmethod 2825 0x000001c26ff38690 code [0x000001c26ff38840, 0x000001c26ff38a28]
Event: 19.915 Thread 0x000001c20b512120 nmethod 2824 0x000001c2770a3310 code [0x000001c2770a34a0, 0x000001c2770a3608]
Event: 19.915 Thread 0x000001c20b512120 2826       4       jdk.internal.reflect.ByteVectorImpl::add (38 bytes)
Event: 19.916 Thread 0x000001c20b512120 nmethod 2826 0x000001c2770a3790 code [0x000001c2770a3920, 0x000001c2770a3a28]
Event: 20.068 Thread 0x000001c20b512120 2827       4       java.nio.FloatBuffer::put (69 bytes)
Event: 20.071 Thread 0x000001c20b512120 nmethod 2827 0x000001c2770a3b10 code [0x000001c2770a3ca0, 0x000001c2770a3fd8]
Event: 20.128 Thread 0x000001c20b512120 2828       4       java.util.HashMap::valuesToArray (81 bytes)
Event: 20.132 Thread 0x000001c20b512120 nmethod 2828 0x000001c2770a4510 code [0x000001c2770a46a0, 0x000001c2770a49b8]
Event: 20.220 Thread 0x000001c20b512120 2829       4       jdk.internal.misc.Unsafe::allocateMemory (65 bytes)
Event: 20.221 Thread 0x000001c20b512120 nmethod 2829 0x000001c2770a4b90 code [0x000001c2770a4d20, 0x000001c2770a4e68]
Event: 20.268 Thread 0x000001c20b512120 2830   !   4       java.nio.Bits::reserveMemory (232 bytes)
Event: 20.269 Thread 0x000001c20b512120 nmethod 2830 0x000001c2770a5010 code [0x000001c2770a51a0, 0x000001c2770a52d8]

GC Heap History (20 events):
Event: 18.834 GC heap before
{Heap before GC invocations=76 (full 0):
 garbage-first heap   total 516096K, used 357292K [0x0000000704400000, 0x0000000800000000)
  region size 2048K, 151 young (309248K), 1 survivors (2048K)
 Metaspace       used 19505K, committed 19840K, reserved 1073152K
  class space    used 2051K, committed 2240K, reserved 1048576K
}
Event: 18.836 GC heap after
{Heap after GC invocations=77 (full 0):
 garbage-first heap   total 516096K, used 50088K [0x0000000704400000, 0x0000000800000000)
  region size 2048K, 1 young (2048K), 1 survivors (2048K)
 Metaspace       used 19505K, committed 19840K, reserved 1073152K
  class space    used 2051K, committed 2240K, reserved 1048576K
}
Event: 18.999 GC heap before
{Heap before GC invocations=77 (full 0):
 garbage-first heap   total 516096K, used 357288K [0x0000000704400000, 0x0000000800000000)
  region size 2048K, 151 young (309248K), 1 survivors (2048K)
 Metaspace       used 19518K, committed 19840K, reserved 1073152K
  class space    used 2051K, committed 2240K, reserved 1048576K
}
Event: 19.000 GC heap after
{Heap after GC invocations=78 (full 0):
 garbage-first heap   total 516096K, used 50090K [0x0000000704400000, 0x0000000800000000)
  region size 2048K, 1 young (2048K), 1 survivors (2048K)
 Metaspace       used 19518K, committed 19840K, reserved 1073152K
  class space    used 2051K, committed 2240K, reserved 1048576K
}
Event: 19.163 GC heap before
{Heap before GC invocations=78 (full 0):
 garbage-first heap   total 516096K, used 357290K [0x0000000704400000, 0x0000000800000000)
  region size 2048K, 151 young (309248K), 1 survivors (2048K)
 Metaspace       used 19518K, committed 19840K, reserved 1073152K
  class space    used 2051K, committed 2240K, reserved 1048576K
}
Event: 19.164 GC heap after
{Heap after GC invocations=79 (full 0):
 garbage-first heap   total 516096K, used 50090K [0x0000000704400000, 0x0000000800000000)
  region size 2048K, 1 young (2048K), 1 survivors (2048K)
 Metaspace       used 19518K, committed 19840K, reserved 1073152K
  class space    used 2051K, committed 2240K, reserved 1048576K
}
Event: 19.317 GC heap before
{Heap before GC invocations=79 (full 0):
 garbage-first heap   total 516096K, used 357290K [0x0000000704400000, 0x0000000800000000)
  region size 2048K, 151 young (309248K), 1 survivors (2048K)
 Metaspace       used 19518K, committed 19840K, reserved 1073152K
  class space    used 2051K, committed 2240K, reserved 1048576K
}
Event: 19.318 GC heap after
{Heap after GC invocations=80 (full 0):
 garbage-first heap   total 516096K, used 50095K [0x0000000704400000, 0x0000000800000000)
  region size 2048K, 1 young (2048K), 1 survivors (2048K)
 Metaspace       used 19518K, committed 19840K, reserved 1073152K
  class space    used 2051K, committed 2240K, reserved 1048576K
}
Event: 19.482 GC heap before
{Heap before GC invocations=80 (full 0):
 garbage-first heap   total 516096K, used 357295K [0x0000000704400000, 0x0000000800000000)
  region size 2048K, 151 young (309248K), 1 survivors (2048K)
 Metaspace       used 19518K, committed 19840K, reserved 1073152K
  class space    used 2051K, committed 2240K, reserved 1048576K
}
Event: 19.483 GC heap after
{Heap after GC invocations=81 (full 0):
 garbage-first heap   total 516096K, used 50092K [0x0000000704400000, 0x0000000800000000)
  region size 2048K, 1 young (2048K), 1 survivors (2048K)
 Metaspace       used 19518K, committed 19840K, reserved 1073152K
  class space    used 2051K, committed 2240K, reserved 1048576K
}
Event: 19.646 GC heap before
{Heap before GC invocations=81 (full 0):
 garbage-first heap   total 516096K, used 357292K [0x0000000704400000, 0x0000000800000000)
  region size 2048K, 151 young (309248K), 1 survivors (2048K)
 Metaspace       used 19518K, committed 19840K, reserved 1073152K
  class space    used 2051K, committed 2240K, reserved 1048576K
}
Event: 19.647 GC heap after
{Heap after GC invocations=82 (full 0):
 garbage-first heap   total 516096K, used 50093K [0x0000000704400000, 0x0000000800000000)
  region size 2048K, 1 young (2048K), 1 survivors (2048K)
 Metaspace       used 19518K, committed 19840K, reserved 1073152K
  class space    used 2051K, committed 2240K, reserved 1048576K
}
Event: 19.802 GC heap before
{Heap before GC invocations=82 (full 0):
 garbage-first heap   total 516096K, used 357293K [0x0000000704400000, 0x0000000800000000)
  region size 2048K, 151 young (309248K), 1 survivors (2048K)
 Metaspace       used 19518K, committed 19840K, reserved 1073152K
  class space    used 2051K, committed 2240K, reserved 1048576K
}
Event: 19.803 GC heap after
{Heap after GC invocations=83 (full 0):
 garbage-first heap   total 516096K, used 50092K [0x0000000704400000, 0x0000000800000000)
  region size 2048K, 1 young (2048K), 1 survivors (2048K)
 Metaspace       used 19518K, committed 19840K, reserved 1073152K
  class space    used 2051K, committed 2240K, reserved 1048576K
}
Event: 19.965 GC heap before
{Heap before GC invocations=83 (full 0):
 garbage-first heap   total 516096K, used 357292K [0x0000000704400000, 0x0000000800000000)
  region size 2048K, 151 young (309248K), 1 survivors (2048K)
 Metaspace       used 19526K, committed 19840K, reserved 1073152K
  class space    used 2053K, committed 2240K, reserved 1048576K
}
Event: 19.966 GC heap after
{Heap after GC invocations=84 (full 0):
 garbage-first heap   total 516096K, used 50092K [0x0000000704400000, 0x0000000800000000)
  region size 2048K, 1 young (2048K), 1 survivors (2048K)
 Metaspace       used 19526K, committed 19840K, reserved 1073152K
  class space    used 2053K, committed 2240K, reserved 1048576K
}
Event: 20.130 GC heap before
{Heap before GC invocations=84 (full 0):
 garbage-first heap   total 516096K, used 357292K [0x0000000704400000, 0x0000000800000000)
  region size 2048K, 151 young (309248K), 1 survivors (2048K)
 Metaspace       used 19526K, committed 19840K, reserved 1073152K
  class space    used 2053K, committed 2240K, reserved 1048576K
}
Event: 20.132 GC heap after
{Heap after GC invocations=85 (full 0):
 garbage-first heap   total 516096K, used 50096K [0x0000000704400000, 0x0000000800000000)
  region size 2048K, 1 young (2048K), 1 survivors (2048K)
 Metaspace       used 19526K, committed 19840K, reserved 1073152K
  class space    used 2053K, committed 2240K, reserved 1048576K
}
Event: 20.286 GC heap before
{Heap before GC invocations=85 (full 0):
 garbage-first heap   total 516096K, used 357296K [0x0000000704400000, 0x0000000800000000)
  region size 2048K, 151 young (309248K), 1 survivors (2048K)
 Metaspace       used 19526K, committed 19840K, reserved 1073152K
  class space    used 2053K, committed 2240K, reserved 1048576K
}
Event: 20.287 GC heap after
{Heap after GC invocations=86 (full 0):
 garbage-first heap   total 516096K, used 50096K [0x0000000704400000, 0x0000000800000000)
  region size 2048K, 1 young (2048K), 1 survivors (2048K)
 Metaspace       used 19526K, committed 19840K, reserved 1073152K
  class space    used 2053K, committed 2240K, reserved 1048576K
}

Deoptimization events (20 events):
Event: 9.049 Thread 0x000001c20ba5c750 DEOPT PACKING pc=0x000001c2770247dc sp=0x0000004d94dfde20
Event: 9.049 Thread 0x000001c20ba5c750 DEOPT UNPACKING pc=0x000001c26f4d23a3 sp=0x0000004d94dfdd98 mode 2
Event: 13.995 Thread 0x000001c267c27b40 Uncommon trap: trap_request=0xffffffde fr.pc=0x000001c277091b48 relative=0x0000000000000128
Event: 13.995 Thread 0x000001c267c27b40 Uncommon trap: reason=class_check action=maybe_recompile pc=0x000001c277091b48 method=jdk.internal.misc.Unsafe.allocateUninitializedArray(Ljava/lang/Class;I)Ljava/lang/Object; @ 51 c2
Event: 13.995 Thread 0x000001c267c27b40 DEOPT PACKING pc=0x000001c277091b48 sp=0x0000004d93cfefb0
Event: 13.995 Thread 0x000001c267c27b40 DEOPT UNPACKING pc=0x000001c26f4d23a3 sp=0x0000004d93cfef38 mode 2
Event: 13.996 Thread 0x000001c267c27b40 Uncommon trap: trap_request=0xffffffde fr.pc=0x000001c277091b48 relative=0x0000000000000128
Event: 13.996 Thread 0x000001c267c27b40 Uncommon trap: reason=class_check action=maybe_recompile pc=0x000001c277091b48 method=jdk.internal.misc.Unsafe.allocateUninitializedArray(Ljava/lang/Class;I)Ljava/lang/Object; @ 51 c2
Event: 13.996 Thread 0x000001c267c27b40 DEOPT PACKING pc=0x000001c277091b48 sp=0x0000004d93cfeb00
Event: 13.996 Thread 0x000001c267c27b40 DEOPT UNPACKING pc=0x000001c26f4d23a3 sp=0x0000004d93cfea88 mode 2
Event: 13.996 Thread 0x000001c267c27b40 Uncommon trap: trap_request=0xffffffde fr.pc=0x000001c277091b48 relative=0x0000000000000128
Event: 13.996 Thread 0x000001c267c27b40 Uncommon trap: reason=class_check action=maybe_recompile pc=0x000001c277091b48 method=jdk.internal.misc.Unsafe.allocateUninitializedArray(Ljava/lang/Class;I)Ljava/lang/Object; @ 51 c2
Event: 13.996 Thread 0x000001c267c27b40 DEOPT PACKING pc=0x000001c277091b48 sp=0x0000004d93cfeb00
Event: 13.996 Thread 0x000001c267c27b40 DEOPT UNPACKING pc=0x000001c26f4d23a3 sp=0x0000004d93cfea88 mode 2
Event: 13.996 Thread 0x000001c267c27b40 Uncommon trap: trap_request=0xffffffde fr.pc=0x000001c277091b48 relative=0x0000000000000128
Event: 13.996 Thread 0x000001c267c27b40 Uncommon trap: reason=class_check action=maybe_recompile pc=0x000001c277091b48 method=jdk.internal.misc.Unsafe.allocateUninitializedArray(Ljava/lang/Class;I)Ljava/lang/Object; @ 51 c2
Event: 13.996 Thread 0x000001c267c27b40 DEOPT PACKING pc=0x000001c277091b48 sp=0x0000004d93cfeb00
Event: 13.996 Thread 0x000001c267c27b40 DEOPT UNPACKING pc=0x000001c26f4d23a3 sp=0x0000004d93cfea88 mode 2
Event: 18.059 Thread 0x000001c267c27b40 DEOPT PACKING pc=0x000001c26ff13f13 sp=0x0000004d93cfebb0
Event: 18.059 Thread 0x000001c267c27b40 DEOPT UNPACKING pc=0x000001c26f4d2b43 sp=0x0000004d93cfe110 mode 0

Classes unloaded (0 events):
No events

Classes redefined (0 events):
No events

Internal exceptions (20 events):
Event: 1.518 Thread 0x000001c267c27b40 Exception <a 'java/lang/NoSuchMethodError'{0x0000000713033490}: 'java.lang.Object java.lang.invoke.DirectMethodHandle$Holder.newInvokeSpecial(java.lang.Object, java.lang.Object, long)'> (0x0000000713033490) 
thrown [t:\workspace\open\src\hotspot\share\interpreter\linkResolver.cpp, line 766]
Event: 1.518 Thread 0x000001c267c27b40 Exception <a 'java/lang/NoSuchMethodError'{0x0000000713036d58}: 'java.lang.Object java.lang.invoke.Invokers$Holder.linkToTargetMethod(java.lang.Object, long, java.lang.Object)'> (0x0000000713036d58) 
thrown [t:\workspace\open\src\hotspot\share\interpreter\linkResolver.cpp, line 766]
Event: 1.519 Thread 0x000001c267c27b40 Exception <a 'java/lang/NoSuchMethodError'{0x000000071303e228}: 'int java.lang.invoke.DirectMethodHandle$Holder.invokeStaticInit(java.lang.Object, java.lang.Object, java.lang.Object, long)'> (0x000000071303e228) 
thrown [t:\workspace\open\src\hotspot\share\interpreter\linkResolver.cpp, line 766]
Event: 1.544 Thread 0x000001c267c27b40 Exception <a 'sun/nio/fs/WindowsException'{0x00000007130a0088}> (0x00000007130a0088) 
thrown [t:\workspace\open\src\hotspot\share\prims\jni.cpp, line 516]
Event: 1.544 Thread 0x000001c267c27b40 Exception <a 'sun/nio/fs/WindowsException'{0x00000007130a0418}> (0x00000007130a0418) 
thrown [t:\workspace\open\src\hotspot\share\prims\jni.cpp, line 516]
Event: 1.569 Thread 0x000001c267c27b40 Exception <a 'sun/nio/fs/WindowsException'{0x000000071312f700}> (0x000000071312f700) 
thrown [t:\workspace\open\src\hotspot\share\prims\jni.cpp, line 516]
Event: 1.569 Thread 0x000001c267c27b40 Exception <a 'sun/nio/fs/WindowsException'{0x000000071312fa60}> (0x000000071312fa60) 
thrown [t:\workspace\open\src\hotspot\share\prims\jni.cpp, line 516]
Event: 1.903 Thread 0x000001c267c27b40 Exception <a 'sun/nio/fs/WindowsException'{0x0000000713176058}> (0x0000000713176058) 
thrown [t:\workspace\open\src\hotspot\share\prims\jni.cpp, line 516]
Event: 1.903 Thread 0x000001c267c27b40 Exception <a 'sun/nio/fs/WindowsException'{0x00000007131763f8}> (0x00000007131763f8) 
thrown [t:\workspace\open\src\hotspot\share\prims\jni.cpp, line 516]
Event: 1.907 Thread 0x000001c267c27b40 Exception <a 'sun/nio/fs/WindowsException'{0x000000071317e2c8}> (0x000000071317e2c8) 
thrown [t:\workspace\open\src\hotspot\share\prims\jni.cpp, line 516]
Event: 1.907 Thread 0x000001c267c27b40 Exception <a 'sun/nio/fs/WindowsException'{0x000000071317e598}> (0x000000071317e598) 
thrown [t:\workspace\open\src\hotspot\share\prims\jni.cpp, line 516]
Event: 2.616 Thread 0x000001c267c27b40 Exception <a 'sun/nio/fs/WindowsException'{0x0000000712c336c8}> (0x0000000712c336c8) 
thrown [t:\workspace\open\src\hotspot\share\prims\jni.cpp, line 516]
Event: 5.024 Thread 0x000001c20c607090 Exception <a 'java/lang/NoSuchMethodError'{0x0000000712beb0b8}: 'java.lang.Object java.lang.invoke.DirectMethodHandle$Holder.newInvokeSpecial(java.lang.Object, java.lang.Object, java.lang.Object, int, int, int, int, int)'> (0x0000000712beb0b8) 
thrown [t:\workspace\open\src\hotspot\share\interpreter\linkResolver.cpp, line 766]
Event: 5.154 Thread 0x000001c20c604070 Implicit null exception at 0x000001c276fb6660 to 0x000001c276fb6724
Event: 5.486 Thread 0x000001c20bb0d920 Exception <a 'java/lang/NoSuchMethodError'{0x0000000713a38570}: 'void java.lang.invoke.DirectMethodHandle$Holder.invokeVirtual(java.lang.Object, java.lang.Object)'> (0x0000000713a38570) 
thrown [t:\workspace\open\src\hotspot\share\interpreter\linkResolver.cpp, line 766]
Event: 5.499 Thread 0x000001c20c604070 Exception <a 'java/lang/NoSuchMethodError'{0x0000000713db09c8}: 'void java.lang.invoke.DirectMethodHandle$Holder.invokeStaticInit(java.lang.Object)'> (0x0000000713db09c8) 
thrown [t:\workspace\open\src\hotspot\share\interpreter\linkResolver.cpp, line 766]
Event: 5.602 Thread 0x000001c20c604070 Exception <a 'java/lang/NoSuchMethodError'{0x0000000713ac4e08}: 'int java.lang.invoke.DirectMethodHandle$Holder.invokeStatic(java.lang.Object)'> (0x0000000713ac4e08) 
thrown [t:\workspace\open\src\hotspot\share\interpreter\linkResolver.cpp, line 766]
Event: 7.322 Thread 0x000001c20c604070 Implicit null exception at 0x000001c27702140c to 0x000001c2770217a4
Event: 7.323 Thread 0x000001c20c604070 Implicit null exception at 0x000001c277024ecf to 0x000001c2770251ec
Event: 13.562 Thread 0x000001c267c27b40 Exception <a 'java/lang/NoSuchMethodError'{0x0000000720af2c08}: 'java.lang.Object java.lang.invoke.DirectMethodHandle$Holder.invokeSpecial(java.lang.Object, java.lang.Object, double, double)'> (0x0000000720af2c08) 
thrown [t:\workspace\open\src\hotspot\share\interpreter\linkResolver.cpp, line 766]

VM Operations (20 events):
Event: 20.157 Executing VM operation: GetAllStackTraces
Event: 20.157 Executing VM operation: GetAllStackTraces done
Event: 20.172 Executing VM operation: GetAllStackTraces
Event: 20.173 Executing VM operation: GetAllStackTraces done
Event: 20.190 Executing VM operation: GetAllStackTraces
Event: 20.191 Executing VM operation: GetAllStackTraces done
Event: 20.201 Executing VM operation: GetAllStackTraces
Event: 20.202 Executing VM operation: GetAllStackTraces done
Event: 20.217 Executing VM operation: GetAllStackTraces
Event: 20.217 Executing VM operation: GetAllStackTraces done
Event: 20.238 Executing VM operation: GetAllStackTraces
Event: 20.238 Executing VM operation: GetAllStackTraces done
Event: 20.253 Executing VM operation: GetAllStackTraces
Event: 20.254 Executing VM operation: GetAllStackTraces done
Event: 20.274 Executing VM operation: GetAllStackTraces
Event: 20.274 Executing VM operation: GetAllStackTraces done
Event: 20.285 Executing VM operation: GetAllStackTraces
Event: 20.285 Executing VM operation: GetAllStackTraces done
Event: 20.286 Executing VM operation: G1CollectForAllocation
Event: 20.287 Executing VM operation: G1CollectForAllocation done

Events (20 events):
Event: 7.619 Thread 0x000001c20c937750 Thread exited: 0x000001c20c937750
Event: 10.042 Thread 0x000001c20c607090 Thread exited: 0x000001c20c607090
Event: 13.543 loading class com/wiz/settlementmapmaker/Actions/ImStringChangeAction
Event: 13.543 loading class com/wiz/settlementmapmaker/Actions/ImStringChangeAction done
Event: 13.545 loading class com/wiz/settlementmapmaker/Utilities/FixedStack$Node
Event: 13.545 loading class com/wiz/settlementmapmaker/Utilities/FixedStack$Node done
Event: 13.546 loading class imgui/type/ImString
Event: 13.546 loading class imgui/type/ImString done
Event: 13.547 loading class imgui/type/ImString
Event: 13.547 loading class imgui/type/ImString done
Event: 13.547 loading class imgui/type/ImString
Event: 13.547 loading class imgui/type/ImString done
Event: 13.564 loading class Shapes/Point
Event: 13.564 loading class Shapes/Point done
Event: 13.564 loading class Shapes/Point
Event: 13.564 loading class Shapes/Point done
Event: 13.565 loading class Shapes/Point
Event: 13.565 loading class Shapes/Point done
Event: 13.565 loading class Shapes/Point
Event: 13.565 loading class Shapes/Point done


Dynamic libraries:
0x00007ff6d0d90000 - 0x00007ff6d0da0000 	C:\Program Files\Java\jdk-17.0.2\bin\java.exe
0x00007ffe56310000 - 0x00007ffe56505000 	C:\WINDOWS\SYSTEM32\ntdll.dll
0x00007ffe55eb0000 - 0x00007ffe55f6d000 	C:\WINDOWS\System32\KERNEL32.DLL
0x00007ffe53bd0000 - 0x00007ffe53e9d000 	C:\WINDOWS\System32\KERNELBASE.dll
0x00007ffe541e0000 - 0x00007ffe542e0000 	C:\WINDOWS\System32\ucrtbase.dll
0x00007ffe40cb0000 - 0x00007ffe40cc8000 	C:\Program Files\Java\jdk-17.0.2\bin\jli.dll
0x00007ffe55a10000 - 0x00007ffe55abe000 	C:\WINDOWS\System32\ADVAPI32.dll
0x00007ffe40740000 - 0x00007ffe4075a000 	C:\Program Files\Java\jdk-17.0.2\bin\VCRUNTIME140.dll
0x00007ffe554b0000 - 0x00007ffe5554e000 	C:\WINDOWS\System32\msvcrt.dll
0x00007ffe55970000 - 0x00007ffe55a0c000 	C:\WINDOWS\System32\sechost.dll
0x00007ffe547e0000 - 0x00007ffe54905000 	C:\WINDOWS\System32\RPCRT4.dll
0x00007ffe54990000 - 0x00007ffe54b30000 	C:\WINDOWS\System32\USER32.dll
0x00007ffe541b0000 - 0x00007ffe541d2000 	C:\WINDOWS\System32\win32u.dll
0x00007ffe55ac0000 - 0x00007ffe55aea000 	C:\WINDOWS\System32\GDI32.dll
0x00007ffe53ac0000 - 0x00007ffe53bcb000 	C:\WINDOWS\System32\gdi32full.dll
0x00007ffe53a20000 - 0x00007ffe53abd000 	C:\WINDOWS\System32\msvcp_win.dll
0x00007ffe4c3c0000 - 0x00007ffe4c3ca000 	C:\WINDOWS\SYSTEM32\VERSION.dll
0x00007ffe3c7e0000 - 0x00007ffe3ca7a000 	C:\WINDOWS\WinSxS\amd64_microsoft.windows.common-controls_6595b64144ccf1df_6.0.19041.1110_none_60b5254171f9507e\COMCTL32.dll
0x00007ffe55840000 - 0x00007ffe55870000 	C:\WINDOWS\System32\IMM32.DLL
0x00007ffe40ca0000 - 0x00007ffe40cac000 	C:\Program Files\Java\jdk-17.0.2\bin\vcruntime140_1.dll
0x00007ffe29ea0000 - 0x00007ffe29f2d000 	C:\Program Files\Java\jdk-17.0.2\bin\msvcp140.dll
0x00007ffdffe40000 - 0x00007ffe00a01000 	C:\Program Files\Java\jdk-17.0.2\bin\server\jvm.dll
0x00007ffe55c20000 - 0x00007ffe55c28000 	C:\WINDOWS\System32\PSAPI.DLL
0x00007ffe40a60000 - 0x00007ffe40a69000 	C:\WINDOWS\SYSTEM32\WSOCK32.dll
0x00007ffe45500000 - 0x00007ffe45527000 	C:\WINDOWS\SYSTEM32\WINMM.dll
0x00007ffe558a0000 - 0x00007ffe5590b000 	C:\WINDOWS\System32\WS2_32.dll
0x00007ffe522b0000 - 0x00007ffe522c2000 	C:\WINDOWS\SYSTEM32\kernel.appcore.dll
0x00007ffe40730000 - 0x00007ffe4073a000 	C:\Program Files\Java\jdk-17.0.2\bin\jimage.dll
0x00007ffe518c0000 - 0x00007ffe51aa4000 	C:\WINDOWS\SYSTEM32\DBGHELP.DLL
0x00007ffe4b2c0000 - 0x00007ffe4b2ec000 	C:\WINDOWS\SYSTEM32\dbgcore.DLL
0x00007ffe540b0000 - 0x00007ffe54132000 	C:\WINDOWS\System32\bcryptPrimitives.dll
0x00007ffe3adf0000 - 0x00007ffe3adff000 	C:\Program Files\NetBeans-12.6\netbeans\profiler\lib\deployed\jdk16\windows-amd64\profilerinterface.dll
0x00007ffe40700000 - 0x00007ffe40725000 	C:\Program Files\Java\jdk-17.0.2\bin\java.dll
0x00007ffe3b0e0000 - 0x00007ffe3b0f8000 	C:\Program Files\Java\jdk-17.0.2\bin\zip.dll
0x00007ffe10640000 - 0x00007ffe10716000 	C:\Program Files\Java\jdk-17.0.2\bin\jsvml.dll
0x00007ffe54be0000 - 0x00007ffe55324000 	C:\WINDOWS\System32\SHELL32.dll
0x00007ffe51b00000 - 0x00007ffe52294000 	C:\WINDOWS\SYSTEM32\windows.storage.dll
0x00007ffe55f70000 - 0x00007ffe562c4000 	C:\WINDOWS\System32\combase.dll
0x00007ffe53480000 - 0x00007ffe534ac000 	C:\WINDOWS\SYSTEM32\Wldp.dll
0x00007ffe55e00000 - 0x00007ffe55ead000 	C:\WINDOWS\System32\SHCORE.dll
0x00007ffe55c30000 - 0x00007ffe55c85000 	C:\WINDOWS\System32\shlwapi.dll
0x00007ffe53960000 - 0x00007ffe5397f000 	C:\WINDOWS\SYSTEM32\profapi.dll
0x00007ffe3b120000 - 0x00007ffe3b139000 	C:\Program Files\Java\jdk-17.0.2\bin\net.dll
0x00007ffe4e7a0000 - 0x00007ffe4e8aa000 	C:\WINDOWS\SYSTEM32\WINHTTP.dll
0x00007ffe531e0000 - 0x00007ffe5324a000 	C:\WINDOWS\system32\mswsock.dll
0x00007ffe3b100000 - 0x00007ffe3b116000 	C:\Program Files\Java\jdk-17.0.2\bin\nio.dll
0x00007ffe3ad20000 - 0x00007ffe3ad29000 	C:\Program Files\Java\jdk-17.0.2\bin\management.dll
0x00007ffe3abb0000 - 0x00007ffe3abbb000 	C:\Program Files\Java\jdk-17.0.2\bin\management_ext.dll
0x00007ffe533d0000 - 0x00007ffe533e8000 	C:\WINDOWS\SYSTEM32\CRYPTSP.dll
0x00007ffe52af0000 - 0x00007ffe52b24000 	C:\WINDOWS\system32\rsaenh.dll
0x00007ffe542e0000 - 0x00007ffe54307000 	C:\WINDOWS\System32\bcrypt.dll
0x00007ffe538e0000 - 0x00007ffe5390e000 	C:\WINDOWS\SYSTEM32\USERENV.dll
0x00007ffe533f0000 - 0x00007ffe533fc000 	C:\WINDOWS\SYSTEM32\CRYPTBASE.dll
0x00007ffe52e80000 - 0x00007ffe52ebb000 	C:\WINDOWS\SYSTEM32\IPHLPAPI.DLL
0x00007ffe557d0000 - 0x00007ffe557d8000 	C:\WINDOWS\System32\NSI.dll
0x00007ffe4c270000 - 0x00007ffe4c287000 	C:\WINDOWS\SYSTEM32\dhcpcsvc6.DLL
0x00007ffe4cc10000 - 0x00007ffe4cc2d000 	C:\WINDOWS\SYSTEM32\dhcpcsvc.DLL
0x00007ffe52f10000 - 0x00007ffe52fdb000 	C:\WINDOWS\SYSTEM32\DNSAPI.dll
0x00007ffe0a740000 - 0x00007ffe0a8cf000 	C:\Program Files\Java\jdk-17.0.2\bin\awt.dll
0x00007ffe55550000 - 0x00007ffe5561d000 	C:\WINDOWS\System32\OLEAUT32.dll
0x00007ffe50f40000 - 0x00007ffe50fd0000 	C:\WINDOWS\SYSTEM32\apphelp.dll
0x00007ffe51100000 - 0x00007ffe5119e000 	C:\WINDOWS\system32\uxtheme.dll
0x00007ffe55330000 - 0x00007ffe55445000 	C:\WINDOWS\System32\MSCTF.dll
0x00007ffe55af0000 - 0x00007ffe55c1a000 	C:\WINDOWS\System32\ole32.dll
0x00007ffe51310000 - 0x00007ffe5133f000 	C:\WINDOWS\system32\DWMAPI.DLL
0x00007ffe2b290000 - 0x00007ffe2b340000 	C:\WINDOWS\WinSxS\amd64_microsoft.windows.common-controls_6595b64144ccf1df_5.82.19041.1110_none_792d1c772443f647\comctl32.dll
0x00007ffe54b30000 - 0x00007ffe54bd9000 	C:\WINDOWS\System32\clbcatq.dll
0x00007ffe4f040000 - 0x00007ffe4f136000 	C:\WINDOWS\SYSTEM32\PROPSYS.dll
0x00007ffe2a7d0000 - 0x00007ffe2a7e7000 	C:\WINDOWS\system32\NetworkExplorer.dll
0x00007ffe54310000 - 0x00007ffe5435e000 	C:\WINDOWS\System32\CFGMGR32.dll
0x00007ffe150c0000 - 0x00007ffe15131000 	C:\Users\Ivan\AppData\Local\Temp\lwjglIvan\3.3.0-build-21\lwjgl.dll
0x00007ffe06a20000 - 0x00007ffe06c76000 	C:\Users\Ivan\AppData\Local\Temp\lwjglIvan\3.3.0-build-21\jemalloc.dll
0x00007ffe148a0000 - 0x00007ffe14901000 	C:\Users\Ivan\AppData\Local\Temp\lwjglIvan\3.3.0-build-21\glfw.dll
0x00007ffe24550000 - 0x00007ffe24595000 	C:\WINDOWS\SYSTEM32\dinput8.dll
0x00007ffe2af30000 - 0x00007ffe2af41000 	C:\WINDOWS\SYSTEM32\xinput1_4.dll
0x00007ffe537d0000 - 0x00007ffe537fc000 	C:\WINDOWS\SYSTEM32\DEVOBJ.dll
0x00007ffe37ff0000 - 0x00007ffe38142000 	C:\WINDOWS\SYSTEM32\inputhost.dll
0x00007ffe502e0000 - 0x00007ffe50434000 	C:\WINDOWS\SYSTEM32\wintypes.dll
0x00007ffe509b0000 - 0x00007ffe50d0e000 	C:\WINDOWS\SYSTEM32\CoreUIComponents.dll
0x00007ffe50d10000 - 0x00007ffe50e02000 	C:\WINDOWS\SYSTEM32\CoreMessaging.dll
0x00007ffe52840000 - 0x00007ffe52873000 	C:\WINDOWS\SYSTEM32\ntmarta.dll
0x00007ffe1e460000 - 0x00007ffe1e586000 	C:\WINDOWS\SYSTEM32\opengl32.dll
0x00007ffe1e3f0000 - 0x00007ffe1e41c000 	C:\WINDOWS\SYSTEM32\GLU32.dll
0x00007ffe4bbd0000 - 0x00007ffe4bcc7000 	C:\Windows\System32\AppXDeploymentClient.dll
0x00007ffdfee70000 - 0x00007ffdffe34000 	C:\WINDOWS\System32\DriverStore\FileRepository\iigd_dch.inf_amd64_7df576fcfa9adb45\ig9icd64.dll
0x00007ffe52480000 - 0x00007ffe52573000 	C:\WINDOWS\system32\dxgi.dll
0x00007ffe019c0000 - 0x00007ffe01dfc000 	C:\WINDOWS\System32\DriverStore\FileRepository\iigd_dch.inf_amd64_7df576fcfa9adb45\igdml64.dll
0x00007ffe346c0000 - 0x00007ffe349f6000 	C:\WINDOWS\System32\DriverStore\FileRepository\iigd_dch.inf_amd64_7df576fcfa9adb45\igdgmm64.dll
0x00007ffe31780000 - 0x00007ffe3450f000 	C:\WINDOWS\System32\DriverStore\FileRepository\iigd_dch.inf_amd64_7df576fcfa9adb45\igc64.dll
0x00007ffe52ff0000 - 0x00007ffe5303b000 	C:\WINDOWS\SYSTEM32\powrprof.dll
0x00007ffe52e60000 - 0x00007ffe52e72000 	C:\WINDOWS\SYSTEM32\UMPDC.dll
0x00007ffe389e0000 - 0x00007ffe38ad9000 	C:\WINDOWS\SYSTEM32\textinputframework.dll
0x00007ffe15910000 - 0x00007ffe1596d000 	C:\Users\Ivan\AppData\Local\Temp\lwjglIvan\3.3.0-build-21\lwjgl_opengl.dll
0x0000000064a00000 - 0x000000006580f000 	C:\Users\Ivan\AppData\Local\Temp\imgui-java-natives_1654015397384\imgui-java64.dll
0x00007ffe0da00000 - 0x00007ffe0da89000 	C:\Program Files\Java\jdk-17.0.2\bin\freetype.dll
0x00007ffe0b9d0000 - 0x00007ffe0ba78000 	C:\Program Files\Java\jdk-17.0.2\bin\fontmanager.dll
0x00007ffe2a940000 - 0x00007ffe2a95f000 	C:\WINDOWS\SYSTEM32\MPR.dll
0x00007ffe40650000 - 0x00007ffe4065b000 	C:\WINDOWS\System32\drprov.dll
0x00007ffe52790000 - 0x00007ffe527ea000 	C:\WINDOWS\System32\WINSTA.dll
0x00007ffe3af50000 - 0x00007ffe3af70000 	C:\WINDOWS\System32\ntlanman.dll
0x00007ffe3af30000 - 0x00007ffe3af4e000 	C:\WINDOWS\System32\davclnt.dll
0x00007ffe405d0000 - 0x00007ffe405dd000 	C:\WINDOWS\System32\DAVHLPR.dll
0x00007ffe52c10000 - 0x00007ffe52c29000 	C:\WINDOWS\System32\wkscli.dll
0x00007ffe2fb70000 - 0x00007ffe2fb82000 	C:\WINDOWS\SYSTEM32\cscapi.dll
0x00007ffe52fe0000 - 0x00007ffe52fec000 	C:\WINDOWS\System32\netutils.dll
0x00007ffe0d0a0000 - 0x00007ffe0d0f6000 	C:\Windows\System32\dlnashext.dll
0x00007ffe246f0000 - 0x00007ffe24754000 	C:\Windows\System32\PlayToDevice.dll
0x00007ffe46210000 - 0x00007ffe46230000 	C:\Windows\System32\DevDispItemProvider.dll
0x00007ffe4cfe0000 - 0x00007ffe4d065000 	C:\WINDOWS\System32\MMDevApi.dll
0x00007ffe10520000 - 0x00007ffe105c1000 	C:\WINDOWS\system32\wpdshext.dll
0x00007ffe3fa10000 - 0x00007ffe3fbb5000 	C:\WINDOWS\WinSxS\amd64_microsoft.windows.gdiplus_6595b64144ccf1df_1.1.19041.1706_none_919e8e54cc8d4ca1\gdiplus.dll
0x00007ffe4d220000 - 0x00007ffe4d2c3000 	C:\Windows\System32\PortableDeviceApi.dll
0x00007ffe54360000 - 0x00007ffe547d1000 	C:\WINDOWS\System32\SETUPAPI.dll
0x00007ffe54140000 - 0x00007ffe541a8000 	C:\WINDOWS\System32\WINTRUST.dll
0x00007ffe53ea0000 - 0x00007ffe53ff6000 	C:\WINDOWS\System32\CRYPT32.dll
0x00007ffe53610000 - 0x00007ffe53622000 	C:\WINDOWS\System32\MSASN1.dll
0x00007ffe2a8f0000 - 0x00007ffe2a927000 	C:\Windows\System32\EhStorShell.dll
0x00007ffe29e20000 - 0x00007ffe29e46000 	C:\Windows\System32\EhStorAPI.dll
0x00007ffe4d070000 - 0x00007ffe4d084000 	C:\Windows\System32\WTSAPI32.dll
0x00007ffe24b20000 - 0x00007ffe24b2d000 	C:\WINDOWS\SYSTEM32\LINKINFO.dll
0x00007ffe41cb0000 - 0x00007ffe41e64000 	C:\WINDOWS\SYSTEM32\WindowsCodecs.dll
0x00007ffe1d610000 - 0x00007ffe1d64e000 	C:\WINDOWS\system32\dataexchange.dll
0x00007ffe4fab0000 - 0x00007ffe4fd14000 	C:\WINDOWS\system32\d3d11.dll
0x00007ffe507c0000 - 0x00007ffe509a5000 	C:\WINDOWS\system32\dcomp.dll
0x00007ffe4bd00000 - 0x00007ffe4bf01000 	C:\WINDOWS\system32\twinapi.appcore.dll
0x00007ffe37bd0000 - 0x00007ffe37c3a000 	C:\WINDOWS\system32\Ninput.dll

dbghelp: loaded successfully - version: 4.0.5 - missing functions: none
symbol engine: initialized successfully - sym options: 0x614 - pdb path: .;C:\Program Files\Java\jdk-17.0.2\bin;C:\WINDOWS\SYSTEM32;C:\WINDOWS\WinSxS\amd64_microsoft.windows.common-controls_6595b64144ccf1df_6.0.19041.1110_none_60b5254171f9507e;C:\Program Files\Java\jdk-17.0.2\bin\server;C:\Program Files\NetBeans-12.6\netbeans\profiler\lib\deployed\jdk16\windows-amd64;C:\WINDOWS\WinSxS\amd64_microsoft.windows.common-controls_6595b64144ccf1df_5.82.19041.1110_none_792d1c772443f647;C:\Users\Ivan\AppData\Local\Temp\lwjglIvan\3.3.0-build-21;C:\WINDOWS\System32\DriverStore\FileRepository\iigd_dch.inf_amd64_7df576fcfa9adb45;C:\Users\Ivan\AppData\Local\Temp\imgui-java-natives_1654015397384;C:\WINDOWS\WinSxS\amd64_microsoft.windows.gdiplus_6595b64144ccf1df_1.1.19041.1706_none_919e8e54cc8d4ca1

VM Arguments:
jvm_args: -agentpath:C:/Program Files/NetBeans-12.6/netbeans/profiler/lib/deployed/jdk16/windows-amd64/profilerinterface.dll=C:\Program Files\NetBeans-12.6\netbeans\profiler\lib,5140,10 -XX:+HeapDumpOnOutOfMemoryError -XX:HeapDumpPath=C:\Users\Ivan\AppData\Local\NetBeans\Cache\12.6\mavencachedirs\2023566944\org-netbeans-modules-profiler 
java_command: com.wiz.settlementmapmaker.Main -Xmx8G
java_class_path (initial): C:\Users\Ivan\Documents\Code Projects\SettlementMapMaker\SettlementMapMaker\SettlementMapMaker\target\classes;C:\Users\Ivan\.m2\repository\org\lwjgl\lwjgl\3.3.0\lwjgl-3.3.0.jar;C:\Users\Ivan\.m2\repository\org\lwjgl\lwjgl-egl\3.3.0\lwjgl-egl-3.3.0.jar;C:\Users\Ivan\.m2\repository\org\lwjgl\lwjgl-glfw\3.3.0\lwjgl-glfw-3.3.0.jar;C:\Users\Ivan\.m2\repository\org\lwjgl\lwjgl-jemalloc\3.3.0\lwjgl-jemalloc-3.3.0.jar;C:\Users\Ivan\.m2\repository\org\lwjgl\lwjgl-opengl\3.3.0\lwjgl-opengl-3.3.0.jar;C:\Users\Ivan\.m2\repository\org\lwjgl\lwjgl-opengles\3.3.0\lwjgl-opengles-3.3.0.jar;C:\Users\Ivan\.m2\repository\org\lwjgl\lwjgl\3.3.0\lwjgl-3.3.0-natives-windows.jar;C:\Users\Ivan\.m2\repository\org\lwjgl\lwjgl-glfw\3.3.0\lwjgl-glfw-3.3.0-natives-windows.jar;C:\Users\Ivan\.m2\repository\org\lwjgl\lwjgl-jemalloc\3.3.0\lwjgl-jemalloc-3.3.0-natives-windows.jar;C:\Users\Ivan\.m2\repository\org\lwjgl\lwjgl-opengl\3.3.0\lwjgl-opengl-3.3.0-natives-windows.jar;C:\Users\Ivan\.m2\repository\org\lwjgl\lwjgl-opengles\3.3.0\lwjgl-opengles-3.3.0-natives-windows.jar;C:\Users\Ivan\.m2\repository\org\joml\joml\1.10.3\joml-1.10.3.jar;C:\Users\Ivan\.m2\repository\io\github\spair\imgui-java-app\1.86.2\imgui-java-app-1.86.2.jar;C:\Users\Ivan\.m2\repository\org\lwjgl\lwjgl\3.3.0\lwjgl-3.3.0-natives-linux.jar;C:\Users\Ivan\.m2\repository\org\lwjgl\lwjgl-glfw\3.3.0\lwjgl-glfw-3.3.0-natives-linux.jar;C:\Users\Ivan\.m2\repository\org\lwjgl\lwjgl-opengl\3.3.0\lwjgl-opengl-3.3.0-natives-linux.jar;C:\Users\Ivan\.m2\repository\org\lwjgl\lwjgl\3.3.0\lwjgl-3.3.0-natives-macos.jar;C:\Users\Ivan\.m2\repository\org\lwjgl\lwjgl-glfw\3.3.0\lwjgl-glfw-3.3.0-natives-macos.jar;C:\Users\Ivan\.m2\repository\org\lwjgl\lwjgl-opengl\3.3.0\lwjgl-opengl-3.3.0-natives-macos.jar;C:\Users\Ivan\.m2\repository\io\github\spair\imgui-java-binding\1.86.2\imgui-java-binding-1.86.2.jar;C:\Users\Ivan\.m2\repository\io\github\spair\imgui-java-lwjgl3\1.86.2\imgui-java-lwjgl3-1.86.2.jar;C:\Users\Ivan\.m2\repos
Launcher Type: SUN_STANDARD

[Global flags]
     intx CICompilerCount                          = 4                                         {product} {ergonomic}
     uint ConcGCThreads                            = 3                                         {product} {ergonomic}
     uint G1ConcRefinementThreads                  = 10                                        {product} {ergonomic}
   size_t G1HeapRegionSize                         = 2097152                                   {product} {ergonomic}
    uintx GCDrainStackTargetSize                   = 64                                        {product} {ergonomic}
     bool HeapDumpOnOutOfMemoryError               = true                                   {manageable} {command line}
    ccstr HeapDumpPath                             = C:\Users\Ivan\AppData\Local\NetBeans\Cache\12.6\mavencachedirs\2023566944\org-netbeans-modules-profiler         {manageable} {command line}
   size_t InitialHeapSize                          = 264241152                                 {product} {ergonomic}
   size_t MarkStackSize                            = 4194304                                   {product} {ergonomic}
   size_t MaxHeapSize                              = 4223664128                                {product} {ergonomic}
   size_t MaxNewSize                               = 2533359616                                {product} {ergonomic}
   size_t MinHeapDeltaBytes                        = 2097152                                   {product} {ergonomic}
   size_t MinHeapSize                              = 8388608                                   {product} {ergonomic}
    uintx NonNMethodCodeHeapSize                   = 5839372                                {pd product} {ergonomic}
    uintx NonProfiledCodeHeapSize                  = 122909434                              {pd product} {ergonomic}
    uintx ProfiledCodeHeapSize                     = 122909434                              {pd product} {ergonomic}
    uintx ReservedCodeCacheSize                    = 251658240                              {pd product} {ergonomic}
     bool SegmentedCodeCache                       = true                                      {product} {ergonomic}
   size_t SoftMaxHeapSize                          = 4223664128                             {manageable} {ergonomic}
     bool UseCompressedClassPointers               = true                           {product lp64_product} {ergonomic}
     bool UseCompressedOops                        = true                           {product lp64_product} {ergonomic}
     bool UseG1GC                                  = true                                      {product} {ergonomic}
     bool UseLargePagesIndividualAllocation        = false                                  {pd product} {ergonomic}

Logging:
Log output configuration:
 #0: stdout all=warning uptime,level,tags
 #1: stderr all=off uptime,level,tags

Environment Variables:
JAVA_HOME=C:\Program Files\Java\jdk-17.0.2
PATH=C:\Program Files\Common Files\Oracle\Java\javapath;C:\Program Files\Eclipse Adoptium\jdk-11.0.14.9-hotspot\bin;C:\Windows\system32;C:\Windows;C:\Windows\System32\Wbem;C:\Windows\System32\WindowsPowerShell\v1.0\;C:\Windows\System32\OpenSSH\;C:\Program Files (x86)\NVIDIA Corporation\PhysX\Common;C:\Program Files\NVIDIA Corporation\NVIDIA NvDLISR;C:\Program Files (x86)\Common Files\Acronis\VirtualFile\;C:\Program Files (x86)\Common Files\Acronis\VirtualFile64\;C:\Program Files (x86)\Common Files\Acronis\FileProtector\;C:\Program Files (x86)\Common Files\Acronis\FileProtector64\;C:\Program Files (x86)\Common Files\Acronis\SnapAPI\;C:\WINDOWS\system32;C:\WINDOWS;C:\WINDOWS\System32\Wbem;C:\WINDOWS\System32\WindowsPowerShell\v1.0\;C:\WINDOWS\System32\OpenSSH\;C:\Program Files\Git\cmd;C:\Utilities\PuTTY\;C:\Program Files\dotnet\;C:\Users\Ivan\AppData\Local\Microsoft\WindowsApps;
USERNAME=Ivan
OS=Windows_NT
PROCESSOR_IDENTIFIER=Intel64 Family 6 Model 158 Stepping 10, GenuineIntel



---------------  S Y S T E M  ---------------

OS:
 Windows 10 , 64 bit Build 19041 (10.0.19041.1706)
OS uptime: 14 days 20:36 hours

CPU: total 12 (initial active 12) (6 cores per cpu, 2 threads per core) family 6 model 158 stepping 10 microcode 0xec, cx8, cmov, fxsr, ht, mmx, 3dnowpref, sse, sse2, sse3, ssse3, sse4.1, sse4.2, popcnt, lzcnt, tsc, tscinvbit, avx, avx2, aes, erms, clmul, bmi1, bmi2, adx, fma, vzeroupper, clflush, clflushopt

Memory: 4k page, system-wide physical 16111M (5483M free)
TotalPageFile size 18543M (AvailPageFile size 3647M)
current process WorkingSet (physical memory assigned to process): 801M, peak: 820M
current process commit charge ("private bytes"): 716M, peak: 742M

vm_info: Java HotSpot(TM) 64-Bit Server VM (17.0.2+8-LTS-86) for windows-amd64 JRE (17.0.2+8-LTS-86), built on Dec  7 2021 21:51:03 by "mach5one" with MS VC++ 16.8 / 16.9 (VS2019)

END.
