#
# A fatal error has been detected by the Java Runtime Environment:
#
#  EXCEPTION_ACCESS_VIOLATION (0xc0000005) at pc=0x00007ffcaf4f13be, pid=16448, tid=9576
#
# JRE version: Java(TM) SE Runtime Environment (17.0.1+12) (build 17.0.1+12-LTS-39)
# Java VM: Java HotSpot(TM) 64-Bit Server VM (17.0.1+12-LTS-39, mixed mode, sharing, tiered, compressed oops, compressed class ptrs, g1 gc, windows-amd64)
# Problematic frame:
# C  [atio6axx.dll+0x1bc13be]
#
# No core dump will be written. Minidumps are not enabled by default on client versions of Windows
#
# If you would like to submit a bug report, please visit:
#   https://bugreport.java.com/bugreport/crash.jsp
# The crash happened outside the Java Virtual Machine in native code.
# See problematic frame for where to report the bug.
#

---------------  S U M M A R Y ------------

Command Line: com.wiz.settlementmapmaker.Main

Host: AMD Ryzen 5 1400 Quad-Core Processor           , 8 cores, 15G,  Windows 10 , 64 bit Build 19041 (10.0.19041.1566)
Time: Fri Mar 25 19:41:17 2022 Mountain Daylight Time elapsed time: 10.041301 seconds (0d 0h 0m 10s)

---------------  T H R E A D  ---------------

Current thread (0x00000149f16a4360):  JavaThread "main" [_thread_in_native, id=9576, stack(0x00000012c1200000,0x00000012c1300000)]

Stack: [0x00000012c1200000,0x00000012c1300000],  sp=0x00000012c12feac8,  free space=1018k
Native frames: (J=compiled Java code, j=interpreted, Vv=VM code, C=native code)
C  [atio6axx.dll+0x1bc13be]

Java frames: (J=compiled Java code, j=interpreted, Vv=VM code)
j  org.lwjgl.opengl.GL11C.nglReadPixels(IIIIIIJ)V+0
j  org.lwjgl.opengl.GL11C.glReadPixels(IIIIIILjava/nio/ByteBuffer;)V+13
j  com.wiz.settlementmapmaker.FileManager.saveScreen(II)V+34
j  com.wiz.settlementmapmaker.Window.run()V+113
j  com.wiz.settlementmapmaker.Main.main([Ljava/lang/String;)V+20
v  ~StubRoutines::call_stub

siginfo: EXCEPTION_ACCESS_VIOLATION (0xc0000005), writing address 0x00000149a7a90000


Register to memory mapping:

RIP=0x00007ffcaf4f13be atio6axx.dll
RAX=0x00000149a7a8fb40 points into unknown readable memory: 0x0000000000000000 | 00 00 00 00 00 00 00 00
RBX=0x0 is NULL
RCX=0x00000149a7a8ff60 points into unknown readable memory: 0xd3eab2d3eab2d3ea | ea d3 b2 ea d3 b2 ea d3
RDX=0x000001499b3ea420 points into unknown readable memory: 0xd3eab2d3eab2d3ea | ea d3 b2 ea d3 b2 ea d3
RSP=0x00000012c12feac8 is pointing into the stack for thread: 0x00000149f16a4360
RBP=0x00000012c12febd0 is pointing into the stack for thread: 0x00000149f16a4360
RSI=0x00000149a7a8fb40 points into unknown readable memory: 0x0000000000000000 | 00 00 00 00 00 00 00 00
RDI=0x000001499fb2fc30 points into unknown readable memory: 0x00007ffcb0136e90 | 90 6e 13 b0 fc 7f 00 00
R8 =0x00000000005e06e0 is an unknown value
R9 =0xffffffffffffffe0 is an unknown value
R10=0x00007ffcad930000 atio6axx.dll
R11=0x00000012c12feaa0 is pointing into the stack for thread: 0x00000149f16a4360
R12=0x000000000000042e is an unknown value
R13=0x000001499a733990 points into unknown readable memory: 0x000001499ac07580 | 80 75 c0 9a 49 01 00 00
R14=0x0 is NULL
R15=0x0 is NULL


Registers:
RAX=0x00000149a7a8fb40, RBX=0x0000000000000000, RCX=0x00000149a7a8ff60, RDX=0x000001499b3ea420
RSP=0x00000012c12feac8, RBP=0x00000012c12febd0, RSI=0x00000149a7a8fb40, RDI=0x000001499fb2fc30
R8 =0x00000000005e06e0, R9 =0xffffffffffffffe0, R10=0x00007ffcad930000, R11=0x00000012c12feaa0
R12=0x000000000000042e, R13=0x000001499a733990, R14=0x0000000000000000, R15=0x0000000000000000
RIP=0x00007ffcaf4f13be, EFLAGS=0x0000000000010202

Top of Stack: (sp=0x00000012c12feac8)
0x00000012c12feac8:   00007ffcaeddd2a7 0000000000000000
0x00000012c12fead8:   0000000000000000 0000000000000000
0x00000012c12feae8:   0000000000000000 000000120000ff00
0x00000012c12feaf8:   0000000000000000 00000012c12fedb0
0x00000012c12feb08:   00000149807237ec 0000000000000001
0x00000012c12feb18:   0000000000000000 0000000000000000
0x00000012c12feb28:   0000000000000000 0000000000000000
0x00000012c12feb38:   0000001200000000 0000000001000001
0x00000012c12feb48:   0000000000000000 00000018ffffffff
0x00000012c12feb58:   0000000000000000 000001499fb2fc30
0x00000012c12feb68:   0000000000000000 0000000000000000
0x00000012c12feb78:   0000000000000000 0000042e00000780
0x00000012c12feb88:   0000000000000009 0000000000000000
0x00000012c12feb98:   0000000700001680 00000149f16a4360
0x00000012c12feba8:   0000000000000000 0000001200000000
0x00000012c12febb8:   00000000005e0b00 0000014900000000 

Instructions: (pc=0x00007ffcaf4f13be)
0x00007ffcaf4f12be:   00 01 00 00 0f 83 78 ff ff ff 4d 8d 48 1f 49 83
0x00007ffcaf4f12ce:   e1 e0 4d 8b d9 49 c1 eb 05 47 8b 9c 9a 40 90 d7
0x00007ffcaf4f12de:   02 4d 03 da 41 ff e3 c4 a1 7e 6f 8c 0a 00 ff ff
0x00007ffcaf4f12ee:   ff c4 a1 7e 7f 8c 09 00 ff ff ff c4 a1 7e 6f 8c
0x00007ffcaf4f12fe:   0a 20 ff ff ff c4 a1 7e 7f 8c 09 20 ff ff ff c4
0x00007ffcaf4f130e:   a1 7e 6f 8c 0a 40 ff ff ff c4 a1 7e 7f 8c 09 40
0x00007ffcaf4f131e:   ff ff ff c4 a1 7e 6f 8c 0a 60 ff ff ff c4 a1 7e
0x00007ffcaf4f132e:   7f 8c 09 60 ff ff ff c4 a1 7e 6f 4c 0a 80 c4 a1
0x00007ffcaf4f133e:   7e 7f 4c 09 80 c4 a1 7e 6f 4c 0a a0 c4 a1 7e 7f
0x00007ffcaf4f134e:   4c 09 a0 c4 a1 7e 6f 4c 0a c0 c4 a1 7e 7f 4c 09
0x00007ffcaf4f135e:   c0 c4 a1 7e 7f 6c 01 e0 c5 fe 7f 00 c5 f8 77 c3
0x00007ffcaf4f136e:   66 90 c5 fe 6f 0a c5 fe 6f 52 20 c5 fe 6f 5a 40
0x00007ffcaf4f137e:   c5 fe 6f 62 60 c5 fd e7 09 c5 fd e7 51 20 c5 fd
0x00007ffcaf4f138e:   e7 59 40 c5 fd e7 61 60 c5 fe 6f 8a 80 00 00 00
0x00007ffcaf4f139e:   c5 fe 6f 92 a0 00 00 00 c5 fe 6f 9a c0 00 00 00
0x00007ffcaf4f13ae:   c5 fe 6f a2 e0 00 00 00 c5 fd e7 89 80 00 00 00
0x00007ffcaf4f13be:   c5 fd e7 91 a0 00 00 00 c5 fd e7 99 c0 00 00 00
0x00007ffcaf4f13ce:   c5 fd e7 a1 e0 00 00 00 48 81 c1 00 01 00 00 48
0x00007ffcaf4f13de:   81 c2 00 01 00 00 49 81 e8 00 01 00 00 49 81 f8
0x00007ffcaf4f13ee:   00 01 00 00 0f 83 78 ff ff ff 4d 8d 48 1f 49 83
0x00007ffcaf4f13fe:   e1 e0 4d 8b d9 49 c1 eb 05 47 8b 9c 9a 64 90 d7
0x00007ffcaf4f140e:   02 4d 03 da 41 ff e3 c4 a1 7e 6f 8c 0a 00 ff ff
0x00007ffcaf4f141e:   ff c4 a1 7d e7 8c 09 00 ff ff ff c4 a1 7e 6f 8c
0x00007ffcaf4f142e:   0a 20 ff ff ff c4 a1 7d e7 8c 09 20 ff ff ff c4
0x00007ffcaf4f143e:   a1 7e 6f 8c 0a 40 ff ff ff c4 a1 7d e7 8c 09 40
0x00007ffcaf4f144e:   ff ff ff c4 a1 7e 6f 8c 0a 60 ff ff ff c4 a1 7d
0x00007ffcaf4f145e:   e7 8c 09 60 ff ff ff c4 a1 7e 6f 4c 0a 80 c4 a1
0x00007ffcaf4f146e:   7d e7 4c 09 80 c4 a1 7e 6f 4c 0a a0 c4 a1 7d e7
0x00007ffcaf4f147e:   4c 09 a0 c4 a1 7e 6f 4c 0a c0 c4 a1 7d e7 4c 09
0x00007ffcaf4f148e:   c0 c4 a1 7e 7f 6c 01 e0 c5 fe 7f 00 0f ae f8 c5
0x00007ffcaf4f149e:   f8 77 c3 66 66 66 66 66 66 66 0f 1f 84 00 00 00
0x00007ffcaf4f14ae:   00 00 49 81 f8 00 08 00 00 76 0d f6 05 e8 f4 fe 


Stack slot to memory mapping:
stack at sp + 0 slots: 0x00007ffcaeddd2a7 atio6axx.dll
stack at sp + 1 slots: 0x0 is NULL
stack at sp + 2 slots: 0x0 is NULL
stack at sp + 3 slots: 0x0 is NULL
stack at sp + 4 slots: 0x0 is NULL
stack at sp + 5 slots: 0x000000120000ff00 is an unknown value
stack at sp + 6 slots: 0x0 is NULL
stack at sp + 7 slots: 0x00000012c12fedb0 is pointing into the stack for thread: 0x00000149f16a4360


---------------  P R O C E S S  ---------------

Threads class SMR info:
_java_thread_list=0x000001499fbd1da0, length=19, elements={
0x00000149f16a4360, 0x00000149ff3ba1a0, 0x00000149ff3bdfd0, 0x00000149ff3d1c20,
0x00000149ff3d45e0, 0x00000149ff3d5730, 0x00000149ff3dc5a0, 0x00000149ff3dda20,
0x00000149ff3df470, 0x00000149ff3fa9d0, 0x0000014997a063a0, 0x0000014997a0b4c0,
0x0000014997cf7980, 0x0000014997e8a010, 0x0000014997eec450, 0x000001499f5c7550,
0x000001499f59e930, 0x000001499fbcf7e0, 0x000001499fbcfcb0
}

Java Threads: ( => current thread )
=>0x00000149f16a4360 JavaThread "main" [_thread_in_native, id=9576, stack(0x00000012c1200000,0x00000012c1300000)]
  0x00000149ff3ba1a0 JavaThread "Reference Handler" daemon [_thread_blocked, id=6320, stack(0x00000012c1900000,0x00000012c1a00000)]
  0x00000149ff3bdfd0 JavaThread "Finalizer" daemon [_thread_blocked, id=12512, stack(0x00000012c1a00000,0x00000012c1b00000)]
  0x00000149ff3d1c20 JavaThread "Signal Dispatcher" daemon [_thread_blocked, id=15520, stack(0x00000012c1b00000,0x00000012c1c00000)]
  0x00000149ff3d45e0 JavaThread "Attach Listener" daemon [_thread_blocked, id=14008, stack(0x00000012c1c00000,0x00000012c1d00000)]
  0x00000149ff3d5730 JavaThread "Service Thread" daemon [_thread_blocked, id=11992, stack(0x00000012c1d00000,0x00000012c1e00000)]
  0x00000149ff3dc5a0 JavaThread "Monitor Deflation Thread" daemon [_thread_blocked, id=15632, stack(0x00000012c1e00000,0x00000012c1f00000)]
  0x00000149ff3dda20 JavaThread "C2 CompilerThread0" daemon [_thread_blocked, id=16904, stack(0x00000012c1f00000,0x00000012c2000000)]
  0x00000149ff3df470 JavaThread "C1 CompilerThread0" daemon [_thread_blocked, id=7552, stack(0x00000012c2000000,0x00000012c2100000)]
  0x00000149ff3fa9d0 JavaThread "Sweeper thread" daemon [_thread_blocked, id=3128, stack(0x00000012c2100000,0x00000012c2200000)]
  0x0000014997a063a0 JavaThread "Notification Thread" daemon [_thread_blocked, id=6524, stack(0x00000012c2200000,0x00000012c2300000)]
  0x0000014997a0b4c0 JavaThread "Common-Cleaner" daemon [_thread_blocked, id=3380, stack(0x00000012c2400000,0x00000012c2500000)]
  0x0000014997cf7980 JavaThread "Java2D Disposer" daemon [_thread_blocked, id=5440, stack(0x00000012c2500000,0x00000012c2600000)]
  0x0000014997e8a010 JavaThread "AWT-Windows" daemon [_thread_in_native, id=10284, stack(0x00000012c2700000,0x00000012c2800000)]
  0x0000014997eec450 JavaThread "Swing-Shell" daemon [_thread_blocked, id=3996, stack(0x00000012c2800000,0x00000012c2900000)]
  0x000001499f5c7550 JavaThread "AWT-Shutdown" [_thread_blocked, id=6420, stack(0x00000012c2600000,0x00000012c2700000)]
  0x000001499f59e930 JavaThread "AWT-EventQueue-0" [_thread_blocked, id=6652, stack(0x00000012c2c00000,0x00000012c2d00000)]
  0x000001499fbcf7e0 JavaThread "D3D Screen Updater" daemon [_thread_blocked, id=15408, stack(0x00000012c3c00000,0x00000012c3d00000)]
  0x000001499fbcfcb0 JavaThread "TimerQueue" daemon [_thread_blocked, id=2024, stack(0x00000012c3b00000,0x00000012c3c00000)]

Other Threads:
  0x00000149ff3b39f0 VMThread "VM Thread" [stack: 0x00000012c1800000,0x00000012c1900000] [id=6376]
  0x0000014997a06870 WatcherThread [stack: 0x00000012c2300000,0x00000012c2400000] [id=11244]
  0x00000149f16f4080 GCTaskThread "GC Thread#0" [stack: 0x00000012c1300000,0x00000012c1400000] [id=16820]
  0x000001499f528870 GCTaskThread "GC Thread#1" [stack: 0x00000012c3d00000,0x00000012c3e00000] [id=15024]
  0x000001499f528b20 GCTaskThread "GC Thread#2" [stack: 0x00000012c3e00000,0x00000012c3f00000] [id=10204]
  0x000001499f52bb80 GCTaskThread "GC Thread#3" [stack: 0x00000012c3f00000,0x00000012c4000000] [id=13716]
  0x000001499f5295e0 GCTaskThread "GC Thread#4" [stack: 0x00000012c4000000,0x00000012c4100000] [id=5568]
  0x000001499f52b8d0 GCTaskThread "GC Thread#5" [stack: 0x00000012c4100000,0x00000012c4200000] [id=8212]
  0x000001499f529890 GCTaskThread "GC Thread#6" [stack: 0x00000012c4200000,0x00000012c4300000] [id=8804]
  0x000001499f52be30 GCTaskThread "GC Thread#7" [stack: 0x00000012c4300000,0x00000012c4400000] [id=10212]
  0x00000149f1704e10 ConcurrentGCThread "G1 Main Marker" [stack: 0x00000012c1400000,0x00000012c1500000] [id=12016]
  0x00000149f1705fd0 ConcurrentGCThread "G1 Conc#0" [stack: 0x00000012c1500000,0x00000012c1600000] [id=2100]
  0x00000149ff2724c0 ConcurrentGCThread "G1 Refine#0" [stack: 0x00000012c1600000,0x00000012c1700000] [id=17284]
  0x00000149ff272ee0 ConcurrentGCThread "G1 Service" [stack: 0x00000012c1700000,0x00000012c1800000] [id=8260]

Threads with active compile tasks:

VM state: not at safepoint (normal execution)

VM Mutex/Monitor currently owned by a thread: None

Heap address: 0x0000000701a00000, size: 4070 MB, Compressed Oops mode: Zero based, Oop shift amount: 3

CDS archive(s) mapped at: [0x0000000800000000-0x0000000800bc0000-0x0000000800bc0000), size 12320768, SharedBaseAddress: 0x0000000800000000, ArchiveRelocationMode: 0.
Compressed class space mapped at: 0x0000000800c00000-0x0000000840c00000, reserved size: 1073741824
Narrow klass base: 0x0000000800000000, Narrow klass shift: 0, Narrow klass range: 0x100000000

GC Precious Log:
 CPUs: 8 total, 8 available
 Memory: 16277M
 Large Page Support: Disabled
 NUMA Support: Disabled
 Compressed Oops: Enabled (Zero based)
 Heap Region Size: 2M
 Heap Min Capacity: 8M
 Heap Initial Capacity: 256M
 Heap Max Capacity: 4070M
 Pre-touch: Disabled
 Parallel Workers: 8
 Concurrent Workers: 2
 Concurrent Refinement Workers: 8
 Periodic GC: Disabled

Heap:
 garbage-first heap   total 262144K, used 15829K [0x0000000701a00000, 0x0000000800000000)
  region size 2048K, 6 young (12288K), 2 survivors (4096K)
 Metaspace       used 15517K, committed 15744K, reserved 1064960K
  class space    used 1651K, committed 1792K, reserved 1048576K

Heap Regions: E=young(eden), S=young(survivor), O=old, HS=humongous(starts), HC=humongous(continues), CS=collection set, F=free, OA=open archive, CA=closed archive, TAMS=top-at-mark-start (previous, next)
|   0|0x0000000701a00000, 0x0000000701c00000, 0x0000000701c00000|100%|HS|  |TAMS 0x0000000701a00000, 0x0000000701a00000| Complete 
|   1|0x0000000701c00000, 0x0000000701e00000, 0x0000000701e00000|100%|HC|  |TAMS 0x0000000701c00000, 0x0000000701c00000| Complete 
|   2|0x0000000701e00000, 0x0000000702000000, 0x0000000702000000|100%|HC|  |TAMS 0x0000000701e00000, 0x0000000701e00000| Complete 
|   3|0x0000000702000000, 0x0000000702000000, 0x0000000702200000|  0%| F|  |TAMS 0x0000000702000000, 0x0000000702000000| Untracked 
|   4|0x0000000702200000, 0x0000000702200000, 0x0000000702400000|  0%| F|  |TAMS 0x0000000702200000, 0x0000000702200000| Untracked 
|   5|0x0000000702400000, 0x0000000702400000, 0x0000000702600000|  0%| F|  |TAMS 0x0000000702400000, 0x0000000702400000| Untracked 
|   6|0x0000000702600000, 0x0000000702600000, 0x0000000702800000|  0%| F|  |TAMS 0x0000000702600000, 0x0000000702600000| Untracked 
|   7|0x0000000702800000, 0x0000000702800000, 0x0000000702a00000|  0%| F|  |TAMS 0x0000000702800000, 0x0000000702800000| Untracked 
|   8|0x0000000702a00000, 0x0000000702a00000, 0x0000000702c00000|  0%| F|  |TAMS 0x0000000702a00000, 0x0000000702a00000| Untracked 
|   9|0x0000000702c00000, 0x0000000702c00000, 0x0000000702e00000|  0%| F|  |TAMS 0x0000000702c00000, 0x0000000702c00000| Untracked 
|  10|0x0000000702e00000, 0x0000000702e00000, 0x0000000703000000|  0%| F|  |TAMS 0x0000000702e00000, 0x0000000702e00000| Untracked 
|  11|0x0000000703000000, 0x0000000703000000, 0x0000000703200000|  0%| F|  |TAMS 0x0000000703000000, 0x0000000703000000| Untracked 
|  12|0x0000000703200000, 0x0000000703200000, 0x0000000703400000|  0%| F|  |TAMS 0x0000000703200000, 0x0000000703200000| Untracked 
|  13|0x0000000703400000, 0x0000000703400000, 0x0000000703600000|  0%| F|  |TAMS 0x0000000703400000, 0x0000000703400000| Untracked 
|  14|0x0000000703600000, 0x0000000703600000, 0x0000000703800000|  0%| F|  |TAMS 0x0000000703600000, 0x0000000703600000| Untracked 
|  15|0x0000000703800000, 0x0000000703800000, 0x0000000703a00000|  0%| F|  |TAMS 0x0000000703800000, 0x0000000703800000| Untracked 
|  16|0x0000000703a00000, 0x0000000703a00000, 0x0000000703c00000|  0%| F|  |TAMS 0x0000000703a00000, 0x0000000703a00000| Untracked 
|  17|0x0000000703c00000, 0x0000000703c00000, 0x0000000703e00000|  0%| F|  |TAMS 0x0000000703c00000, 0x0000000703c00000| Untracked 
|  18|0x0000000703e00000, 0x0000000703e00000, 0x0000000704000000|  0%| F|  |TAMS 0x0000000703e00000, 0x0000000703e00000| Untracked 
|  19|0x0000000704000000, 0x0000000704000000, 0x0000000704200000|  0%| F|  |TAMS 0x0000000704000000, 0x0000000704000000| Untracked 
|  20|0x0000000704200000, 0x0000000704200000, 0x0000000704400000|  0%| F|  |TAMS 0x0000000704200000, 0x0000000704200000| Untracked 
|  21|0x0000000704400000, 0x0000000704400000, 0x0000000704600000|  0%| F|  |TAMS 0x0000000704400000, 0x0000000704400000| Untracked 
|  22|0x0000000704600000, 0x0000000704600000, 0x0000000704800000|  0%| F|  |TAMS 0x0000000704600000, 0x0000000704600000| Untracked 
|  23|0x0000000704800000, 0x0000000704800000, 0x0000000704a00000|  0%| F|  |TAMS 0x0000000704800000, 0x0000000704800000| Untracked 
|  24|0x0000000704a00000, 0x0000000704a00000, 0x0000000704c00000|  0%| F|  |TAMS 0x0000000704a00000, 0x0000000704a00000| Untracked 
|  25|0x0000000704c00000, 0x0000000704c00000, 0x0000000704e00000|  0%| F|  |TAMS 0x0000000704c00000, 0x0000000704c00000| Untracked 
|  26|0x0000000704e00000, 0x0000000704e00000, 0x0000000705000000|  0%| F|  |TAMS 0x0000000704e00000, 0x0000000704e00000| Untracked 
|  27|0x0000000705000000, 0x0000000705000000, 0x0000000705200000|  0%| F|  |TAMS 0x0000000705000000, 0x0000000705000000| Untracked 
|  28|0x0000000705200000, 0x0000000705200000, 0x0000000705400000|  0%| F|  |TAMS 0x0000000705200000, 0x0000000705200000| Untracked 
|  29|0x0000000705400000, 0x0000000705400000, 0x0000000705600000|  0%| F|  |TAMS 0x0000000705400000, 0x0000000705400000| Untracked 
|  30|0x0000000705600000, 0x0000000705600000, 0x0000000705800000|  0%| F|  |TAMS 0x0000000705600000, 0x0000000705600000| Untracked 
|  31|0x0000000705800000, 0x0000000705800000, 0x0000000705a00000|  0%| F|  |TAMS 0x0000000705800000, 0x0000000705800000| Untracked 
|  32|0x0000000705a00000, 0x0000000705a00000, 0x0000000705c00000|  0%| F|  |TAMS 0x0000000705a00000, 0x0000000705a00000| Untracked 
|  33|0x0000000705c00000, 0x0000000705c00000, 0x0000000705e00000|  0%| F|  |TAMS 0x0000000705c00000, 0x0000000705c00000| Untracked 
|  34|0x0000000705e00000, 0x0000000705e00000, 0x0000000706000000|  0%| F|  |TAMS 0x0000000705e00000, 0x0000000705e00000| Untracked 
|  35|0x0000000706000000, 0x0000000706000000, 0x0000000706200000|  0%| F|  |TAMS 0x0000000706000000, 0x0000000706000000| Untracked 
|  36|0x0000000706200000, 0x0000000706200000, 0x0000000706400000|  0%| F|  |TAMS 0x0000000706200000, 0x0000000706200000| Untracked 
|  37|0x0000000706400000, 0x0000000706400000, 0x0000000706600000|  0%| F|  |TAMS 0x0000000706400000, 0x0000000706400000| Untracked 
|  38|0x0000000706600000, 0x0000000706600000, 0x0000000706800000|  0%| F|  |TAMS 0x0000000706600000, 0x0000000706600000| Untracked 
|  39|0x0000000706800000, 0x0000000706800000, 0x0000000706a00000|  0%| F|  |TAMS 0x0000000706800000, 0x0000000706800000| Untracked 
|  40|0x0000000706a00000, 0x0000000706a00000, 0x0000000706c00000|  0%| F|  |TAMS 0x0000000706a00000, 0x0000000706a00000| Untracked 
|  41|0x0000000706c00000, 0x0000000706c00000, 0x0000000706e00000|  0%| F|  |TAMS 0x0000000706c00000, 0x0000000706c00000| Untracked 
|  42|0x0000000706e00000, 0x0000000706e00000, 0x0000000707000000|  0%| F|  |TAMS 0x0000000706e00000, 0x0000000706e00000| Untracked 
|  43|0x0000000707000000, 0x0000000707000000, 0x0000000707200000|  0%| F|  |TAMS 0x0000000707000000, 0x0000000707000000| Untracked 
|  44|0x0000000707200000, 0x0000000707200000, 0x0000000707400000|  0%| F|  |TAMS 0x0000000707200000, 0x0000000707200000| Untracked 
|  45|0x0000000707400000, 0x0000000707400000, 0x0000000707600000|  0%| F|  |TAMS 0x0000000707400000, 0x0000000707400000| Untracked 
|  46|0x0000000707600000, 0x0000000707600000, 0x0000000707800000|  0%| F|  |TAMS 0x0000000707600000, 0x0000000707600000| Untracked 
|  47|0x0000000707800000, 0x0000000707800000, 0x0000000707a00000|  0%| F|  |TAMS 0x0000000707800000, 0x0000000707800000| Untracked 
|  48|0x0000000707a00000, 0x0000000707a00000, 0x0000000707c00000|  0%| F|  |TAMS 0x0000000707a00000, 0x0000000707a00000| Untracked 
|  49|0x0000000707c00000, 0x0000000707c00000, 0x0000000707e00000|  0%| F|  |TAMS 0x0000000707c00000, 0x0000000707c00000| Untracked 
|  50|0x0000000707e00000, 0x0000000707e00000, 0x0000000708000000|  0%| F|  |TAMS 0x0000000707e00000, 0x0000000707e00000| Untracked 
|  51|0x0000000708000000, 0x0000000708000000, 0x0000000708200000|  0%| F|  |TAMS 0x0000000708000000, 0x0000000708000000| Untracked 
|  52|0x0000000708200000, 0x0000000708200000, 0x0000000708400000|  0%| F|  |TAMS 0x0000000708200000, 0x0000000708200000| Untracked 
|  53|0x0000000708400000, 0x0000000708400000, 0x0000000708600000|  0%| F|  |TAMS 0x0000000708400000, 0x0000000708400000| Untracked 
|  54|0x0000000708600000, 0x0000000708600000, 0x0000000708800000|  0%| F|  |TAMS 0x0000000708600000, 0x0000000708600000| Untracked 
|  55|0x0000000708800000, 0x0000000708800000, 0x0000000708a00000|  0%| F|  |TAMS 0x0000000708800000, 0x0000000708800000| Untracked 
|  56|0x0000000708a00000, 0x0000000708a00000, 0x0000000708c00000|  0%| F|  |TAMS 0x0000000708a00000, 0x0000000708a00000| Untracked 
|  57|0x0000000708c00000, 0x0000000708c00000, 0x0000000708e00000|  0%| F|  |TAMS 0x0000000708c00000, 0x0000000708c00000| Untracked 
|  58|0x0000000708e00000, 0x0000000708e00000, 0x0000000709000000|  0%| F|  |TAMS 0x0000000708e00000, 0x0000000708e00000| Untracked 
|  59|0x0000000709000000, 0x0000000709000000, 0x0000000709200000|  0%| F|  |TAMS 0x0000000709000000, 0x0000000709000000| Untracked 
|  60|0x0000000709200000, 0x0000000709200000, 0x0000000709400000|  0%| F|  |TAMS 0x0000000709200000, 0x0000000709200000| Untracked 
|  61|0x0000000709400000, 0x0000000709400000, 0x0000000709600000|  0%| F|  |TAMS 0x0000000709400000, 0x0000000709400000| Untracked 
|  62|0x0000000709600000, 0x0000000709600000, 0x0000000709800000|  0%| F|  |TAMS 0x0000000709600000, 0x0000000709600000| Untracked 
|  63|0x0000000709800000, 0x0000000709800000, 0x0000000709a00000|  0%| F|  |TAMS 0x0000000709800000, 0x0000000709800000| Untracked 
|  64|0x0000000709a00000, 0x0000000709a00000, 0x0000000709c00000|  0%| F|  |TAMS 0x0000000709a00000, 0x0000000709a00000| Untracked 
|  65|0x0000000709c00000, 0x0000000709c00000, 0x0000000709e00000|  0%| F|  |TAMS 0x0000000709c00000, 0x0000000709c00000| Untracked 
|  66|0x0000000709e00000, 0x0000000709e00000, 0x000000070a000000|  0%| F|  |TAMS 0x0000000709e00000, 0x0000000709e00000| Untracked 
|  67|0x000000070a000000, 0x000000070a000000, 0x000000070a200000|  0%| F|  |TAMS 0x000000070a000000, 0x000000070a000000| Untracked 
|  68|0x000000070a200000, 0x000000070a200000, 0x000000070a400000|  0%| F|  |TAMS 0x000000070a200000, 0x000000070a200000| Untracked 
|  69|0x000000070a400000, 0x000000070a400000, 0x000000070a600000|  0%| F|  |TAMS 0x000000070a400000, 0x000000070a400000| Untracked 
|  70|0x000000070a600000, 0x000000070a600000, 0x000000070a800000|  0%| F|  |TAMS 0x000000070a600000, 0x000000070a600000| Untracked 
|  71|0x000000070a800000, 0x000000070a800000, 0x000000070aa00000|  0%| F|  |TAMS 0x000000070a800000, 0x000000070a800000| Untracked 
|  72|0x000000070aa00000, 0x000000070aa00000, 0x000000070ac00000|  0%| F|  |TAMS 0x000000070aa00000, 0x000000070aa00000| Untracked 
|  73|0x000000070ac00000, 0x000000070ac00000, 0x000000070ae00000|  0%| F|  |TAMS 0x000000070ac00000, 0x000000070ac00000| Untracked 
|  74|0x000000070ae00000, 0x000000070ae00000, 0x000000070b000000|  0%| F|  |TAMS 0x000000070ae00000, 0x000000070ae00000| Untracked 
|  75|0x000000070b000000, 0x000000070b000000, 0x000000070b200000|  0%| F|  |TAMS 0x000000070b000000, 0x000000070b000000| Untracked 
|  76|0x000000070b200000, 0x000000070b200000, 0x000000070b400000|  0%| F|  |TAMS 0x000000070b200000, 0x000000070b200000| Untracked 
|  77|0x000000070b400000, 0x000000070b400000, 0x000000070b600000|  0%| F|  |TAMS 0x000000070b400000, 0x000000070b400000| Untracked 
|  78|0x000000070b600000, 0x000000070b600000, 0x000000070b800000|  0%| F|  |TAMS 0x000000070b600000, 0x000000070b600000| Untracked 
|  79|0x000000070b800000, 0x000000070b800000, 0x000000070ba00000|  0%| F|  |TAMS 0x000000070b800000, 0x000000070b800000| Untracked 
|  80|0x000000070ba00000, 0x000000070ba00000, 0x000000070bc00000|  0%| F|  |TAMS 0x000000070ba00000, 0x000000070ba00000| Untracked 
|  81|0x000000070bc00000, 0x000000070bc00000, 0x000000070be00000|  0%| F|  |TAMS 0x000000070bc00000, 0x000000070bc00000| Untracked 
|  82|0x000000070be00000, 0x000000070be00000, 0x000000070c000000|  0%| F|  |TAMS 0x000000070be00000, 0x000000070be00000| Untracked 
|  83|0x000000070c000000, 0x000000070c000000, 0x000000070c200000|  0%| F|  |TAMS 0x000000070c000000, 0x000000070c000000| Untracked 
|  84|0x000000070c200000, 0x000000070c200000, 0x000000070c400000|  0%| F|  |TAMS 0x000000070c200000, 0x000000070c200000| Untracked 
|  85|0x000000070c400000, 0x000000070c400000, 0x000000070c600000|  0%| F|  |TAMS 0x000000070c400000, 0x000000070c400000| Untracked 
|  86|0x000000070c600000, 0x000000070c600000, 0x000000070c800000|  0%| F|  |TAMS 0x000000070c600000, 0x000000070c600000| Untracked 
|  87|0x000000070c800000, 0x000000070c800000, 0x000000070ca00000|  0%| F|  |TAMS 0x000000070c800000, 0x000000070c800000| Untracked 
|  88|0x000000070ca00000, 0x000000070ca00000, 0x000000070cc00000|  0%| F|  |TAMS 0x000000070ca00000, 0x000000070ca00000| Untracked 
|  89|0x000000070cc00000, 0x000000070cc00000, 0x000000070ce00000|  0%| F|  |TAMS 0x000000070cc00000, 0x000000070cc00000| Untracked 
|  90|0x000000070ce00000, 0x000000070ce00000, 0x000000070d000000|  0%| F|  |TAMS 0x000000070ce00000, 0x000000070ce00000| Untracked 
|  91|0x000000070d000000, 0x000000070d000000, 0x000000070d200000|  0%| F|  |TAMS 0x000000070d000000, 0x000000070d000000| Untracked 
|  92|0x000000070d200000, 0x000000070d200000, 0x000000070d400000|  0%| F|  |TAMS 0x000000070d200000, 0x000000070d200000| Untracked 
|  93|0x000000070d400000, 0x000000070d400000, 0x000000070d600000|  0%| F|  |TAMS 0x000000070d400000, 0x000000070d400000| Untracked 
|  94|0x000000070d600000, 0x000000070d600000, 0x000000070d800000|  0%| F|  |TAMS 0x000000070d600000, 0x000000070d600000| Untracked 
|  95|0x000000070d800000, 0x000000070d800000, 0x000000070da00000|  0%| F|  |TAMS 0x000000070d800000, 0x000000070d800000| Untracked 
|  96|0x000000070da00000, 0x000000070da00000, 0x000000070dc00000|  0%| F|  |TAMS 0x000000070da00000, 0x000000070da00000| Untracked 
|  97|0x000000070dc00000, 0x000000070dc00000, 0x000000070de00000|  0%| F|  |TAMS 0x000000070dc00000, 0x000000070dc00000| Untracked 
|  98|0x000000070de00000, 0x000000070de00000, 0x000000070e000000|  0%| F|  |TAMS 0x000000070de00000, 0x000000070de00000| Untracked 
|  99|0x000000070e000000, 0x000000070e000000, 0x000000070e200000|  0%| F|  |TAMS 0x000000070e000000, 0x000000070e000000| Untracked 
| 100|0x000000070e200000, 0x000000070e200000, 0x000000070e400000|  0%| F|  |TAMS 0x000000070e200000, 0x000000070e200000| Untracked 
| 101|0x000000070e400000, 0x000000070e400000, 0x000000070e600000|  0%| F|  |TAMS 0x000000070e400000, 0x000000070e400000| Untracked 
| 102|0x000000070e600000, 0x000000070e600000, 0x000000070e800000|  0%| F|  |TAMS 0x000000070e600000, 0x000000070e600000| Untracked 
| 103|0x000000070e800000, 0x000000070e800000, 0x000000070ea00000|  0%| F|  |TAMS 0x000000070e800000, 0x000000070e800000| Untracked 
| 104|0x000000070ea00000, 0x000000070ea00000, 0x000000070ec00000|  0%| F|  |TAMS 0x000000070ea00000, 0x000000070ea00000| Untracked 
| 105|0x000000070ec00000, 0x000000070ec00000, 0x000000070ee00000|  0%| F|  |TAMS 0x000000070ec00000, 0x000000070ec00000| Untracked 
| 106|0x000000070ee00000, 0x000000070ee00000, 0x000000070f000000|  0%| F|  |TAMS 0x000000070ee00000, 0x000000070ee00000| Untracked 
| 107|0x000000070f000000, 0x000000070f000000, 0x000000070f200000|  0%| F|  |TAMS 0x000000070f000000, 0x000000070f000000| Untracked 
| 108|0x000000070f200000, 0x000000070f200000, 0x000000070f400000|  0%| F|  |TAMS 0x000000070f200000, 0x000000070f200000| Untracked 
| 109|0x000000070f400000, 0x000000070f400000, 0x000000070f600000|  0%| F|  |TAMS 0x000000070f400000, 0x000000070f400000| Untracked 
| 110|0x000000070f600000, 0x000000070f600000, 0x000000070f800000|  0%| F|  |TAMS 0x000000070f600000, 0x000000070f600000| Untracked 
| 111|0x000000070f800000, 0x000000070f800000, 0x000000070fa00000|  0%| F|  |TAMS 0x000000070f800000, 0x000000070f800000| Untracked 
| 112|0x000000070fa00000, 0x000000070fa00000, 0x000000070fc00000|  0%| F|  |TAMS 0x000000070fa00000, 0x000000070fa00000| Untracked 
| 113|0x000000070fc00000, 0x000000070fc00000, 0x000000070fe00000|  0%| F|  |TAMS 0x000000070fc00000, 0x000000070fc00000| Untracked 
| 114|0x000000070fe00000, 0x000000070fe00000, 0x0000000710000000|  0%| F|  |TAMS 0x000000070fe00000, 0x000000070fe00000| Untracked 
| 115|0x0000000710000000, 0x00000007101754f8, 0x0000000710200000| 72%| S|CS|TAMS 0x0000000710000000, 0x0000000710000000| Complete 
| 116|0x0000000710200000, 0x0000000710400000, 0x0000000710400000|100%| S|CS|TAMS 0x0000000710200000, 0x0000000710200000| Complete 
| 117|0x0000000710400000, 0x0000000710400000, 0x0000000710600000|  0%| F|  |TAMS 0x0000000710400000, 0x0000000710400000| Untracked 
| 118|0x0000000710600000, 0x0000000710600000, 0x0000000710800000|  0%| F|  |TAMS 0x0000000710600000, 0x0000000710600000| Untracked 
| 119|0x0000000710800000, 0x0000000710800000, 0x0000000710a00000|  0%| F|  |TAMS 0x0000000710800000, 0x0000000710800000| Untracked 
| 120|0x0000000710a00000, 0x0000000710a00000, 0x0000000710c00000|  0%| F|  |TAMS 0x0000000710a00000, 0x0000000710a00000| Untracked 
| 121|0x0000000710c00000, 0x0000000710c00000, 0x0000000710e00000|  0%| F|  |TAMS 0x0000000710c00000, 0x0000000710c00000| Untracked 
| 122|0x0000000710e00000, 0x0000000710e00000, 0x0000000711000000|  0%| F|  |TAMS 0x0000000710e00000, 0x0000000710e00000| Untracked 
| 123|0x0000000711000000, 0x0000000711000000, 0x0000000711200000|  0%| F|  |TAMS 0x0000000711000000, 0x0000000711000000| Untracked 
| 124|0x0000000711200000, 0x00000007112ec4e8, 0x0000000711400000| 46%| E|  |TAMS 0x0000000711200000, 0x0000000711200000| Complete 
| 125|0x0000000711400000, 0x0000000711600000, 0x0000000711600000|100%| E|CS|TAMS 0x0000000711400000, 0x0000000711400000| Complete 
| 126|0x0000000711600000, 0x0000000711800000, 0x0000000711800000|100%| E|CS|TAMS 0x0000000711600000, 0x0000000711600000| Complete 
| 127|0x0000000711800000, 0x0000000711a00000, 0x0000000711a00000|100%| E|CS|TAMS 0x0000000711800000, 0x0000000711800000| Complete 

Card table byte_map: [0x00000149fb900000,0x00000149fc100000] _byte_map_base: 0x00000149f80f3000

Marking Bits (Prev, Next): (CMBitMap*) 0x00000149f16f4690, (CMBitMap*) 0x00000149f16f46d0
 Prev Bits: [0x000001498f000000, 0x0000014992f98000)
 Next Bits: [0x0000014992fa0000, 0x0000014996f38000)

Polling page: 0x00000149f1780000

Metaspace:

Usage:
  Non-class:     13.54 MB used.
      Class:      1.61 MB used.
       Both:     15.15 MB used.

Virtual space:
  Non-class space:       16.00 MB reserved,      13.62 MB ( 85%) committed,  2 nodes.
      Class space:        1.00 GB reserved,       1.75 MB ( <1%) committed,  1 nodes.
             Both:        1.02 GB reserved,      15.38 MB (  1%) committed. 

Chunk freelists:
   Non-Class:  1.95 MB
       Class:  2.16 MB
        Both:  4.11 MB

MaxMetaspaceSize: unlimited
CompressedClassSpaceSize: 1.00 GB
Initial GC threshold: 21.00 MB
Current GC threshold: 21.00 MB
CDS: on
MetaspaceReclaimPolicy: balanced
 - commit_granule_bytes: 65536.
 - commit_granule_words: 8192.
 - virtual_space_node_default_size: 1048576.
 - enlarge_chunks_in_place: 1.
 - new_chunks_are_fully_committed: 0.
 - uncommit_free_chunks: 1.
 - use_allocation_guard: 0.
 - handle_deallocations: 1.


Internal statistics:

num_allocs_failed_limit: 0.
num_arena_births: 186.
num_arena_deaths: 0.
num_vsnodes_births: 3.
num_vsnodes_deaths: 0.
num_space_committed: 244.
num_space_uncommitted: 0.
num_chunks_returned_to_freelist: 0.
num_chunks_taken_from_freelist: 391.
num_chunk_merges: 0.
num_chunk_splits: 247.
num_chunks_enlarged: 149.
num_purges: 0.
num_inconsistent_stats: 0.

CodeHeap 'non-profiled nmethods': size=120000Kb used=612Kb max_used=612Kb free=119387Kb
 bounds [0x0000014987ad0000, 0x0000014987d40000, 0x000001498f000000]
CodeHeap 'profiled nmethods': size=120000Kb used=3531Kb max_used=3531Kb free=116468Kb
 bounds [0x00000149805a0000, 0x0000014980920000, 0x0000014987ad0000]
CodeHeap 'non-nmethods': size=5760Kb used=1858Kb max_used=1872Kb free=3901Kb
 bounds [0x0000014980000000, 0x0000014980270000, 0x00000149805a0000]
 total_blobs=3415 nmethods=2051 adapters=1277
 compilation: enabled
              stopped_count=0, restarted_count=0
 full_count=0

Compilation events (20 events):
Event: 9.041 Thread 0x00000149ff3df470 2029       3       imgui.ImGui::preInputText (92 bytes)
Event: 9.041 Thread 0x00000149ff3df470 nmethod 2029 0x000001498090de90 code [0x000001498090e060, 0x000001498090e408]
Event: 9.541 Thread 0x00000149ff3dda20 2030       4       java.util.concurrent.atomic.AtomicLong::compareAndSet (13 bytes)
Event: 9.541 Thread 0x00000149ff3dda20 nmethod 2030 0x0000014987b64f90 code [0x0000014987b65100, 0x0000014987b65198]
Event: 9.541 Thread 0x00000149ff3dda20 2031       4       java.util.concurrent.atomic.AtomicLong::incrementAndGet (14 bytes)
Event: 9.541 Thread 0x00000149ff3dda20 nmethod 2031 0x0000014987b65290 code [0x0000014987b65400, 0x0000014987b65498]
Event: 9.607 Thread 0x00000149ff3dda20 2032   !   4       org.lwjgl.system.MemoryUtil::wrap (78 bytes)
Event: 9.609 Thread 0x00000149ff3dda20 nmethod 2032 0x0000014987b65590 code [0x0000014987b65720, 0x0000014987b65918]
Event: 9.823 Thread 0x00000149ff3df470 2033       3       com.wiz.settlementmapmaker.DataDisplayer::drawStyleGroups (104 bytes)
Event: 9.824 Thread 0x00000149ff3df470 nmethod 2033 0x000001498090e590 code [0x000001498090e800, 0x000001498090f468]
Event: 9.824 Thread 0x00000149ff3df470 2035       3       com.wiz.settlementmapmaker.GUILayer::imgui (27 bytes)
Event: 9.824 Thread 0x00000149ff3df470 nmethod 2035 0x000001498090f890 code [0x000001498090fa60, 0x000001498090fcf8]
Event: 9.824 Thread 0x00000149ff3df470 2036       3       com.wiz.settlementmapmaker.GUILayer::toolBar (108 bytes)
Event: 9.825 Thread 0x00000149ff3df470 nmethod 2036 0x000001498090fe90 code [0x0000014980910240, 0x0000014980911558]
Event: 9.825 Thread 0x00000149ff3df470 2041       3       imgui.ImGui::getDrawData (13 bytes)
Event: 9.825 Thread 0x00000149ff3df470 nmethod 2041 0x0000014980911c90 code [0x0000014980911e40, 0x0000014980911f68]
Event: 9.825 Thread 0x00000149ff3df470 2051       3       org.lwjgl.glfw.GLFW::glfwSwapBuffers (21 bytes)
Event: 9.826 Thread 0x00000149ff3df470 nmethod 2051 0x0000014980912010 code [0x00000149809121c0, 0x0000014980912458]
Event: 9.875 Thread 0x00000149ff3df470 2052       3       org.lwjgl.opengl.GL20C::glUniformMatrix4fv (30 bytes)
Event: 9.875 Thread 0x00000149ff3df470 nmethod 2052 0x0000014980912590 code [0x0000014980912780, 0x0000014980912bd8]

GC Heap History (2 events):
Event: 5.119 GC heap before
{Heap before GC invocations=0 (full 0):
 garbage-first heap   total 262144K, used 20480K [0x0000000701a00000, 0x0000000800000000)
  region size 2048K, 11 young (22528K), 0 survivors (0K)
 Metaspace       used 15428K, committed 15680K, reserved 1064960K
  class space    used 1650K, committed 1792K, reserved 1048576K
}
Event: 5.126 GC heap after
{Heap after GC invocations=1 (full 0):
 garbage-first heap   total 262144K, used 3541K [0x0000000701a00000, 0x0000000800000000)
  region size 2048K, 2 young (4096K), 2 survivors (4096K)
 Metaspace       used 15428K, committed 15680K, reserved 1064960K
  class space    used 1650K, committed 1792K, reserved 1048576K
}

Deoptimization events (20 events):
Event: 3.415 Thread 0x000001499f59e930 Uncommon trap: trap_request=0xffffffde fr.pc=0x0000014987af252c relative=0x00000000000001ac
Event: 3.415 Thread 0x000001499f59e930 Uncommon trap: reason=class_check action=maybe_recompile pc=0x0000014987af252c method=java.lang.String.equals(Ljava/lang/Object;)Z @ 8 c2
Event: 3.415 Thread 0x000001499f59e930 DEOPT PACKING pc=0x0000014987af252c sp=0x00000012c2cfd500
Event: 3.415 Thread 0x000001499f59e930 DEOPT UNPACKING pc=0x00000149800523a3 sp=0x00000012c2cfd498 mode 2
Event: 3.495 Thread 0x0000014997eec450 DEOPT PACKING pc=0x00000149807e7b54 sp=0x00000012c28fef40
Event: 3.495 Thread 0x0000014997eec450 DEOPT UNPACKING pc=0x0000014980052b43 sp=0x00000012c28fe400 mode 0
Event: 4.794 Thread 0x000001499f59e930 DEOPT PACKING pc=0x00000149805c5afe sp=0x00000012c2cfcd60
Event: 4.794 Thread 0x000001499f59e930 DEOPT UNPACKING pc=0x0000014980052b43 sp=0x00000012c2cfc1d0 mode 0
Event: 4.855 Thread 0x000001499f59e930 Uncommon trap: trap_request=0xffffff45 fr.pc=0x0000014987b23600 relative=0x0000000000000340
Event: 4.855 Thread 0x000001499f59e930 Uncommon trap: reason=unstable_if action=reinterpret pc=0x0000014987b23600 method=java.util.HashMap.getNode(Ljava/lang/Object;)Ljava/util/HashMap$Node; @ 66 c2
Event: 4.855 Thread 0x000001499f59e930 DEOPT PACKING pc=0x0000014987b23600 sp=0x00000012c2cfd8b0
Event: 4.855 Thread 0x000001499f59e930 DEOPT UNPACKING pc=0x00000149800523a3 sp=0x00000012c2cfd7d0 mode 2
Event: 4.855 Thread 0x000001499f59e930 Uncommon trap: trap_request=0xffffffde fr.pc=0x0000014987b28624 relative=0x0000000000000924
Event: 4.855 Thread 0x000001499f59e930 Uncommon trap: reason=class_check action=maybe_recompile pc=0x0000014987b28624 method=java.util.HashMap.putVal(ILjava/lang/Object;Ljava/lang/Object;ZZ)Ljava/lang/Object; @ 91 c2
Event: 4.855 Thread 0x000001499f59e930 DEOPT PACKING pc=0x0000014987b28624 sp=0x00000012c2cfd880
Event: 4.855 Thread 0x000001499f59e930 DEOPT UNPACKING pc=0x00000149800523a3 sp=0x00000012c2cfd7a8 mode 2
Event: 4.855 Thread 0x000001499f59e930 Uncommon trap: trap_request=0xffffff45 fr.pc=0x0000014987b25030 relative=0x0000000000000550
Event: 4.855 Thread 0x000001499f59e930 Uncommon trap: reason=unstable_if action=reinterpret pc=0x0000014987b25030 method=java.util.concurrent.ConcurrentHashMap.get(Ljava/lang/Object;)Ljava/lang/Object; @ 76 c2
Event: 4.855 Thread 0x000001499f59e930 DEOPT PACKING pc=0x0000014987b25030 sp=0x00000012c2cfd9d0
Event: 4.855 Thread 0x000001499f59e930 DEOPT UNPACKING pc=0x00000149800523a3 sp=0x00000012c2cfd978 mode 2

Classes unloaded (0 events):
No events

Classes redefined (0 events):
No events

Internal exceptions (20 events):
Event: 0.511 Thread 0x00000149f16a4360 Exception <a 'sun/nio/fs/WindowsException'{0x00000007113d8598}> (0x00000007113d8598) 
thrown [t:\workspace\open\src\hotspot\share\prims\jni.cpp, line 516]
Event: 0.521 Thread 0x00000149f16a4360 Exception <a 'java/lang/NoSuchMethodError'{0x00000007113ffc50}: 'int java.lang.invoke.DirectMethodHandle$Holder.invokeStaticInit(java.lang.Object, java.lang.Object, int, long)'> (0x00000007113ffc50) 
thrown [t:\workspace\open\src\hotspot\share\interpreter\linkResolver.cpp, line 766]
Event: 0.521 Thread 0x00000149f16a4360 Exception <a 'java/lang/NoSuchMethodError'{0x0000000711005b68}: 'java.lang.Object java.lang.invoke.DirectMethodHandle$Holder.newInvokeSpecial(java.lang.Object, java.lang.Object, int)'> (0x0000000711005b68) 
thrown [t:\workspace\open\src\hotspot\share\interpreter\linkResolver.cpp, line 766]
Event: 0.524 Thread 0x00000149f16a4360 Exception <a 'java/lang/NoSuchMethodError'{0x0000000711014648}: 'int java.lang.invoke.DirectMethodHandle$Holder.invokeStaticInit(java.lang.Object, java.lang.Object, long, long)'> (0x0000000711014648) 
thrown [t:\workspace\open\src\hotspot\share\interpreter\linkResolver.cpp, line 766]
Event: 0.525 Thread 0x00000149f16a4360 Exception <a 'java/lang/NoSuchMethodError'{0x000000071101a2f8}: 'java.lang.Object java.lang.invoke.DirectMethodHandle$Holder.newInvokeSpecial(java.lang.Object, java.lang.Object, long)'> (0x000000071101a2f8) 
thrown [t:\workspace\open\src\hotspot\share\interpreter\linkResolver.cpp, line 766]
Event: 0.525 Thread 0x00000149f16a4360 Exception <a 'java/lang/NoSuchMethodError'{0x000000071101dbc0}: 'java.lang.Object java.lang.invoke.Invokers$Holder.linkToTargetMethod(java.lang.Object, long, java.lang.Object)'> (0x000000071101dbc0) 
thrown [t:\workspace\open\src\hotspot\share\interpreter\linkResolver.cpp, line 766]
Event: 0.526 Thread 0x00000149f16a4360 Exception <a 'java/lang/NoSuchMethodError'{0x00000007110251c0}: 'int java.lang.invoke.DirectMethodHandle$Holder.invokeStaticInit(java.lang.Object, java.lang.Object, java.lang.Object, long)'> (0x00000007110251c0) 
thrown [t:\workspace\open\src\hotspot\share\interpreter\linkResolver.cpp, line 766]
Event: 0.544 Thread 0x00000149f16a4360 Exception <a 'sun/nio/fs/WindowsException'{0x00000007110859a8}> (0x00000007110859a8) 
thrown [t:\workspace\open\src\hotspot\share\prims\jni.cpp, line 516]
Event: 0.544 Thread 0x00000149f16a4360 Exception <a 'sun/nio/fs/WindowsException'{0x0000000711085d38}> (0x0000000711085d38) 
thrown [t:\workspace\open\src\hotspot\share\prims\jni.cpp, line 516]
Event: 0.565 Thread 0x00000149f16a4360 Exception <a 'sun/nio/fs/WindowsException'{0x0000000711113aa0}> (0x0000000711113aa0) 
thrown [t:\workspace\open\src\hotspot\share\prims\jni.cpp, line 516]
Event: 0.565 Thread 0x00000149f16a4360 Exception <a 'sun/nio/fs/WindowsException'{0x0000000711113e00}> (0x0000000711113e00) 
thrown [t:\workspace\open\src\hotspot\share\prims\jni.cpp, line 516]
Event: 1.003 Thread 0x00000149f16a4360 Exception <a 'sun/nio/fs/WindowsException'{0x0000000711159810}> (0x0000000711159810) 
thrown [t:\workspace\open\src\hotspot\share\prims\jni.cpp, line 516]
Event: 1.003 Thread 0x00000149f16a4360 Exception <a 'sun/nio/fs/WindowsException'{0x0000000711159bb0}> (0x0000000711159bb0) 
thrown [t:\workspace\open\src\hotspot\share\prims\jni.cpp, line 516]
Event: 1.008 Thread 0x00000149f16a4360 Exception <a 'sun/nio/fs/WindowsException'{0x0000000711160fc0}> (0x0000000711160fc0) 
thrown [t:\workspace\open\src\hotspot\share\prims\jni.cpp, line 516]
Event: 1.008 Thread 0x00000149f16a4360 Exception <a 'sun/nio/fs/WindowsException'{0x0000000711161290}> (0x0000000711161290) 
thrown [t:\workspace\open\src\hotspot\share\prims\jni.cpp, line 516]
Event: 1.066 Thread 0x00000149f16a4360 Exception <a 'sun/nio/fs/WindowsException'{0x0000000710e89d98}> (0x0000000710e89d98) 
thrown [t:\workspace\open\src\hotspot\share\prims\jni.cpp, line 516]
Event: 2.856 Thread 0x000001499f9f4010 Exception <a 'java/lang/NoSuchMethodError'{0x0000000710a0d700}: 'java.lang.Object java.lang.invoke.DirectMethodHandle$Holder.newInvokeSpecial(java.lang.Object, java.lang.Object, java.lang.Object, int, int, int, int, int)'> (0x0000000710a0d700) 
thrown [t:\workspace\open\src\hotspot\share\interpreter\linkResolver.cpp, line 766]
Event: 3.335 Thread 0x0000014997e8a010 Exception <a 'java/lang/NoSuchMethodError'{0x00000007114809a0}: 'void java.lang.invoke.DirectMethodHandle$Holder.invokeVirtual(java.lang.Object, java.lang.Object)'> (0x00000007114809a0) 
thrown [t:\workspace\open\src\hotspot\share\interpreter\linkResolver.cpp, line 766]
Event: 3.350 Thread 0x000001499f59e930 Exception <a 'java/lang/NoSuchMethodError'{0x0000000710809e70}: 'void java.lang.invoke.DirectMethodHandle$Holder.invokeStaticInit(java.lang.Object)'> (0x0000000710809e70) 
thrown [t:\workspace\open\src\hotspot\share\interpreter\linkResolver.cpp, line 766]
Event: 3.443 Thread 0x000001499f59e930 Exception <a 'java/lang/NoSuchMethodError'{0x0000000710863350}: 'int java.lang.invoke.DirectMethodHandle$Holder.invokeStatic(java.lang.Object)'> (0x0000000710863350) 
thrown [t:\workspace\open\src\hotspot\share\interpreter\linkResolver.cpp, line 766]

VM Operations (20 events):
Event: 2.874 Executing VM operation: HandshakeAllThreads
Event: 2.874 Executing VM operation: HandshakeAllThreads done
Event: 2.978 Executing VM operation: HandshakeAllThreads
Event: 2.978 Executing VM operation: HandshakeAllThreads done
Event: 2.982 Executing VM operation: HandshakeAllThreads
Event: 2.982 Executing VM operation: HandshakeAllThreads done
Event: 3.493 Executing VM operation: HandshakeAllThreads
Event: 3.493 Executing VM operation: HandshakeAllThreads done
Event: 3.493 Executing VM operation: Cleanup
Event: 3.493 Executing VM operation: Cleanup done
Event: 4.494 Executing VM operation: Cleanup
Event: 4.495 Executing VM operation: Cleanup done
Event: 4.864 Executing VM operation: HandshakeAllThreads
Event: 4.864 Executing VM operation: HandshakeAllThreads done
Event: 5.119 Executing VM operation: G1CollectForAllocation
Event: 5.126 Executing VM operation: G1CollectForAllocation done
Event: 6.129 Executing VM operation: Cleanup
Event: 6.129 Executing VM operation: Cleanup done
Event: 7.135 Executing VM operation: Cleanup
Event: 7.135 Executing VM operation: Cleanup done

Events (20 events):
Event: 4.873 loading class java/util/stream/Node$OfPrimitive done
Event: 4.873 loading class java/util/stream/Node$OfInt done
Event: 4.873 loading class java/util/stream/Nodes$EmptyNode$OfInt done
Event: 4.873 loading class java/util/stream/Nodes$EmptyNode$OfLong
Event: 4.873 loading class java/util/stream/Node$OfLong
Event: 4.873 loading class java/util/stream/Node$OfLong done
Event: 4.873 loading class java/util/stream/Nodes$EmptyNode$OfLong done
Event: 4.873 loading class java/util/stream/Nodes$EmptyNode$OfDouble
Event: 4.873 loading class java/util/stream/Node$OfDouble
Event: 4.873 loading class java/util/stream/Node$OfDouble done
Event: 4.873 loading class java/util/stream/Nodes$EmptyNode$OfDouble done
Event: 4.873 loading class java/util/stream/Nodes$FixedNodeBuilder
Event: 4.873 loading class java/util/stream/Node$Builder
Event: 4.874 loading class java/util/stream/Node$Builder done
Event: 4.874 loading class java/util/stream/Nodes$ArrayNode
Event: 4.874 loading class java/util/stream/Nodes$ArrayNode done
Event: 4.874 loading class java/util/stream/Nodes$FixedNodeBuilder done
Event: 5.127 loading class sun/awt/shell/Win32ShellFolder2$FolderDisposer$1
Event: 5.127 loading class sun/awt/shell/Win32ShellFolder2$FolderDisposer$1 done
Event: 7.878 Thread 0x000001499f9f4010 Thread exited: 0x000001499f9f4010


Dynamic libraries:
0x00007ff66ce30000 - 0x00007ff66ce40000 	C:\Program Files\Java\jdk-17.0.1\bin\java.exe
0x00007ffce7b50000 - 0x00007ffce7d45000 	C:\WINDOWS\SYSTEM32\ntdll.dll
0x00007ffce5b80000 - 0x00007ffce5c3e000 	C:\WINDOWS\System32\KERNEL32.DLL
0x00007ffce5630000 - 0x00007ffce58f8000 	C:\WINDOWS\System32\KERNELBASE.dll
0x00007ffce5a80000 - 0x00007ffce5b80000 	C:\WINDOWS\System32\ucrtbase.dll
0x00007ffcdfbb0000 - 0x00007ffcdfbc8000 	C:\Program Files\Java\jdk-17.0.1\bin\jli.dll
0x00007ffce08c0000 - 0x00007ffce08da000 	C:\Program Files\Java\jdk-17.0.1\bin\VCRUNTIME140.dll
0x00007ffce7a30000 - 0x00007ffce7ade000 	C:\WINDOWS\System32\ADVAPI32.dll
0x00007ffce6c50000 - 0x00007ffce6cee000 	C:\WINDOWS\System32\msvcrt.dll
0x00007ffce7500000 - 0x00007ffce759c000 	C:\WINDOWS\System32\sechost.dll
0x00007ffce5dd0000 - 0x00007ffce5ef5000 	C:\WINDOWS\System32\RPCRT4.dll
0x00007ffce6830000 - 0x00007ffce69d0000 	C:\WINDOWS\System32\USER32.dll
0x00007ffce5500000 - 0x00007ffce5522000 	C:\WINDOWS\System32\win32u.dll
0x00007ffce6780000 - 0x00007ffce67ab000 	C:\WINDOWS\System32\GDI32.dll
0x00007ffce5900000 - 0x00007ffce5a0b000 	C:\WINDOWS\System32\gdi32full.dll
0x00007ffce5240000 - 0x00007ffce52dd000 	C:\WINDOWS\System32\msvcp_win.dll
0x00007ffcdc570000 - 0x00007ffcdc57a000 	C:\WINDOWS\SYSTEM32\VERSION.dll
0x00007ffcd2c20000 - 0x00007ffcd2eba000 	C:\WINDOWS\WinSxS\amd64_microsoft.windows.common-controls_6595b64144ccf1df_6.0.19041.1110_none_60b5254171f9507e\COMCTL32.dll
0x00007ffce6e90000 - 0x00007ffce6ec0000 	C:\WINDOWS\System32\IMM32.DLL
0x00007ffce1c70000 - 0x00007ffce1c7c000 	C:\Program Files\Java\jdk-17.0.1\bin\vcruntime140_1.dll
0x00007ffccbe70000 - 0x00007ffccbefd000 	C:\Program Files\Java\jdk-17.0.1\bin\msvcp140.dll
0x00007ffc6b2f0000 - 0x00007ffc6beae000 	C:\Program Files\Java\jdk-17.0.1\bin\server\jvm.dll
0x00007ffce74f0000 - 0x00007ffce74f8000 	C:\WINDOWS\System32\PSAPI.DLL
0x00007ffcdb860000 - 0x00007ffcdb887000 	C:\WINDOWS\SYSTEM32\WINMM.dll
0x00007ffcdf3a0000 - 0x00007ffcdf3a9000 	C:\WINDOWS\SYSTEM32\WSOCK32.dll
0x00007ffce66b0000 - 0x00007ffce671b000 	C:\WINDOWS\System32\WS2_32.dll
0x00007ffce3b30000 - 0x00007ffce3b42000 	C:\WINDOWS\SYSTEM32\kernel.appcore.dll
0x00007ffce08b0000 - 0x00007ffce08ba000 	C:\Program Files\Java\jdk-17.0.1\bin\jimage.dll
0x00007ffce3770000 - 0x00007ffce3954000 	C:\WINDOWS\SYSTEM32\DBGHELP.DLL
0x00007ffcd74a0000 - 0x00007ffcd74cc000 	C:\WINDOWS\SYSTEM32\dbgcore.DLL
0x00007ffce5310000 - 0x00007ffce5392000 	C:\WINDOWS\System32\bcryptPrimitives.dll
0x00007ffcced20000 - 0x00007ffcced45000 	C:\Program Files\Java\jdk-17.0.1\bin\java.dll
0x00007ffccb190000 - 0x00007ffccb266000 	C:\Program Files\Java\jdk-17.0.1\bin\svml.dll
0x00007ffce5f00000 - 0x00007ffce6644000 	C:\WINDOWS\System32\SHELL32.dll
0x00007ffce2f10000 - 0x00007ffce36a4000 	C:\WINDOWS\SYSTEM32\windows.storage.dll
0x00007ffce75a0000 - 0x00007ffce78f4000 	C:\WINDOWS\System32\combase.dll
0x00007ffce4ca0000 - 0x00007ffce4ccc000 	C:\WINDOWS\SYSTEM32\Wldp.dll
0x00007ffce6ee0000 - 0x00007ffce6f8d000 	C:\WINDOWS\System32\SHCORE.dll
0x00007ffce6720000 - 0x00007ffce6775000 	C:\WINDOWS\System32\shlwapi.dll
0x00007ffce5180000 - 0x00007ffce519f000 	C:\WINDOWS\SYSTEM32\profapi.dll
0x00007ffccede0000 - 0x00007ffccedf9000 	C:\Program Files\Java\jdk-17.0.1\bin\net.dll
0x00007ffcd7040000 - 0x00007ffcd7149000 	C:\WINDOWS\SYSTEM32\WINHTTP.dll
0x00007ffce4a00000 - 0x00007ffce4a6a000 	C:\WINDOWS\system32\mswsock.dll
0x00007ffccc0f0000 - 0x00007ffccc105000 	C:\Program Files\Java\jdk-17.0.1\bin\nio.dll
0x00007ffccc0d0000 - 0x00007ffccc0e8000 	C:\Program Files\Java\jdk-17.0.1\bin\zip.dll
0x00007ffc80ff0000 - 0x00007ffc8117f000 	C:\Program Files\Java\jdk-17.0.1\bin\awt.dll
0x00007ffce69d0000 - 0x00007ffce6a9d000 	C:\WINDOWS\System32\OLEAUT32.dll
0x00007ffce2670000 - 0x00007ffce2700000 	C:\WINDOWS\SYSTEM32\apphelp.dll
0x00007ffce2760000 - 0x00007ffce27fe000 	C:\WINDOWS\system32\uxtheme.dll
0x00007ffce6d70000 - 0x00007ffce6e86000 	C:\WINDOWS\System32\MSCTF.dll
0x00007ffce7900000 - 0x00007ffce7a2a000 	C:\WINDOWS\System32\ole32.dll
0x00007ffce2a40000 - 0x00007ffce2a6f000 	C:\WINDOWS\system32\DWMAPI.DLL
0x00007ffcbd8d0000 - 0x00007ffcbd980000 	C:\WINDOWS\WinSxS\amd64_microsoft.windows.common-controls_6595b64144ccf1df_5.82.19041.1110_none_792d1c772443f647\comctl32.dll
0x00007ffce5c40000 - 0x00007ffce5ce9000 	C:\WINDOWS\System32\clbcatq.dll
0x00007ffce09f0000 - 0x00007ffce0ae6000 	C:\WINDOWS\SYSTEM32\PROPSYS.dll
0x00007ffce1ca0000 - 0x00007ffce1cb7000 	C:\WINDOWS\system32\NetworkExplorer.dll
0x00007ffce5530000 - 0x00007ffce557e000 	C:\WINDOWS\System32\CFGMGR32.dll
0x00007ffcd1f60000 - 0x00007ffcd1fd1000 	C:\Users\Ivan\AppData\Local\Temp\lwjglIvan\3.3.0-build-21\lwjgl.dll
0x00007ffc7fe80000 - 0x00007ffc800d6000 	C:\Users\Ivan\AppData\Local\Temp\lwjglIvan\3.3.0-build-21\jemalloc.dll
0x00007ffcbc560000 - 0x00007ffcbc5c1000 	C:\Users\Ivan\AppData\Local\Temp\lwjglIvan\3.3.0-build-21\glfw.dll
0x00007ffc83eb0000 - 0x00007ffc83ef5000 	C:\WINDOWS\SYSTEM32\dinput8.dll
0x00007ffccc0b0000 - 0x00007ffccc0c1000 	C:\WINDOWS\SYSTEM32\xinput1_4.dll
0x00007ffce4fe0000 - 0x00007ffce5013000 	C:\WINDOWS\SYSTEM32\DEVOBJ.dll
0x00007ffcd0a60000 - 0x00007ffcd0bb2000 	C:\WINDOWS\SYSTEM32\inputhost.dll
0x00007ffce0c90000 - 0x00007ffce0de4000 	C:\WINDOWS\SYSTEM32\wintypes.dll
0x00007ffce1d50000 - 0x00007ffce20ae000 	C:\WINDOWS\SYSTEM32\CoreUIComponents.dll
0x00007ffce2430000 - 0x00007ffce2522000 	C:\WINDOWS\SYSTEM32\CoreMessaging.dll
0x00007ffce3f40000 - 0x00007ffce3f73000 	C:\WINDOWS\SYSTEM32\ntmarta.dll
0x00007ffccf9c0000 - 0x00007ffccfae6000 	C:\WINDOWS\SYSTEM32\opengl32.dll
0x00007ffccf730000 - 0x00007ffccf75c000 	C:\WINDOWS\SYSTEM32\GLU32.dll
0x00007ffcdd960000 - 0x00007ffcdda59000 	C:\Windows\System32\AppXDeploymentClient.dll
0x00007ffcb0780000 - 0x00007ffcb07ac000 	C:\WINDOWS\System32\DriverStore\FileRepository\u0376209.inf_amd64_b3bdffadea4def3f\B374968\atig6pxx.dll
0x00007ffcad930000 - 0x00007ffcb0773000 	C:\WINDOWS\System32\DriverStore\FileRepository\u0376209.inf_amd64_b3bdffadea4def3f\B374968\atio6axx.dll
0x00007ffce7080000 - 0x00007ffce74f0000 	C:\WINDOWS\System32\SETUPAPI.dll
0x00007ffce52e0000 - 0x00007ffce5307000 	C:\WINDOWS\System32\bcrypt.dll
0x00007ffcbb530000 - 0x00007ffcbb554000 	C:\WINDOWS\SYSTEM32\dxva2.dll
0x00007ffcad8f0000 - 0x00007ffcad92f000 	C:\WINDOWS\System32\DriverStore\FileRepository\u0376209.inf_amd64_b3bdffadea4def3f\B374968\atig6txx.dll
0x00007ffc80ca0000 - 0x00007ffc80e70000 	C:\WINDOWS\SYSTEM32\atiadlxx.dll
0x00007ffcc8480000 - 0x00007ffcc84c9000 	C:\WINDOWS\SYSTEM32\pdh.dll
0x00007ffce5a10000 - 0x00007ffce5a78000 	C:\WINDOWS\System32\WINTRUST.dll
0x00007ffce53a0000 - 0x00007ffce54f6000 	C:\WINDOWS\System32\CRYPT32.dll
0x00007ffce4e20000 - 0x00007ffce4e32000 	C:\WINDOWS\SYSTEM32\MSASN1.dll
0x00007ffcdbbb0000 - 0x00007ffcdbbeb000 	C:\WINDOWS\SYSTEM32\dxcore.dll
0x00007ffcd0bc0000 - 0x00007ffcd0cb9000 	C:\WINDOWS\SYSTEM32\textinputframework.dll
0x00007ffcd0990000 - 0x00007ffcd09f6000 	C:\WINDOWS\system32\Oleacc.dll
0x00007ffcbda00000 - 0x00007ffcbda5d000 	C:\Users\Ivan\AppData\Local\Temp\lwjglIvan\3.3.0-build-21\lwjgl_opengl.dll
0x0000000064a00000 - 0x000000006580f000 	C:\Users\Ivan\AppData\Local\Temp\imgui-java-natives_1648258868755\imgui-java64.dll
0x00007ffcb9ed0000 - 0x00007ffcba09f000 	C:\WINDOWS\system32\d3d9.dll
0x00007ffcdb970000 - 0x00007ffcdbb28000 	C:\WINDOWS\System32\DriverStore\FileRepository\u0376209.inf_amd64_b3bdffadea4def3f\B374968\aticfx64.dll
0x00007ffcad8b0000 - 0x00007ffcad8e4000 	C:\WINDOWS\System32\DriverStore\FileRepository\u0376209.inf_amd64_b3bdffadea4def3f\B374968\atiu9p64.dll
0x00007ffcacb50000 - 0x00007ffcad8a4000 	C:\WINDOWS\System32\DriverStore\FileRepository\u0376209.inf_amd64_b3bdffadea4def3f\B374968\atiumd64.dll
0x00000000540a0000 - 0x0000000054f15000 	C:\WINDOWS\System32\DriverStore\FileRepository\u0376209.inf_amd64_b3bdffadea4def3f\B374968\atiumd6a.dll
0x00007ffce4810000 - 0x00007ffce485b000 	C:\WINDOWS\SYSTEM32\POWRPROF.dll
0x00007ffce4680000 - 0x00007ffce4692000 	C:\WINDOWS\SYSTEM32\UMPDC.dll
0x00007ffcd8d40000 - 0x00007ffcd8d70000 	C:\WINDOWS\SYSTEM32\amdihk64.dll
0x00007ffccb100000 - 0x00007ffccb189000 	C:\Program Files\Java\jdk-17.0.1\bin\freetype.dll
0x00007ffcbb570000 - 0x00007ffcbb618000 	C:\Program Files\Java\jdk-17.0.1\bin\fontmanager.dll
0x00007ffcd7bc0000 - 0x00007ffcd7bdf000 	C:\WINDOWS\SYSTEM32\MPR.dll
0x00007ffcbe0a0000 - 0x00007ffcbe0ab000 	C:\WINDOWS\System32\drprov.dll
0x00007ffce3fb0000 - 0x00007ffce400a000 	C:\WINDOWS\System32\WINSTA.dll
0x00007ffcbdbd0000 - 0x00007ffcbdbf0000 	C:\WINDOWS\System32\ntlanman.dll
0x00007ffcbc5d0000 - 0x00007ffcbc5ee000 	C:\WINDOWS\System32\davclnt.dll
0x00007ffcbdbc0000 - 0x00007ffcbdbcd000 	C:\WINDOWS\System32\DAVHLPR.dll
0x00007ffce4430000 - 0x00007ffce4449000 	C:\WINDOWS\System32\wkscli.dll
0x00007ffccf3e0000 - 0x00007ffccf3f2000 	C:\WINDOWS\SYSTEM32\cscapi.dll
0x00007ffce46e0000 - 0x00007ffce46ec000 	C:\WINDOWS\System32\netutils.dll
0x00007ffce0900000 - 0x00007ffce0956000 	C:\Windows\System32\dlnashext.dll
0x00007ffccc160000 - 0x00007ffccc1c4000 	C:\Windows\System32\PlayToDevice.dll
0x00007ffcd7480000 - 0x00007ffcd74a0000 	C:\Windows\System32\DevDispItemProvider.dll
0x00007ffcd8b80000 - 0x00007ffcd8c05000 	C:\WINDOWS\System32\MMDevApi.dll
0x00007ffc83cc0000 - 0x00007ffc83d61000 	C:\WINDOWS\system32\wpdshext.dll
0x00007ffcd2a30000 - 0x00007ffcd2bd5000 	C:\WINDOWS\WinSxS\amd64_microsoft.windows.gdiplus_6595b64144ccf1df_1.1.19041.1566_none_91a49058cc87e409\gdiplus.dll
0x00007ffcdedd0000 - 0x00007ffcdee73000 	C:\Windows\System32\PortableDeviceApi.dll
0x00007ffccb0c0000 - 0x00007ffccb0f7000 	C:\Windows\System32\EhStorShell.dll
0x00007ffccb090000 - 0x00007ffccb0b6000 	C:\Windows\System32\EhStorAPI.dll
0x00007ffce0880000 - 0x00007ffce0894000 	C:\Windows\System32\WTSAPI32.dll
0x00007ffcc7f10000 - 0x00007ffcc7f1d000 	C:\WINDOWS\SYSTEM32\LINKINFO.dll
0x00007ffcde310000 - 0x00007ffcde4c4000 	C:\WINDOWS\SYSTEM32\WindowsCodecs.dll
0x00007ffcca1b0000 - 0x00007ffcca1ee000 	C:\WINDOWS\system32\dataexchange.dll
0x00007ffce1250000 - 0x00007ffce14b4000 	C:\WINDOWS\system32\d3d11.dll
0x00007ffce1a80000 - 0x00007ffce1c65000 	C:\WINDOWS\system32\dcomp.dll
0x00007ffce3b50000 - 0x00007ffce3c43000 	C:\WINDOWS\system32\dxgi.dll
0x00007ffcdead0000 - 0x00007ffcdecd1000 	C:\WINDOWS\system32\twinapi.appcore.dll

dbghelp: loaded successfully - version: 4.0.5 - missing functions: none
symbol engine: initialized successfully - sym options: 0x614 - pdb path: .;C:\Program Files\Java\jdk-17.0.1\bin;C:\WINDOWS\SYSTEM32;C:\WINDOWS\WinSxS\amd64_microsoft.windows.common-controls_6595b64144ccf1df_6.0.19041.1110_none_60b5254171f9507e;C:\Program Files\Java\jdk-17.0.1\bin\server;C:\WINDOWS\WinSxS\amd64_microsoft.windows.common-controls_6595b64144ccf1df_5.82.19041.1110_none_792d1c772443f647;C:\Users\Ivan\AppData\Local\Temp\lwjglIvan\3.3.0-build-21;C:\WINDOWS\System32\DriverStore\FileRepository\u0376209.inf_amd64_b3bdffadea4def3f\B374968;C:\Users\Ivan\AppData\Local\Temp\imgui-java-natives_1648258868755;C:\WINDOWS\WinSxS\amd64_microsoft.windows.gdiplus_6595b64144ccf1df_1.1.19041.1566_none_91a49058cc87e409

VM Arguments:
java_command: com.wiz.settlementmapmaker.Main
java_class_path (initial): D:\CodeProjects\settlementgenerator\SettlementMapMaker\target\classes;C:\Users\Ivan\.m2\repository\org\lwjgl\lwjgl\3.3.0\lwjgl-3.3.0.jar;C:\Users\Ivan\.m2\repository\org\lwjgl\lwjgl-egl\3.3.0\lwjgl-egl-3.3.0.jar;C:\Users\Ivan\.m2\repository\org\lwjgl\lwjgl-glfw\3.3.0\lwjgl-glfw-3.3.0.jar;C:\Users\Ivan\.m2\repository\org\lwjgl\lwjgl-jemalloc\3.3.0\lwjgl-jemalloc-3.3.0.jar;C:\Users\Ivan\.m2\repository\org\lwjgl\lwjgl-opengl\3.3.0\lwjgl-opengl-3.3.0.jar;C:\Users\Ivan\.m2\repository\org\lwjgl\lwjgl-opengles\3.3.0\lwjgl-opengles-3.3.0.jar;C:\Users\Ivan\.m2\repository\org\lwjgl\lwjgl\3.3.0\lwjgl-3.3.0-natives-windows.jar;C:\Users\Ivan\.m2\repository\org\lwjgl\lwjgl-glfw\3.3.0\lwjgl-glfw-3.3.0-natives-windows.jar;C:\Users\Ivan\.m2\repository\org\lwjgl\lwjgl-jemalloc\3.3.0\lwjgl-jemalloc-3.3.0-natives-windows.jar;C:\Users\Ivan\.m2\repository\org\lwjgl\lwjgl-opengl\3.3.0\lwjgl-opengl-3.3.0-natives-windows.jar;C:\Users\Ivan\.m2\repository\org\lwjgl\lwjgl-opengles\3.3.0\lwjgl-opengles-3.3.0-natives-windows.jar;C:\Users\Ivan\.m2\repository\org\joml\joml\1.10.3\joml-1.10.3.jar;C:\Users\Ivan\.m2\repository\io\github\spair\imgui-java-app\1.86.2\imgui-java-app-1.86.2.jar;C:\Users\Ivan\.m2\repository\org\lwjgl\lwjgl\3.3.0\lwjgl-3.3.0-natives-linux.jar;C:\Users\Ivan\.m2\repository\org\lwjgl\lwjgl-glfw\3.3.0\lwjgl-glfw-3.3.0-natives-linux.jar;C:\Users\Ivan\.m2\repository\org\lwjgl\lwjgl-opengl\3.3.0\lwjgl-opengl-3.3.0-natives-linux.jar;C:\Users\Ivan\.m2\repository\org\lwjgl\lwjgl\3.3.0\lwjgl-3.3.0-natives-macos.jar;C:\Users\Ivan\.m2\repository\org\lwjgl\lwjgl-glfw\3.3.0\lwjgl-glfw-3.3.0-natives-macos.jar;C:\Users\Ivan\.m2\repository\org\lwjgl\lwjgl-opengl\3.3.0\lwjgl-opengl-3.3.0-natives-macos.jar;C:\Users\Ivan\.m2\repository\io\github\spair\imgui-java-binding\1.86.2\imgui-java-binding-1.86.2.jar;C:\Users\Ivan\.m2\repository\io\github\spair\imgui-java-lwjgl3\1.86.2\imgui-java-lwjgl3-1.86.2.jar;C:\Users\Ivan\.m2\repository\io\github\spair\imgui-java-natives
Launcher Type: SUN_STANDARD

[Global flags]
     intx CICompilerCount                          = 4                                         {product} {ergonomic}
     uint ConcGCThreads                            = 2                                         {product} {ergonomic}
     uint G1ConcRefinementThreads                  = 8                                         {product} {ergonomic}
   size_t G1HeapRegionSize                         = 2097152                                   {product} {ergonomic}
    uintx GCDrainStackTargetSize                   = 64                                        {product} {ergonomic}
   size_t InitialHeapSize                          = 268435456                                 {product} {ergonomic}
   size_t MarkStackSize                            = 4194304                                   {product} {ergonomic}
   size_t MaxHeapSize                              = 4267704320                                {product} {ergonomic}
   size_t MaxNewSize                               = 2560622592                                {product} {ergonomic}
   size_t MinHeapDeltaBytes                        = 2097152                                   {product} {ergonomic}
   size_t MinHeapSize                              = 8388608                                   {product} {ergonomic}
    uintx NonNMethodCodeHeapSize                   = 5839372                                {pd product} {ergonomic}
    uintx NonProfiledCodeHeapSize                  = 122909434                              {pd product} {ergonomic}
    uintx ProfiledCodeHeapSize                     = 122909434                              {pd product} {ergonomic}
    uintx ReservedCodeCacheSize                    = 251658240                              {pd product} {ergonomic}
     bool SegmentedCodeCache                       = true                                      {product} {ergonomic}
   size_t SoftMaxHeapSize                          = 4267704320                             {manageable} {ergonomic}
     bool UseCompressedClassPointers               = true                           {product lp64_product} {ergonomic}
     bool UseCompressedOops                        = true                           {product lp64_product} {ergonomic}
     bool UseG1GC                                  = true                                      {product} {ergonomic}
     bool UseLargePagesIndividualAllocation        = false                                  {pd product} {ergonomic}

Logging:
Log output configuration:
 #0: stdout all=warning uptime,level,tags
 #1: stderr all=off uptime,level,tags

Environment Variables:
JAVA_HOME=C:\Program Files\Java\jdk-17.0.1
PATH=C:\Program Files\Eclipse Adoptium\jdk-11.0.14.9-hotspot\bin;C:\Program Files\Common Files\Oracle\Java\javapath;;C:\Program Files (x86)\Common Files\Oracle\Java\javapath;C:\WINDOWS\system32;C:\WINDOWS;C:\WINDOWS\System32\Wbem;C:\WINDOWS\System32\WindowsPowerShell\v1.0\;C:\WINDOWS\System32\OpenSSH\;C:\Program Files\Microsoft VS Code\bin;C:\Program Files (x86)\Common Files\Acronis\VirtualFile\;C:\Program Files (x86)\Common Files\Acronis\VirtualFile64\;C:\Program Files (x86)\Common Files\Acronis\FileProtector\;C:\Program Files (x86)\Common Files\Acronis\FileProtector64\;C:\Program Files (x86)\Common Files\Acronis\SnapAPI\;C:\Program Files\SourceGear\Common\DiffMerge\;D:\Gradle\gradle-5.6.2\bin;C:\Users\Public\wpilib\2020\roborio\bin;C:\Users\Public\wpilib\2020\frccode;D:\Git\cmd;C:\WINDOWS\system32;C:\WINDOWS;C:\WINDOWS\System32\Wbem;C:\WINDOWS\System32\WindowsPowerShell\v1.0\;C:\WINDOWS\System32\OpenSSH\;C:\Users\Ivan\AppData\Local\Programs\Python\Python37\Scripts\;C:\Users\Ivan\AppData\Local\Programs\Python\Python37\;C:\Users\Ivan\.deno\bin;C:\Program Files\AdoptOpenJDK\jdk-11.0.3.7-hotspot\bin;C:\Program Files (x86)\Common Files\Oracle\Java\javapath;C:\WINDOWS\system32;C:\WINDOWS;C:\WINDOWS\System32\Wbem;C:\WINDOWS\System32\WindowsPowerShell\v1.0\;C:\WINDOWS\System32\OpenSSH\;C:\Program Files\Microsoft VS Code\bin;C:\Program Files (x86)\Common Files\Acronis\VirtualFile\;C:\Program Files (x86)\Common Files\Acronis\VirtualFile64\;C:\Program Files (x86)\Common Files\Acronis\FileProtector\;C:\Program Files (x86)\Common Files\Acronis\FileProtector64\;C:\Program Files (x86)\Common Files\Acronis\SnapAPI\;C:\Program Files\SourceGear\Common\DiffMerge\;D:\Gradle\gradle-5.6.2\bin;C:\Users\Public\wpilib\2020\roborio\bin;C:\Users\Public\wpilib\2020\frccode;D:\Git\cmd;C:\Pro;C:\Users\Ivan\AppData\Local\Microsoft\WindowsApps;
USERNAME=Ivan
OS=Windows_NT
PROCESSOR_IDENTIFIER=AMD64 Family 23 Model 1 Stepping 1, AuthenticAMD



---------------  S Y S T E M  ---------------

OS:
 Windows 10 , 64 bit Build 19041 (10.0.19041.1566)
OS uptime: 0 days 7:29 hours

CPU: total 8 (initial active 8) (8 cores per cpu, 2 threads per core) family 23 model 1 stepping 1 microcode 0x0, cx8, cmov, fxsr, ht, mmx, 3dnowpref, sse, sse2, sse3, ssse3, sse4a, sse4.1, sse4.2, popcnt, lzcnt, tsc, tscinvbit, avx, avx2, aes, clmul, bmi1, bmi2, adx, sha, fma, vzeroupper, clflush, clflushopt

Memory: 4k page, system-wide physical 16277M (6805M free)
TotalPageFile size 32277M (AvailPageFile size 15178M)
current process WorkingSet (physical memory assigned to process): 209M, peak: 210M
current process commit charge ("private bytes"): 563M, peak: 563M

vm_info: Java HotSpot(TM) 64-Bit Server VM (17.0.1+12-LTS-39) for windows-amd64 JRE (17.0.1+12-LTS-39), built on Sep 27 2021 18:41:35 by "mach5one" with MS VC++ 16.8 (VS2019)

END.
