#
# A fatal error has been detected by the Java Runtime Environment:
#
#  EXCEPTION_ACCESS_VIOLATION (0xc0000005) at pc=0x00007ff95c22ed80, pid=22740, tid=19068
#
# JRE version: Java(TM) SE Runtime Environment (17.0.2+8) (build 17.0.2+8-LTS-86)
# Java VM: Java HotSpot(TM) 64-Bit Server VM (17.0.2+8-LTS-86, mixed mode, sharing, tiered, compressed oops, compressed class ptrs, g1 gc, windows-amd64)
# Problematic frame:
# C  [ig9icd64.dll+0x7ed80]
#
# No core dump will be written. Minidumps are not enabled by default on client versions of Windows
#
# If you would like to submit a bug report, please visit:
#   https://bugreport.java.com/bugreport/crash.jsp
# The crash happened outside the Java Virtual Machine in native code.
# See problematic frame for where to report the bug.
#

---------------  S U M M A R Y ------------

Command Line: com.wiz.settlementmapmaker.Main -Xmx8G

Host: Intel(R) Core(TM) i7-9750H CPU @ 2.60GHz, 12 cores, 15G,  Windows 10 , 64 bit Build 19041 (10.0.19041.1645)
Time: Thu May 12 19:04:16 2022 Mountain Daylight Time elapsed time: 83.730641 seconds (0d 0h 1m 23s)

---------------  T H R E A D  ---------------

Current thread (0x0000020512c32c50):  JavaThread "main" [_thread_in_native, id=19068, stack(0x000000fcd8700000,0x000000fcd8800000)]

Stack: [0x000000fcd8700000,0x000000fcd8800000],  sp=0x000000fcd87fece0,  free space=1019k
Native frames: (J=compiled Java code, j=interpreted, Vv=VM code, C=native code)
C  [ig9icd64.dll+0x7ed80]

Java frames: (J=compiled Java code, j=interpreted, Vv=VM code)
J 1145  org.lwjgl.opengl.GL15C.nglBufferData(IJJI)V (0 bytes) @ 0x0000020521fb7376 [0x0000020521fb7320+0x0000000000000056]
J 1725 c2 com.wiz.settlementmapmaker.WindowVisualizer.drawLines(Ljava/util/ArrayList;FLGUI/DrawColor;Z)V (244 bytes) @ 0x00000205220085c4 [0x0000020522008160+0x0000000000000464]
J 2141 c2 com.wiz.settlementmapmaker.DataDisplayer.drawStyleGroups()V (958 bytes) @ 0x000002052209ca0c [0x000002052209b880+0x000000000000118c]
J 1229 c1 com.wiz.settlementmapmaker.DataDisplayer.display()V (689 bytes) @ 0x000002051ac1379c [0x000002051ac11000+0x000000000000279c]
J 1226 c1 com.wiz.settlementmapmaker.RuntimeManager.update()V (30 bytes) @ 0x000002051ac0e81c [0x000002051ac0e6e0+0x000000000000013c]
j  com.wiz.settlementmapmaker.Window.run()V+194
j  com.wiz.settlementmapmaker.Main.main([Ljava/lang/String;)V+20
v  ~StubRoutines::call_stub

siginfo: EXCEPTION_ACCESS_VIOLATION (0xc0000005), reading address 0x000002055227a710


Register to memory mapping:

RIP=0x00007ff95c22ed80 ig9icd64.dll
RAX=0x0 is NULL
RBX=0x000002053d9ec380 points into unknown readable memory: 0x0000020539624900 | 00 49 62 39 05 02 00 00
RCX=0x0 is NULL
RDX=0x000002055227a710 is an unknown value
RSP=0x000000fcd87fece0 is pointing into the stack for thread: 0x0000020512c32c50
RBP=0x0000000000012de0 is an unknown value
RSI=0x0000000000000006 is an unknown value
RDI=0x0000020539624900 points into unknown readable memory: 0xbf5959643ecb5204 | 04 52 cb 3e 64 59 59 bf
R8 =0x0000000000012de0 is an unknown value
R9 =0x000000000000025b is an unknown value
R10=0x0 is NULL
R11=0x0000000000019113 is an unknown value
R12=0x0000000000012de0 is an unknown value
R13=0x0000000000000001 is an unknown value
R14=0x0000020537208900 points into unknown readable memory: 0x0000020536e17380 | 80 73 e1 36 05 02 00 00
R15=0x000002055227a710 is an unknown value


Registers:
RAX=0x0000000000000000, RBX=0x000002053d9ec380, RCX=0x0000000000000000, RDX=0x000002055227a710
RSP=0x000000fcd87fece0, RBP=0x0000000000012de0, RSI=0x0000000000000006, RDI=0x0000020539624900
R8 =0x0000000000012de0, R9 =0x000000000000025b, R10=0x0000000000000000, R11=0x0000000000019113
R12=0x0000000000012de0, R13=0x0000000000000001, R14=0x0000020537208900, R15=0x000002055227a710
RIP=0x00007ff95c22ed80, EFLAGS=0x0000000000010202

Top of Stack: (sp=0x000000fcd87fece0)
0x000000fcd87fece0:   0000000000000000 0000000000000000
0x000000fcd87fecf0:   0000000000000000 0000000000000000
0x000000fcd87fed00:   000002053d92b4f0 00007ff95c7cc452
0x000000fcd87fed10:   000002053d9ec380 0000000000000006
0x000000fcd87fed20:   0000020000000000 0000000000000000
0x000000fcd87fed30:   0000000000000056 00007ff97188e044
0x000000fcd87fed40:   0000000000000000 0000000000000001
0x000000fcd87fed50:   0000000000000000 000002055227a710
0x000000fcd87fed60:   0000000000012de0 0000020537208900
0x000000fcd87fed70:   000002053d92b4f0 0000000000000000
0x000000fcd87fed80:   000002053d92b3e0 00007ff95c8424eb
0x000000fcd87fed90:   000000fcd87fee70 000000fc00000010
0x000000fcd87feda0:   0000020500000048 000000fcd87fef00
0x000000fcd87fedb0:   0000000700012de0 000002055227a710
0x000000fcd87fedc0:   000000fcd87fede0 000000fcd87fee01
0x000000fcd87fedd0:   0000000000000001 00007ff9d944fd00 

Instructions: (pc=0x00007ff95c22ed80)
0x00007ff95c22ec80:   66 0f 60 c0 66 0f 61 c0 66 0f 70 c0 00 66 0f 64
0x00007ff95c22ec90:   c8 f3 0f 6f 02 49 03 d1 66 0f f7 c1 49 03 f9 41
0x00007ff95c22eca0:   8b c1 44 8b d1 4c 2b c0 0f 29 74 24 10 4d 8b c8
0x00007ff95c22ecb0:   0f 29 3c 24 49 c1 e9 07 f6 c2 0f 0f 84 af 00 00
0x00007ff95c22ecc0:   00 4d 85 c9 74 6b 66 66 0f 1f 84 00 00 00 00 00
0x00007ff95c22ecd0:   f3 0f 6f 02 41 ff c2 f3 0f 6f 4a 10 41 8b c2 f3
0x00007ff95c22ece0:   0f 6f 52 20 f3 0f 6f 5a 30 f3 0f 6f 62 40 f3 0f
0x00007ff95c22ecf0:   6f 6a 50 f3 0f 6f 72 60 f3 0f 6f 7a 70 66 0f e7
0x00007ff95c22ed00:   07 66 0f e7 4f 10 66 0f e7 57 20 66 0f e7 5f 30
0x00007ff95c22ed10:   66 0f e7 67 40 66 0f e7 6f 50 66 0f e7 77 60 66
0x00007ff95c22ed20:   0f e7 7f 70 48 83 ef 80 48 83 ea 80 49 3b c1 72
0x00007ff95c22ed30:   9f 41 83 e0 7f 0f 84 e0 00 00 00 45 8b d0 44 8b
0x00007ff95c22ed40:   c9 49 c1 ea 04 4d 85 d2 0f 84 cd 00 00 00 66 90
0x00007ff95c22ed50:   f3 0f 6f 02 41 ff c1 48 83 c2 10 41 8b c1 66 0f
0x00007ff95c22ed60:   e7 07 48 83 c7 10 49 3b c2 72 e5 e9 ab 00 00 00
0x00007ff95c22ed70:   4d 85 c9 74 6c 66 66 66 0f 1f 84 00 00 00 00 00
0x00007ff95c22ed80:   f3 0f 6f 02 41 ff c2 f3 0f 6f 4a 10 f3 0f 6f 52
0x00007ff95c22ed90:   20 f3 0f 6f 5a 30 f3 0f 6f 62 40 f3 0f 6f 6a 50
0x00007ff95c22eda0:   f3 0f 6f 72 60 f3 0f 6f 7a 70 48 83 ea 80 66 0f
0x00007ff95c22edb0:   e7 07 66 0f e7 4f 10 66 0f e7 57 20 66 0f e7 5f
0x00007ff95c22edc0:   30 66 0f e7 67 40 66 0f e7 6f 50 66 0f e7 77 60
0x00007ff95c22edd0:   66 0f e7 7f 70 48 83 ef 80 41 8b c2 49 3b c1 72
0x00007ff95c22ede0:   9f 41 83 e0 7f 74 34 45 8b d0 44 8b c9 49 c1 ea
0x00007ff95c22edf0:   04 4d 85 d2 74 25 66 66 0f 1f 84 00 00 00 00 00
0x00007ff95c22ee00:   f3 0f 6f 02 41 ff c1 66 0f e7 07 48 83 c7 10 41
0x00007ff95c22ee10:   8b c1 48 83 c2 10 49 3b c2 72 e5 0f 28 74 24 10
0x00007ff95c22ee20:   0f 28 3c 24 41 83 e0 0f 74 49 45 8b d0 44 8b c9
0x00007ff95c22ee30:   49 c1 ea 02 4d 85 d2 74 1e 0f 1f 80 00 00 00 00
0x00007ff95c22ee40:   8b 02 41 ff c1 89 07 48 83 c2 04 48 83 c7 04 41
0x00007ff95c22ee50:   8b c1 49 3b c2 72 e9 41 83 e0 03 76 16 48 2b d7
0x00007ff95c22ee60:   0f b6 04 3a ff c1 88 07 48 8d 7f 01 8b c1 49 3b
0x00007ff95c22ee70:   c0 72 ed 48 83 c4 20 5f c3 cc cc cc cc cc cc cc 


Stack slot to memory mapping:
stack at sp + 0 slots: 0x0 is NULL
stack at sp + 1 slots: 0x0 is NULL
stack at sp + 2 slots: 0x0 is NULL
stack at sp + 3 slots: 0x0 is NULL
stack at sp + 4 slots: 0x000002053d92b4f0 points into unknown readable memory: 0x0000000000000000 | 00 00 00 00 00 00 00 00
stack at sp + 5 slots: 0x00007ff95c7cc452 ig9icd64.dll
stack at sp + 6 slots: 0x000002053d9ec380 points into unknown readable memory: 0x0000020539624900 | 00 49 62 39 05 02 00 00
stack at sp + 7 slots: 0x0000000000000006 is an unknown value


---------------  P R O C E S S  ---------------

Threads class SMR info:
_java_thread_list=0x000002053da4e890, length=16, elements={
0x0000020512c32c50, 0x0000020535bc4800, 0x0000020535bc5580, 0x0000020535bdbe30,
0x0000020535bdfb10, 0x0000020535be03d0, 0x0000020535be4190, 0x0000020535be4e30,
0x0000020535bede00, 0x0000020535c02ee0, 0x000002053690fef0, 0x0000020536916430,
0x0000020536c5e7e0, 0x0000020536c61190, 0x0000020536cd1f90, 0x00000205525ffa40
}

Java Threads: ( => current thread )
=>0x0000020512c32c50 JavaThread "main" [_thread_in_native, id=19068, stack(0x000000fcd8700000,0x000000fcd8800000)]
  0x0000020535bc4800 JavaThread "Reference Handler" daemon [_thread_blocked, id=248, stack(0x000000fcd8e00000,0x000000fcd8f00000)]
  0x0000020535bc5580 JavaThread "Finalizer" daemon [_thread_blocked, id=5380, stack(0x000000fcd8f00000,0x000000fcd9000000)]
  0x0000020535bdbe30 JavaThread "Signal Dispatcher" daemon [_thread_blocked, id=20328, stack(0x000000fcd9000000,0x000000fcd9100000)]
  0x0000020535bdfb10 JavaThread "Attach Listener" daemon [_thread_blocked, id=23640, stack(0x000000fcd9100000,0x000000fcd9200000)]
  0x0000020535be03d0 JavaThread "Service Thread" daemon [_thread_blocked, id=19348, stack(0x000000fcd9200000,0x000000fcd9300000)]
  0x0000020535be4190 JavaThread "Monitor Deflation Thread" daemon [_thread_blocked, id=24860, stack(0x000000fcd9300000,0x000000fcd9400000)]
  0x0000020535be4e30 JavaThread "C2 CompilerThread0" daemon [_thread_blocked, id=18376, stack(0x000000fcd9400000,0x000000fcd9500000)]
  0x0000020535bede00 JavaThread "C1 CompilerThread0" daemon [_thread_blocked, id=11132, stack(0x000000fcd9500000,0x000000fcd9600000)]
  0x0000020535c02ee0 JavaThread "Sweeper thread" daemon [_thread_blocked, id=13244, stack(0x000000fcd9600000,0x000000fcd9700000)]
  0x000002053690fef0 JavaThread "Notification Thread" daemon [_thread_blocked, id=21232, stack(0x000000fcd9700000,0x000000fcd9800000)]
  0x0000020536916430 JavaThread "Common-Cleaner" daemon [_thread_blocked, id=16432, stack(0x000000fcd9900000,0x000000fcd9a00000)]
  0x0000020536c5e7e0 JavaThread "Java2D Disposer" daemon [_thread_blocked, id=14212, stack(0x000000fcd9a00000,0x000000fcd9b00000)]
  0x0000020536c61190 JavaThread "AWT-Windows" daemon [_thread_in_native, id=20588, stack(0x000000fcd9c00000,0x000000fcd9d00000)]
  0x0000020536cd1f90 JavaThread "Swing-Shell" daemon [_thread_blocked, id=19600, stack(0x000000fcd9d00000,0x000000fcd9e00000)]
  0x00000205525ffa40 JavaThread "C2 CompilerThread1" daemon [_thread_blocked, id=24196, stack(0x000000fcd8400000,0x000000fcd8500000)]

Other Threads:
  0x0000020535bbe020 VMThread "VM Thread" [stack: 0x000000fcd8d00000,0x000000fcd8e00000] [id=22320]
  0x0000020512cb1190 WatcherThread [stack: 0x000000fcd9800000,0x000000fcd9900000] [id=25496]
  0x0000020512c82ea0 GCTaskThread "GC Thread#0" [stack: 0x000000fcd8800000,0x000000fcd8900000] [id=5388]
  0x000002053dcc3820 GCTaskThread "GC Thread#1" [stack: 0x000000fcd9b00000,0x000000fcd9c00000] [id=20004]
  0x000002053dcc3010 GCTaskThread "GC Thread#2" [stack: 0x000000fcda500000,0x000000fcda600000] [id=15704]
  0x000002053dcc1ff0 GCTaskThread "GC Thread#3" [stack: 0x000000fcda600000,0x000000fcda700000] [id=2880]
  0x000002053dcc2800 GCTaskThread "GC Thread#4" [stack: 0x000000fcda700000,0x000000fcda800000] [id=4484]
  0x000002053dcc2d60 GCTaskThread "GC Thread#5" [stack: 0x000000fcda800000,0x000000fcda900000] [id=15376]
  0x000002053dcc32c0 GCTaskThread "GC Thread#6" [stack: 0x000000fcda900000,0x000000fcdaa00000] [id=17456]
  0x000002053dcc3ad0 GCTaskThread "GC Thread#7" [stack: 0x000000fcdaa00000,0x000000fcdab00000] [id=2108]
  0x000002053dcc3570 GCTaskThread "GC Thread#8" [stack: 0x000000fcdab00000,0x000000fcdac00000] [id=17872]
  0x000002053dcc22a0 GCTaskThread "GC Thread#9" [stack: 0x000000fcdac00000,0x000000fcdad00000] [id=17152]
  0x0000020512c938b0 ConcurrentGCThread "G1 Main Marker" [stack: 0x000000fcd8900000,0x000000fcd8a00000] [id=10316]
  0x0000020512c94970 ConcurrentGCThread "G1 Conc#0" [stack: 0x000000fcd8a00000,0x000000fcd8b00000] [id=10912]
  0x0000020535a760e0 ConcurrentGCThread "G1 Refine#0" [stack: 0x000000fcd8b00000,0x000000fcd8c00000] [id=10432]
  0x0000020535a76a10 ConcurrentGCThread "G1 Service" [stack: 0x000000fcd8c00000,0x000000fcd8d00000] [id=12468]

Threads with active compile tasks:

VM state: not at safepoint (normal execution)

VM Mutex/Monitor currently owned by a thread: None

Heap address: 0x0000000704400000, size: 4028 MB, Compressed Oops mode: Zero based, Oop shift amount: 3

CDS archive(s) mapped at: [0x0000000800000000-0x0000000800bc0000-0x0000000800bc0000), size 12320768, SharedBaseAddress: 0x0000000800000000, ArchiveRelocationMode: 0.
Compressed class space mapped at: 0x0000000800c00000-0x0000000840c00000, reserved size: 1073741824
Narrow klass base: 0x0000000800000000, Narrow klass shift: 0, Narrow klass range: 0x100000000

GC Precious Log:
 CPUs: 12 total, 12 available
 Memory: 16111M
 Large Page Support: Disabled
 NUMA Support: Disabled
 Compressed Oops: Enabled (Zero based)
 Heap Region Size: 2M
 Heap Min Capacity: 8M
 Heap Initial Capacity: 252M
 Heap Max Capacity: 4028M
 Pre-touch: Disabled
 Parallel Workers: 10
 Concurrent Workers: 3
 Concurrent Refinement Workers: 10
 Periodic GC: Disabled

Heap:
 garbage-first heap   total 372736K, used 3441K [0x0000000704400000, 0x0000000800000000)
  region size 2048K, 2 young (4096K), 1 survivors (2048K)
 Metaspace       used 10379K, committed 10624K, reserved 1064960K
  class space    used 877K, committed 960K, reserved 1048576K

Heap Regions: E=young(eden), S=young(survivor), O=old, HS=humongous(starts), HC=humongous(continues), CS=collection set, F=free, OA=open archive, CA=closed archive, TAMS=top-at-mark-start (previous, next)
|   0|0x0000000704400000, 0x0000000704600000, 0x0000000704600000|100%| O|  |TAMS 0x0000000704400000, 0x0000000704400000| Untracked 
|   1|0x0000000704600000, 0x00000007046c5e00, 0x0000000704800000| 38%| O|  |TAMS 0x0000000704600000, 0x0000000704600000| Untracked 
|   2|0x0000000704800000, 0x0000000704800000, 0x0000000704a00000|  0%| F|  |TAMS 0x0000000704800000, 0x0000000704800000| Untracked 
|   3|0x0000000704a00000, 0x0000000704a00000, 0x0000000704c00000|  0%| F|  |TAMS 0x0000000704a00000, 0x0000000704a00000| Untracked 
|   4|0x0000000704c00000, 0x0000000704c00000, 0x0000000704e00000|  0%| F|  |TAMS 0x0000000704c00000, 0x0000000704c00000| Untracked 
|   5|0x0000000704e00000, 0x0000000704e00000, 0x0000000705000000|  0%| F|  |TAMS 0x0000000704e00000, 0x0000000704e00000| Untracked 
|   6|0x0000000705000000, 0x0000000705000000, 0x0000000705200000|  0%| F|  |TAMS 0x0000000705000000, 0x0000000705000000| Untracked 
|   7|0x0000000705200000, 0x0000000705200000, 0x0000000705400000|  0%| F|  |TAMS 0x0000000705200000, 0x0000000705200000| Untracked 
|   8|0x0000000705400000, 0x0000000705400000, 0x0000000705600000|  0%| F|  |TAMS 0x0000000705400000, 0x0000000705400000| Untracked 
|   9|0x0000000705600000, 0x0000000705600000, 0x0000000705800000|  0%| F|  |TAMS 0x0000000705600000, 0x0000000705600000| Untracked 
|  10|0x0000000705800000, 0x0000000705800000, 0x0000000705a00000|  0%| F|  |TAMS 0x0000000705800000, 0x0000000705800000| Untracked 
|  11|0x0000000705a00000, 0x0000000705a00000, 0x0000000705c00000|  0%| F|  |TAMS 0x0000000705a00000, 0x0000000705a00000| Untracked 
|  12|0x0000000705c00000, 0x0000000705c00000, 0x0000000705e00000|  0%| F|  |TAMS 0x0000000705c00000, 0x0000000705c00000| Untracked 
|  13|0x0000000705e00000, 0x0000000705e00000, 0x0000000706000000|  0%| F|  |TAMS 0x0000000705e00000, 0x0000000705e00000| Untracked 
|  14|0x0000000706000000, 0x0000000706000000, 0x0000000706200000|  0%| F|  |TAMS 0x0000000706000000, 0x0000000706000000| Untracked 
|  15|0x0000000706200000, 0x0000000706200000, 0x0000000706400000|  0%| F|  |TAMS 0x0000000706200000, 0x0000000706200000| Untracked 
|  16|0x0000000706400000, 0x0000000706400000, 0x0000000706600000|  0%| F|  |TAMS 0x0000000706400000, 0x0000000706400000| Untracked 
|  17|0x0000000706600000, 0x0000000706600000, 0x0000000706800000|  0%| F|  |TAMS 0x0000000706600000, 0x0000000706600000| Untracked 
|  18|0x0000000706800000, 0x0000000706800000, 0x0000000706a00000|  0%| F|  |TAMS 0x0000000706800000, 0x0000000706800000| Untracked 
|  19|0x0000000706a00000, 0x0000000706a00000, 0x0000000706c00000|  0%| F|  |TAMS 0x0000000706a00000, 0x0000000706a00000| Untracked 
|  20|0x0000000706c00000, 0x0000000706c00000, 0x0000000706e00000|  0%| F|  |TAMS 0x0000000706c00000, 0x0000000706c00000| Untracked 
|  21|0x0000000706e00000, 0x0000000706e00000, 0x0000000707000000|  0%| F|  |TAMS 0x0000000706e00000, 0x0000000706e00000| Untracked 
|  22|0x0000000707000000, 0x0000000707000000, 0x0000000707200000|  0%| F|  |TAMS 0x0000000707000000, 0x0000000707000000| Untracked 
|  23|0x0000000707200000, 0x0000000707200000, 0x0000000707400000|  0%| F|  |TAMS 0x0000000707200000, 0x0000000707200000| Untracked 
|  24|0x0000000707400000, 0x0000000707400000, 0x0000000707600000|  0%| F|  |TAMS 0x0000000707400000, 0x0000000707400000| Untracked 
|  25|0x0000000707600000, 0x0000000707600000, 0x0000000707800000|  0%| F|  |TAMS 0x0000000707600000, 0x0000000707600000| Untracked 
|  26|0x0000000707800000, 0x0000000707800000, 0x0000000707a00000|  0%| F|  |TAMS 0x0000000707800000, 0x0000000707800000| Untracked 
|  27|0x0000000707a00000, 0x0000000707a00000, 0x0000000707c00000|  0%| F|  |TAMS 0x0000000707a00000, 0x0000000707a00000| Untracked 
|  28|0x0000000707c00000, 0x0000000707c00000, 0x0000000707e00000|  0%| F|  |TAMS 0x0000000707c00000, 0x0000000707c00000| Untracked 
|  29|0x0000000707e00000, 0x0000000707e00000, 0x0000000708000000|  0%| F|  |TAMS 0x0000000707e00000, 0x0000000707e00000| Untracked 
|  30|0x0000000708000000, 0x0000000708000000, 0x0000000708200000|  0%| F|  |TAMS 0x0000000708000000, 0x0000000708000000| Untracked 
|  31|0x0000000708200000, 0x0000000708200000, 0x0000000708400000|  0%| F|  |TAMS 0x0000000708200000, 0x0000000708200000| Untracked 
|  32|0x0000000708400000, 0x0000000708400000, 0x0000000708600000|  0%| F|  |TAMS 0x0000000708400000, 0x0000000708400000| Untracked 
|  33|0x0000000708600000, 0x0000000708600000, 0x0000000708800000|  0%| F|  |TAMS 0x0000000708600000, 0x0000000708600000| Untracked 
|  34|0x0000000708800000, 0x0000000708800000, 0x0000000708a00000|  0%| F|  |TAMS 0x0000000708800000, 0x0000000708800000| Untracked 
|  35|0x0000000708a00000, 0x0000000708a00000, 0x0000000708c00000|  0%| F|  |TAMS 0x0000000708a00000, 0x0000000708a00000| Untracked 
|  36|0x0000000708c00000, 0x0000000708c00000, 0x0000000708e00000|  0%| F|  |TAMS 0x0000000708c00000, 0x0000000708c00000| Untracked 
|  37|0x0000000708e00000, 0x0000000708e00000, 0x0000000709000000|  0%| F|  |TAMS 0x0000000708e00000, 0x0000000708e00000| Untracked 
|  38|0x0000000709000000, 0x0000000709000000, 0x0000000709200000|  0%| F|  |TAMS 0x0000000709000000, 0x0000000709000000| Untracked 
|  39|0x0000000709200000, 0x0000000709200000, 0x0000000709400000|  0%| F|  |TAMS 0x0000000709200000, 0x0000000709200000| Untracked 
|  40|0x0000000709400000, 0x0000000709400000, 0x0000000709600000|  0%| F|  |TAMS 0x0000000709400000, 0x0000000709400000| Untracked 
|  41|0x0000000709600000, 0x0000000709600000, 0x0000000709800000|  0%| F|  |TAMS 0x0000000709600000, 0x0000000709600000| Untracked 
|  42|0x0000000709800000, 0x0000000709800000, 0x0000000709a00000|  0%| F|  |TAMS 0x0000000709800000, 0x0000000709800000| Untracked 
|  43|0x0000000709a00000, 0x0000000709a00000, 0x0000000709c00000|  0%| F|  |TAMS 0x0000000709a00000, 0x0000000709a00000| Untracked 
|  44|0x0000000709c00000, 0x0000000709c00000, 0x0000000709e00000|  0%| F|  |TAMS 0x0000000709c00000, 0x0000000709c00000| Untracked 
|  45|0x0000000709e00000, 0x0000000709e00000, 0x000000070a000000|  0%| F|  |TAMS 0x0000000709e00000, 0x0000000709e00000| Untracked 
|  46|0x000000070a000000, 0x000000070a000000, 0x000000070a200000|  0%| F|  |TAMS 0x000000070a000000, 0x000000070a000000| Untracked 
|  47|0x000000070a200000, 0x000000070a200000, 0x000000070a400000|  0%| F|  |TAMS 0x000000070a200000, 0x000000070a200000| Untracked 
|  48|0x000000070a400000, 0x000000070a400000, 0x000000070a600000|  0%| F|  |TAMS 0x000000070a400000, 0x000000070a400000| Untracked 
|  49|0x000000070a600000, 0x000000070a600000, 0x000000070a800000|  0%| F|  |TAMS 0x000000070a600000, 0x000000070a600000| Untracked 
|  50|0x000000070a800000, 0x000000070a800000, 0x000000070aa00000|  0%| F|  |TAMS 0x000000070a800000, 0x000000070a800000| Untracked 
|  51|0x000000070aa00000, 0x000000070aa00000, 0x000000070ac00000|  0%| F|  |TAMS 0x000000070aa00000, 0x000000070aa00000| Untracked 
|  52|0x000000070ac00000, 0x000000070ac00000, 0x000000070ae00000|  0%| F|  |TAMS 0x000000070ac00000, 0x000000070ac00000| Untracked 
|  53|0x000000070ae00000, 0x000000070ae00000, 0x000000070b000000|  0%| F|  |TAMS 0x000000070ae00000, 0x000000070ae00000| Untracked 
|  54|0x000000070b000000, 0x000000070b000000, 0x000000070b200000|  0%| F|  |TAMS 0x000000070b000000, 0x000000070b000000| Untracked 
|  55|0x000000070b200000, 0x000000070b200000, 0x000000070b400000|  0%| F|  |TAMS 0x000000070b200000, 0x000000070b200000| Untracked 
|  56|0x000000070b400000, 0x000000070b400000, 0x000000070b600000|  0%| F|  |TAMS 0x000000070b400000, 0x000000070b400000| Untracked 
|  57|0x000000070b600000, 0x000000070b600000, 0x000000070b800000|  0%| F|  |TAMS 0x000000070b600000, 0x000000070b600000| Untracked 
|  58|0x000000070b800000, 0x000000070b800000, 0x000000070ba00000|  0%| F|  |TAMS 0x000000070b800000, 0x000000070b800000| Untracked 
|  59|0x000000070ba00000, 0x000000070ba00000, 0x000000070bc00000|  0%| F|  |TAMS 0x000000070ba00000, 0x000000070ba00000| Untracked 
|  60|0x000000070bc00000, 0x000000070bc00000, 0x000000070be00000|  0%| F|  |TAMS 0x000000070bc00000, 0x000000070bc00000| Untracked 
|  61|0x000000070be00000, 0x000000070be00000, 0x000000070c000000|  0%| F|  |TAMS 0x000000070be00000, 0x000000070be00000| Untracked 
|  62|0x000000070c000000, 0x000000070c000000, 0x000000070c200000|  0%| F|  |TAMS 0x000000070c000000, 0x000000070c000000| Untracked 
|  63|0x000000070c200000, 0x000000070c200000, 0x000000070c400000|  0%| F|  |TAMS 0x000000070c200000, 0x000000070c200000| Untracked 
|  64|0x000000070c400000, 0x000000070c400000, 0x000000070c600000|  0%| F|  |TAMS 0x000000070c400000, 0x000000070c400000| Untracked 
|  65|0x000000070c600000, 0x000000070c600000, 0x000000070c800000|  0%| F|  |TAMS 0x000000070c600000, 0x000000070c600000| Untracked 
|  66|0x000000070c800000, 0x000000070c800000, 0x000000070ca00000|  0%| F|  |TAMS 0x000000070c800000, 0x000000070c800000| Untracked 
|  67|0x000000070ca00000, 0x000000070ca00000, 0x000000070cc00000|  0%| F|  |TAMS 0x000000070ca00000, 0x000000070ca00000| Untracked 
|  68|0x000000070cc00000, 0x000000070cc00000, 0x000000070ce00000|  0%| F|  |TAMS 0x000000070cc00000, 0x000000070cc00000| Untracked 
|  69|0x000000070ce00000, 0x000000070ce00000, 0x000000070d000000|  0%| F|  |TAMS 0x000000070ce00000, 0x000000070ce00000| Untracked 
|  70|0x000000070d000000, 0x000000070d000000, 0x000000070d200000|  0%| F|  |TAMS 0x000000070d000000, 0x000000070d000000| Untracked 
|  71|0x000000070d200000, 0x000000070d200000, 0x000000070d400000|  0%| F|  |TAMS 0x000000070d200000, 0x000000070d200000| Untracked 
|  72|0x000000070d400000, 0x000000070d496950, 0x000000070d600000| 29%| S|CS|TAMS 0x000000070d400000, 0x000000070d400000| Complete 
|  73|0x000000070d600000, 0x000000070d600000, 0x000000070d800000|  0%| F|  |TAMS 0x000000070d600000, 0x000000070d600000| Untracked 
|  74|0x000000070d800000, 0x000000070d800000, 0x000000070da00000|  0%| F|  |TAMS 0x000000070d800000, 0x000000070d800000| Untracked 
|  75|0x000000070da00000, 0x000000070da00000, 0x000000070dc00000|  0%| F|  |TAMS 0x000000070da00000, 0x000000070da00000| Untracked 
|  76|0x000000070dc00000, 0x000000070dc00000, 0x000000070de00000|  0%| F|  |TAMS 0x000000070dc00000, 0x000000070dc00000| Untracked 
|  77|0x000000070de00000, 0x000000070de00000, 0x000000070e000000|  0%| F|  |TAMS 0x000000070de00000, 0x000000070de00000| Untracked 
|  78|0x000000070e000000, 0x000000070e000000, 0x000000070e200000|  0%| F|  |TAMS 0x000000070e000000, 0x000000070e000000| Untracked 
|  79|0x000000070e200000, 0x000000070e200000, 0x000000070e400000|  0%| F|  |TAMS 0x000000070e200000, 0x000000070e200000| Untracked 
|  80|0x000000070e400000, 0x000000070e400000, 0x000000070e600000|  0%| F|  |TAMS 0x000000070e400000, 0x000000070e400000| Untracked 
|  81|0x000000070e600000, 0x000000070e600000, 0x000000070e800000|  0%| F|  |TAMS 0x000000070e600000, 0x000000070e600000| Untracked 
|  82|0x000000070e800000, 0x000000070e800000, 0x000000070ea00000|  0%| F|  |TAMS 0x000000070e800000, 0x000000070e800000| Untracked 
|  83|0x000000070ea00000, 0x000000070ea00000, 0x000000070ec00000|  0%| F|  |TAMS 0x000000070ea00000, 0x000000070ea00000| Untracked 
|  84|0x000000070ec00000, 0x000000070ec00000, 0x000000070ee00000|  0%| F|  |TAMS 0x000000070ec00000, 0x000000070ec00000| Untracked 
|  85|0x000000070ee00000, 0x000000070ee00000, 0x000000070f000000|  0%| F|  |TAMS 0x000000070ee00000, 0x000000070ee00000| Untracked 
|  86|0x000000070f000000, 0x000000070f000000, 0x000000070f200000|  0%| F|  |TAMS 0x000000070f000000, 0x000000070f000000| Untracked 
|  87|0x000000070f200000, 0x000000070f200000, 0x000000070f400000|  0%| F|  |TAMS 0x000000070f200000, 0x000000070f200000| Untracked 
|  88|0x000000070f400000, 0x000000070f400000, 0x000000070f600000|  0%| F|  |TAMS 0x000000070f400000, 0x000000070f400000| Untracked 
|  89|0x000000070f600000, 0x000000070f600000, 0x000000070f800000|  0%| F|  |TAMS 0x000000070f600000, 0x000000070f600000| Untracked 
|  90|0x000000070f800000, 0x000000070f800000, 0x000000070fa00000|  0%| F|  |TAMS 0x000000070f800000, 0x000000070f800000| Untracked 
|  91|0x000000070fa00000, 0x000000070fa00000, 0x000000070fc00000|  0%| F|  |TAMS 0x000000070fa00000, 0x000000070fa00000| Untracked 
|  92|0x000000070fc00000, 0x000000070fc00000, 0x000000070fe00000|  0%| F|  |TAMS 0x000000070fc00000, 0x000000070fc00000| Untracked 
|  93|0x000000070fe00000, 0x000000070fe00000, 0x0000000710000000|  0%| F|  |TAMS 0x000000070fe00000, 0x000000070fe00000| Untracked 
|  94|0x0000000710000000, 0x0000000710000000, 0x0000000710200000|  0%| F|  |TAMS 0x0000000710000000, 0x0000000710000000| Untracked 
|  95|0x0000000710200000, 0x0000000710200000, 0x0000000710400000|  0%| F|  |TAMS 0x0000000710200000, 0x0000000710200000| Untracked 
|  96|0x0000000710400000, 0x0000000710400000, 0x0000000710600000|  0%| F|  |TAMS 0x0000000710400000, 0x0000000710400000| Untracked 
|  97|0x0000000710600000, 0x0000000710600000, 0x0000000710800000|  0%| F|  |TAMS 0x0000000710600000, 0x0000000710600000| Untracked 
|  98|0x0000000710800000, 0x0000000710800000, 0x0000000710a00000|  0%| F|  |TAMS 0x0000000710800000, 0x0000000710800000| Untracked 
|  99|0x0000000710a00000, 0x0000000710a00000, 0x0000000710c00000|  0%| F|  |TAMS 0x0000000710a00000, 0x0000000710a00000| Untracked 
| 100|0x0000000710c00000, 0x0000000710c00000, 0x0000000710e00000|  0%| F|  |TAMS 0x0000000710c00000, 0x0000000710c00000| Untracked 
| 101|0x0000000710e00000, 0x0000000710e00000, 0x0000000711000000|  0%| F|  |TAMS 0x0000000710e00000, 0x0000000710e00000| Untracked 
| 102|0x0000000711000000, 0x0000000711000000, 0x0000000711200000|  0%| F|  |TAMS 0x0000000711000000, 0x0000000711000000| Untracked 
| 103|0x0000000711200000, 0x0000000711200000, 0x0000000711400000|  0%| F|  |TAMS 0x0000000711200000, 0x0000000711200000| Untracked 
| 104|0x0000000711400000, 0x0000000711400000, 0x0000000711600000|  0%| F|  |TAMS 0x0000000711400000, 0x0000000711400000| Untracked 
| 105|0x0000000711600000, 0x0000000711600000, 0x0000000711800000|  0%| F|  |TAMS 0x0000000711600000, 0x0000000711600000| Untracked 
| 106|0x0000000711800000, 0x0000000711800000, 0x0000000711a00000|  0%| F|  |TAMS 0x0000000711800000, 0x0000000711800000| Untracked 
| 107|0x0000000711a00000, 0x0000000711a00000, 0x0000000711c00000|  0%| F|  |TAMS 0x0000000711a00000, 0x0000000711a00000| Untracked 
| 108|0x0000000711c00000, 0x0000000711c00000, 0x0000000711e00000|  0%| F|  |TAMS 0x0000000711c00000, 0x0000000711c00000| Untracked 
| 109|0x0000000711e00000, 0x0000000711e00000, 0x0000000712000000|  0%| F|  |TAMS 0x0000000711e00000, 0x0000000711e00000| Untracked 
| 110|0x0000000712000000, 0x0000000712000000, 0x0000000712200000|  0%| F|  |TAMS 0x0000000712000000, 0x0000000712000000| Untracked 
| 111|0x0000000712200000, 0x0000000712200000, 0x0000000712400000|  0%| F|  |TAMS 0x0000000712200000, 0x0000000712200000| Untracked 
| 112|0x0000000712400000, 0x0000000712400000, 0x0000000712600000|  0%| F|  |TAMS 0x0000000712400000, 0x0000000712400000| Untracked 
| 113|0x0000000712600000, 0x0000000712600000, 0x0000000712800000|  0%| F|  |TAMS 0x0000000712600000, 0x0000000712600000| Untracked 
| 114|0x0000000712800000, 0x0000000712800000, 0x0000000712a00000|  0%| F|  |TAMS 0x0000000712800000, 0x0000000712800000| Untracked 
| 115|0x0000000712a00000, 0x0000000712a00000, 0x0000000712c00000|  0%| F|  |TAMS 0x0000000712a00000, 0x0000000712a00000| Untracked 
| 116|0x0000000712c00000, 0x0000000712c00000, 0x0000000712e00000|  0%| F|  |TAMS 0x0000000712c00000, 0x0000000712c00000| Untracked 
| 117|0x0000000712e00000, 0x0000000712e00000, 0x0000000713000000|  0%| F|  |TAMS 0x0000000712e00000, 0x0000000712e00000| Untracked 
| 118|0x0000000713000000, 0x0000000713000000, 0x0000000713200000|  0%| F|  |TAMS 0x0000000713000000, 0x0000000713000000| Untracked 
| 119|0x0000000713200000, 0x0000000713200000, 0x0000000713400000|  0%| F|  |TAMS 0x0000000713200000, 0x0000000713200000| Untracked 
| 120|0x0000000713400000, 0x0000000713400000, 0x0000000713600000|  0%| F|  |TAMS 0x0000000713400000, 0x0000000713400000| Untracked 
| 121|0x0000000713600000, 0x0000000713600000, 0x0000000713800000|  0%| F|  |TAMS 0x0000000713600000, 0x0000000713600000| Untracked 
| 122|0x0000000713800000, 0x0000000713800000, 0x0000000713a00000|  0%| F|  |TAMS 0x0000000713800000, 0x0000000713800000| Untracked 
| 123|0x0000000713a00000, 0x0000000713a00000, 0x0000000713c00000|  0%| F|  |TAMS 0x0000000713a00000, 0x0000000713a00000| Untracked 
| 124|0x0000000713c00000, 0x0000000713c00000, 0x0000000713e00000|  0%| F|  |TAMS 0x0000000713c00000, 0x0000000713c00000| Untracked 
| 125|0x0000000713e00000, 0x0000000713e00000, 0x0000000714000000|  0%| F|  |TAMS 0x0000000713e00000, 0x0000000713e00000| Untracked 
| 126|0x0000000714000000, 0x0000000714000000, 0x0000000714200000|  0%| F|  |TAMS 0x0000000714000000, 0x0000000714000000| Untracked 
| 127|0x0000000714200000, 0x0000000714200000, 0x0000000714400000|  0%| F|  |TAMS 0x0000000714200000, 0x0000000714200000| Untracked 
| 128|0x0000000714400000, 0x0000000714400000, 0x0000000714600000|  0%| F|  |TAMS 0x0000000714400000, 0x0000000714400000| Untracked 
| 129|0x0000000714600000, 0x0000000714600000, 0x0000000714800000|  0%| F|  |TAMS 0x0000000714600000, 0x0000000714600000| Untracked 
| 130|0x0000000714800000, 0x0000000714800000, 0x0000000714a00000|  0%| F|  |TAMS 0x0000000714800000, 0x0000000714800000| Untracked 
| 131|0x0000000714a00000, 0x0000000714a00000, 0x0000000714c00000|  0%| F|  |TAMS 0x0000000714a00000, 0x0000000714a00000| Untracked 
| 132|0x0000000714c00000, 0x0000000714c00000, 0x0000000714e00000|  0%| F|  |TAMS 0x0000000714c00000, 0x0000000714c00000| Untracked 
| 133|0x0000000714e00000, 0x0000000714e00000, 0x0000000715000000|  0%| F|  |TAMS 0x0000000714e00000, 0x0000000714e00000| Untracked 
| 134|0x0000000715000000, 0x0000000715000000, 0x0000000715200000|  0%| F|  |TAMS 0x0000000715000000, 0x0000000715000000| Untracked 
| 135|0x0000000715200000, 0x0000000715200000, 0x0000000715400000|  0%| F|  |TAMS 0x0000000715200000, 0x0000000715200000| Untracked 
| 136|0x0000000715400000, 0x0000000715400000, 0x0000000715600000|  0%| F|  |TAMS 0x0000000715400000, 0x0000000715400000| Untracked 
| 137|0x0000000715600000, 0x0000000715600000, 0x0000000715800000|  0%| F|  |TAMS 0x0000000715600000, 0x0000000715600000| Untracked 
| 138|0x0000000715800000, 0x0000000715800000, 0x0000000715a00000|  0%| F|  |TAMS 0x0000000715800000, 0x0000000715800000| Untracked 
| 139|0x0000000715a00000, 0x0000000715a00000, 0x0000000715c00000|  0%| F|  |TAMS 0x0000000715a00000, 0x0000000715a00000| Untracked 
| 140|0x0000000715c00000, 0x0000000715c00000, 0x0000000715e00000|  0%| F|  |TAMS 0x0000000715c00000, 0x0000000715c00000| Untracked 
| 141|0x0000000715e00000, 0x0000000715e00000, 0x0000000716000000|  0%| F|  |TAMS 0x0000000715e00000, 0x0000000715e00000| Untracked 
| 142|0x0000000716000000, 0x0000000716000000, 0x0000000716200000|  0%| F|  |TAMS 0x0000000716000000, 0x0000000716000000| Untracked 
| 143|0x0000000716200000, 0x0000000716200000, 0x0000000716400000|  0%| F|  |TAMS 0x0000000716200000, 0x0000000716200000| Untracked 
| 144|0x0000000716400000, 0x0000000716400000, 0x0000000716600000|  0%| F|  |TAMS 0x0000000716400000, 0x0000000716400000| Untracked 
| 145|0x0000000716600000, 0x0000000716600000, 0x0000000716800000|  0%| F|  |TAMS 0x0000000716600000, 0x0000000716600000| Untracked 
| 146|0x0000000716800000, 0x0000000716800000, 0x0000000716a00000|  0%| F|  |TAMS 0x0000000716800000, 0x0000000716800000| Untracked 
| 147|0x0000000716a00000, 0x0000000716a00000, 0x0000000716c00000|  0%| F|  |TAMS 0x0000000716a00000, 0x0000000716a00000| Untracked 
| 148|0x0000000716c00000, 0x0000000716c00000, 0x0000000716e00000|  0%| F|  |TAMS 0x0000000716c00000, 0x0000000716c00000| Untracked 
| 149|0x0000000716e00000, 0x0000000716e00000, 0x0000000717000000|  0%| F|  |TAMS 0x0000000716e00000, 0x0000000716e00000| Untracked 
| 150|0x0000000717000000, 0x0000000717000000, 0x0000000717200000|  0%| F|  |TAMS 0x0000000717000000, 0x0000000717000000| Untracked 
| 151|0x0000000717200000, 0x0000000717200000, 0x0000000717400000|  0%| F|  |TAMS 0x0000000717200000, 0x0000000717200000| Untracked 
| 152|0x0000000717400000, 0x0000000717400000, 0x0000000717600000|  0%| F|  |TAMS 0x0000000717400000, 0x0000000717400000| Untracked 
| 153|0x0000000717600000, 0x0000000717600000, 0x0000000717800000|  0%| F|  |TAMS 0x0000000717600000, 0x0000000717600000| Untracked 
| 154|0x0000000717800000, 0x0000000717800000, 0x0000000717a00000|  0%| F|  |TAMS 0x0000000717800000, 0x0000000717800000| Untracked 
| 155|0x0000000717a00000, 0x0000000717a00000, 0x0000000717c00000|  0%| F|  |TAMS 0x0000000717a00000, 0x0000000717a00000| Untracked 
| 156|0x0000000717c00000, 0x0000000717c00000, 0x0000000717e00000|  0%| F|  |TAMS 0x0000000717c00000, 0x0000000717c00000| Untracked 
| 157|0x0000000717e00000, 0x0000000717e00000, 0x0000000718000000|  0%| F|  |TAMS 0x0000000717e00000, 0x0000000717e00000| Untracked 
| 158|0x0000000718000000, 0x0000000718000000, 0x0000000718200000|  0%| F|  |TAMS 0x0000000718000000, 0x0000000718000000| Untracked 
| 159|0x0000000718200000, 0x0000000718200000, 0x0000000718400000|  0%| F|  |TAMS 0x0000000718200000, 0x0000000718200000| Untracked 
| 160|0x0000000718400000, 0x0000000718400000, 0x0000000718600000|  0%| F|  |TAMS 0x0000000718400000, 0x0000000718400000| Untracked 
| 161|0x0000000718600000, 0x0000000718600000, 0x0000000718800000|  0%| F|  |TAMS 0x0000000718600000, 0x0000000718600000| Untracked 
| 162|0x0000000718800000, 0x0000000718800000, 0x0000000718a00000|  0%| F|  |TAMS 0x0000000718800000, 0x0000000718800000| Untracked 
| 163|0x0000000718a00000, 0x0000000718a00000, 0x0000000718c00000|  0%| F|  |TAMS 0x0000000718a00000, 0x0000000718a00000| Untracked 
| 164|0x0000000718c00000, 0x0000000718c00000, 0x0000000718e00000|  0%| F|  |TAMS 0x0000000718c00000, 0x0000000718c00000| Untracked 
| 165|0x0000000718e00000, 0x0000000718e00000, 0x0000000719000000|  0%| F|  |TAMS 0x0000000718e00000, 0x0000000718e00000| Untracked 
| 166|0x0000000719000000, 0x0000000719000000, 0x0000000719200000|  0%| F|  |TAMS 0x0000000719000000, 0x0000000719000000| Untracked 
| 167|0x0000000719200000, 0x0000000719200000, 0x0000000719400000|  0%| F|  |TAMS 0x0000000719200000, 0x0000000719200000| Untracked 
| 168|0x0000000719400000, 0x0000000719400000, 0x0000000719600000|  0%| F|  |TAMS 0x0000000719400000, 0x0000000719400000| Untracked 
| 169|0x0000000719600000, 0x0000000719600000, 0x0000000719800000|  0%| F|  |TAMS 0x0000000719600000, 0x0000000719600000| Untracked 
| 170|0x0000000719800000, 0x0000000719800000, 0x0000000719a00000|  0%| F|  |TAMS 0x0000000719800000, 0x0000000719800000| Untracked 
| 171|0x0000000719a00000, 0x0000000719a00000, 0x0000000719c00000|  0%| F|  |TAMS 0x0000000719a00000, 0x0000000719a00000| Untracked 
| 172|0x0000000719c00000, 0x0000000719c00000, 0x0000000719e00000|  0%| F|  |TAMS 0x0000000719c00000, 0x0000000719c00000| Untracked 
| 173|0x0000000719e00000, 0x0000000719e00000, 0x000000071a000000|  0%| F|  |TAMS 0x0000000719e00000, 0x0000000719e00000| Untracked 
| 174|0x000000071a000000, 0x000000071a000000, 0x000000071a200000|  0%| F|  |TAMS 0x000000071a000000, 0x000000071a000000| Untracked 
| 175|0x000000071a200000, 0x000000071a200000, 0x000000071a400000|  0%| F|  |TAMS 0x000000071a200000, 0x000000071a200000| Untracked 
| 176|0x000000071a400000, 0x000000071a400000, 0x000000071a600000|  0%| F|  |TAMS 0x000000071a400000, 0x000000071a400000| Untracked 
| 177|0x000000071a600000, 0x000000071a600000, 0x000000071a800000|  0%| F|  |TAMS 0x000000071a600000, 0x000000071a600000| Untracked 
| 178|0x000000071a800000, 0x000000071a800000, 0x000000071aa00000|  0%| F|  |TAMS 0x000000071a800000, 0x000000071a800000| Untracked 
| 179|0x000000071aa00000, 0x000000071aa00000, 0x000000071ac00000|  0%| F|  |TAMS 0x000000071aa00000, 0x000000071aa00000| Untracked 
| 180|0x000000071ac00000, 0x000000071ac00000, 0x000000071ae00000|  0%| F|  |TAMS 0x000000071ac00000, 0x000000071ac00000| Untracked 
| 181|0x000000071ae00000, 0x000000071ae00800, 0x000000071b000000|  0%| E|  |TAMS 0x000000071ae00000, 0x000000071ae00000| Complete 

Card table byte_map: [0x000002052a1c0000,0x000002052a9a0000] _byte_map_base: 0x000002052699e000

Marking Bits (Prev, Next): (CMBitMap*) 0x0000020512c833c0, (CMBitMap*) 0x0000020512c83400
 Prev Bits: [0x000002052b180000, 0x000002052f070000)
 Next Bits: [0x000002052f070000, 0x0000020532f60000)

Polling page: 0x0000020510bb0000

Metaspace:

Usage:
  Non-class:      9.28 MB used.
      Class:    877.21 KB used.
       Both:     10.14 MB used.

Virtual space:
  Non-class space:       16.00 MB reserved,       9.44 MB ( 59%) committed,  2 nodes.
      Class space:        1.00 GB reserved,     960.00 KB ( <1%) committed,  1 nodes.
             Both:        1.02 GB reserved,      10.38 MB ( <1%) committed. 

Chunk freelists:
   Non-Class:  2.11 MB
       Class:  3.01 MB
        Both:  5.12 MB

MaxMetaspaceSize: unlimited
CompressedClassSpaceSize: 1.00 GB
Initial GC threshold: 21.00 MB
Current GC threshold: 21.00 MB
CDS: on
MetaspaceReclaimPolicy: balanced
 - commit_granule_bytes: 65536.
 - commit_granule_words: 8192.
 - virtual_space_node_default_size: 1048576.
 - enlarge_chunks_in_place: 1.
 - new_chunks_are_fully_committed: 0.
 - uncommit_free_chunks: 1.
 - use_allocation_guard: 0.
 - handle_deallocations: 1.


Internal statistics:

num_allocs_failed_limit: 0.
num_arena_births: 224.
num_arena_deaths: 0.
num_vsnodes_births: 3.
num_vsnodes_deaths: 0.
num_space_committed: 164.
num_space_uncommitted: 0.
num_chunks_returned_to_freelist: 0.
num_chunks_taken_from_freelist: 437.
num_chunk_merges: 0.
num_chunk_splits: 290.
num_chunks_enlarged: 176.
num_purges: 0.
num_inconsistent_stats: 0.

CodeHeap 'non-profiled nmethods': size=120000Kb used=1317Kb max_used=1317Kb free=118682Kb
 bounds [0x0000020521f60000, 0x00000205221d0000, 0x0000020529490000]
CodeHeap 'profiled nmethods': size=120000Kb used=3723Kb max_used=3723Kb free=116276Kb
 bounds [0x000002051aa30000, 0x000002051ade0000, 0x0000020521f60000]
CodeHeap 'non-nmethods': size=5760Kb used=1771Kb max_used=1833Kb free=3988Kb
 bounds [0x000002051a490000, 0x000002051a700000, 0x000002051aa30000]
 total_blobs=3383 nmethods=2127 adapters=1169
 compilation: enabled
              stopped_count=0, restarted_count=0
 full_count=0

Compilation events (20 events):
Event: 77.608 Thread 0x0000020535be4e30 nmethod 2126 0x0000020522093a90 code [0x0000020522093c00, 0x0000020522093c78]
Event: 77.628 Thread 0x00000205525ffa40 nmethod 2135 0x0000020522093d90 code [0x0000020522093f40, 0x0000020522094838]
Event: 77.639 Thread 0x00000205525ffa40 2136       4       kn.uni.voronoitreemap.convexHull.JConflictList::removeAll (221 bytes)
Event: 77.640 Thread 0x0000020535be4e30 2137       4       kn.uni.voronoitreemap.convexClip.cVertexList::copyList (49 bytes)
Event: 77.658 Thread 0x00000205525ffa40 nmethod 2136 0x0000020522094b90 code [0x0000020522094d20, 0x0000020522095278]
Event: 77.658 Thread 0x00000205525ffa40 2138       4       Shapes.Building::<init> (58 bytes)
Event: 77.720 Thread 0x0000020535be4e30 nmethod 2137 0x0000020522095410 code [0x0000020522095620, 0x0000020522096798]
Event: 77.721 Thread 0x0000020535be4e30 2139       4       Shapes.Shape::removeAllOfPoint (48 bytes)
Event: 77.742 Thread 0x0000020535be4e30 nmethod 2139 0x0000020522096b90 code [0x0000020522096d20, 0x0000020522097118]
Event: 77.742 Thread 0x0000020535be4e30 2140       4       kn.uni.voronoitreemap.convexHull.JFace::link (24 bytes)
Event: 77.767 Thread 0x0000020535be4e30 nmethod 2140 0x0000020522097410 code [0x00000205220975a0, 0x0000020522097f18]
Event: 77.781 Thread 0x00000205525ffa40 nmethod 2138 0x0000020522098310 code [0x0000020522098540, 0x000002052209a4d8]
Event: 78.503 Thread 0x00000205525ffa40 2141       4       com.wiz.settlementmapmaker.DataDisplayer::drawStyleGroups (958 bytes)
Event: 78.948 Thread 0x00000205525ffa40 nmethod 2141 0x000002052209b090 code [0x000002052209b880, 0x00000205220a2ee0]
Event: 80.522 Thread 0x00000205525ffa40 2142       4       java.util.ArrayList::set (24 bytes)
Event: 80.528 Thread 0x00000205525ffa40 nmethod 2142 0x00000205220a8b90 code [0x00000205220a8d20, 0x00000205220a8f58]
Event: 82.568 Thread 0x00000205525ffa40 2143       4       imgui.ImGui::combo (13 bytes)
Event: 82.571 Thread 0x00000205525ffa40 nmethod 2143 0x00000205220a9090 code [0x00000205220a9220, 0x00000205220a92c8]
Event: 82.571 Thread 0x00000205525ffa40 2144       4       imgui.ImGui::listBox (14 bytes)
Event: 82.574 Thread 0x00000205525ffa40 nmethod 2144 0x00000205220a9410 code [0x00000205220a95a0, 0x00000205220a9648]

GC Heap History (20 events):
Event: 78.091 GC heap before
{Heap before GC invocations=15 (full 0):
 garbage-first heap   total 372736K, used 224592K [0x0000000704400000, 0x0000000800000000)
  region size 2048K, 109 young (223232K), 1 survivors (2048K)
 Metaspace       used 10379K, committed 10624K, reserved 1064960K
  class space    used 877K, committed 960K, reserved 1048576K
}
Event: 78.093 GC heap after
{Heap after GC invocations=16 (full 0):
 garbage-first heap   total 372736K, used 3087K [0x0000000704400000, 0x0000000800000000)
  region size 2048K, 1 young (2048K), 1 survivors (2048K)
 Metaspace       used 10379K, committed 10624K, reserved 1064960K
  class space    used 877K, committed 960K, reserved 1048576K
}
Event: 79.288 GC heap before
{Heap before GC invocations=16 (full 0):
 garbage-first heap   total 372736K, used 224271K [0x0000000704400000, 0x0000000800000000)
  region size 2048K, 109 young (223232K), 1 survivors (2048K)
 Metaspace       used 10379K, committed 10624K, reserved 1064960K
  class space    used 877K, committed 960K, reserved 1048576K
}
Event: 79.290 GC heap after
{Heap after GC invocations=17 (full 0):
 garbage-first heap   total 372736K, used 3043K [0x0000000704400000, 0x0000000800000000)
  region size 2048K, 1 young (2048K), 1 survivors (2048K)
 Metaspace       used 10379K, committed 10624K, reserved 1064960K
  class space    used 877K, committed 960K, reserved 1048576K
}
Event: 80.477 GC heap before
{Heap before GC invocations=17 (full 0):
 garbage-first heap   total 372736K, used 224227K [0x0000000704400000, 0x0000000800000000)
  region size 2048K, 109 young (223232K), 1 survivors (2048K)
 Metaspace       used 10379K, committed 10624K, reserved 1064960K
  class space    used 877K, committed 960K, reserved 1048576K
}
Event: 80.479 GC heap after
{Heap after GC invocations=18 (full 0):
 garbage-first heap   total 372736K, used 3038K [0x0000000704400000, 0x0000000800000000)
  region size 2048K, 1 young (2048K), 1 survivors (2048K)
 Metaspace       used 10379K, committed 10624K, reserved 1064960K
  class space    used 877K, committed 960K, reserved 1048576K
}
Event: 81.158 GC heap before
{Heap before GC invocations=18 (full 0):
 garbage-first heap   total 372736K, used 224222K [0x0000000704400000, 0x0000000800000000)
  region size 2048K, 109 young (223232K), 1 survivors (2048K)
 Metaspace       used 10379K, committed 10624K, reserved 1064960K
  class space    used 877K, committed 960K, reserved 1048576K
}
Event: 81.160 GC heap after
{Heap after GC invocations=19 (full 0):
 garbage-first heap   total 372736K, used 3402K [0x0000000704400000, 0x0000000800000000)
  region size 2048K, 1 young (2048K), 1 survivors (2048K)
 Metaspace       used 10379K, committed 10624K, reserved 1064960K
  class space    used 877K, committed 960K, reserved 1048576K
}
Event: 81.575 GC heap before
{Heap before GC invocations=19 (full 0):
 garbage-first heap   total 372736K, used 224586K [0x0000000704400000, 0x0000000800000000)
  region size 2048K, 109 young (223232K), 1 survivors (2048K)
 Metaspace       used 10379K, committed 10624K, reserved 1064960K
  class space    used 877K, committed 960K, reserved 1048576K
}
Event: 81.577 GC heap after
{Heap after GC invocations=20 (full 0):
 garbage-first heap   total 372736K, used 3421K [0x0000000704400000, 0x0000000800000000)
  region size 2048K, 1 young (2048K), 1 survivors (2048K)
 Metaspace       used 10379K, committed 10624K, reserved 1064960K
  class space    used 877K, committed 960K, reserved 1048576K
}
Event: 81.991 GC heap before
{Heap before GC invocations=20 (full 0):
 garbage-first heap   total 372736K, used 224605K [0x0000000704400000, 0x0000000800000000)
  region size 2048K, 109 young (223232K), 1 survivors (2048K)
 Metaspace       used 10379K, committed 10624K, reserved 1064960K
  class space    used 877K, committed 960K, reserved 1048576K
}
Event: 81.993 GC heap after
{Heap after GC invocations=21 (full 0):
 garbage-first heap   total 372736K, used 3399K [0x0000000704400000, 0x0000000800000000)
  region size 2048K, 1 young (2048K), 1 survivors (2048K)
 Metaspace       used 10379K, committed 10624K, reserved 1064960K
  class space    used 877K, committed 960K, reserved 1048576K
}
Event: 82.407 GC heap before
{Heap before GC invocations=21 (full 0):
 garbage-first heap   total 372736K, used 224583K [0x0000000704400000, 0x0000000800000000)
  region size 2048K, 109 young (223232K), 1 survivors (2048K)
 Metaspace       used 10379K, committed 10624K, reserved 1064960K
  class space    used 877K, committed 960K, reserved 1048576K
}
Event: 82.409 GC heap after
{Heap after GC invocations=22 (full 0):
 garbage-first heap   total 372736K, used 3436K [0x0000000704400000, 0x0000000800000000)
  region size 2048K, 1 young (2048K), 1 survivors (2048K)
 Metaspace       used 10379K, committed 10624K, reserved 1064960K
  class space    used 877K, committed 960K, reserved 1048576K
}
Event: 82.842 GC heap before
{Heap before GC invocations=22 (full 0):
 garbage-first heap   total 372736K, used 224620K [0x0000000704400000, 0x0000000800000000)
  region size 2048K, 109 young (223232K), 1 survivors (2048K)
 Metaspace       used 10379K, committed 10624K, reserved 1064960K
  class space    used 877K, committed 960K, reserved 1048576K
}
Event: 82.844 GC heap after
{Heap after GC invocations=23 (full 0):
 garbage-first heap   total 372736K, used 3407K [0x0000000704400000, 0x0000000800000000)
  region size 2048K, 1 young (2048K), 1 survivors (2048K)
 Metaspace       used 10379K, committed 10624K, reserved 1064960K
  class space    used 877K, committed 960K, reserved 1048576K
}
Event: 83.264 GC heap before
{Heap before GC invocations=23 (full 0):
 garbage-first heap   total 372736K, used 224591K [0x0000000704400000, 0x0000000800000000)
  region size 2048K, 109 young (223232K), 1 survivors (2048K)
 Metaspace       used 10379K, committed 10624K, reserved 1064960K
  class space    used 877K, committed 960K, reserved 1048576K
}
Event: 83.266 GC heap after
{Heap after GC invocations=24 (full 0):
 garbage-first heap   total 372736K, used 3430K [0x0000000704400000, 0x0000000800000000)
  region size 2048K, 1 young (2048K), 1 survivors (2048K)
 Metaspace       used 10379K, committed 10624K, reserved 1064960K
  class space    used 877K, committed 960K, reserved 1048576K
}
Event: 83.680 GC heap before
{Heap before GC invocations=24 (full 0):
 garbage-first heap   total 372736K, used 224614K [0x0000000704400000, 0x0000000800000000)
  region size 2048K, 109 young (223232K), 1 survivors (2048K)
 Metaspace       used 10379K, committed 10624K, reserved 1064960K
  class space    used 877K, committed 960K, reserved 1048576K
}
Event: 83.682 GC heap after
{Heap after GC invocations=25 (full 0):
 garbage-first heap   total 372736K, used 3441K [0x0000000704400000, 0x0000000800000000)
  region size 2048K, 1 young (2048K), 1 survivors (2048K)
 Metaspace       used 10379K, committed 10624K, reserved 1064960K
  class space    used 877K, committed 960K, reserved 1048576K
}

Deoptimization events (20 events):
Event: 56.045 Thread 0x0000020512c32c50 Uncommon trap: trap_request=0xffffffbe fr.pc=0x000002052205d584 relative=0x0000000000003124
Event: 56.045 Thread 0x0000020512c32c50 Uncommon trap: reason=profile_predicate action=maybe_recompile pc=0x000002052205d584 method=Shapes.Shape.getLines(Z)Ljava/util/ArrayList; @ 124 c2
Event: 56.045 Thread 0x0000020512c32c50 DEOPT PACKING pc=0x000002052205d584 sp=0x000000fcd87fed50
Event: 56.045 Thread 0x0000020512c32c50 DEOPT UNPACKING pc=0x000002051a4e23a3 sp=0x000000fcd87fecf0 mode 2
Event: 68.239 Thread 0x0000020512c32c50 Uncommon trap: trap_request=0xffffff45 fr.pc=0x000002052203458c relative=0x000000000000628c
Event: 68.239 Thread 0x0000020512c32c50 Uncommon trap: reason=unstable_if action=reinterpret pc=0x000002052203458c method=com.wiz.settlementmapmaker.DataDisplayer.drawStyleGroups()V @ 164 c2
Event: 68.239 Thread 0x0000020512c32c50 DEOPT PACKING pc=0x000002052203458c sp=0x000000fcd87ff0a0
Event: 68.239 Thread 0x0000020512c32c50 DEOPT UNPACKING pc=0x000002051a4e23a3 sp=0x000000fcd87ff0c8 mode 2
Event: 76.608 Thread 0x0000020512c32c50 Uncommon trap: trap_request=0xffffff45 fr.pc=0x0000020522074900 relative=0x00000000000000c0
Event: 76.608 Thread 0x0000020512c32c50 Uncommon trap: reason=unstable_if action=reinterpret pc=0x0000020522074900 method=kn.uni.voronoitreemap.convexClip.ConvexClip.AreaSign(Lkn/uni/voronoitreemap/j2d/Point2D;Lkn/uni/voronoitreemap/j2d/Point2D;Lkn/uni/voronoitreemap/j2d/Point2D;)I @ 55 c2
Event: 76.608 Thread 0x0000020512c32c50 DEOPT PACKING pc=0x0000020522074900 sp=0x000000fcd87fe9d0
Event: 76.608 Thread 0x0000020512c32c50 DEOPT UNPACKING pc=0x000002051a4e23a3 sp=0x000000fcd87fe950 mode 2
Event: 77.122 Thread 0x0000020512c32c50 Uncommon trap: trap_request=0xffffff45 fr.pc=0x0000020522056098 relative=0x00000000000002f8
Event: 77.122 Thread 0x0000020512c32c50 Uncommon trap: reason=unstable_if action=reinterpret pc=0x0000020522056098 method=java.util.ArrayList.add(ILjava/lang/Object;)V @ 29 c2
Event: 77.122 Thread 0x0000020512c32c50 DEOPT PACKING pc=0x0000020522056098 sp=0x000000fcd87fecc0
Event: 77.122 Thread 0x0000020512c32c50 DEOPT UNPACKING pc=0x000002051a4e23a3 sp=0x000000fcd87fec70 mode 2
Event: 77.306 Thread 0x0000020512c32c50 Uncommon trap: trap_request=0xffffff45 fr.pc=0x000002052206ce34 relative=0x0000000000000614
Event: 77.306 Thread 0x0000020512c32c50 Uncommon trap: reason=unstable_if action=reinterpret pc=0x000002052206ce34 method=java.lang.String.<init>([BIILjava/nio/charset/Charset;)V @ 18 c2
Event: 77.306 Thread 0x0000020512c32c50 DEOPT PACKING pc=0x000002052206ce34 sp=0x000000fcd87feec0
Event: 77.306 Thread 0x0000020512c32c50 DEOPT UNPACKING pc=0x000002051a4e23a3 sp=0x000000fcd87fee48 mode 2

Classes unloaded (0 events):
No events

Classes redefined (0 events):
No events

Internal exceptions (20 events):
Event: 0.560 Thread 0x0000020512c32c50 Exception <a 'java/lang/NoSuchMethodError'{0x00000007139a3128}: 'int java.lang.invoke.DirectMethodHandle$Holder.invokeSpecial(java.lang.Object, java.lang.Object, java.lang.Object)'> (0x00000007139a3128) 
thrown [t:\workspace\open\src\hotspot\share\interpreter\linkResolver.cpp, line 766]
Event: 0.606 Thread 0x0000020512c32c50 Exception <a 'sun/nio/fs/WindowsException'{0x0000000713601a58}> (0x0000000713601a58) 
thrown [t:\workspace\open\src\hotspot\share\prims\jni.cpp, line 516]
Event: 0.607 Thread 0x0000020512c32c50 Exception <a 'sun/nio/fs/WindowsException'{0x0000000713601fa8}> (0x0000000713601fa8) 
thrown [t:\workspace\open\src\hotspot\share\prims\jni.cpp, line 516]
Event: 0.619 Thread 0x0000020512c32c50 Exception <a 'java/lang/NoSuchMethodError'{0x0000000713629c10}: 'int java.lang.invoke.DirectMethodHandle$Holder.invokeStaticInit(java.lang.Object, java.lang.Object, int, long)'> (0x0000000713629c10) 
thrown [t:\workspace\open\src\hotspot\share\interpreter\linkResolver.cpp, line 766]
Event: 0.619 Thread 0x0000020512c32c50 Exception <a 'java/lang/NoSuchMethodError'{0x000000071362f5f8}: 'java.lang.Object java.lang.invoke.DirectMethodHandle$Holder.newInvokeSpecial(java.lang.Object, java.lang.Object, int)'> (0x000000071362f5f8) 
thrown [t:\workspace\open\src\hotspot\share\interpreter\linkResolver.cpp, line 766]
Event: 0.625 Thread 0x0000020512c32c50 Exception <a 'java/lang/NoSuchMethodError'{0x000000071363e2e8}: 'int java.lang.invoke.DirectMethodHandle$Holder.invokeStaticInit(java.lang.Object, java.lang.Object, long, long)'> (0x000000071363e2e8) 
thrown [t:\workspace\open\src\hotspot\share\interpreter\linkResolver.cpp, line 766]
Event: 0.626 Thread 0x0000020512c32c50 Exception <a 'java/lang/NoSuchMethodError'{0x0000000713643f98}: 'java.lang.Object java.lang.invoke.DirectMethodHandle$Holder.newInvokeSpecial(java.lang.Object, java.lang.Object, long)'> (0x0000000713643f98) 
thrown [t:\workspace\open\src\hotspot\share\interpreter\linkResolver.cpp, line 766]
Event: 0.626 Thread 0x0000020512c32c50 Exception <a 'java/lang/NoSuchMethodError'{0x0000000713647860}: 'java.lang.Object java.lang.invoke.Invokers$Holder.linkToTargetMethod(java.lang.Object, long, java.lang.Object)'> (0x0000000713647860) 
thrown [t:\workspace\open\src\hotspot\share\interpreter\linkResolver.cpp, line 766]
Event: 0.627 Thread 0x0000020512c32c50 Exception <a 'java/lang/NoSuchMethodError'{0x000000071364ee60}: 'int java.lang.invoke.DirectMethodHandle$Holder.invokeStaticInit(java.lang.Object, java.lang.Object, java.lang.Object, long)'> (0x000000071364ee60) 
thrown [t:\workspace\open\src\hotspot\share\interpreter\linkResolver.cpp, line 766]
Event: 0.656 Thread 0x0000020512c32c50 Exception <a 'sun/nio/fs/WindowsException'{0x00000007136b1580}> (0x00000007136b1580) 
thrown [t:\workspace\open\src\hotspot\share\prims\jni.cpp, line 516]
Event: 0.656 Thread 0x0000020512c32c50 Exception <a 'sun/nio/fs/WindowsException'{0x00000007136b1910}> (0x00000007136b1910) 
thrown [t:\workspace\open\src\hotspot\share\prims\jni.cpp, line 516]
Event: 0.682 Thread 0x0000020512c32c50 Exception <a 'sun/nio/fs/WindowsException'{0x0000000713740f78}> (0x0000000713740f78) 
thrown [t:\workspace\open\src\hotspot\share\prims\jni.cpp, line 516]
Event: 0.682 Thread 0x0000020512c32c50 Exception <a 'sun/nio/fs/WindowsException'{0x00000007137412d8}> (0x00000007137412d8) 
thrown [t:\workspace\open\src\hotspot\share\prims\jni.cpp, line 516]
Event: 1.202 Thread 0x0000020512c32c50 Exception <a 'sun/nio/fs/WindowsException'{0x0000000713788f80}> (0x0000000713788f80) 
thrown [t:\workspace\open\src\hotspot\share\prims\jni.cpp, line 516]
Event: 1.202 Thread 0x0000020512c32c50 Exception <a 'sun/nio/fs/WindowsException'{0x0000000713789320}> (0x0000000713789320) 
thrown [t:\workspace\open\src\hotspot\share\prims\jni.cpp, line 516]
Event: 1.208 Thread 0x0000020512c32c50 Exception <a 'sun/nio/fs/WindowsException'{0x0000000713790d60}> (0x0000000713790d60) 
thrown [t:\workspace\open\src\hotspot\share\prims\jni.cpp, line 516]
Event: 1.208 Thread 0x0000020512c32c50 Exception <a 'sun/nio/fs/WindowsException'{0x0000000713791030}> (0x0000000713791030) 
thrown [t:\workspace\open\src\hotspot\share\prims\jni.cpp, line 516]
Event: 2.035 Thread 0x0000020512c32c50 Exception <a 'sun/nio/fs/WindowsException'{0x0000000713577c10}> (0x0000000713577c10) 
thrown [t:\workspace\open\src\hotspot\share\prims\jni.cpp, line 516]
Event: 2.253 Thread 0x0000020512c32c50 Exception <a 'java/lang/NoSuchMethodError'{0x00000007132bb5a0}: 'java.lang.Object java.lang.invoke.DirectMethodHandle$Holder.invokeSpecial(java.lang.Object, java.lang.Object, long, int, int, java.lang.Object, int, int, int)'> (0x00000007132bb5a0) 
thrown [t:\workspace\open\src\hotspot\share\interpreter\linkResolver.cpp, line 766]
Event: 2.253 Thread 0x0000020512c32c50 Exception <a 'java/lang/NoSuchMethodError'{0x00000007132bf160}: 'java.lang.Object java.lang.invoke.DelegatingMethodHandle$Holder.reinvoke_L(java.lang.Object, long, int, int, java.lang.Object, int, int, int)'> (0x00000007132bf160) 
thrown [t:\workspace\open\src\hotspot\share\interpreter\linkResolver.cpp, line 766]

VM Operations (20 events):
Event: 78.090 Executing VM operation: G1CollectForAllocation
Event: 78.093 Executing VM operation: G1CollectForAllocation done
Event: 79.288 Executing VM operation: G1CollectForAllocation
Event: 79.290 Executing VM operation: G1CollectForAllocation done
Event: 80.477 Executing VM operation: G1CollectForAllocation
Event: 80.479 Executing VM operation: G1CollectForAllocation done
Event: 81.158 Executing VM operation: G1CollectForAllocation
Event: 81.160 Executing VM operation: G1CollectForAllocation done
Event: 81.575 Executing VM operation: G1CollectForAllocation
Event: 81.577 Executing VM operation: G1CollectForAllocation done
Event: 81.991 Executing VM operation: G1CollectForAllocation
Event: 81.993 Executing VM operation: G1CollectForAllocation done
Event: 82.407 Executing VM operation: G1CollectForAllocation
Event: 82.409 Executing VM operation: G1CollectForAllocation done
Event: 82.842 Executing VM operation: G1CollectForAllocation
Event: 82.844 Executing VM operation: G1CollectForAllocation done
Event: 83.264 Executing VM operation: G1CollectForAllocation
Event: 83.266 Executing VM operation: G1CollectForAllocation done
Event: 83.680 Executing VM operation: G1CollectForAllocation
Event: 83.682 Executing VM operation: G1CollectForAllocation done

Events (20 events):
Event: 48.902 loading class java/awt/MenuComponent done
Event: 48.902 loading class java/awt/TrayIcon
Event: 48.902 loading class java/awt/TrayIcon done
Event: 48.903 loading class java/awt/event/InputMethodEvent
Event: 48.903 loading class java/awt/event/InputMethodEvent done
Event: 48.903 loading class java/awt/event/ActionEvent
Event: 48.903 loading class java/awt/event/ActionEvent done
Event: 49.918 Thread 0x000002053da4f210 Thread exited: 0x000002053da4f210
Event: 49.918 Thread 0x000002053d9b5880 Thread exited: 0x000002053d9b5880
Event: 54.233 loading class java/awt/geom/PathIterator
Event: 54.233 loading class java/awt/geom/PathIterator done
Event: 54.233 loading class java/awt/geom/Rectangle2D$Double
Event: 54.233 loading class java/awt/geom/Rectangle2D$Double done
Event: 54.505 Thread 0x000002053dda52a0 Thread added: 0x000002053dda52a0
Event: 54.563 Thread 0x000002053697d630 Thread added: 0x000002053697d630
Event: 55.739 Thread 0x000002053697d630 Thread exited: 0x000002053697d630
Event: 56.039 Thread 0x000002053dda52a0 Thread exited: 0x000002053dda52a0
Event: 76.974 Thread 0x00000205525ffa40 Thread added: 0x00000205525ffa40
Event: 82.595 Thread 0x000002053de6ef60 Thread added: 0x000002053de6ef60
Event: 83.682 Thread 0x000002053de6ef60 Thread exited: 0x000002053de6ef60


Dynamic libraries:
0x00007ff6d9b50000 - 0x00007ff6d9b60000 	C:\Program Files\Java\jdk-17.0.2\bin\java.exe
0x00007ff9db7b0000 - 0x00007ff9db9a5000 	C:\WINDOWS\SYSTEM32\ntdll.dll
0x00007ff9dacb0000 - 0x00007ff9dad6e000 	C:\WINDOWS\System32\KERNEL32.DLL
0x00007ff9d9540000 - 0x00007ff9d9808000 	C:\WINDOWS\System32\KERNELBASE.dll
0x00007ff9d9440000 - 0x00007ff9d9540000 	C:\WINDOWS\System32\ucrtbase.dll
0x00007ff9cf7b0000 - 0x00007ff9cf7c8000 	C:\Program Files\Java\jdk-17.0.2\bin\jli.dll
0x00007ff9b3bd0000 - 0x00007ff9b3bea000 	C:\Program Files\Java\jdk-17.0.2\bin\VCRUNTIME140.dll
0x00007ff9da040000 - 0x00007ff9da0ee000 	C:\WINDOWS\System32\ADVAPI32.dll
0x00007ff9da3f0000 - 0x00007ff9da48e000 	C:\WINDOWS\System32\msvcrt.dll
0x00007ff9da0f0000 - 0x00007ff9da18c000 	C:\WINDOWS\System32\sechost.dll
0x00007ff9daf70000 - 0x00007ff9db095000 	C:\WINDOWS\System32\RPCRT4.dll
0x00007ff9da7f0000 - 0x00007ff9da990000 	C:\WINDOWS\System32\USER32.dll
0x00007ff9d90c0000 - 0x00007ff9d90e2000 	C:\WINDOWS\System32\win32u.dll
0x00007ff9da010000 - 0x00007ff9da03a000 	C:\WINDOWS\System32\GDI32.dll
0x00007ff9d91a0000 - 0x00007ff9d92ab000 	C:\WINDOWS\System32\gdi32full.dll
0x00007ff9d93a0000 - 0x00007ff9d943d000 	C:\WINDOWS\System32\msvcp_win.dll
0x00007ff9d1710000 - 0x00007ff9d171a000 	C:\WINDOWS\SYSTEM32\VERSION.dll
0x00007ff9b63d0000 - 0x00007ff9b666a000 	C:\WINDOWS\WinSxS\amd64_microsoft.windows.common-controls_6595b64144ccf1df_6.0.19041.1110_none_60b5254171f9507e\COMCTL32.dll
0x00007ff9dad70000 - 0x00007ff9dada0000 	C:\WINDOWS\System32\IMM32.DLL
0x00007ff9cfb30000 - 0x00007ff9cfb3c000 	C:\Program Files\Java\jdk-17.0.2\bin\vcruntime140_1.dll
0x00007ff993d70000 - 0x00007ff993dfd000 	C:\Program Files\Java\jdk-17.0.2\bin\msvcp140.dll
0x00007ff971680000 - 0x00007ff972241000 	C:\Program Files\Java\jdk-17.0.2\bin\server\jvm.dll
0x00007ff9db0a0000 - 0x00007ff9db0a8000 	C:\WINDOWS\System32\PSAPI.DLL
0x00007ff9cfc50000 - 0x00007ff9cfc59000 	C:\WINDOWS\SYSTEM32\WSOCK32.dll
0x00007ff9cb6c0000 - 0x00007ff9cb6e7000 	C:\WINDOWS\SYSTEM32\WINMM.dll
0x00007ff9daa00000 - 0x00007ff9daa6b000 	C:\WINDOWS\System32\WS2_32.dll
0x00007ff9d7780000 - 0x00007ff9d7792000 	C:\WINDOWS\SYSTEM32\kernel.appcore.dll
0x00007ff9c6b30000 - 0x00007ff9c6b3a000 	C:\Program Files\Java\jdk-17.0.2\bin\jimage.dll
0x00007ff9d6d90000 - 0x00007ff9d6f74000 	C:\WINDOWS\SYSTEM32\DBGHELP.DLL
0x00007ff9d0790000 - 0x00007ff9d07bc000 	C:\WINDOWS\SYSTEM32\dbgcore.DLL
0x00007ff9d9030000 - 0x00007ff9d90b2000 	C:\WINDOWS\System32\bcryptPrimitives.dll
0x00007ff9a4a90000 - 0x00007ff9a4ab5000 	C:\Program Files\Java\jdk-17.0.2\bin\java.dll
0x00007ff993c90000 - 0x00007ff993d66000 	C:\Program Files\Java\jdk-17.0.2\bin\jsvml.dll
0x00007ff9d9810000 - 0x00007ff9d9f54000 	C:\WINDOWS\System32\SHELL32.dll
0x00007ff9d6fd0000 - 0x00007ff9d7764000 	C:\WINDOWS\SYSTEM32\windows.storage.dll
0x00007ff9da490000 - 0x00007ff9da7e4000 	C:\WINDOWS\System32\combase.dll
0x00007ff9d8940000 - 0x00007ff9d896c000 	C:\WINDOWS\SYSTEM32\Wldp.dll
0x00007ff9d9f60000 - 0x00007ff9da00d000 	C:\WINDOWS\System32\SHCORE.dll
0x00007ff9db160000 - 0x00007ff9db1b5000 	C:\WINDOWS\System32\shlwapi.dll
0x00007ff9d8e10000 - 0x00007ff9d8e2f000 	C:\WINDOWS\SYSTEM32\profapi.dll
0x00007ff9b21a0000 - 0x00007ff9b21b9000 	C:\Program Files\Java\jdk-17.0.2\bin\net.dll
0x00007ff9d3bb0000 - 0x00007ff9d3cba000 	C:\WINDOWS\SYSTEM32\WINHTTP.dll
0x00007ff9d86a0000 - 0x00007ff9d870a000 	C:\WINDOWS\system32\mswsock.dll
0x00007ff9b2010000 - 0x00007ff9b2026000 	C:\Program Files\Java\jdk-17.0.2\bin\nio.dll
0x00007ff9a4b10000 - 0x00007ff9a4b28000 	C:\Program Files\Java\jdk-17.0.2\bin\zip.dll
0x00007ff97e880000 - 0x00007ff97ea0f000 	C:\Program Files\Java\jdk-17.0.2\bin\awt.dll
0x00007ff9da190000 - 0x00007ff9da25d000 	C:\WINDOWS\System32\OLEAUT32.dll
0x00007ff9d6410000 - 0x00007ff9d64a0000 	C:\WINDOWS\SYSTEM32\apphelp.dll
0x00007ff9d65d0000 - 0x00007ff9d666e000 	C:\WINDOWS\system32\uxtheme.dll
0x00007ff9dae50000 - 0x00007ff9daf65000 	C:\WINDOWS\System32\MSCTF.dll
0x00007ff9da2c0000 - 0x00007ff9da3ea000 	C:\WINDOWS\System32\ole32.dll
0x00007ff9d67e0000 - 0x00007ff9d680f000 	C:\WINDOWS\system32\DWMAPI.DLL
0x00007ff9aafc0000 - 0x00007ff9ab070000 	C:\WINDOWS\WinSxS\amd64_microsoft.windows.common-controls_6595b64144ccf1df_5.82.19041.1110_none_792d1c772443f647\comctl32.dll
0x00007ff9dada0000 - 0x00007ff9dae49000 	C:\WINDOWS\System32\clbcatq.dll
0x00007ff9d4420000 - 0x00007ff9d4516000 	C:\WINDOWS\SYSTEM32\PROPSYS.dll
0x00007ff9bc690000 - 0x00007ff9bc6a7000 	C:\WINDOWS\system32\NetworkExplorer.dll
0x00007ff9d9350000 - 0x00007ff9d939e000 	C:\WINDOWS\System32\CFGMGR32.dll
0x00007ff993c10000 - 0x00007ff993c81000 	C:\Users\Ivan\AppData\Local\Temp\lwjglIvan\3.3.0-build-21\lwjgl.dll
0x00007ff976d00000 - 0x00007ff976f56000 	C:\Users\Ivan\AppData\Local\Temp\lwjglIvan\3.3.0-build-21\jemalloc.dll
0x00007ff993b30000 - 0x00007ff993b91000 	C:\Users\Ivan\AppData\Local\Temp\lwjglIvan\3.3.0-build-21\glfw.dll
0x00007ff9c9450000 - 0x00007ff9c9495000 	C:\WINDOWS\SYSTEM32\dinput8.dll
0x00007ff999910000 - 0x00007ff999921000 	C:\WINDOWS\SYSTEM32\xinput1_4.dll
0x00007ff9d8c80000 - 0x00007ff9d8cac000 	C:\WINDOWS\SYSTEM32\DEVOBJ.dll
0x00007ff9c64c0000 - 0x00007ff9c6612000 	C:\WINDOWS\SYSTEM32\inputhost.dll
0x00007ff9d57b0000 - 0x00007ff9d5904000 	C:\WINDOWS\SYSTEM32\wintypes.dll
0x00007ff9d62e0000 - 0x00007ff9d63d2000 	C:\WINDOWS\SYSTEM32\CoreMessaging.dll
0x00007ff9d5e80000 - 0x00007ff9d61de000 	C:\WINDOWS\SYSTEM32\CoreUIComponents.dll
0x00007ff9d7d00000 - 0x00007ff9d7d33000 	C:\WINDOWS\SYSTEM32\ntmarta.dll
0x00007ff9c4530000 - 0x00007ff9c4656000 	C:\WINDOWS\SYSTEM32\opengl32.dll
0x00007ff9cfc60000 - 0x00007ff9cfc8c000 	C:\WINDOWS\SYSTEM32\GLU32.dll
0x00007ff9d1810000 - 0x00007ff9d1907000 	C:\Windows\System32\AppXDeploymentClient.dll
0x00007ff95c1b0000 - 0x00007ff95d174000 	C:\WINDOWS\System32\DriverStore\FileRepository\iigd_dch.inf_amd64_7df576fcfa9adb45\ig9icd64.dll
0x00007ff9d77f0000 - 0x00007ff9d78e3000 	C:\WINDOWS\system32\dxgi.dll
0x00007ff970f80000 - 0x00007ff9713bc000 	C:\WINDOWS\System32\DriverStore\FileRepository\iigd_dch.inf_amd64_7df576fcfa9adb45\igdml64.dll
0x00007ff9c0d40000 - 0x00007ff9c1076000 	C:\WINDOWS\System32\DriverStore\FileRepository\iigd_dch.inf_amd64_7df576fcfa9adb45\igdgmm64.dll
0x00007ff9bd360000 - 0x00007ff9c00ef000 	C:\WINDOWS\System32\DriverStore\FileRepository\iigd_dch.inf_amd64_7df576fcfa9adb45\igc64.dll
0x00007ff9d84b0000 - 0x00007ff9d84fb000 	C:\WINDOWS\SYSTEM32\powrprof.dll
0x00007ff9d8320000 - 0x00007ff9d8332000 	C:\WINDOWS\SYSTEM32\UMPDC.dll
0x00007ff9c63c0000 - 0x00007ff9c64b9000 	C:\WINDOWS\SYSTEM32\textinputframework.dll
0x00007ff995470000 - 0x00007ff9954cd000 	C:\Users\Ivan\AppData\Local\Temp\lwjglIvan\3.3.0-build-21\lwjgl_opengl.dll
0x0000000064a00000 - 0x000000006580f000 	C:\Users\Ivan\AppData\Local\Temp\imgui-java-natives_1652403775226\imgui-java64.dll
0x00007ff9c6080000 - 0x00007ff9c60ea000 	C:\WINDOWS\system32\Ninput.dll

dbghelp: loaded successfully - version: 4.0.5 - missing functions: none
symbol engine: initialized successfully - sym options: 0x614 - pdb path: .;C:\Program Files\Java\jdk-17.0.2\bin;C:\WINDOWS\SYSTEM32;C:\WINDOWS\WinSxS\amd64_microsoft.windows.common-controls_6595b64144ccf1df_6.0.19041.1110_none_60b5254171f9507e;C:\Program Files\Java\jdk-17.0.2\bin\server;C:\WINDOWS\WinSxS\amd64_microsoft.windows.common-controls_6595b64144ccf1df_5.82.19041.1110_none_792d1c772443f647;C:\Users\Ivan\AppData\Local\Temp\lwjglIvan\3.3.0-build-21;C:\WINDOWS\System32\DriverStore\FileRepository\iigd_dch.inf_amd64_7df576fcfa9adb45;C:\Users\Ivan\AppData\Local\Temp\imgui-java-natives_1652403775226

VM Arguments:
java_command: com.wiz.settlementmapmaker.Main -Xmx8G
java_class_path (initial): C:\Users\Ivan\Documents\Code Projects\SettlementMapMaker\SettlementMapMaker\SettlementMapMaker\target\classes;C:\Users\Ivan\.m2\repository\org\lwjgl\lwjgl\3.3.0\lwjgl-3.3.0.jar;C:\Users\Ivan\.m2\repository\org\lwjgl\lwjgl-egl\3.3.0\lwjgl-egl-3.3.0.jar;C:\Users\Ivan\.m2\repository\org\lwjgl\lwjgl-glfw\3.3.0\lwjgl-glfw-3.3.0.jar;C:\Users\Ivan\.m2\repository\org\lwjgl\lwjgl-jemalloc\3.3.0\lwjgl-jemalloc-3.3.0.jar;C:\Users\Ivan\.m2\repository\org\lwjgl\lwjgl-opengl\3.3.0\lwjgl-opengl-3.3.0.jar;C:\Users\Ivan\.m2\repository\org\lwjgl\lwjgl-opengles\3.3.0\lwjgl-opengles-3.3.0.jar;C:\Users\Ivan\.m2\repository\org\lwjgl\lwjgl\3.3.0\lwjgl-3.3.0-natives-windows.jar;C:\Users\Ivan\.m2\repository\org\lwjgl\lwjgl-glfw\3.3.0\lwjgl-glfw-3.3.0-natives-windows.jar;C:\Users\Ivan\.m2\repository\org\lwjgl\lwjgl-jemalloc\3.3.0\lwjgl-jemalloc-3.3.0-natives-windows.jar;C:\Users\Ivan\.m2\repository\org\lwjgl\lwjgl-opengl\3.3.0\lwjgl-opengl-3.3.0-natives-windows.jar;C:\Users\Ivan\.m2\repository\org\lwjgl\lwjgl-opengles\3.3.0\lwjgl-opengles-3.3.0-natives-windows.jar;C:\Users\Ivan\.m2\repository\org\joml\joml\1.10.3\joml-1.10.3.jar;C:\Users\Ivan\.m2\repository\io\github\spair\imgui-java-app\1.86.2\imgui-java-app-1.86.2.jar;C:\Users\Ivan\.m2\repository\org\lwjgl\lwjgl\3.3.0\lwjgl-3.3.0-natives-linux.jar;C:\Users\Ivan\.m2\repository\org\lwjgl\lwjgl-glfw\3.3.0\lwjgl-glfw-3.3.0-natives-linux.jar;C:\Users\Ivan\.m2\repository\org\lwjgl\lwjgl-opengl\3.3.0\lwjgl-opengl-3.3.0-natives-linux.jar;C:\Users\Ivan\.m2\repository\org\lwjgl\lwjgl\3.3.0\lwjgl-3.3.0-natives-macos.jar;C:\Users\Ivan\.m2\repository\org\lwjgl\lwjgl-glfw\3.3.0\lwjgl-glfw-3.3.0-natives-macos.jar;C:\Users\Ivan\.m2\repository\org\lwjgl\lwjgl-opengl\3.3.0\lwjgl-opengl-3.3.0-natives-macos.jar;C:\Users\Ivan\.m2\repository\io\github\spair\imgui-java-binding\1.86.2\imgui-java-binding-1.86.2.jar;C:\Users\Ivan\.m2\repository\io\github\spair\imgui-java-lwjgl3\1.86.2\imgui-java-lwjgl3-1.86.2.jar;C:\Users\Ivan\.m2\repos
Launcher Type: SUN_STANDARD

[Global flags]
     intx CICompilerCount                          = 4                                         {product} {ergonomic}
     uint ConcGCThreads                            = 3                                         {product} {ergonomic}
     uint G1ConcRefinementThreads                  = 10                                        {product} {ergonomic}
   size_t G1HeapRegionSize                         = 2097152                                   {product} {ergonomic}
    uintx GCDrainStackTargetSize                   = 64                                        {product} {ergonomic}
   size_t InitialHeapSize                          = 264241152                                 {product} {ergonomic}
   size_t MarkStackSize                            = 4194304                                   {product} {ergonomic}
   size_t MaxHeapSize                              = 4223664128                                {product} {ergonomic}
   size_t MaxNewSize                               = 2533359616                                {product} {ergonomic}
   size_t MinHeapDeltaBytes                        = 2097152                                   {product} {ergonomic}
   size_t MinHeapSize                              = 8388608                                   {product} {ergonomic}
    uintx NonNMethodCodeHeapSize                   = 5839372                                {pd product} {ergonomic}
    uintx NonProfiledCodeHeapSize                  = 122909434                              {pd product} {ergonomic}
    uintx ProfiledCodeHeapSize                     = 122909434                              {pd product} {ergonomic}
    uintx ReservedCodeCacheSize                    = 251658240                              {pd product} {ergonomic}
     bool SegmentedCodeCache                       = true                                      {product} {ergonomic}
   size_t SoftMaxHeapSize                          = 4223664128                             {manageable} {ergonomic}
     bool UseCompressedClassPointers               = true                           {product lp64_product} {ergonomic}
     bool UseCompressedOops                        = true                           {product lp64_product} {ergonomic}
     bool UseG1GC                                  = true                                      {product} {ergonomic}
     bool UseLargePagesIndividualAllocation        = false                                  {pd product} {ergonomic}

Logging:
Log output configuration:
 #0: stdout all=warning uptime,level,tags
 #1: stderr all=off uptime,level,tags

Environment Variables:
JAVA_HOME=C:\Program Files\Java\jdk-17.0.2
PATH=C:\Program Files\Common Files\Oracle\Java\javapath;C:\Program Files\Eclipse Adoptium\jdk-11.0.14.9-hotspot\bin;C:\Windows\system32;C:\Windows;C:\Windows\System32\Wbem;C:\Windows\System32\WindowsPowerShell\v1.0\;C:\Windows\System32\OpenSSH\;C:\Program Files (x86)\NVIDIA Corporation\PhysX\Common;C:\Program Files\NVIDIA Corporation\NVIDIA NvDLISR;C:\Program Files (x86)\Common Files\Acronis\VirtualFile\;C:\Program Files (x86)\Common Files\Acronis\VirtualFile64\;C:\Program Files (x86)\Common Files\Acronis\FileProtector\;C:\Program Files (x86)\Common Files\Acronis\FileProtector64\;C:\Program Files (x86)\Common Files\Acronis\SnapAPI\;C:\WINDOWS\system32;C:\WINDOWS;C:\WINDOWS\System32\Wbem;C:\WINDOWS\System32\WindowsPowerShell\v1.0\;C:\WINDOWS\System32\OpenSSH\;C:\Program Files\Git\cmd;C:\Utilities\PuTTY\;C:\Program Files\dotnet\;C:\Users\Ivan\AppData\Local\Microsoft\WindowsApps;
USERNAME=Ivan
OS=Windows_NT
PROCESSOR_IDENTIFIER=Intel64 Family 6 Model 158 Stepping 10, GenuineIntel



---------------  S Y S T E M  ---------------

OS:
 Windows 10 , 64 bit Build 19041 (10.0.19041.1645)
OS uptime: 21 days 8:18 hours

CPU: total 12 (initial active 12) (6 cores per cpu, 2 threads per core) family 6 model 158 stepping 10 microcode 0xec, cx8, cmov, fxsr, ht, mmx, 3dnowpref, sse, sse2, sse3, ssse3, sse4.1, sse4.2, popcnt, lzcnt, tsc, tscinvbit, avx, avx2, aes, erms, clmul, bmi1, bmi2, adx, fma, vzeroupper, clflush, clflushopt

Memory: 4k page, system-wide physical 16111M (6895M free)
TotalPageFile size 18870M (AvailPageFile size 2947M)
current process WorkingSet (physical memory assigned to process): 667M, peak: 698M
current process commit charge ("private bytes"): 529M, peak: 563M

vm_info: Java HotSpot(TM) 64-Bit Server VM (17.0.2+8-LTS-86) for windows-amd64 JRE (17.0.2+8-LTS-86), built on Dec  7 2021 21:51:03 by "mach5one" with MS VC++ 16.8 / 16.9 (VS2019)

END.
